   60.00 -0.10000E+01  -1.0  -1.0  -1.0  -1.0  -1.0  -1.0
   70.00 -0.10000E+01  -1.0  -1.0  -1.0  -1.0  -1.0  -1.0
   80.00  0.75764E+07   0.0   0.0   0.0   0.0 100.0   0.0
   90.00  0.51192E+09   0.0   0.0   0.0   0.5  99.5   0.0
  100.00  0.31060E+10   0.0   0.0   0.0   4.1  95.9   0.0
  110.00  0.32959E+10   0.0   0.0   0.0   5.2  94.8   0.0
  120.00  0.18508E+10   0.0   0.0   0.0   3.1  96.9   0.0
  130.00  0.93477E+09   0.0   0.0   0.0   1.8  98.2   0.0
  140.00  0.84284E+09   0.1   0.0   0.0   2.0  98.0   0.0
  150.00  0.12316E+10   0.2   0.0   0.0   3.4  96.5   0.0
  160.00  0.19952E+10   0.6   0.0   0.0   5.5  93.9   0.0
  170.00  0.30446E+10   1.5   0.0   0.0   8.4  90.1   0.0
  180.00  0.37997E+10   2.9   0.0   0.0  11.0  86.0   0.0
  190.00  0.45345E+10   5.4   0.0   0.0  13.7  80.8   0.0
  200.00  0.54836E+10   9.7   0.0   0.0  16.7  73.7   0.0
  210.00  0.67589E+10  16.5   0.0   0.0  19.1  64.3   0.0
  220.00  0.85892E+10  27.0   0.0   0.0  20.2  52.8   0.0
  230.00  0.11619E+11  17.4   0.0   0.0  28.4  54.2   0.0
  240.00  0.17506E+11  57.9   0.0   0.0  16.3  25.8   0.0
  250.00  0.25523E+11  79.1   0.0   0.0   8.5  12.3   0.0
  260.00  0.35573E+11  89.3   0.0   0.0   4.4   6.2   0.0
  270.00  0.47461E+11  94.3   0.0   0.0   2.3   3.3   0.0
  280.00  0.60692E+11  96.9   0.0   0.0   1.3   1.8   0.0
  290.00  0.74497E+11  98.2   0.0   0.0   0.7   1.1   0.0
  300.00  0.87912E+11  98.9   0.0   0.0   0.4   0.7   0.0
  310.00  0.99922E+11  98.6   0.1   0.1   0.0   0.0   1.1
  320.00  0.10963E+12  98.5   0.2   0.1   0.0   0.0   1.2
  330.00  0.11643E+12  98.4   0.2   0.1   0.0   0.0   1.3
  340.00  0.12012E+12  98.3   0.2   0.1   0.0   0.0   1.3
  350.00  0.12106E+12  98.2   0.3   0.2   0.0   0.0   1.4
  360.00  0.12030E+12  98.1   0.3   0.2   0.0   0.0   1.4
  370.00  0.11836E+12  97.9   0.4   0.2   0.0   0.0   1.5
  380.00  0.11543E+12  97.8   0.5   0.2   0.0   0.0   1.6
  390.00  0.11172E+12  97.6   0.5   0.2   0.0   0.0   1.6
  400.00  0.10742E+12  97.4   0.6   0.2   0.0   0.0   1.7
  410.00  0.10271E+12  97.2   0.8   0.3   0.0   0.0   1.8
  420.00  0.97743E+11  97.0   0.9   0.3   0.0   0.0   1.8
  430.00  0.92661E+11  96.7   1.1   0.3   0.0   0.0   1.9
  440.00  0.87566E+11  96.4   1.3   0.3   0.0   0.0   2.0
  450.00  0.82542E+11  96.0   1.5   0.4   0.0   0.0   2.1
  460.00  0.77651E+11  95.6   1.8   0.4   0.0   0.0   2.2
  470.00  0.72940E+11  95.2   2.1   0.4   0.0   0.0   2.3
  480.00  0.68439E+11  94.7   2.5   0.5   0.0   0.0   2.4
  490.00  0.64167E+11  94.1   2.9   0.5   0.0   0.0   2.5
  500.00  0.60135E+11  93.4   3.5   0.6   0.0   0.0   2.5
  510.00  0.56345E+11  92.7   4.1   0.6   0.0   0.0   2.6
  520.00  0.52795E+11  91.8   4.8   0.7   0.0   0.0   2.7
  530.00  0.49479E+11  90.8   5.6   0.7   0.0   0.0   2.8
  540.00  0.46387E+11  89.7   6.6   0.8   0.0   0.0   2.9
  550.00  0.43509E+11  88.4   7.7   0.8   0.0   0.0   3.0
  560.00  0.40834E+11  87.0   9.0   0.9   0.0   0.0   3.1
  570.00  0.38348E+11  85.3  10.5   1.0   0.0   0.0   3.2
  580.00  0.36041E+11  83.5  12.2   1.0   0.0   0.0   3.3
  590.00  0.33899E+11  81.5  14.1   1.1   0.0   0.0   3.3
  600.00  0.31911E+11  79.3  16.2   1.2   0.0   0.0   3.4
  610.00  0.30066E+11  76.9  18.4   1.2   0.0   0.0   3.4
  620.00  0.28352E+11  74.4  20.8   1.3   0.0   0.0   3.5
  630.00  0.26761E+11  71.8  23.3   1.4   0.0   0.0   3.5
  640.00  0.25283E+11  69.3  25.7   1.4   0.0   0.0   3.5
  650.00  0.23908E+11  66.9  28.0   1.5   0.0   0.0   3.6
  660.00  0.22629E+11  64.7  30.1   1.6   0.0   0.0   3.6
  670.00  0.21439E+11  62.7  32.0   1.6   0.0   0.0   3.6
  680.00  0.20330E+11  60.9  33.7   1.7   0.0   0.0   3.6
  690.00  0.19296E+11  59.3  35.3   1.8   0.0   0.0   3.7
  700.00  0.18331E+11  57.7  36.7   1.9   0.0   0.0   3.7
  710.00  0.17430E+11  56.3  38.0   2.0   0.0   0.0   3.7
  720.00  0.16589E+11  54.9  39.3   2.1   0.0   0.0   3.8
  730.00  0.15801E+11  53.5  40.5   2.2   0.0   0.0   3.8
  740.00  0.15064E+11  52.1  41.8   2.3   0.0   0.0   3.9
  750.00  0.14374E+11  50.7  43.0   2.4   0.0   0.0   3.9
  760.00  0.13726E+11  49.4  44.2   2.5   0.0   0.0   3.9
  770.00  0.13118E+11  48.0  45.4   2.6   0.0   0.0   4.0
  780.00  0.12548E+11  46.7  46.6   2.7   0.0   0.0   4.0
  790.00  0.12011E+11  45.4  47.8   2.8   0.0   0.0   4.0
  800.00  0.11506E+11  44.0  49.0   3.0   0.0   0.0   4.0
  810.00  0.11031E+11  42.7  50.2   3.1   0.0   0.0   4.1
  820.00  0.10583E+11  41.4  51.3   3.2   0.0   0.0   4.1
  830.00  0.10160E+11  40.1  52.5   3.3   0.0   0.0   4.1
  840.00  0.97616E+10  38.8  53.7   3.5   0.0   0.0   4.1
  850.00  0.93848E+10  37.5  54.8   3.6   0.0   0.0   4.1
  860.00  0.90287E+10  36.2  55.9   3.8   0.0   0.0   4.1
  870.00  0.86917E+10  35.0  57.0   3.9   0.0   0.0   4.1
  880.00  0.83727E+10  33.8  58.1   4.1   0.0   0.0   4.1
  890.00  0.80704E+10  32.6  59.1   4.2   0.0   0.0   4.1
  900.00  0.77838E+10  31.4  60.1   4.4   0.0   0.0   4.1
  910.00  0.75118E+10  30.2  61.1   4.5   0.0   0.0   4.1
  920.00  0.72535E+10  29.1  62.0   4.7   0.0   0.0   4.1
  930.00  0.70081E+10  28.0  63.0   4.9   0.0   0.0   4.1
  940.00  0.67748E+10  26.9  63.8   5.1   0.0   0.0   4.1
  950.00  0.65528E+10  25.9  64.7   5.3   0.0   0.0   4.1
  960.00  0.63414E+10  24.9  65.5   5.5   0.0   0.0   4.1
  970.00  0.61400E+10  23.9  66.3   5.7   0.0   0.0   4.1
  980.00  0.59481E+10  22.9  67.1   5.9   0.0   0.0   4.1
  990.00  0.57650E+10  22.0  67.8   6.2   0.0   0.0   4.1
 1000.00  0.55902E+10  21.0  68.5   6.4   0.0   0.0   4.1
 1010.00  0.54233E+10  20.1  69.2   6.6   0.0   0.0   4.0
 1020.00  0.52638E+10  19.3  69.8   6.8   0.0   0.0   4.0
 1030.00  0.51113E+10  18.5  70.5   7.1   0.0   0.0   4.0
 1040.00  0.49654E+10  17.6  71.0   7.3   0.0   0.0   4.0
 1050.00  0.48257E+10  16.9  71.6   7.6   0.0   0.0   4.0
 1060.00  0.46920E+10  16.1  72.1   7.8   0.0   0.0   3.9
 1070.00  0.45638E+10  15.4  72.6   8.1   0.0   0.0   3.9
 1080.00  0.44409E+10  14.7  73.1   8.4   0.0   0.0   3.9
 1090.00  0.43231E+10  14.0  73.5   8.6   0.0   0.0   3.8
 1100.00  0.42100E+10  13.4  73.9   8.9   0.0   0.0   3.8
 1110.00  0.41014E+10  12.7  74.3   9.2   0.0   0.0   3.8
 1120.00  0.39970E+10  12.1  74.7   9.5   0.0   0.0   3.7
 1130.00  0.38968E+10  11.5  75.0   9.8   0.0   0.0   3.7
 1140.00  0.38004E+10  11.0  75.3  10.0   0.0   0.0   3.7
 1150.00  0.37076E+10  10.5  75.6  10.3   0.0   0.0   3.6
 1160.00  0.36184E+10  10.0  75.8  10.6   0.0   0.0   3.6
 1170.00  0.35324E+10   9.5  76.0  11.0   0.0   0.0   3.6
 1180.00  0.34497E+10   9.0  76.2  11.3   0.0   0.0   3.5
 1190.00  0.33699E+10   8.5  76.4  11.6   0.0   0.0   3.5
 1200.00  0.32930E+10   8.1  76.5  11.9   0.0   0.0   3.4
 1210.00  0.32189E+10   7.7  76.7  12.2   0.0   0.0   3.4
 1220.00  0.31473E+10   7.3  76.8  12.6   0.0   0.0   3.3
 1230.00  0.30782E+10   6.9  76.8  12.9   0.0   0.0   3.3
 1240.00  0.30116E+10   6.6  76.9  13.2   0.0   0.0   3.3
 1250.00  0.29471E+10   6.3  76.9  13.6   0.0   0.0   3.2
 1260.00  0.28849E+10   5.9  77.0  13.9   0.0   0.0   3.2
 1270.00  0.28247E+10   5.6  77.0  14.3   0.0   0.0   3.1
 1280.00  0.27666E+10   5.3  76.9  14.7   0.0   0.0   3.1
 1290.00  0.27103E+10   5.0  76.9  15.0   0.0   0.0   3.0
 1300.00  0.26558E+10   4.8  76.8  15.4   0.0   0.0   3.0
 1310.00  0.26031E+10   4.5  76.7  15.8   0.0   0.0   3.0
 1320.00  0.25520E+10   4.3  76.7  16.2   0.0   0.0   2.9
 1330.00  0.25026E+10   4.1  76.5  16.5   0.0   0.0   2.9
 1340.00  0.24547E+10   3.8  76.4  16.9   0.0   0.0   2.8
 1350.00  0.24082E+10   3.6  76.3  17.3   0.0   0.0   2.8
 1360.00  0.23632E+10   3.4  76.1  17.7   0.0   0.0   2.7
 1370.00  0.23195E+10   3.2  75.9  18.1   0.0   0.0   2.7
 1380.00  0.22771E+10   3.1  75.7  18.6   0.0   0.0   2.6
 1390.00  0.22360E+10   2.9  75.5  19.0   0.0   0.0   2.6
 1400.00  0.21961E+10   2.7  75.3  19.4   0.0   0.0   2.6
 1410.00  0.21573E+10   2.6  75.1  19.8   0.0   0.0   2.5
 1420.00  0.21197E+10   2.4  74.8  20.3   0.0   0.0   2.5
 1430.00  0.20831E+10   2.3  74.6  20.7   0.0   0.0   2.4
 1440.00  0.20476E+10   2.2  74.3  21.1   0.0   0.0   2.4
 1450.00  0.20130E+10   2.1  74.0  21.6   0.0   0.0   2.3
 1460.00  0.19794E+10   2.0  73.7  22.0   0.0   0.0   2.3
 1470.00  0.19467E+10   1.9  73.4  22.5   0.0   0.0   2.3
 1480.00  0.19149E+10   1.8  73.1  22.9   0.0   0.0   2.2
 1490.00  0.18840E+10   1.7  72.8  23.3   0.0   0.0   2.2
 1500.00  0.18538E+10   1.6  72.5  23.7   0.0   0.0   2.2
 1510.00  0.18245E+10   1.5  72.2  24.1   0.0   0.0   2.2
 1520.00  0.17960E+10   1.5  71.9  24.5   0.0   0.0   2.2
 1530.00  0.17681E+10   1.4  71.6  24.8   0.0   0.0   2.1
 1540.00  0.17410E+10   1.4  71.3  25.2   0.0   0.0   2.1
 1550.00  0.17146E+10   1.3  71.1  25.5   0.0   0.0   2.1
 1560.00  0.16889E+10   1.3  70.8  25.8   0.0   0.0   2.1
 1570.00  0.16638E+10   1.2  70.5  26.2   0.0   0.0   2.1
 1580.00  0.16393E+10   1.2  70.2  26.5   0.0   0.0   2.1
 1590.00  0.16154E+10   1.1  69.9  26.8   0.0   0.0   2.1
 1600.00  0.15921E+10   1.1  69.6  27.2   0.0   0.0   2.1
 1610.00  0.15694E+10   1.1  69.3  27.5   0.0   0.0   2.1
 1620.00  0.15472E+10   1.0  69.0  27.8   0.0   0.0   2.1
 1630.00  0.15255E+10   1.0  68.7  28.2   0.0   0.0   2.1
 1640.00  0.15044E+10   0.9  68.4  28.5   0.0   0.0   2.1
 1650.00  0.14837E+10   0.9  68.1  28.8   0.0   0.0   2.1
 1660.00  0.14635E+10   0.9  67.8  29.2   0.0   0.0   2.1
 1670.00  0.14438E+10   0.9  67.5  29.5   0.0   0.0   2.1
 1680.00  0.14245E+10   0.8  67.2  29.9   0.0   0.0   2.1
 1690.00  0.14057E+10   0.8  66.9  30.2   0.0   0.0   2.1
 1700.00  0.13873E+10   0.8  66.6  30.6   0.0   0.0   2.1
 1710.00  0.13693E+10   0.7  66.3  30.9   0.0   0.0   2.1
 1720.00  0.13517E+10   0.7  65.9  31.3   0.0   0.0   2.1
 1730.00  0.13345E+10   0.7  65.6  31.6   0.0   0.0   2.1
 1740.00  0.13176E+10   0.7  65.3  32.0   0.0   0.0   2.1
 1750.00  0.13012E+10   0.6  64.9  32.3   0.0   0.0   2.1
 1760.00  0.12850E+10   0.6  64.6  32.7   0.0   0.0   2.1
 1770.00  0.12693E+10   0.6  64.3  33.0   0.0   0.0   2.1
 1780.00  0.12538E+10   0.6  63.9  33.4   0.0   0.0   2.1
 1790.00  0.12387E+10   0.6  63.6  33.8   0.0   0.0   2.1
 1800.00  0.12239E+10   0.5  63.3  34.1   0.0   0.0   2.1
 1810.00  0.12094E+10   0.5  62.9  34.5   0.0   0.0   2.1
 1820.00  0.11951E+10   0.5  62.6  34.8   0.0   0.0   2.1
 1830.00  0.11812E+10   0.5  62.2  35.2   0.0   0.0   2.1
 1840.00  0.11676E+10   0.5  61.9  35.6   0.0   0.0   2.1
 1850.00  0.11542E+10   0.4  61.5  36.0   0.0   0.0   2.1
 1860.00  0.11411E+10   0.4  61.2  36.3   0.0   0.0   2.1
 1870.00  0.11282E+10   0.4  60.8  36.7   0.0   0.0   2.1
 1880.00  0.11156E+10   0.4  60.5  37.1   0.0   0.0   2.1
 1890.00  0.11033E+10   0.4  60.1  37.4   0.0   0.0   2.0
 1900.00  0.10912E+10   0.4  59.8  37.8   0.0   0.0   2.0
 1910.00  0.10793E+10   0.4  59.4  38.2   0.0   0.0   2.0
 1920.00  0.10676E+10   0.3  59.0  38.6   0.0   0.0   2.0
 1930.00  0.10562E+10   0.3  58.7  39.0   0.0   0.0   2.0
 1940.00  0.10449E+10   0.3  58.3  39.3   0.0   0.0   2.0
 1950.00  0.10339E+10   0.3  58.0  39.7   0.0   0.0   2.0
 1960.00  0.10231E+10   0.3  57.6  40.1   0.0   0.0   2.0
 1970.00  0.10125E+10   0.3  57.2  40.5   0.0   0.0   2.0
 1980.00  0.10021E+10   0.3  56.9  40.9   0.0   0.0   2.0
 1990.00  0.99182E+09   0.3  56.5  41.2   0.0   0.0   2.0
 2000.00  0.98176E+09   0.3  56.1  41.6   0.0   0.0   2.0
