   60.00 -0.10000E+01  -1.0  -1.0  -1.0  -1.0  -1.0  -1.0
   70.00  0.13641E+09  -1.0  -1.0  -1.0  -1.0  -1.0  -1.0
   80.00  0.37177E+09   0.0   0.0   0.0   0.2  99.8   0.0
   90.00  0.68308E+10   0.0   0.0   0.0   5.7  94.3   0.0
  100.00  0.54201E+11   0.0   0.0   0.0  37.7  62.3   0.0
  110.00  0.69222E+11   0.0   0.0   0.0  41.2  58.8   0.0
  120.00  0.60175E+11   0.2   0.0   0.0  28.7  71.1   0.0
  130.00  0.70002E+11   0.8   0.0   0.0  28.1  71.1   0.0
  140.00  0.80718E+11   2.2   0.0   0.0  31.6  66.1   0.0
  150.00  0.94333E+11   5.1   0.0   0.0  31.3  63.6   0.1
  160.00  0.11248E+12  11.0   0.0   0.0  26.8  62.0   0.2
  170.00  0.13891E+12  55.4   0.0   0.0  14.7  29.5   0.1
  180.00  0.18824E+12  48.7   0.0   0.0  18.3  32.4   0.2
  190.00  0.27702E+12  70.9   0.0   0.0  10.3  18.3   0.2
  200.00  0.39100E+12  83.6   0.0   0.0   5.7  10.1   0.3
  210.00  0.52891E+12  91.0   0.0   0.0   3.0   5.4   0.3
  220.00  0.68508E+12  94.6   0.0   0.0   1.7   3.2   0.3
  230.00  0.84897E+12  96.5   0.0   0.0   1.0   1.9   0.4
  240.00  0.10058E+13  97.6   0.0   0.0   0.6   1.2   0.4
  250.00  0.11387E+13  98.2   0.0   0.0   0.4   0.8   0.5
  260.00  0.12320E+13  98.5   0.0   0.0   0.3   0.5   0.5
  270.00  0.12751E+13  98.7   0.0   0.0   0.2   0.4   0.6
  280.00  0.12742E+13  98.8   0.0   0.0   0.1   0.3   0.7
  290.00  0.12563E+13  98.9   0.0   0.0   0.1   0.2   0.7
  300.00  0.12257E+13  98.9   0.0   0.0   0.1   0.2   0.8
  310.00  0.11850E+13  97.9   0.1   0.1   0.0   0.0   2.0
  320.00  0.11369E+13  97.8   0.1   0.1   0.0   0.0   2.0
  330.00  0.10836E+13  97.7   0.1   0.1   0.0   0.0   2.1
  340.00  0.10274E+13  97.6   0.1   0.1   0.0   0.0   2.2
  350.00  0.96972E+12  97.5   0.1   0.2   0.0   0.0   2.2
  360.00  0.91209E+12  97.4   0.1   0.2   0.0   0.0   2.3
  370.00  0.85551E+12  97.3   0.1   0.2   0.0   0.0   2.4
  380.00  0.80075E+12  97.2   0.1   0.2   0.0   0.0   2.5
  390.00  0.74832E+12  97.1   0.1   0.2   0.0   0.0   2.6
  400.00  0.69857E+12  97.0   0.2   0.2   0.0   0.0   2.6
  410.00  0.65168E+12  96.9   0.2   0.2   0.0   0.0   2.7
  420.00  0.60773E+12  96.7   0.2   0.3   0.0   0.0   2.8
  430.00  0.56672E+12  96.6   0.2   0.3   0.0   0.0   2.9
  440.00  0.52856E+12  96.5   0.2   0.3   0.0   0.0   3.0
  450.00  0.49316E+12  96.3   0.3   0.3   0.0   0.0   3.1
  460.00  0.46038E+12  96.2   0.3   0.3   0.0   0.0   3.2
  470.00  0.43006E+12  96.0   0.3   0.4   0.0   0.0   3.3
  480.00  0.40205E+12  95.8   0.4   0.4   0.0   0.0   3.4
  490.00  0.37619E+12  95.6   0.4   0.4   0.0   0.0   3.5
  500.00  0.35232E+12  95.4   0.5   0.4   0.0   0.0   3.6
  510.00  0.33028E+12  95.2   0.5   0.5   0.0   0.0   3.8
  520.00  0.30993E+12  95.0   0.6   0.5   0.0   0.0   3.9
  530.00  0.29114E+12  94.8   0.7   0.5   0.0   0.0   4.0
  540.00  0.27378E+12  94.6   0.7   0.6   0.0   0.0   4.1
  550.00  0.25773E+12  94.3   0.8   0.6   0.0   0.0   4.2
  560.00  0.24288E+12  94.0   0.9   0.7   0.0   0.0   4.4
  570.00  0.22913E+12  93.8   1.0   0.7   0.0   0.0   4.5
  580.00  0.21639E+12  93.5   1.1   0.8   0.0   0.0   4.6
  590.00  0.20457E+12  93.1   1.2   0.8   0.0   0.0   4.8
  600.00  0.19361E+12  92.8   1.4   0.9   0.0   0.0   4.9
  610.00  0.18342E+12  92.5   1.5   1.0   0.0   0.0   5.1
  620.00  0.17394E+12  92.1   1.7   1.0   0.0   0.0   5.2
  630.00  0.16512E+12  91.8   1.8   1.1   0.0   0.0   5.3
  640.00  0.15691E+12  91.4   2.0   1.1   0.0   0.0   5.4
  650.00  0.14924E+12  91.1   2.2   1.2   0.0   0.0   5.5
  660.00  0.14209E+12  90.8   2.3   1.3   0.0   0.0   5.6
  670.00  0.13540E+12  90.6   2.4   1.3   0.0   0.0   5.7
  680.00  0.12915E+12  90.3   2.6   1.4   0.0   0.0   5.7
  690.00  0.12329E+12  90.1   2.7   1.5   0.0   0.0   5.8
  700.00  0.11780E+12  89.9   2.8   1.5   0.0   0.0   5.8
  710.00  0.11265E+12  89.7   2.9   1.6   0.0   0.0   5.8
  720.00  0.10782E+12  89.5   3.0   1.7   0.0   0.0   5.8
  730.00  0.10328E+12  89.3   3.1   1.8   0.0   0.0   5.9
  740.00  0.99002E+11  89.0   3.2   1.8   0.0   0.0   5.9
  750.00  0.94978E+11  88.8   3.4   1.9   0.0   0.0   5.9
  760.00  0.91186E+11  88.6   3.5   2.0   0.0   0.0   5.9
  770.00  0.87610E+11  88.4   3.6   2.1   0.0   0.0   5.9
  780.00  0.84235E+11  88.2   3.7   2.2   0.0   0.0   6.0
  790.00  0.81046E+11  87.9   3.8   2.3   0.0   0.0   6.0
  800.00  0.78031E+11  87.7   4.0   2.4   0.0   0.0   6.0
  810.00  0.75178E+11  87.4   4.1   2.5   0.0   0.0   6.0
  820.00  0.72476E+11  87.2   4.2   2.6   0.0   0.0   6.0
  830.00  0.69915E+11  86.9   4.4   2.7   0.0   0.0   6.0
  840.00  0.67486E+11  86.6   4.5   2.8   0.0   0.0   6.1
  850.00  0.65181E+11  86.3   4.7   2.9   0.0   0.0   6.1
  860.00  0.62991E+11  86.1   4.8   3.0   0.0   0.0   6.1
  870.00  0.60910E+11  85.8   5.0   3.1   0.0   0.0   6.1
  880.00  0.58930E+11  85.5   5.1   3.2   0.0   0.0   6.1
  890.00  0.57046E+11  85.2   5.3   3.4   0.0   0.0   6.1
  900.00  0.55251E+11  85.0   5.4   3.5   0.0   0.0   6.1
  910.00  0.53541E+11  84.7   5.5   3.6   0.0   0.0   6.2
  920.00  0.51909E+11  84.5   5.6   3.7   0.0   0.0   6.2
  930.00  0.50352E+11  84.2   5.8   3.8   0.0   0.0   6.2
  940.00  0.48866E+11  84.0   5.9   4.0   0.0   0.0   6.2
  950.00  0.47445E+11  83.8   5.9   4.1   0.0   0.0   6.2
  960.00  0.46087E+11  83.6   6.0   4.2   0.0   0.0   6.2
  970.00  0.44788E+11  83.3   6.1   4.3   0.0   0.0   6.2
  980.00  0.43544E+11  83.1   6.2   4.4   0.0   0.0   6.2
  990.00  0.42354E+11  82.9   6.3   4.6   0.0   0.0   6.2
 1000.00  0.41212E+11  82.6   6.4   4.7   0.0   0.0   6.2
 1010.00  0.40118E+11  82.4   6.5   4.8   0.0   0.0   6.2
 1020.00  0.39069E+11  82.2   6.6   5.0   0.0   0.0   6.3
 1030.00  0.38062E+11  81.9   6.7   5.1   0.0   0.0   6.3
 1040.00  0.37095E+11  81.7   6.8   5.3   0.0   0.0   6.3
 1050.00  0.36166E+11  81.4   6.9   5.4   0.0   0.0   6.3
 1060.00  0.35273E+11  81.2   7.0   5.6   0.0   0.0   6.3
 1070.00  0.34414E+11  80.9   7.1   5.7   0.0   0.0   6.3
 1080.00  0.33588E+11  80.6   7.2   5.9   0.0   0.0   6.3
 1090.00  0.32793E+11  80.4   7.3   6.1   0.0   0.0   6.3
 1100.00  0.32027E+11  80.1   7.4   6.2   0.0   0.0   6.3
 1110.00  0.31290E+11  79.8   7.5   6.4   0.0   0.0   6.3
 1120.00  0.30579E+11  79.5   7.6   6.6   0.0   0.0   6.3
 1130.00  0.29894E+11  79.2   7.7   6.8   0.0   0.0   6.3
 1140.00  0.29233E+11  78.9   7.8   7.0   0.0   0.0   6.3
 1150.00  0.28595E+11  78.6   7.9   7.1   0.0   0.0   6.3
 1160.00  0.27979E+11  78.3   8.0   7.3   0.0   0.0   6.3
 1170.00  0.27384E+11  78.0   8.1   7.5   0.0   0.0   6.3
 1180.00  0.26809E+11  77.7   8.2   7.8   0.0   0.0   6.3
 1190.00  0.26254E+11  77.4   8.3   8.0   0.0   0.0   6.3
 1200.00  0.25717E+11  77.1   8.4   8.2   0.0   0.0   6.3
 1210.00  0.25198E+11  76.7   8.5   8.4   0.0   0.0   6.3
 1220.00  0.24695E+11  76.4   8.7   8.6   0.0   0.0   6.3
 1230.00  0.24209E+11  76.0   8.8   8.9   0.0   0.0   6.3
 1240.00  0.23738E+11  75.7   8.9   9.1   0.0   0.0   6.3
 1250.00  0.23282E+11  75.3   9.0   9.3   0.0   0.0   6.3
 1260.00  0.22840E+11  75.0   9.1   9.6   0.0   0.0   6.3
 1270.00  0.22412E+11  74.6   9.2   9.9   0.0   0.0   6.3
 1280.00  0.21997E+11  74.2   9.3  10.1   0.0   0.0   6.3
 1290.00  0.21594E+11  73.9   9.5  10.4   0.0   0.0   6.3
 1300.00  0.21204E+11  73.5   9.6  10.7   0.0   0.0   6.3
 1310.00  0.20825E+11  73.1   9.7  10.9   0.0   0.0   6.3
 1320.00  0.20457E+11  72.7   9.8  11.2   0.0   0.0   6.3
 1330.00  0.20099E+11  72.3   9.9  11.5   0.0   0.0   6.3
 1340.00  0.19752E+11  71.9  10.1  11.8   0.0   0.0   6.3
 1350.00  0.19415E+11  71.5  10.2  12.1   0.0   0.0   6.3
 1360.00  0.19088E+11  71.0  10.3  12.4   0.0   0.0   6.3
 1370.00  0.18769E+11  70.6  10.4  12.7   0.0   0.0   6.2
 1380.00  0.18459E+11  70.2  10.5  13.1   0.0   0.0   6.2
 1390.00  0.18158E+11  69.7  10.6  13.4   0.0   0.0   6.2
 1400.00  0.17865E+11  69.3  10.8  13.7   0.0   0.0   6.2
 1410.00  0.17580E+11  68.8  10.9  14.1   0.0   0.0   6.2
 1420.00  0.17302E+11  68.4  11.0  14.4   0.0   0.0   6.2
 1430.00  0.17032E+11  67.9  11.1  14.8   0.0   0.0   6.2
 1440.00  0.16769E+11  67.5  11.3  15.1   0.0   0.0   6.1
 1450.00  0.16512E+11  67.0  11.4  15.5   0.0   0.0   6.1
 1460.00  0.16262E+11  66.5  11.5  15.9   0.0   0.0   6.1
 1470.00  0.16019E+11  66.0  11.6  16.3   0.0   0.0   6.1
 1480.00  0.15782E+11  65.5  11.7  16.7   0.0   0.0   6.1
 1490.00  0.15550E+11  65.0  11.8  17.1   0.0   0.0   6.1
 1500.00  0.15325E+11  64.5  12.0  17.5   0.0   0.0   6.0
 1510.00  0.15104E+11  64.0  12.1  17.9   0.0   0.0   6.0
 1520.00  0.14890E+11  63.4  12.2  18.4   0.0   0.0   6.0
 1530.00  0.14680E+11  62.9  12.3  18.8   0.0   0.0   6.0
 1540.00  0.14475E+11  62.3  12.4  19.3   0.0   0.0   6.0
 1550.00  0.14276E+11  61.7  12.5  19.8   0.0   0.0   5.9
 1560.00  0.14080E+11  61.2  12.6  20.3   0.0   0.0   5.9
 1570.00  0.13890E+11  60.6  12.8  20.8   0.0   0.0   5.9
 1580.00  0.13704E+11  60.0  12.9  21.3   0.0   0.0   5.9
 1590.00  0.13522E+11  59.4  13.0  21.8   0.0   0.0   5.8
 1600.00  0.13344E+11  58.8  13.1  22.3   0.0   0.0   5.8
 1610.00  0.13171E+11  58.2  13.2  22.8   0.0   0.0   5.8
 1620.00  0.13001E+11  57.6  13.3  23.4   0.0   0.0   5.7
 1630.00  0.12835E+11  57.0  13.4  23.9   0.0   0.0   5.7
 1640.00  0.12672E+11  56.4  13.5  24.5   0.0   0.0   5.7
 1650.00  0.12513E+11  55.8  13.6  25.0   0.0   0.0   5.7
 1660.00  0.12358E+11  55.1  13.7  25.6   0.0   0.0   5.6
 1670.00  0.12206E+11  54.5  13.8  26.2   0.0   0.0   5.6
 1680.00  0.12057E+11  53.9  13.9  26.7   0.0   0.0   5.5
 1690.00  0.11911E+11  53.2  13.9  27.3   0.0   0.0   5.5
 1700.00  0.11768E+11  52.6  14.0  27.9   0.0   0.0   5.5
 1710.00  0.11629E+11  51.9  14.1  28.5   0.0   0.0   5.4
 1720.00  0.11492E+11  51.3  14.2  29.1   0.0   0.0   5.4
 1730.00  0.11358E+11  50.6  14.3  29.7   0.0   0.0   5.4
 1740.00  0.11226E+11  50.0  14.3  30.4   0.0   0.0   5.3
 1750.00  0.11098E+11  49.3  14.4  31.0   0.0   0.0   5.3
 1760.00  0.10971E+11  48.6  14.5  31.6   0.0   0.0   5.2
 1770.00  0.10848E+11  48.0  14.6  32.3   0.0   0.0   5.2
 1780.00  0.10727E+11  47.3  14.6  32.9   0.0   0.0   5.1
 1790.00  0.10608E+11  46.6  14.7  33.6   0.0   0.0   5.1
 1800.00  0.10491E+11  46.0  14.7  34.2   0.0   0.0   5.1
 1810.00  0.10377E+11  45.3  14.8  34.9   0.0   0.0   5.0
 1820.00  0.10265E+11  44.6  14.8  35.6   0.0   0.0   5.0
 1830.00  0.10155E+11  44.0  14.9  36.2   0.0   0.0   4.9
 1840.00  0.10047E+11  43.3  14.9  36.9   0.0   0.0   4.9
 1850.00  0.99413E+10  42.6  15.0  37.6   0.0   0.0   4.8
 1860.00  0.98374E+10  42.0  15.0  38.3   0.0   0.0   4.8
 1870.00  0.97354E+10  41.3  15.0  38.9   0.0   0.0   4.7
 1880.00  0.96352E+10  40.6  15.1  39.6   0.0   0.0   4.7
 1890.00  0.95369E+10  39.9  15.1  40.3   0.0   0.0   4.6
 1900.00  0.94404E+10  39.3  15.1  41.0   0.0   0.0   4.6
 1910.00  0.93456E+10  38.6  15.2  41.7   0.0   0.0   4.5
 1920.00  0.92524E+10  38.0  15.2  42.4   0.0   0.0   4.5
 1930.00  0.91609E+10  37.3  15.2  43.1   0.0   0.0   4.4
 1940.00  0.90711E+10  36.6  15.2  43.8   0.0   0.0   4.4
 1950.00  0.89827E+10  36.0  15.2  44.5   0.0   0.0   4.3
 1960.00  0.88959E+10  35.3  15.2  45.2   0.0   0.0   4.2
 1970.00  0.88106E+10  34.7  15.2  45.9   0.0   0.0   4.2
 1980.00  0.87268E+10  34.0  15.2  46.6   0.0   0.0   4.1
 1990.00  0.86444E+10  33.4  15.2  47.3   0.0   0.0   4.1
 2000.00  0.85633E+10  32.8  15.2  48.0   0.0   0.0   4.0
