   60.00 -0.10000E+01  -1.0  -1.0  -1.0  -1.0  -1.0  -1.0
   61.00 -0.10000E+01  -1.0  -1.0  -1.0  -1.0  -1.0  -1.0
   62.00 -0.10000E+01  -1.0  -1.0  -1.0  -1.0  -1.0  -1.0
   63.00 -0.10000E+01  -1.0  -1.0  -1.0  -1.0  -1.0  -1.0
   64.00 -0.10000E+01  -1.0  -1.0  -1.0  -1.0  -1.0  -1.0
   65.00  0.43790E+08  -1.0  -1.0  -1.0  -1.0  -1.0  -1.0
   66.00  0.57656E+08  -1.0  -1.0  -1.0  -1.0  -1.0  -1.0
   67.00  0.74007E+08  -1.0  -1.0  -1.0  -1.0  -1.0  -1.0
   68.00  0.92752E+08  -1.0  -1.0  -1.0  -1.0  -1.0  -1.0
   69.00  0.11367E+09  -1.0  -1.0  -1.0  -1.0  -1.0  -1.0
   70.00  0.13642E+09  -1.0  -1.0  -1.0  -1.0  -1.0  -1.0
   71.00  0.16057E+09  -1.0  -1.0  -1.0  -1.0  -1.0  -1.0
   72.00  0.18564E+09  -1.0  -1.0  -1.0  -1.0  -1.0  -1.0
   73.00  0.21113E+09  -1.0  -1.0  -1.0  -1.0  -1.0  -1.0
   74.00  0.23655E+09  -1.0  -1.0  -1.0  -1.0  -1.0  -1.0
   75.00  0.26149E+09  -1.0  -1.0  -1.0  -1.0  -1.0  -1.0
   76.00  0.28563E+09  -1.0  -1.0  -1.0  -1.0  -1.0  -1.0
   77.00  0.30875E+09  -1.0  -1.0  -1.0  -1.0  -1.0  -1.0
   78.00  0.33077E+09  -1.0  -1.0  -1.0  -1.0  -1.0  -1.0
   79.00  0.35171E+09  -1.0  -1.0  -1.0  -1.0  -1.0  -1.0
   80.00  0.37176E+09   0.0   0.0   0.0   0.2  99.8   0.0
   81.00  0.39118E+09   0.0   0.0   0.0   0.3  99.7   0.0
   82.00  0.41092E+09   0.0   0.0   0.0   0.3  99.7   0.0
   83.00  0.44277E+09   0.0   0.0   0.0   0.4  99.6   0.0
   84.00  0.51392E+09   0.0   0.0   0.0   0.4  99.6   0.0
   85.00  0.67537E+09   0.0   0.0   0.0   0.6  99.4   0.0
   86.00  0.10561E+10   0.0   0.0   0.0   0.9  99.1   0.0
   87.00  0.18084E+10   0.0   0.0   0.0   1.5  98.5   0.0
   88.00  0.29401E+10   0.0   0.0   0.0   2.5  97.5   0.0
   89.00  0.45509E+10   0.0   0.0   0.0   3.8  96.2   0.0
   90.00  0.67264E+10   0.0   0.0   0.0   5.6  94.4   0.0
   91.00  0.95212E+10   0.0   0.0   0.0   7.8  92.2   0.0
   92.00  0.12944E+11   0.0   0.0   0.0  10.5  89.5   0.0
   93.00  0.16950E+11   0.0   0.0   0.0  14.1  85.9   0.0
   94.00  0.21437E+11   0.0   0.0   0.0  18.0  82.0   0.0
   95.00  0.26258E+11   0.0   0.0   0.0  22.1  77.9   0.0
   96.00  0.31233E+11   0.0   0.0   0.0  26.3  73.7   0.0
   97.00  0.36169E+11   0.0   0.0   0.0  30.0  70.0   0.0
   98.00  0.40883E+11   0.0   0.0   0.0  32.4  67.6   0.0
   99.00  0.45217E+11   0.0   0.0   0.0  33.8  66.2   0.0
  100.00  0.49053E+11   0.0   0.0   0.0  35.5  64.5   0.0
  101.00  0.52316E+11   0.0   0.0   0.0  37.5  62.5   0.0
  102.00  0.54978E+11   0.0   0.0   0.0  39.4  60.6   0.0
  103.00  0.57052E+11   0.0   0.0   0.0  40.8  59.2   0.0
  104.00  0.58583E+11   0.0   0.0   0.0  41.8  58.2   0.0
  105.00  0.59643E+11   0.0   0.0   0.0  42.5  57.5   0.0
  106.00  0.60316E+11   0.0   0.0   0.0  42.7  57.3   0.0
  107.00  0.60694E+11   0.0   0.0   0.0  42.6  57.4   0.0
  108.00  0.60868E+11   0.0   0.0   0.0  42.3  57.7   0.0
  109.00  0.60923E+11   0.0   0.0   0.0  41.8  58.2   0.0
  110.00  0.60929E+11   0.0   0.0   0.0  41.1  58.9   0.0
  111.00  0.60695E+11   0.0   0.0   0.0  40.1  59.8   0.0
  112.00  0.60073E+11   0.0   0.0   0.0  39.0  61.0   0.0
  113.00  0.59174E+11   0.0   0.0   0.0  37.7  62.2   0.0
  114.00  0.58106E+11   0.0   0.0   0.0  36.3  63.6   0.0
  115.00  0.56967E+11   0.1   0.0   0.0  34.9  65.0   0.0
  116.00  0.55846E+11   0.1   0.0   0.0  33.6  66.4   0.0
  117.00  0.54822E+11   0.1   0.0   0.0  32.2  67.7   0.0
  118.00  0.53965E+11   0.1   0.0   0.0  31.1  68.8   0.0
  119.00  0.53331E+11   0.1   0.0   0.0  30.0  69.9   0.0
  120.00  0.52962E+11   0.1   0.0   0.0  29.1  70.7   0.0
  121.00  0.52887E+11   0.2   0.0   0.0  28.5  71.4   0.0
  122.00  0.53120E+11   0.2   0.0   0.0  28.0  71.8   0.0
  123.00  0.53656E+11   0.2   0.0   0.0  27.7  72.0   0.0
  124.00  0.54476E+11   0.3   0.0   0.0  27.7  72.0   0.0
  125.00  0.55538E+11   0.3   0.0   0.0  27.8  71.8   0.0
  126.00  0.56785E+11   0.4   0.0   0.0  28.1  71.5   0.0
  127.00  0.58134E+11   0.4   0.0   0.0  28.4  71.2   0.0
  128.00  0.59484E+11   0.5   0.0   0.0  28.7  70.8   0.0
  129.00  0.60709E+11   0.6   0.0   0.0  29.1  70.3   0.0
  130.00  0.61662E+11   0.6   0.0   0.0  29.4  69.9   0.0
  131.00  0.62600E+11   0.7   0.0   0.0  29.8  69.4   0.0
  132.00  0.63560E+11   0.8   0.0   0.0  30.3  68.9   0.0
  133.00  0.64543E+11   0.9   0.0   0.0  30.8  68.3   0.0
  134.00  0.65550E+11   1.0   0.0   0.0  31.3  67.7   0.0
  135.00  0.66583E+11   1.1   0.0   0.0  31.8  67.1   0.0
  136.00  0.67642E+11   1.2   0.0   0.0  32.4  66.4   0.0
  137.00  0.68728E+11   1.3   0.0   0.0  32.9  65.8   0.0
  138.00  0.69842E+11   1.4   0.0   0.0  33.3  65.2   0.0
  139.00  0.70987E+11   1.5   0.0   0.0  33.8  64.6   0.0
  140.00  0.72162E+11   1.7   0.0   0.0  34.2  64.1   0.0
  141.00  0.73371E+11   1.8   0.0   0.0  34.6  63.5   0.0
  142.00  0.74614E+11   2.0   0.0   0.0  34.9  63.0   0.0
  143.00  0.75893E+11   2.2   0.0   0.0  35.2  62.6   0.1
  144.00  0.77211E+11   2.4   0.0   0.0  35.4  62.2   0.1
  145.00  0.78569E+11   2.6   0.0   0.0  35.6  61.8   0.1
  146.00  0.79969E+11   2.9   0.0   0.0  35.7  61.4   0.1
  147.00  0.81414E+11   3.1   0.0   0.0  35.7  61.1   0.1
  148.00  0.82908E+11   3.4   0.0   0.0  35.7  60.8   0.1
  149.00  0.84452E+11   3.7   0.0   0.0  35.7  60.5   0.1
  150.00  0.86050E+11   4.1   0.0   0.0  35.6  60.2   0.1
  151.00  0.87707E+11   4.5   0.0   0.0  35.5  60.0   0.1
  152.00  0.89426E+11   4.9   0.0   0.0  35.3  59.7   0.1
  153.00  0.91211E+11   5.3   0.0   0.0  35.1  59.5   0.1
  154.00  0.93069E+11   5.8   0.0   0.0  34.8  59.3   0.1
  155.00  0.95005E+11   6.3   0.0   0.0  34.6  59.0   0.1
  156.00  0.97026E+11   6.8   0.0   0.0  34.3  58.7   0.1
  157.00  0.99140E+11   7.4   0.0   0.0  33.9  58.5   0.2
  158.00  0.10136E+12   8.1   0.0   0.0  33.4  58.4   0.2
  159.00  0.10369E+12   8.8   0.0   0.0  32.9  58.2   0.2
  160.00  0.10614E+12   9.5   0.0   0.0  32.4  57.9   0.2
  161.00  0.10874E+12  10.3   0.0   0.0  31.9  57.6   0.2
  162.00  0.11149E+12  11.2   0.0   0.0  31.3  57.2   0.2
  163.00  0.11444E+12  12.1   0.0   0.0  30.8  56.8   0.2
  164.00  0.11759E+12  13.1   0.0   0.0  30.3  56.3   0.2
  165.00  0.12100E+12  14.2   0.0   0.0  29.8  55.8   0.2
  166.00  0.12471E+12  15.3   0.0   0.0  29.3  55.1   0.3
  167.00  0.12880E+12  16.5   0.0   0.0  28.8  54.4   0.3
  168.00  0.13337E+12  17.9   0.0   0.0  28.2  53.6   0.3
  169.00  0.13857E+12  11.6   0.0   0.0  39.9  48.1   0.1
  170.00  0.14404E+12  57.3   0.0   0.0  17.2  25.1   0.1
  171.00  0.14964E+12  56.6   0.0   0.0  17.7  25.3   0.1
  172.00  0.15536E+12  56.3   0.0   0.0  18.0  25.3   0.1
  173.00  0.16121E+12  56.4   0.0   0.0  18.1  25.1   0.1
  174.00  0.16717E+12  56.9   0.0   0.0  18.0  24.7   0.1
  175.00  0.17326E+12  57.4   0.0   0.0  17.9  24.2   0.1
  176.00  0.17946E+12  58.3   0.0   0.0  17.6  23.7   0.1
  177.00  0.18577E+12  59.1   0.0   0.0  17.3  23.1   0.1
  178.00  0.19220E+12  60.2   0.0   0.0  16.9  22.4   0.1
  179.00  0.19873E+12  47.8   0.0   0.0  23.6  28.1   0.2
  180.00  0.20536E+12  50.5   0.0   0.0  22.4  26.7   0.2
  181.00  0.21208E+12  53.0   0.0   0.0  21.2  25.4   0.2
  182.00  0.21890E+12  55.3   0.0   0.0  20.1  24.1   0.2
  183.00  0.22581E+12  57.6   0.0   0.0  19.0  22.9   0.2
  184.00  0.23280E+12  59.8   0.0   0.0  18.0  21.7   0.2
  185.00  0.23987E+12  61.9   0.0   0.0  17.0  20.6   0.2
  186.00  0.24701E+12  63.8   0.0   0.0  16.1  19.6   0.2
  187.00  0.25422E+12  65.7   0.0   0.0  15.2  18.6   0.2
  188.00  0.26148E+12  67.4   0.0   0.0  14.4  17.7   0.2
  189.00  0.26880E+12  69.1   0.0   0.0  13.6  16.8   0.2
  190.00  0.27616E+12  70.6   0.0   0.0  12.9  16.0   0.2
  191.00  0.28357E+12  72.1   0.0   0.0  12.2  15.2   0.2
  192.00  0.29100E+12  73.5   0.0   0.0  11.5  14.4   0.2
  193.00  0.29846E+12  74.8   0.0   0.0  10.9  13.7   0.2
  194.00  0.30594E+12  76.1   0.0   0.0  10.3  13.0   0.2
  195.00  0.31343E+12  77.3   0.0   0.0   9.8  12.4   0.2
  196.00  0.32092E+12  78.4   0.0   0.0   9.3  11.8   0.2
  197.00  0.32840E+12  79.4   0.0   0.0   8.8  11.3   0.2
  198.00  0.33587E+12  80.4   0.0   0.0   8.3  10.7   0.2
  199.00  0.34331E+12  81.3   0.0   0.0   7.9  10.2   0.2
  200.00  0.35072E+12  82.2   0.0   0.0   7.5   9.7   0.2
  201.00  0.35810E+12  83.0   0.0   0.0   7.1   9.3   0.2
  202.00  0.36542E+12  83.8   0.0   0.0   6.7   8.9   0.2
  203.00  0.37269E+12  84.6   0.0   0.0   6.4   8.5   0.3
  204.00  0.37990E+12  85.3   0.0   0.0   6.1   8.1   0.3
  205.00  0.38703E+12  86.0   0.0   0.0   5.8   7.7   0.3
  206.00  0.39408E+12  86.6   0.0   0.0   5.5   7.4   0.3
  207.00  0.40103E+12  87.2   0.0   0.0   5.2   7.0   0.3
  208.00  0.40789E+12  87.7   0.0   0.0   4.9   6.7   0.3
  209.00  0.41464E+12  88.3   0.0   0.0   4.7   6.4   0.3
  210.00  0.42128E+12  88.8   0.0   0.0   4.5   6.1   0.3
  211.00  0.42779E+12  89.3   0.0   0.0   4.2   5.9   0.3
  212.00  0.43417E+12  90.2   0.0   0.0   3.9   5.4   0.3
  213.00  0.44041E+12  90.6   0.0   0.0   3.7   5.2   0.3
  214.00  0.44651E+12  90.9   0.0   0.0   3.5   4.9   0.3
  215.00  0.45245E+12  91.3   0.0   0.0   3.4   4.7   0.3
  216.00  0.45823E+12  91.6   0.0   0.0   3.2   4.6   0.3
  217.00  0.46384E+12  91.9   0.0   0.0   3.1   4.4   0.3
  218.00  0.46928E+12  92.2   0.0   0.0   2.9   4.2   0.3
  219.00  0.47454E+12  92.5   0.0   0.0   2.8   4.0   0.3
  220.00  0.47961E+12  92.8   0.0   0.0   2.7   3.9   0.3
  221.00  0.48449E+12  93.1   0.0   0.0   2.6   3.7   0.3
  222.00  0.48918E+12  93.3   0.0   0.0   2.5   3.6   0.3
  223.00  0.49367E+12  93.5   0.0   0.0   2.4   3.5   0.3
  224.00  0.49795E+12  93.8   0.0   0.0   2.3   3.3   0.4
  225.00  0.50202E+12  94.0   0.0   0.0   2.2   3.2   0.4
  226.00  0.50588E+12  94.2   0.0   0.0   2.1   3.1   0.4
  227.00  0.50953E+12  94.4   0.0   0.0   2.0   3.0   0.4
  228.00  0.51296E+12  94.5   0.0   0.0   1.9   2.9   0.4
  229.00  0.51617E+12  94.7   0.0   0.0   1.8   2.8   0.4
  230.00  0.51916E+12  94.9   0.0   0.0   1.8   2.7   0.4
  231.00  0.52193E+12  95.0   0.0   0.0   1.7   2.6   0.4
  232.00  0.52447E+12  95.2   0.0   0.0   1.6   2.5   0.4
  233.00  0.52680E+12  95.3   0.0   0.0   1.6   2.4   0.4
  234.00  0.52890E+12  95.4   0.0   0.0   1.5   2.4   0.4
  235.00  0.53079E+12  95.5   0.0   0.0   1.5   2.3   0.4
  236.00  0.53246E+12  95.7   0.0   0.0   1.4   2.2   0.4
  237.00  0.53391E+12  95.8   0.0   0.0   1.4   2.1   0.5
  238.00  0.53516E+12  95.9   0.0   0.0   1.3   2.1   0.5
  239.00  0.53619E+12  96.0   0.0   0.0   1.3   2.0   0.5
  240.00  0.53703E+12  96.1   0.0   0.0   1.2   2.0   0.5
  241.00  0.53768E+12  96.2   0.0   0.0   1.2   1.9   0.5
  242.00  0.53813E+12  96.3   0.0   0.0   1.1   1.8   0.5
  243.00  0.53842E+12  96.3   0.0   0.0   1.1   1.8   0.5
  244.00  0.53854E+12  96.4   0.0   0.0   1.1   1.7   0.5
  245.00  0.53853E+12  96.5   0.0   0.0   1.0   1.7   0.5
  246.00  0.53845E+12  96.6   0.0   0.0   1.0   1.7   0.5
  247.00  0.53828E+12  96.6   0.0   0.0   1.0   1.6   0.5
  248.00  0.53804E+12  96.7   0.0   0.0   0.9   1.6   0.6
  249.00  0.53773E+12  96.7   0.0   0.0   0.9   1.5   0.6
  250.00  0.53734E+12  96.8   0.0   0.0   0.9   1.5   0.6
  251.00  0.53688E+12  96.9   0.0   0.0   0.8   1.4   0.6
  252.00  0.53634E+12  96.9   0.0   0.0   0.8   1.4   0.6
  253.00  0.53574E+12  97.0   0.0   0.0   0.8   1.4   0.6
  254.00  0.53506E+12  97.0   0.0   0.0   0.8   1.4   0.6
  255.00  0.53432E+12  97.0   0.0   0.0   0.8   1.3   0.7
  256.00  0.53351E+12  97.4   0.0   0.0   0.7   1.2   0.6
  257.00  0.53264E+12  97.3   0.0   0.0   0.7   1.2   0.6
  258.00  0.53170E+12  97.3   0.0   0.0   0.7   1.2   0.6
  259.00  0.53070E+12  97.3   0.0   0.0   0.6   1.2   0.7
  260.00  0.52964E+12  97.3   0.0   0.0   0.6   1.1   0.7
  261.00  0.52852E+12  97.4   0.0   0.0   0.6   1.1   0.7
  262.00  0.52734E+12  97.4   0.0   0.0   0.6   1.1   0.7
  263.00  0.52610E+12  97.4   0.0   0.0   0.6   1.0   0.7
  264.00  0.52480E+12  97.5   0.0   0.0   0.5   1.0   0.7
  265.00  0.52346E+12  97.5   0.0   0.0   0.5   1.0   0.7
  266.00  0.52205E+12  97.5   0.0   0.0   0.5   1.0   0.7
  267.00  0.52060E+12  97.6   0.0   0.0   0.5   0.9   0.8
  268.00  0.51909E+12  97.6   0.0   0.0   0.5   0.9   0.8
  269.00  0.51753E+12  97.6   0.0   0.0   0.5   0.9   0.8
  270.00  0.51593E+12  97.6   0.0   0.0   0.5   0.9   0.8
  271.00  0.51428E+12  97.7   0.0   0.0   0.4   0.9   0.8
  272.00  0.51258E+12  97.7   0.0   0.0   0.4   0.8   0.8
  273.00  0.51084E+12  97.7   0.0   0.0   0.4   0.8   0.8
  274.00  0.50906E+12  97.7   0.0   0.0   0.4   0.8   0.8
  275.00  0.50724E+12  97.7   0.0   0.0   0.4   0.8   0.9
  276.00  0.50537E+12  97.8   0.0   0.0   0.4   0.8   0.9
  277.00  0.50347E+12  97.8   0.0   0.0   0.4   0.7   0.9
  278.00  0.50153E+12  97.8   0.0   0.0   0.4   0.7   0.9
  279.00  0.49955E+12  97.8   0.0   0.0   0.4   0.7   0.9
  280.00  0.49753E+12  97.8   0.0   0.0   0.3   0.7   0.9
  281.00  0.49549E+12  97.9   0.0   0.0   0.3   0.7   0.9
  282.00  0.49341E+12  97.9   0.0   0.0   0.3   0.7   0.9
  283.00  0.49130E+12  97.9   0.0   0.0   0.3   0.6   1.0
  284.00  0.48915E+12  97.9   0.0   0.0   0.3   0.6   1.0
  285.00  0.48698E+12  97.9   0.0   0.0   0.3   0.6   1.0
  286.00  0.48478E+12  97.9   0.0   0.0   0.3   0.6   1.0
  287.00  0.48256E+12  97.9   0.0   0.0   0.3   0.6   1.0
  288.00  0.48031E+12  97.9   0.0   0.0   0.3   0.6   1.0
  289.00  0.47803E+12  97.9   0.0   0.0   0.3   0.6   1.0
  290.00  0.47573E+12  98.0   0.0   0.0   0.3   0.5   1.0
  291.00  0.47341E+12  98.0   0.0   0.0   0.3   0.5   1.1
  292.00  0.47107E+12  98.0   0.0   0.0   0.2   0.5   1.1
  293.00  0.46871E+12  98.0   0.0   0.0   0.2   0.5   1.1
  294.00  0.46633E+12  98.0   0.0   0.0   0.2   0.5   1.1
  295.00  0.46393E+12  98.0   0.0   0.0   0.2   0.5   1.1
  296.00  0.46151E+12  98.0   0.0   0.0   0.2   0.5   1.1
  297.00  0.45908E+12  98.0   0.0   0.0   0.2   0.5   1.1
  298.00  0.45663E+12  98.0   0.0   0.0   0.2   0.4   1.1
  299.00  0.45417E+12  98.0   0.0   0.0   0.2   0.4   1.1
  300.00  0.45169E+12  98.0   0.0   0.0   0.2   0.4   1.2
  301.00  0.44920E+12  98.1   0.1   0.1   0.0   0.0   1.7
  302.00  0.44671E+12  98.1   0.1   0.1   0.0   0.0   1.7
  303.00  0.44420E+12  98.1   0.1   0.1   0.0   0.0   1.7
  304.00  0.44168E+12  98.1   0.1   0.1   0.0   0.0   1.7
  305.00  0.43915E+12  98.1   0.1   0.1   0.0   0.0   1.7
  306.00  0.43661E+12  98.1   0.1   0.1   0.0   0.0   1.7
  307.00  0.43407E+12  98.1   0.1   0.1   0.0   0.0   1.7
  308.00  0.43152E+12  98.1   0.1   0.1   0.0   0.0   1.7
  309.00  0.42896E+12  98.1   0.1   0.1   0.0   0.0   1.7
  310.00  0.42640E+12  98.1   0.1   0.1   0.0   0.0   1.7
  311.00  0.42383E+12  98.0   0.1   0.1   0.0   0.0   1.7
  312.00  0.42126E+12  98.0   0.1   0.1   0.0   0.0   1.7
  313.00  0.41869E+12  98.0   0.1   0.1   0.0   0.0   1.7
  314.00  0.41612E+12  98.0   0.1   0.1   0.0   0.0   1.7
  315.00  0.41354E+12  98.0   0.1   0.1   0.0   0.0   1.8
  316.00  0.41097E+12  98.0   0.1   0.1   0.0   0.0   1.8
  317.00  0.40839E+12  98.0   0.1   0.1   0.0   0.0   1.8
  318.00  0.40581E+12  98.0   0.1   0.1   0.0   0.0   1.8
  319.00  0.40324E+12  98.0   0.1   0.1   0.0   0.0   1.8
  320.00  0.40066E+12  98.0   0.1   0.1   0.0   0.0   1.8
  321.00  0.39809E+12  97.9   0.1   0.1   0.0   0.0   1.8
  322.00  0.39552E+12  97.9   0.1   0.1   0.0   0.0   1.8
  323.00  0.39295E+12  97.9   0.1   0.1   0.0   0.0   1.8
  324.00  0.39039E+12  97.9   0.1   0.2   0.0   0.0   1.8
  325.00  0.38783E+12  97.9   0.1   0.2   0.0   0.0   1.8
  326.00  0.38527E+12  97.9   0.1   0.2   0.0   0.0   1.8
  327.00  0.38272E+12  97.9   0.1   0.2   0.0   0.0   1.9
  328.00  0.38018E+12  97.9   0.1   0.2   0.0   0.0   1.9
  329.00  0.37764E+12  97.9   0.1   0.2   0.0   0.0   1.9
  330.00  0.37510E+12  97.9   0.1   0.2   0.0   0.0   1.9
  331.00  0.37258E+12  97.8   0.1   0.2   0.0   0.0   1.9
  332.00  0.37006E+12  97.8   0.1   0.2   0.0   0.0   1.9
  333.00  0.36754E+12  97.8   0.1   0.2   0.0   0.0   1.9
  334.00  0.36504E+12  97.8   0.1   0.2   0.0   0.0   1.9
  335.00  0.36254E+12  97.8   0.1   0.2   0.0   0.0   1.9
  336.00  0.36006E+12  97.8   0.1   0.2   0.0   0.0   1.9
  337.00  0.35758E+12  97.8   0.1   0.2   0.0   0.0   1.9
  338.00  0.35511E+12  97.8   0.1   0.2   0.0   0.0   1.9
  339.00  0.35264E+12  97.8   0.1   0.2   0.0   0.0   2.0
  340.00  0.35019E+12  97.7   0.1   0.2   0.0   0.0   2.0
  341.00  0.34775E+12  97.7   0.1   0.2   0.0   0.0   2.0
  342.00  0.34532E+12  97.7   0.1   0.2   0.0   0.0   2.0
  343.00  0.34290E+12  97.7   0.1   0.2   0.0   0.0   2.0
  344.00  0.34049E+12  97.7   0.1   0.2   0.0   0.0   2.0
  345.00  0.33809E+12  97.7   0.1   0.2   0.0   0.0   2.0
  346.00  0.33570E+12  97.7   0.1   0.2   0.0   0.0   2.0
  347.00  0.33332E+12  97.7   0.1   0.2   0.0   0.0   2.0
  348.00  0.33096E+12  97.6   0.1   0.2   0.0   0.0   2.0
  349.00  0.32860E+12  97.6   0.1   0.2   0.0   0.0   2.0
  350.00  0.32626E+12  97.6   0.1   0.2   0.0   0.0   2.0
  351.00  0.32393E+12  97.6   0.1   0.2   0.0   0.0   2.1
  352.00  0.32161E+12  97.6   0.1   0.2   0.0   0.0   2.1
  353.00  0.31930E+12  97.6   0.2   0.2   0.0   0.0   2.1
  354.00  0.31701E+12  97.6   0.2   0.2   0.0   0.0   2.1
  355.00  0.31473E+12  97.6   0.2   0.2   0.0   0.0   2.1
  356.00  0.31246E+12  97.6   0.2   0.2   0.0   0.0   2.1
  357.00  0.31020E+12  97.5   0.2   0.2   0.0   0.0   2.1
  358.00  0.30796E+12  97.5   0.2   0.2   0.0   0.0   2.1
  359.00  0.30573E+12  97.5   0.2   0.2   0.0   0.0   2.1
  360.00  0.30351E+12  97.5   0.2   0.2   0.0   0.0   2.1
  361.00  0.30131E+12  97.5   0.2   0.2   0.0   0.0   2.1
  362.00  0.29912E+12  97.5   0.2   0.2   0.0   0.0   2.2
  363.00  0.29694E+12  97.5   0.2   0.2   0.0   0.0   2.2
  364.00  0.29478E+12  97.4   0.2   0.2   0.0   0.0   2.2
  365.00  0.29263E+12  97.4   0.2   0.2   0.0   0.0   2.2
  366.00  0.29049E+12  97.4   0.2   0.2   0.0   0.0   2.2
  367.00  0.28837E+12  97.4   0.2   0.2   0.0   0.0   2.2
  368.00  0.28626E+12  97.4   0.2   0.2   0.0   0.0   2.2
  369.00  0.28417E+12  97.4   0.2   0.2   0.0   0.0   2.2
  370.00  0.28209E+12  97.4   0.2   0.2   0.0   0.0   2.2
  371.00  0.28002E+12  97.4   0.2   0.2   0.0   0.0   2.2
  372.00  0.27797E+12  97.3   0.2   0.2   0.0   0.0   2.3
  373.00  0.27593E+12  97.3   0.2   0.2   0.0   0.0   2.3
  374.00  0.27390E+12  97.3   0.2   0.2   0.0   0.0   2.3
  375.00  0.27189E+12  97.3   0.2   0.2   0.0   0.0   2.3
  376.00  0.26989E+12  97.3   0.2   0.2   0.0   0.0   2.3
  377.00  0.26791E+12  97.3   0.2   0.2   0.0   0.0   2.3
  378.00  0.26594E+12  97.3   0.2   0.2   0.0   0.0   2.3
  379.00  0.26398E+12  97.2   0.2   0.2   0.0   0.0   2.3
  380.00  0.26204E+12  97.2   0.2   0.2   0.0   0.0   2.3
  381.00  0.26011E+12  97.2   0.2   0.2   0.0   0.0   2.3
  382.00  0.25819E+12  97.2   0.2   0.2   0.0   0.0   2.4
  383.00  0.25629E+12  97.2   0.2   0.2   0.0   0.0   2.4
  384.00  0.25441E+12  97.2   0.2   0.2   0.0   0.0   2.4
  385.00  0.25253E+12  97.2   0.2   0.2   0.0   0.0   2.4
  386.00  0.25067E+12  97.1   0.2   0.2   0.0   0.0   2.4
  387.00  0.24883E+12  97.1   0.2   0.2   0.0   0.0   2.4
  388.00  0.24700E+12  97.1   0.2   0.2   0.0   0.0   2.4
  389.00  0.24518E+12  97.1   0.2   0.3   0.0   0.0   2.4
  390.00  0.24337E+12  97.1   0.2   0.3   0.0   0.0   2.4
  391.00  0.24158E+12  97.1   0.2   0.3   0.0   0.0   2.4
  392.00  0.23980E+12  97.0   0.2   0.3   0.0   0.0   2.5
  393.00  0.23804E+12  97.0   0.2   0.3   0.0   0.0   2.5
  394.00  0.23629E+12  97.0   0.2   0.3   0.0   0.0   2.5
  395.00  0.23455E+12  97.0   0.3   0.3   0.0   0.0   2.5
  396.00  0.23283E+12  97.0   0.3   0.3   0.0   0.0   2.5
  397.00  0.23112E+12  97.0   0.3   0.3   0.0   0.0   2.5
  398.00  0.22942E+12  97.0   0.3   0.3   0.0   0.0   2.5
  399.00  0.22774E+12  96.9   0.3   0.3   0.0   0.0   2.5
  400.00  0.22607E+12  96.9   0.3   0.3   0.0   0.0   2.5
  401.00  0.22441E+12  96.9   0.3   0.3   0.0   0.0   2.6
  402.00  0.22277E+12  96.9   0.3   0.3   0.0   0.0   2.6
  403.00  0.22113E+12  96.9   0.3   0.3   0.0   0.0   2.6
  404.00  0.21952E+12  96.9   0.3   0.3   0.0   0.0   2.6
  405.00  0.21791E+12  96.8   0.3   0.3   0.0   0.0   2.6
  406.00  0.21632E+12  96.8   0.3   0.3   0.0   0.0   2.6
  407.00  0.21474E+12  96.8   0.3   0.3   0.0   0.0   2.6
  408.00  0.21317E+12  96.8   0.3   0.3   0.0   0.0   2.6
  409.00  0.21162E+12  96.8   0.3   0.3   0.0   0.0   2.6
  410.00  0.21007E+12  96.8   0.3   0.3   0.0   0.0   2.7
  411.00  0.20854E+12  96.7   0.3   0.3   0.0   0.0   2.7
  412.00  0.20703E+12  96.7   0.3   0.3   0.0   0.0   2.7
  413.00  0.20552E+12  96.7   0.3   0.3   0.0   0.0   2.7
  414.00  0.20403E+12  96.7   0.3   0.3   0.0   0.0   2.7
  415.00  0.20255E+12  96.7   0.3   0.3   0.0   0.0   2.7
  416.00  0.20108E+12  96.6   0.3   0.3   0.0   0.0   2.7
  417.00  0.19962E+12  96.6   0.3   0.3   0.0   0.0   2.7
  418.00  0.19818E+12  96.6   0.3   0.3   0.0   0.0   2.7
  419.00  0.19674E+12  96.6   0.3   0.3   0.0   0.0   2.8
  420.00  0.19532E+12  96.6   0.3   0.3   0.0   0.0   2.8
  421.00  0.19391E+12  96.6   0.3   0.3   0.0   0.0   2.8
  422.00  0.19251E+12  96.5   0.3   0.3   0.0   0.0   2.8
  423.00  0.19113E+12  96.5   0.4   0.3   0.0   0.0   2.8
  424.00  0.18975E+12  96.5   0.4   0.3   0.0   0.0   2.8
  425.00  0.18839E+12  96.5   0.4   0.3   0.0   0.0   2.8
  426.00  0.18704E+12  96.5   0.4   0.3   0.0   0.0   2.8
  427.00  0.18570E+12  96.4   0.4   0.3   0.0   0.0   2.9
  428.00  0.18437E+12  96.4   0.4   0.3   0.0   0.0   2.9
  429.00  0.18305E+12  96.4   0.4   0.3   0.0   0.0   2.9
  430.00  0.18174E+12  96.4   0.4   0.3   0.0   0.0   2.9
  431.00  0.18044E+12  96.4   0.4   0.3   0.0   0.0   2.9
  432.00  0.17916E+12  96.3   0.4   0.4   0.0   0.0   2.9
  433.00  0.17788E+12  96.3   0.4   0.4   0.0   0.0   2.9
  434.00  0.17662E+12  96.3   0.4   0.4   0.0   0.0   2.9
  435.00  0.17536E+12  96.3   0.4   0.4   0.0   0.0   2.9
  436.00  0.17412E+12  96.3   0.4   0.4   0.0   0.0   3.0
  437.00  0.17288E+12  96.2   0.4   0.4   0.0   0.0   3.0
  438.00  0.17166E+12  96.2   0.4   0.4   0.0   0.0   3.0
  439.00  0.17045E+12  96.2   0.4   0.4   0.0   0.0   3.0
  440.00  0.16925E+12  96.2   0.4   0.4   0.0   0.0   3.0
  441.00  0.16805E+12  96.2   0.4   0.4   0.0   0.0   3.0
  442.00  0.16687E+12  96.1   0.4   0.4   0.0   0.0   3.0
  443.00  0.16570E+12  96.1   0.4   0.4   0.0   0.0   3.1
  444.00  0.16454E+12  96.1   0.5   0.4   0.0   0.0   3.1
  445.00  0.16338E+12  96.1   0.5   0.4   0.0   0.0   3.1
  446.00  0.16224E+12  96.1   0.5   0.4   0.0   0.0   3.1
  447.00  0.16111E+12  96.0   0.5   0.4   0.0   0.0   3.1
  448.00  0.15998E+12  96.0   0.5   0.4   0.0   0.0   3.1
  449.00  0.15887E+12  96.0   0.5   0.4   0.0   0.0   3.1
  450.00  0.15776E+12  96.0   0.5   0.4   0.0   0.0   3.1
  451.00  0.15667E+12  95.9   0.5   0.4   0.0   0.0   3.2
  452.00  0.15558E+12  95.9   0.5   0.4   0.0   0.0   3.2
  453.00  0.15450E+12  95.9   0.5   0.4   0.0   0.0   3.2
  454.00  0.15343E+12  95.9   0.5   0.4   0.0   0.0   3.2
  455.00  0.15238E+12  95.9   0.5   0.4   0.0   0.0   3.2
  456.00  0.15132E+12  95.8   0.5   0.4   0.0   0.0   3.2
  457.00  0.15028E+12  95.8   0.5   0.4   0.0   0.0   3.2
  458.00  0.14925E+12  95.8   0.5   0.4   0.0   0.0   3.2
  459.00  0.14823E+12  95.8   0.5   0.4   0.0   0.0   3.3
  460.00  0.14721E+12  95.7   0.6   0.4   0.0   0.0   3.3
  461.00  0.14620E+12  95.7   0.6   0.4   0.0   0.0   3.3
  462.00  0.14521E+12  95.7   0.6   0.4   0.0   0.0   3.3
  463.00  0.14422E+12  95.7   0.6   0.4   0.0   0.0   3.3
  464.00  0.14323E+12  95.6   0.6   0.5   0.0   0.0   3.3
  465.00  0.14226E+12  95.6   0.6   0.5   0.0   0.0   3.3
  466.00  0.14130E+12  95.6   0.6   0.5   0.0   0.0   3.4
  467.00  0.14034E+12  95.6   0.6   0.5   0.0   0.0   3.4
  468.00  0.13939E+12  95.5   0.6   0.5   0.0   0.0   3.4
  469.00  0.13845E+12  95.5   0.6   0.5   0.0   0.0   3.4
  470.00  0.13752E+12  95.5   0.6   0.5   0.0   0.0   3.4
  471.00  0.13659E+12  95.5   0.6   0.5   0.0   0.0   3.4
  472.00  0.13567E+12  95.4   0.6   0.5   0.0   0.0   3.4
  473.00  0.13476E+12  95.4   0.6   0.5   0.0   0.0   3.5
  474.00  0.13386E+12  95.4   0.7   0.5   0.0   0.0   3.5
  475.00  0.13297E+12  95.4   0.7   0.5   0.0   0.0   3.5
  476.00  0.13208E+12  95.3   0.7   0.5   0.0   0.0   3.5
  477.00  0.13120E+12  95.3   0.7   0.5   0.0   0.0   3.5
  478.00  0.13033E+12  95.3   0.7   0.5   0.0   0.0   3.5
  479.00  0.12946E+12  95.3   0.7   0.5   0.0   0.0   3.5
  480.00  0.12861E+12  95.2   0.7   0.5   0.0   0.0   3.6
  481.00  0.12775E+12  95.2   0.7   0.5   0.0   0.0   3.6
  482.00  0.12691E+12  95.2   0.7   0.5   0.0   0.0   3.6
  483.00  0.12608E+12  95.1   0.7   0.5   0.0   0.0   3.6
  484.00  0.12525E+12  95.1   0.7   0.5   0.0   0.0   3.6
  485.00  0.12442E+12  95.1   0.7   0.5   0.0   0.0   3.6
  486.00  0.12361E+12  95.1   0.8   0.5   0.0   0.0   3.7
  487.00  0.12280E+12  95.0   0.8   0.5   0.0   0.0   3.7
  488.00  0.12200E+12  95.0   0.8   0.5   0.0   0.0   3.7
  489.00  0.12120E+12  95.0   0.8   0.5   0.0   0.0   3.7
  490.00  0.12041E+12  94.9   0.8   0.6   0.0   0.0   3.7
  491.00  0.11963E+12  94.9   0.8   0.6   0.0   0.0   3.7
  492.00  0.11885E+12  94.9   0.8   0.6   0.0   0.0   3.7
  493.00  0.11809E+12  94.9   0.8   0.6   0.0   0.0   3.8
  494.00  0.11732E+12  94.8   0.8   0.6   0.0   0.0   3.8
  495.00  0.11657E+12  94.8   0.8   0.6   0.0   0.0   3.8
  496.00  0.11582E+12  94.8   0.9   0.6   0.0   0.0   3.8
  497.00  0.11507E+12  94.7   0.9   0.6   0.0   0.0   3.8
  498.00  0.11433E+12  94.7   0.9   0.6   0.0   0.0   3.8
  499.00  0.11360E+12  94.7   0.9   0.6   0.0   0.0   3.9
  500.00  0.11288E+12  94.6   0.9   0.6   0.0   0.0   3.9
  501.00  0.11216E+12  94.6   0.9   0.6   0.0   0.0   3.9
  502.00  0.11144E+12  94.6   0.9   0.6   0.0   0.0   3.9
  503.00  0.11073E+12  94.5   0.9   0.6   0.0   0.0   3.9
  504.00  0.11003E+12  94.5   0.9   0.6   0.0   0.0   3.9
  505.00  0.10934E+12  94.5   1.0   0.6   0.0   0.0   3.9
  506.00  0.10864E+12  94.4   1.0   0.6   0.0   0.0   4.0
  507.00  0.10796E+12  94.4   1.0   0.6   0.0   0.0   4.0
  508.00  0.10728E+12  94.4   1.0   0.6   0.0   0.0   4.0
  509.00  0.10661E+12  94.3   1.0   0.6   0.0   0.0   4.0
  510.00  0.10594E+12  94.3   1.0   0.6   0.0   0.0   4.0
  511.00  0.10527E+12  94.3   1.0   0.6   0.0   0.0   4.0
  512.00  0.10462E+12  94.2   1.0   0.7   0.0   0.0   4.1
  513.00  0.10396E+12  94.2   1.0   0.7   0.0   0.0   4.1
  514.00  0.10332E+12  94.2   1.1   0.7   0.0   0.0   4.1
  515.00  0.10268E+12  94.1   1.1   0.7   0.0   0.0   4.1
  516.00  0.10204E+12  94.1   1.1   0.7   0.0   0.0   4.1
  517.00  0.10141E+12  94.1   1.1   0.7   0.0   0.0   4.1
  518.00  0.10078E+12  94.0   1.1   0.7   0.0   0.0   4.2
  519.00  0.10016E+12  94.0   1.1   0.7   0.0   0.0   4.2
  520.00  0.99545E+11  94.0   1.1   0.7   0.0   0.0   4.2
  521.00  0.98934E+11  93.9   1.2   0.7   0.0   0.0   4.2
  522.00  0.98327E+11  93.9   1.2   0.7   0.0   0.0   4.2
  523.00  0.97726E+11  93.9   1.2   0.7   0.0   0.0   4.2
  524.00  0.97130E+11  93.8   1.2   0.7   0.0   0.0   4.3
  525.00  0.96538E+11  93.8   1.2   0.7   0.0   0.0   4.3
  526.00  0.95951E+11  93.7   1.2   0.7   0.0   0.0   4.3
  527.00  0.95369E+11  93.7   1.2   0.7   0.0   0.0   4.3
  528.00  0.94791E+11  93.7   1.3   0.7   0.0   0.0   4.3
  529.00  0.94218E+11  93.6   1.3   0.7   0.0   0.0   4.4
  530.00  0.93650E+11  93.6   1.3   0.7   0.0   0.0   4.4
  531.00  0.93086E+11  93.6   1.3   0.8   0.0   0.0   4.4
  532.00  0.92527E+11  93.5   1.3   0.8   0.0   0.0   4.4
  533.00  0.91972E+11  93.5   1.3   0.8   0.0   0.0   4.4
  534.00  0.91422E+11  93.4   1.3   0.8   0.0   0.0   4.4
  535.00  0.90876E+11  93.4   1.4   0.8   0.0   0.0   4.5
  536.00  0.90334E+11  93.4   1.4   0.8   0.0   0.0   4.5
  537.00  0.89796E+11  93.3   1.4   0.8   0.0   0.0   4.5
  538.00  0.89263E+11  93.3   1.4   0.8   0.0   0.0   4.5
  539.00  0.88734E+11  93.2   1.4   0.8   0.0   0.0   4.5
  540.00  0.88209E+11  93.2   1.4   0.8   0.0   0.0   4.5
  541.00  0.87689E+11  93.2   1.5   0.8   0.0   0.0   4.6
  542.00  0.87172E+11  93.1   1.5   0.8   0.0   0.0   4.6
  543.00  0.86660E+11  93.1   1.5   0.8   0.0   0.0   4.6
  544.00  0.86151E+11  93.0   1.5   0.8   0.0   0.0   4.6
  545.00  0.85647E+11  93.0   1.5   0.8   0.0   0.0   4.6
  546.00  0.85146E+11  92.9   1.6   0.8   0.0   0.0   4.7
  547.00  0.84649E+11  92.9   1.6   0.9   0.0   0.0   4.7
  548.00  0.84157E+11  92.9   1.6   0.9   0.0   0.0   4.7
  549.00  0.83668E+11  92.8   1.6   0.9   0.0   0.0   4.7
  550.00  0.83183E+11  92.8   1.6   0.9   0.0   0.0   4.7
  551.00  0.82701E+11  92.7   1.6   0.9   0.0   0.0   4.7
  552.00  0.82224E+11  92.7   1.7   0.9   0.0   0.0   4.8
  553.00  0.81750E+11  92.6   1.7   0.9   0.0   0.0   4.8
  554.00  0.81280E+11  92.6   1.7   0.9   0.0   0.0   4.8
  555.00  0.80813E+11  92.5   1.7   0.9   0.0   0.0   4.8
  556.00  0.80350E+11  92.5   1.7   0.9   0.0   0.0   4.8
  557.00  0.79891E+11  92.4   1.8   0.9   0.0   0.0   4.9
  558.00  0.79435E+11  92.4   1.8   0.9   0.0   0.0   4.9
  559.00  0.78983E+11  92.4   1.8   0.9   0.0   0.0   4.9
  560.00  0.78534E+11  92.3   1.8   0.9   0.0   0.0   4.9
  561.00  0.78088E+11  92.3   1.9   0.9   0.0   0.0   4.9
  562.00  0.77646E+11  92.2   1.9   1.0   0.0   0.0   5.0
  563.00  0.77208E+11  92.2   1.9   1.0   0.0   0.0   5.0
  564.00  0.76773E+11  92.1   1.9   1.0   0.0   0.0   5.0
  565.00  0.76341E+11  92.1   1.9   1.0   0.0   0.0   5.0
  566.00  0.75912E+11  92.0   2.0   1.0   0.0   0.0   5.0
  567.00  0.75487E+11  92.0   2.0   1.0   0.0   0.0   5.1
  568.00  0.75064E+11  91.9   2.0   1.0   0.0   0.0   5.1
  569.00  0.74645E+11  91.9   2.0   1.0   0.0   0.0   5.1
  570.00  0.74230E+11  91.8   2.1   1.0   0.0   0.0   5.1
  571.00  0.73817E+11  91.8   2.1   1.0   0.0   0.0   5.1
  572.00  0.73408E+11  91.7   2.1   1.0   0.0   0.0   5.1
  573.00  0.73001E+11  91.7   2.1   1.0   0.0   0.0   5.2
  574.00  0.72598E+11  91.6   2.2   1.0   0.0   0.0   5.2
  575.00  0.72198E+11  91.6   2.2   1.1   0.0   0.0   5.2
  576.00  0.71800E+11  91.5   2.2   1.1   0.0   0.0   5.2
  577.00  0.71406E+11  91.4   2.2   1.1   0.0   0.0   5.2
  578.00  0.71015E+11  91.4   2.3   1.1   0.0   0.0   5.3
  579.00  0.70626E+11  91.3   2.3   1.1   0.0   0.0   5.3
  580.00  0.70241E+11  91.3   2.3   1.1   0.0   0.0   5.3
  581.00  0.69858E+11  91.2   2.3   1.1   0.0   0.0   5.3
  582.00  0.69478E+11  91.2   2.4   1.1   0.0   0.0   5.3
  583.00  0.69101E+11  91.1   2.4   1.1   0.0   0.0   5.4
  584.00  0.68727E+11  91.1   2.4   1.1   0.0   0.0   5.4
  585.00  0.68356E+11  91.0   2.5   1.1   0.0   0.0   5.4
  586.00  0.67987E+11  91.0   2.5   1.1   0.0   0.0   5.4
  587.00  0.67621E+11  90.9   2.5   1.1   0.0   0.0   5.4
  588.00  0.67258E+11  90.8   2.5   1.2   0.0   0.0   5.5
  589.00  0.66897E+11  90.8   2.6   1.2   0.0   0.0   5.5
  590.00  0.66540E+11  90.7   2.6   1.2   0.0   0.0   5.5
  591.00  0.66184E+11  90.7   2.6   1.2   0.0   0.0   5.5
  592.00  0.65832E+11  90.6   2.7   1.2   0.0   0.0   5.5
  593.00  0.65482E+11  90.6   2.7   1.2   0.0   0.0   5.6
  594.00  0.65134E+11  90.5   2.7   1.2   0.0   0.0   5.6
  595.00  0.64789E+11  90.4   2.7   1.2   0.0   0.0   5.6
  596.00  0.64447E+11  90.4   2.8   1.2   0.0   0.0   5.6
  597.00  0.64107E+11  90.3   2.8   1.2   0.0   0.0   5.6
  598.00  0.63769E+11  90.3   2.8   1.2   0.0   0.0   5.7
  599.00  0.63434E+11  90.2   2.9   1.3   0.0   0.0   5.7
  600.00  0.63102E+11  90.1   2.9   1.3   0.0   0.0   5.7
  601.00  0.62772E+11  90.1   2.9   1.3   0.0   0.0   5.7
  602.00  0.62444E+11  90.0   3.0   1.3   0.0   0.0   5.7
  603.00  0.62119E+11  90.0   3.0   1.3   0.0   0.0   5.8
  604.00  0.61795E+11  89.9   3.0   1.3   0.0   0.0   5.8
  605.00  0.61475E+11  89.8   3.1   1.3   0.0   0.0   5.8
  606.00  0.61156E+11  89.8   3.1   1.3   0.0   0.0   5.8
  607.00  0.60840E+11  89.7   3.1   1.3   0.0   0.0   5.8
  608.00  0.60526E+11  89.6   3.2   1.3   0.0   0.0   5.9
  609.00  0.60215E+11  89.6   3.2   1.3   0.0   0.0   5.9
  610.00  0.59905E+11  89.5   3.2   1.4   0.0   0.0   5.9
  611.00  0.59598E+11  89.5   3.3   1.4   0.0   0.0   5.9
  612.00  0.59293E+11  89.4   3.3   1.4   0.0   0.0   5.9
  613.00  0.58990E+11  89.3   3.3   1.4   0.0   0.0   6.0
  614.00  0.58690E+11  89.3   3.4   1.4   0.0   0.0   6.0
  615.00  0.58391E+11  89.2   3.4   1.4   0.0   0.0   6.0
  616.00  0.58095E+11  89.1   3.4   1.4   0.0   0.0   6.0
  617.00  0.57800E+11  89.1   3.5   1.4   0.0   0.0   6.0
  618.00  0.57508E+11  89.0   3.5   1.4   0.0   0.0   6.0
  619.00  0.57218E+11  89.0   3.5   1.4   0.0   0.0   6.1
  620.00  0.56930E+11  88.9   3.6   1.4   0.0   0.0   6.1
  621.00  0.56644E+11  88.8   3.6   1.5   0.0   0.0   6.1
  622.00  0.56360E+11  88.8   3.6   1.5   0.0   0.0   6.1
  623.00  0.56077E+11  88.7   3.7   1.5   0.0   0.0   6.1
  624.00  0.55797E+11  88.6   3.7   1.5   0.0   0.0   6.2
  625.00  0.55519E+11  88.6   3.8   1.5   0.0   0.0   6.2
  626.00  0.55243E+11  88.5   3.8   1.5   0.0   0.0   6.2
  627.00  0.54969E+11  88.5   3.8   1.5   0.0   0.0   6.2
  628.00  0.54696E+11  88.4   3.9   1.5   0.0   0.0   6.2
  629.00  0.54426E+11  88.3   3.9   1.5   0.0   0.0   6.2
  630.00  0.54157E+11  88.3   3.9   1.5   0.0   0.0   6.3
  631.00  0.53890E+11  88.2   4.0   1.5   0.0   0.0   6.3
  632.00  0.53625E+11  88.2   4.0   1.6   0.0   0.0   6.3
  633.00  0.53362E+11  88.1   4.0   1.6   0.0   0.0   6.3
  634.00  0.53101E+11  88.0   4.1   1.6   0.0   0.0   6.3
  635.00  0.52841E+11  88.0   4.1   1.6   0.0   0.0   6.3
  636.00  0.52584E+11  87.9   4.1   1.6   0.0   0.0   6.3
  637.00  0.52328E+11  87.9   4.2   1.6   0.0   0.0   6.4
  638.00  0.52074E+11  87.8   4.2   1.6   0.0   0.0   6.4
  639.00  0.51821E+11  87.7   4.2   1.6   0.0   0.0   6.4
  640.00  0.51570E+11  87.7   4.3   1.6   0.0   0.0   6.4
  641.00  0.51321E+11  87.6   4.3   1.6   0.0   0.0   6.4
  642.00  0.51074E+11  87.6   4.3   1.7   0.0   0.0   6.4
  643.00  0.50828E+11  87.5   4.4   1.7   0.0   0.0   6.5
  644.00  0.50584E+11  87.5   4.4   1.7   0.0   0.0   6.5
  645.00  0.50342E+11  87.4   4.4   1.7   0.0   0.0   6.5
  646.00  0.50101E+11  87.3   4.5   1.7   0.0   0.0   6.5
  647.00  0.49862E+11  87.3   4.5   1.7   0.0   0.0   6.5
  648.00  0.49625E+11  87.2   4.5   1.7   0.0   0.0   6.5
  649.00  0.49389E+11  87.2   4.6   1.7   0.0   0.0   6.5
  650.00  0.49155E+11  87.1   4.6   1.7   0.0   0.0   6.5
  651.00  0.48922E+11  87.1   4.6   1.7   0.0   0.0   6.6
  652.00  0.48691E+11  87.0   4.7   1.8   0.0   0.0   6.6
  653.00  0.48461E+11  87.0   4.7   1.8   0.0   0.0   6.6
  654.00  0.48233E+11  86.9   4.7   1.8   0.0   0.0   6.6
  655.00  0.48007E+11  86.9   4.7   1.8   0.0   0.0   6.6
  656.00  0.47782E+11  86.8   4.8   1.8   0.0   0.0   6.6
  657.00  0.47558E+11  86.8   4.8   1.8   0.0   0.0   6.6
  658.00  0.47336E+11  86.7   4.8   1.8   0.0   0.0   6.6
  659.00  0.47116E+11  86.7   4.9   1.8   0.0   0.0   6.6
  660.00  0.46897E+11  86.6   4.9   1.8   0.0   0.0   6.6
  661.00  0.46679E+11  86.6   4.9   1.8   0.0   0.0   6.7
  662.00  0.46463E+11  86.6   4.9   1.8   0.0   0.0   6.7
  663.00  0.46248E+11  86.5   5.0   1.9   0.0   0.0   6.7
  664.00  0.46035E+11  86.5   5.0   1.9   0.0   0.0   6.7
  665.00  0.45823E+11  86.4   5.0   1.9   0.0   0.0   6.7
  666.00  0.45612E+11  86.4   5.0   1.9   0.0   0.0   6.7
  667.00  0.45403E+11  86.3   5.1   1.9   0.0   0.0   6.7
  668.00  0.45195E+11  86.3   5.1   1.9   0.0   0.0   6.7
  669.00  0.44989E+11  86.3   5.1   1.9   0.0   0.0   6.7
  670.00  0.44783E+11  86.2   5.1   1.9   0.0   0.0   6.7
  671.00  0.44580E+11  86.2   5.1   1.9   0.0   0.0   6.7
  672.00  0.44377E+11  86.2   5.2   1.9   0.0   0.0   6.7
  673.00  0.44176E+11  86.1   5.2   1.9   0.0   0.0   6.7
  674.00  0.43976E+11  86.1   5.2   1.9   0.0   0.0   6.8
  675.00  0.43778E+11  86.0   5.2   2.0   0.0   0.0   6.8
  676.00  0.43580E+11  86.0   5.3   2.0   0.0   0.0   6.8
  677.00  0.43384E+11  86.0   5.3   2.0   0.0   0.0   6.8
  678.00  0.43189E+11  85.9   5.3   2.0   0.0   0.0   6.8
  679.00  0.42996E+11  85.9   5.3   2.0   0.0   0.0   6.8
  680.00  0.42804E+11  85.9   5.3   2.0   0.0   0.0   6.8
  681.00  0.42613E+11  85.8   5.4   2.0   0.0   0.0   6.8
  682.00  0.42423E+11  85.8   5.4   2.0   0.0   0.0   6.8
  683.00  0.42234E+11  85.8   5.4   2.0   0.0   0.0   6.8
  684.00  0.42047E+11  85.7   5.4   2.0   0.0   0.0   6.8
  685.00  0.41861E+11  85.7   5.4   2.0   0.0   0.0   6.8
  686.00  0.41676E+11  85.7   5.4   2.1   0.0   0.0   6.8
  687.00  0.41492E+11  85.7   5.5   2.1   0.0   0.0   6.8
  688.00  0.41309E+11  85.6   5.5   2.1   0.0   0.0   6.8
  689.00  0.41128E+11  85.6   5.5   2.1   0.0   0.0   6.8
  690.00  0.40947E+11  85.6   5.5   2.1   0.0   0.0   6.8
  691.00  0.40768E+11  85.5   5.5   2.1   0.0   0.0   6.8
  692.00  0.40590E+11  85.5   5.5   2.1   0.0   0.0   6.8
  693.00  0.40413E+11  85.5   5.6   2.1   0.0   0.0   6.8
  694.00  0.40237E+11  85.5   5.6   2.1   0.0   0.0   6.8
  695.00  0.40062E+11  85.4   5.6   2.1   0.0   0.0   6.9
  696.00  0.39889E+11  85.4   5.6   2.1   0.0   0.0   6.9
  697.00  0.39716E+11  85.4   5.6   2.1   0.0   0.0   6.9
  698.00  0.39545E+11  85.4   5.6   2.2   0.0   0.0   6.9
  699.00  0.39374E+11  85.3   5.6   2.2   0.0   0.0   6.9
  700.00  0.39205E+11  85.3   5.7   2.2   0.0   0.0   6.9
  701.00  0.39037E+11  85.3   5.7   2.2   0.0   0.0   6.9
  702.00  0.38869E+11  85.2   5.7   2.2   0.0   0.0   6.9
  703.00  0.38703E+11  85.2   5.7   2.2   0.0   0.0   6.9
  704.00  0.38538E+11  85.2   5.7   2.2   0.0   0.0   6.9
  705.00  0.38374E+11  85.2   5.7   2.2   0.0   0.0   6.9
  706.00  0.38211E+11  85.1   5.7   2.2   0.0   0.0   6.9
  707.00  0.38048E+11  85.1   5.8   2.2   0.0   0.0   6.9
  708.00  0.37887E+11  85.1   5.8   2.2   0.0   0.0   6.9
  709.00  0.37727E+11  85.1   5.8   2.3   0.0   0.0   6.9
  710.00  0.37568E+11  85.1   5.8   2.3   0.0   0.0   6.9
  711.00  0.37410E+11  85.0   5.8   2.3   0.0   0.0   6.9
  712.00  0.37252E+11  85.0   5.8   2.3   0.0   0.0   6.9
  713.00  0.37096E+11  85.0   5.8   2.3   0.0   0.0   6.9
  714.00  0.36941E+11  85.0   5.8   2.3   0.0   0.0   6.9
  715.00  0.36786E+11  84.9   5.9   2.3   0.0   0.0   6.9
  716.00  0.36633E+11  84.9   5.9   2.3   0.0   0.0   6.9
  717.00  0.36480E+11  84.9   5.9   2.3   0.0   0.0   6.9
  718.00  0.36329E+11  84.9   5.9   2.3   0.0   0.0   6.9
  719.00  0.36178E+11  84.8   5.9   2.3   0.0   0.0   6.9
  720.00  0.36028E+11  84.8   5.9   2.4   0.0   0.0   6.9
  721.00  0.35879E+11  84.8   5.9   2.4   0.0   0.0   6.9
  722.00  0.35731E+11  84.8   5.9   2.4   0.0   0.0   6.9
  723.00  0.35584E+11  84.7   6.0   2.4   0.0   0.0   6.9
  724.00  0.35438E+11  84.7   6.0   2.4   0.0   0.0   6.9
  725.00  0.35293E+11  84.7   6.0   2.4   0.0   0.0   6.9
  726.00  0.35148E+11  84.7   6.0   2.4   0.0   0.0   6.9
  727.00  0.35004E+11  84.7   6.0   2.4   0.0   0.0   6.9
  728.00  0.34862E+11  84.6   6.0   2.4   0.0   0.0   6.9
  729.00  0.34720E+11  84.6   6.0   2.4   0.0   0.0   6.9
  730.00  0.34579E+11  84.6   6.0   2.4   0.0   0.0   6.9
  731.00  0.34439E+11  84.6   6.1   2.5   0.0   0.0   6.9
  732.00  0.34299E+11  84.5   6.1   2.5   0.0   0.0   6.9
  733.00  0.34161E+11  84.5   6.1   2.5   0.0   0.0   6.9
  734.00  0.34023E+11  84.5   6.1   2.5   0.0   0.0   6.9
  735.00  0.33886E+11  84.5   6.1   2.5   0.0   0.0   6.9
  736.00  0.33750E+11  84.5   6.1   2.5   0.0   0.0   6.9
  737.00  0.33614E+11  84.4   6.1   2.5   0.0   0.0   6.9
  738.00  0.33480E+11  84.4   6.1   2.5   0.0   0.0   6.9
  739.00  0.33346E+11  84.4   6.1   2.5   0.0   0.0   6.9
  740.00  0.33213E+11  84.4   6.2   2.5   0.0   0.0   6.9
  741.00  0.33081E+11  84.3   6.2   2.5   0.0   0.0   6.9
  742.00  0.32950E+11  84.3   6.2   2.6   0.0   0.0   6.9
  743.00  0.32819E+11  84.3   6.2   2.6   0.0   0.0   6.9
  744.00  0.32689E+11  84.3   6.2   2.6   0.0   0.0   6.9
  745.00  0.32560E+11  84.3   6.2   2.6   0.0   0.0   7.0
  746.00  0.32431E+11  84.2   6.2   2.6   0.0   0.0   7.0
  747.00  0.32304E+11  84.2   6.2   2.6   0.0   0.0   7.0
  748.00  0.32177E+11  84.2   6.2   2.6   0.0   0.0   7.0
  749.00  0.32051E+11  84.2   6.3   2.6   0.0   0.0   7.0
  750.00  0.31925E+11  84.1   6.3   2.6   0.0   0.0   7.0
  751.00  0.31801E+11  84.1   6.3   2.6   0.0   0.0   7.0
  752.00  0.31677E+11  84.1   6.3   2.7   0.0   0.0   7.0
  753.00  0.31553E+11  84.1   6.3   2.7   0.0   0.0   7.0
  754.00  0.31431E+11  84.0   6.3   2.7   0.0   0.0   7.0
  755.00  0.31309E+11  84.0   6.3   2.7   0.0   0.0   7.0
  756.00  0.31188E+11  84.0   6.3   2.7   0.0   0.0   7.0
  757.00  0.31067E+11  84.0   6.4   2.7   0.0   0.0   7.0
  758.00  0.30947E+11  84.0   6.4   2.7   0.0   0.0   7.0
  759.00  0.30828E+11  83.9   6.4   2.7   0.0   0.0   7.0
  760.00  0.30710E+11  83.9   6.4   2.7   0.0   0.0   7.0
  761.00  0.30592E+11  83.9   6.4   2.7   0.0   0.0   7.0
  762.00  0.30475E+11  83.9   6.4   2.8   0.0   0.0   7.0
  763.00  0.30358E+11  83.8   6.4   2.8   0.0   0.0   7.0
  764.00  0.30243E+11  83.8   6.4   2.8   0.0   0.0   7.0
  765.00  0.30127E+11  83.8   6.4   2.8   0.0   0.0   7.0
  766.00  0.30013E+11  83.8   6.5   2.8   0.0   0.0   7.0
  767.00  0.29899E+11  83.7   6.5   2.8   0.0   0.0   7.0
  768.00  0.29786E+11  83.7   6.5   2.8   0.0   0.0   7.0
  769.00  0.29673E+11  83.7   6.5   2.8   0.0   0.0   7.0
  770.00  0.29561E+11  83.7   6.5   2.8   0.0   0.0   7.0
  771.00  0.29450E+11  83.7   6.5   2.8   0.0   0.0   7.0
  772.00  0.29339E+11  83.6   6.5   2.9   0.0   0.0   7.0
  773.00  0.29229E+11  83.6   6.5   2.9   0.0   0.0   7.0
  774.00  0.29120E+11  83.6   6.5   2.9   0.0   0.0   7.0
  775.00  0.29011E+11  83.6   6.6   2.9   0.0   0.0   7.0
  776.00  0.28903E+11  83.5   6.6   2.9   0.0   0.0   7.0
  777.00  0.28795E+11  83.5   6.6   2.9   0.0   0.0   7.0
  778.00  0.28688E+11  83.5   6.6   2.9   0.0   0.0   7.0
  779.00  0.28581E+11  83.5   6.6   2.9   0.0   0.0   7.0
  780.00  0.28475E+11  83.4   6.6   2.9   0.0   0.0   7.0
  781.00  0.28370E+11  83.4   6.6   3.0   0.0   0.0   7.0
  782.00  0.28265E+11  83.4   6.6   3.0   0.0   0.0   7.0
  783.00  0.28161E+11  83.4   6.7   3.0   0.0   0.0   7.0
  784.00  0.28058E+11  83.3   6.7   3.0   0.0   0.0   7.0
  785.00  0.27955E+11  83.3   6.7   3.0   0.0   0.0   7.0
  786.00  0.27852E+11  83.3   6.7   3.0   0.0   0.0   7.0
  787.00  0.27750E+11  83.3   6.7   3.0   0.0   0.0   7.0
  788.00  0.27649E+11  83.3   6.7   3.0   0.0   0.0   7.0
  789.00  0.27548E+11  83.2   6.7   3.0   0.0   0.0   7.0
  790.00  0.27448E+11  83.2   6.7   3.1   0.0   0.0   7.0
  791.00  0.27348E+11  83.2   6.7   3.1   0.0   0.0   7.0
  792.00  0.27249E+11  83.2   6.8   3.1   0.0   0.0   7.0
  793.00  0.27151E+11  83.1   6.8   3.1   0.0   0.0   7.0
  794.00  0.27052E+11  83.1   6.8   3.1   0.0   0.0   7.0
  795.00  0.26955E+11  83.1   6.8   3.1   0.0   0.0   7.0
  796.00  0.26858E+11  83.1   6.8   3.1   0.0   0.0   7.0
  797.00  0.26761E+11  83.0   6.8   3.1   0.0   0.0   7.0
  798.00  0.26665E+11  83.0   6.8   3.1   0.0   0.0   7.0
  799.00  0.26570E+11  83.0   6.8   3.2   0.0   0.0   7.0
  800.00  0.26475E+11  83.0   6.9   3.2   0.0   0.0   7.0
  801.00  0.26380E+11  82.9   6.9   3.2   0.0   0.0   7.0
  802.00  0.26286E+11  82.9   6.9   3.2   0.0   0.0   7.0
  803.00  0.26193E+11  82.9   6.9   3.2   0.0   0.0   7.0
  804.00  0.26100E+11  82.9   6.9   3.2   0.0   0.0   7.0
  805.00  0.26008E+11  82.8   6.9   3.2   0.0   0.0   7.0
  806.00  0.25916E+11  82.8   6.9   3.2   0.0   0.0   7.0
  807.00  0.25824E+11  82.8   6.9   3.3   0.0   0.0   7.0
  808.00  0.25733E+11  82.8   7.0   3.3   0.0   0.0   7.0
  809.00  0.25643E+11  82.7   7.0   3.3   0.0   0.0   7.0
  810.00  0.25553E+11  82.7   7.0   3.3   0.0   0.0   7.0
  811.00  0.25463E+11  82.7   7.0   3.3   0.0   0.0   7.0
  812.00  0.25374E+11  82.7   7.0   3.3   0.0   0.0   7.0
  813.00  0.25285E+11  82.6   7.0   3.3   0.0   0.0   7.0
  814.00  0.25197E+11  82.6   7.0   3.3   0.0   0.0   7.0
  815.00  0.25109E+11  82.6   7.0   3.4   0.0   0.0   7.0
  816.00  0.25022E+11  82.6   7.0   3.4   0.0   0.0   7.0
  817.00  0.24935E+11  82.5   7.1   3.4   0.0   0.0   7.0
  818.00  0.24849E+11  82.5   7.1   3.4   0.0   0.0   7.0
  819.00  0.24763E+11  82.5   7.1   3.4   0.0   0.0   7.0
  820.00  0.24678E+11  82.5   7.1   3.4   0.0   0.0   7.0
  821.00  0.24593E+11  82.4   7.1   3.4   0.0   0.0   7.0
  822.00  0.24508E+11  82.4   7.1   3.4   0.0   0.0   7.0
  823.00  0.24424E+11  82.4   7.1   3.5   0.0   0.0   7.0
  824.00  0.24340E+11  82.4   7.1   3.5   0.0   0.0   7.0
  825.00  0.24257E+11  82.3   7.2   3.5   0.0   0.0   7.0
  826.00  0.24174E+11  82.3   7.2   3.5   0.0   0.0   7.0
  827.00  0.24092E+11  82.3   7.2   3.5   0.0   0.0   7.0
  828.00  0.24010E+11  82.2   7.2   3.5   0.0   0.0   7.0
  829.00  0.23928E+11  82.2   7.2   3.5   0.0   0.0   7.0
  830.00  0.23847E+11  82.2   7.2   3.5   0.0   0.0   7.0
  831.00  0.23766E+11  82.2   7.2   3.6   0.0   0.0   7.0
  832.00  0.23686E+11  82.1   7.2   3.6   0.0   0.0   7.0
  833.00  0.23606E+11  82.1   7.3   3.6   0.0   0.0   7.0
  834.00  0.23527E+11  82.1   7.3   3.6   0.0   0.0   7.0
  835.00  0.23448E+11  82.1   7.3   3.6   0.0   0.0   7.0
  836.00  0.23369E+11  82.0   7.3   3.6   0.0   0.0   7.0
  837.00  0.23291E+11  82.0   7.3   3.6   0.0   0.0   7.0
  838.00  0.23213E+11  82.0   7.3   3.6   0.0   0.0   7.0
  839.00  0.23135E+11  82.0   7.3   3.7   0.0   0.0   7.0
  840.00  0.23058E+11  81.9   7.3   3.7   0.0   0.0   7.0
  841.00  0.22982E+11  81.9   7.4   3.7   0.0   0.0   7.0
  842.00  0.22905E+11  81.9   7.4   3.7   0.0   0.0   7.0
  843.00  0.22829E+11  81.9   7.4   3.7   0.0   0.0   7.0
  844.00  0.22754E+11  81.8   7.4   3.7   0.0   0.0   7.1
  845.00  0.22678E+11  81.8   7.4   3.7   0.0   0.0   7.1
  846.00  0.22604E+11  81.8   7.4   3.8   0.0   0.0   7.1
  847.00  0.22529E+11  81.7   7.4   3.8   0.0   0.0   7.1
  848.00  0.22455E+11  81.7   7.4   3.8   0.0   0.0   7.1
  849.00  0.22381E+11  81.7   7.5   3.8   0.0   0.0   7.1
  850.00  0.22308E+11  81.7   7.5   3.8   0.0   0.0   7.1
  851.00  0.22235E+11  81.6   7.5   3.8   0.0   0.0   7.1
  852.00  0.22163E+11  81.6   7.5   3.8   0.0   0.0   7.1
  853.00  0.22090E+11  81.6   7.5   3.9   0.0   0.0   7.1
  854.00  0.22018E+11  81.6   7.5   3.9   0.0   0.0   7.1
  855.00  0.21947E+11  81.5   7.5   3.9   0.0   0.0   7.1
  856.00  0.21876E+11  81.5   7.5   3.9   0.0   0.0   7.1
  857.00  0.21805E+11  81.5   7.6   3.9   0.0   0.0   7.1
  858.00  0.21734E+11  81.4   7.6   3.9   0.0   0.0   7.1
  859.00  0.21664E+11  81.4   7.6   3.9   0.0   0.0   7.1
  860.00  0.21595E+11  81.4   7.6   4.0   0.0   0.0   7.1
  861.00  0.21525E+11  81.4   7.6   4.0   0.0   0.0   7.1
  862.00  0.21456E+11  81.3   7.6   4.0   0.0   0.0   7.1
  863.00  0.21387E+11  81.3   7.6   4.0   0.0   0.0   7.1
  864.00  0.21319E+11  81.3   7.6   4.0   0.0   0.0   7.1
  865.00  0.21251E+11  81.2   7.7   4.0   0.0   0.0   7.1
  866.00  0.21183E+11  81.2   7.7   4.0   0.0   0.0   7.1
  867.00  0.21116E+11  81.2   7.7   4.1   0.0   0.0   7.1
  868.00  0.21048E+11  81.2   7.7   4.1   0.0   0.0   7.1
  869.00  0.20982E+11  81.1   7.7   4.1   0.0   0.0   7.1
  870.00  0.20915E+11  81.1   7.7   4.1   0.0   0.0   7.1
  871.00  0.20849E+11  81.1   7.7   4.1   0.0   0.0   7.1
  872.00  0.20783E+11  81.1   7.7   4.1   0.0   0.0   7.1
  873.00  0.20718E+11  81.0   7.8   4.1   0.0   0.0   7.1
  874.00  0.20653E+11  81.0   7.8   4.2   0.0   0.0   7.1
  875.00  0.20588E+11  81.0   7.8   4.2   0.0   0.0   7.1
  876.00  0.20523E+11  80.9   7.8   4.2   0.0   0.0   7.1
  877.00  0.20459E+11  80.9   7.8   4.2   0.0   0.0   7.1
  878.00  0.20395E+11  80.9   7.8   4.2   0.0   0.0   7.1
  879.00  0.20331E+11  80.9   7.8   4.2   0.0   0.0   7.1
  880.00  0.20268E+11  80.8   7.8   4.2   0.0   0.0   7.1
  881.00  0.20205E+11  80.8   7.9   4.3   0.0   0.0   7.1
  882.00  0.20142E+11  80.8   7.9   4.3   0.0   0.0   7.1
  883.00  0.20080E+11  80.7   7.9   4.3   0.0   0.0   7.1
  884.00  0.20018E+11  80.7   7.9   4.3   0.0   0.0   7.1
  885.00  0.19956E+11  80.7   7.9   4.3   0.0   0.0   7.1
  886.00  0.19894E+11  80.7   7.9   4.3   0.0   0.0   7.1
  887.00  0.19833E+11  80.6   7.9   4.4   0.0   0.0   7.1
  888.00  0.19772E+11  80.6   7.9   4.4   0.0   0.0   7.1
  889.00  0.19711E+11  80.6   8.0   4.4   0.0   0.0   7.1
  890.00  0.19651E+11  80.5   8.0   4.4   0.0   0.0   7.1
  891.00  0.19591E+11  80.5   8.0   4.4   0.0   0.0   7.1
  892.00  0.19531E+11  80.5   8.0   4.4   0.0   0.0   7.1
  893.00  0.19472E+11  80.5   8.0   4.4   0.0   0.0   7.1
  894.00  0.19412E+11  80.4   8.0   4.5   0.0   0.0   7.1
  895.00  0.19353E+11  80.4   8.0   4.5   0.0   0.0   7.1
  896.00  0.19295E+11  80.4   8.0   4.5   0.0   0.0   7.1
  897.00  0.19236E+11  80.3   8.1   4.5   0.0   0.0   7.1
  898.00  0.19178E+11  80.3   8.1   4.5   0.0   0.0   7.1
  899.00  0.19120E+11  80.3   8.1   4.5   0.0   0.0   7.1
  900.00  0.19062E+11  80.3   8.1   4.6   0.0   0.0   7.1
  901.00  0.19005E+11  80.2   8.1   4.6   0.0   0.0   7.1
  902.00  0.18948E+11  80.2   8.1   4.6   0.0   0.0   7.1
  903.00  0.18891E+11  80.2   8.1   4.6   0.0   0.0   7.1
  904.00  0.18835E+11  80.2   8.1   4.6   0.0   0.0   7.1
  905.00  0.18778E+11  80.1   8.1   4.6   0.0   0.0   7.1
  906.00  0.18722E+11  80.1   8.2   4.7   0.0   0.0   7.1
  907.00  0.18666E+11  80.1   8.2   4.7   0.0   0.0   7.1
  908.00  0.18611E+11  80.0   8.2   4.7   0.0   0.0   7.1
  909.00  0.18556E+11  80.0   8.2   4.7   0.0   0.0   7.1
  910.00  0.18501E+11  80.0   8.2   4.7   0.0   0.0   7.1
  911.00  0.18446E+11  80.0   8.2   4.7   0.0   0.0   7.1
  912.00  0.18391E+11  79.9   8.2   4.8   0.0   0.0   7.1
  913.00  0.18337E+11  79.9   8.2   4.8   0.0   0.0   7.1
  914.00  0.18283E+11  79.9   8.3   4.8   0.0   0.0   7.1
  915.00  0.18229E+11  79.8   8.3   4.8   0.0   0.0   7.1
  916.00  0.18176E+11  79.8   8.3   4.8   0.0   0.0   7.1
  917.00  0.18122E+11  79.8   8.3   4.8   0.0   0.0   7.1
  918.00  0.18069E+11  79.8   8.3   4.9   0.0   0.0   7.1
  919.00  0.18017E+11  79.7   8.3   4.9   0.0   0.0   7.1
  920.00  0.17964E+11  79.7   8.3   4.9   0.0   0.0   7.1
  921.00  0.17912E+11  79.7   8.3   4.9   0.0   0.0   7.1
  922.00  0.17860E+11  79.6   8.3   4.9   0.0   0.0   7.1
  923.00  0.17808E+11  79.6   8.4   4.9   0.0   0.0   7.1
  924.00  0.17756E+11  79.6   8.4   5.0   0.0   0.0   7.1
  925.00  0.17705E+11  79.6   8.4   5.0   0.0   0.0   7.1
  926.00  0.17654E+11  79.5   8.4   5.0   0.0   0.0   7.1
  927.00  0.17603E+11  79.5   8.4   5.0   0.0   0.0   7.1
  928.00  0.17552E+11  79.5   8.4   5.0   0.0   0.0   7.1
  929.00  0.17501E+11  79.4   8.4   5.0   0.0   0.0   7.1
  930.00  0.17451E+11  79.4   8.4   5.1   0.0   0.0   7.1
  931.00  0.17401E+11  79.4   8.4   5.1   0.0   0.0   7.1
  932.00  0.17351E+11  79.4   8.5   5.1   0.0   0.0   7.1
  933.00  0.17302E+11  79.3   8.5   5.1   0.0   0.0   7.1
  934.00  0.17252E+11  79.3   8.5   5.1   0.0   0.0   7.1
  935.00  0.17203E+11  79.3   8.5   5.1   0.0   0.0   7.1
  936.00  0.17154E+11  79.2   8.5   5.2   0.0   0.0   7.1
  937.00  0.17106E+11  79.2   8.5   5.2   0.0   0.0   7.1
  938.00  0.17057E+11  79.2   8.5   5.2   0.0   0.0   7.1
  939.00  0.17009E+11  79.2   8.5   5.2   0.0   0.0   7.1
  940.00  0.16961E+11  79.1   8.5   5.2   0.0   0.0   7.1
  941.00  0.16913E+11  79.1   8.6   5.2   0.0   0.0   7.1
  942.00  0.16865E+11  79.1   8.6   5.3   0.0   0.0   7.1
  943.00  0.16818E+11  79.0   8.6   5.3   0.0   0.0   7.1
  944.00  0.16770E+11  79.0   8.6   5.3   0.0   0.0   7.1
  945.00  0.16723E+11  79.0   8.6   5.3   0.0   0.0   7.1
  946.00  0.16677E+11  79.0   8.6   5.3   0.0   0.0   7.1
  947.00  0.16630E+11  78.9   8.6   5.4   0.0   0.0   7.1
  948.00  0.16584E+11  78.9   8.6   5.4   0.0   0.0   7.1
  949.00  0.16537E+11  78.9   8.6   5.4   0.0   0.0   7.1
  950.00  0.16491E+11  78.8   8.7   5.4   0.0   0.0   7.1
  951.00  0.16446E+11  78.8   8.7   5.4   0.0   0.0   7.1
  952.00  0.16400E+11  78.8   8.7   5.4   0.0   0.0   7.1
  953.00  0.16354E+11  78.7   8.7   5.5   0.0   0.0   7.1
  954.00  0.16309E+11  78.7   8.7   5.5   0.0   0.0   7.1
  955.00  0.16264E+11  78.7   8.7   5.5   0.0   0.0   7.1
  956.00  0.16219E+11  78.7   8.7   5.5   0.0   0.0   7.1
  957.00  0.16175E+11  78.6   8.7   5.5   0.0   0.0   7.1
  958.00  0.16130E+11  78.6   8.7   5.6   0.0   0.0   7.1
  959.00  0.16086E+11  78.6   8.7   5.6   0.0   0.0   7.1
  960.00  0.16042E+11  78.5   8.8   5.6   0.0   0.0   7.1
  961.00  0.15998E+11  78.5   8.8   5.6   0.0   0.0   7.1
  962.00  0.15954E+11  78.5   8.8   5.6   0.0   0.0   7.1
  963.00  0.15911E+11  78.5   8.8   5.6   0.0   0.0   7.1
  964.00  0.15868E+11  78.4   8.8   5.7   0.0   0.0   7.1
  965.00  0.15824E+11  78.4   8.8   5.7   0.0   0.0   7.1
  966.00  0.15781E+11  78.4   8.8   5.7   0.0   0.0   7.1
  967.00  0.15739E+11  78.3   8.8   5.7   0.0   0.0   7.1
  968.00  0.15696E+11  78.3   8.8   5.7   0.0   0.0   7.1
  969.00  0.15654E+11  78.3   8.9   5.8   0.0   0.0   7.1
  970.00  0.15612E+11  78.2   8.9   5.8   0.0   0.0   7.1
  971.00  0.15569E+11  78.2   8.9   5.8   0.0   0.0   7.1
  972.00  0.15528E+11  78.2   8.9   5.8   0.0   0.0   7.1
  973.00  0.15486E+11  78.2   8.9   5.8   0.0   0.0   7.1
  974.00  0.15444E+11  78.1   8.9   5.9   0.0   0.0   7.1
  975.00  0.15403E+11  78.1   8.9   5.9   0.0   0.0   7.1
  976.00  0.15362E+11  78.1   8.9   5.9   0.0   0.0   7.1
  977.00  0.15321E+11  78.0   8.9   5.9   0.0   0.0   7.1
  978.00  0.15280E+11  78.0   9.0   5.9   0.0   0.0   7.1
  979.00  0.15239E+11  78.0   9.0   6.0   0.0   0.0   7.1
  980.00  0.15199E+11  77.9   9.0   6.0   0.0   0.0   7.1
  981.00  0.15159E+11  77.9   9.0   6.0   0.0   0.0   7.1
  982.00  0.15118E+11  77.9   9.0   6.0   0.0   0.0   7.1
  983.00  0.15078E+11  77.8   9.0   6.0   0.0   0.0   7.1
  984.00  0.15039E+11  77.8   9.0   6.1   0.0   0.0   7.1
  985.00  0.14999E+11  77.8   9.0   6.1   0.0   0.0   7.1
  986.00  0.14960E+11  77.8   9.0   6.1   0.0   0.0   7.1
  987.00  0.14920E+11  77.7   9.1   6.1   0.0   0.0   7.1
  988.00  0.14881E+11  77.7   9.1   6.1   0.0   0.0   7.1
  989.00  0.14842E+11  77.7   9.1   6.2   0.0   0.0   7.1
  990.00  0.14803E+11  77.6   9.1   6.2   0.0   0.0   7.1
  991.00  0.14765E+11  77.6   9.1   6.2   0.0   0.0   7.1
  992.00  0.14726E+11  77.6   9.1   6.2   0.0   0.0   7.1
  993.00  0.14688E+11  77.5   9.1   6.2   0.0   0.0   7.1
  994.00  0.14649E+11  77.5   9.1   6.3   0.0   0.0   7.1
  995.00  0.14611E+11  77.5   9.1   6.3   0.0   0.0   7.1
  996.00  0.14574E+11  77.4   9.1   6.3   0.0   0.0   7.1
  997.00  0.14536E+11  77.4   9.2   6.3   0.0   0.0   7.1
  998.00  0.14498E+11  77.4   9.2   6.3   0.0   0.0   7.1
  999.00  0.14461E+11  77.3   9.2   6.4   0.0   0.0   7.1
 1000.00  0.14424E+11  77.3   9.2   6.4   0.0   0.0   7.1
 1001.00  0.14386E+11  77.3   9.2   6.4   0.0   0.0   7.1
 1002.00  0.14349E+11  77.2   9.2   6.4   0.0   0.0   7.1
 1003.00  0.14313E+11  77.2   9.2   6.4   0.0   0.0   7.1
 1004.00  0.14276E+11  77.2   9.2   6.5   0.0   0.0   7.1
 1005.00  0.14239E+11  77.2   9.2   6.5   0.0   0.0   7.1
 1006.00  0.14203E+11  77.1   9.3   6.5   0.0   0.0   7.1
 1007.00  0.14167E+11  77.1   9.3   6.5   0.0   0.0   7.1
 1008.00  0.14131E+11  77.1   9.3   6.6   0.0   0.0   7.1
 1009.00  0.14095E+11  77.0   9.3   6.6   0.0   0.0   7.1
 1010.00  0.14059E+11  77.0   9.3   6.6   0.0   0.0   7.1
 1011.00  0.14023E+11  77.0   9.3   6.6   0.0   0.0   7.1
 1012.00  0.13988E+11  76.9   9.3   6.6   0.0   0.0   7.1
 1013.00  0.13953E+11  76.9   9.3   6.7   0.0   0.0   7.1
 1014.00  0.13917E+11  76.9   9.3   6.7   0.0   0.0   7.1
 1015.00  0.13882E+11  76.8   9.4   6.7   0.0   0.0   7.1
 1016.00  0.13847E+11  76.8   9.4   6.7   0.0   0.0   7.1
 1017.00  0.13812E+11  76.8   9.4   6.7   0.0   0.0   7.1
 1018.00  0.13778E+11  76.7   9.4   6.8   0.0   0.0   7.1
 1019.00  0.13743E+11  76.7   9.4   6.8   0.0   0.0   7.1
 1020.00  0.13709E+11  76.7   9.4   6.8   0.0   0.0   7.1
 1021.00  0.13675E+11  76.6   9.4   6.8   0.0   0.0   7.1
 1022.00  0.13641E+11  76.6   9.4   6.9   0.0   0.0   7.1
 1023.00  0.13607E+11  76.6   9.4   6.9   0.0   0.0   7.1
 1024.00  0.13573E+11  76.5   9.5   6.9   0.0   0.0   7.1
 1025.00  0.13539E+11  76.5   9.5   6.9   0.0   0.0   7.1
 1026.00  0.13505E+11  76.5   9.5   6.9   0.0   0.0   7.1
 1027.00  0.13472E+11  76.4   9.5   7.0   0.0   0.0   7.1
 1028.00  0.13439E+11  76.4   9.5   7.0   0.0   0.0   7.1
 1029.00  0.13406E+11  76.4   9.5   7.0   0.0   0.0   7.1
 1030.00  0.13372E+11  76.3   9.5   7.0   0.0   0.0   7.1
 1031.00  0.13340E+11  76.3   9.5   7.1   0.0   0.0   7.1
 1032.00  0.13307E+11  76.3   9.5   7.1   0.0   0.0   7.1
 1033.00  0.13274E+11  76.2   9.6   7.1   0.0   0.0   7.1
 1034.00  0.13242E+11  76.2   9.6   7.1   0.0   0.0   7.1
 1035.00  0.13209E+11  76.2   9.6   7.2   0.0   0.0   7.1
 1036.00  0.13177E+11  76.1   9.6   7.2   0.0   0.0   7.1
 1037.00  0.13145E+11  76.1   9.6   7.2   0.0   0.0   7.1
 1038.00  0.13113E+11  76.1   9.6   7.2   0.0   0.0   7.1
 1039.00  0.13081E+11  76.0   9.6   7.2   0.0   0.0   7.1
 1040.00  0.13049E+11  76.0   9.6   7.3   0.0   0.0   7.1
 1041.00  0.13017E+11  76.0   9.6   7.3   0.0   0.0   7.1
 1042.00  0.12986E+11  75.9   9.7   7.3   0.0   0.0   7.1
 1043.00  0.12954E+11  75.9   9.7   7.3   0.0   0.0   7.1
 1044.00  0.12923E+11  75.9   9.7   7.4   0.0   0.0   7.1
 1045.00  0.12892E+11  75.8   9.7   7.4   0.0   0.0   7.1
 1046.00  0.12861E+11  75.8   9.7   7.4   0.0   0.0   7.1
 1047.00  0.12830E+11  75.7   9.7   7.4   0.0   0.0   7.1
 1048.00  0.12799E+11  75.7   9.7   7.5   0.0   0.0   7.1
 1049.00  0.12768E+11  75.7   9.7   7.5   0.0   0.0   7.1
 1050.00  0.12738E+11  75.6   9.7   7.5   0.0   0.0   7.1
 1051.00  0.12707E+11  75.6   9.8   7.5   0.0   0.0   7.1
 1052.00  0.12677E+11  75.6   9.8   7.6   0.0   0.0   7.1
 1053.00  0.12647E+11  75.5   9.8   7.6   0.0   0.0   7.1
 1054.00  0.12617E+11  75.5   9.8   7.6   0.0   0.0   7.1
 1055.00  0.12587E+11  75.5   9.8   7.6   0.0   0.0   7.1
 1056.00  0.12557E+11  75.4   9.8   7.7   0.0   0.0   7.1
 1057.00  0.12527E+11  75.4   9.8   7.7   0.0   0.0   7.1
 1058.00  0.12497E+11  75.4   9.8   7.7   0.0   0.0   7.1
 1059.00  0.12468E+11  75.3   9.8   7.7   0.0   0.0   7.1
