   60.00 -0.10000E+01  -1.0  -1.0  -1.0  -1.0  -1.0  -1.0
  110.00  0.60929E+11   0.0   0.0   0.0  41.1  58.9   0.0
  160.00  0.10614E+12   9.5   0.0   0.0  32.4  57.9   0.2
  210.00  0.42128E+12  88.8   0.0   0.0   4.5   6.1   0.3
  260.00  0.52964E+12  97.3   0.0   0.0   0.6   1.1   0.7
  310.00  0.42640E+12  98.1   0.1   0.1   0.0   0.0   1.7
  360.00  0.30351E+12  97.5   0.2   0.2   0.0   0.0   2.1
  410.00  0.21007E+12  96.8   0.3   0.3   0.0   0.0   2.7
  460.00  0.14721E+12  95.7   0.6   0.4   0.0   0.0   3.3
  510.00  0.10594E+12  94.3   1.0   0.6   0.0   0.0   4.0
  560.00  0.78534E+11  92.3   1.8   0.9   0.0   0.0   4.9
  610.00  0.59905E+11  89.5   3.2   1.4   0.0   0.0   5.9
  660.00  0.46897E+11  86.6   4.9   1.8   0.0   0.0   6.6
  710.00  0.37568E+11  85.1   5.8   2.3   0.0   0.0   6.9
  760.00  0.30710E+11  83.9   6.4   2.7   0.0   0.0   7.0
  810.00  0.25553E+11  82.7   7.0   3.3   0.0   0.0   7.0
  860.00  0.21595E+11  81.4   7.6   4.0   0.0   0.0   7.1
  910.00  0.18501E+11  80.0   8.2   4.7   0.0   0.0   7.1
  960.00  0.16042E+11  78.5   8.8   5.6   0.0   0.0   7.1
 1010.00  0.14059E+11  77.0   9.3   6.6   0.0   0.0   7.1
 1060.00  0.12438E+11  75.3   9.9   7.8   0.0   0.0   7.1
 1110.00  0.11098E+11  73.4  10.4   9.1   0.0   0.0   7.1
 1160.00  0.99764E+10  71.4  11.0  10.6   0.0   0.0   7.0
 1210.00  0.90294E+10  69.1  11.5  12.4   0.0   0.0   7.0
 1260.00  0.82223E+10  66.7  12.0  14.4   0.0   0.0   6.9
 1310.00  0.75288E+10  64.1  12.5  16.7   0.0   0.0   6.7
 1360.00  0.69283E+10  61.2  13.0  19.2   0.0   0.0   6.6
 1410.00  0.64047E+10  58.2  13.4  21.9   0.0   0.0   6.4
 1460.00  0.59454E+10  55.0  13.8  25.0   0.0   0.0   6.2
 1510.00  0.55399E+10  51.7  14.1  28.3   0.0   0.0   6.0
 1560.00  0.51800E+10  48.2  14.2  31.8   0.0   0.0   5.7
 1610.00  0.48590E+10  44.6  14.3  35.6   0.0   0.0   5.4
 1660.00  0.45714E+10  41.0  14.3  39.5   0.0   0.0   5.1
 1710.00  0.43124E+10  37.4  14.2  43.6   0.0   0.0   4.8
 1760.00  0.40783E+10  33.9  14.0  47.7   0.0   0.0   4.4
 1810.00  0.38659E+10  30.5  13.7  51.8   0.0   0.0   4.1
 1860.00  0.36725E+10  27.2  13.3  55.8   0.0   0.0   3.7
 1910.00  0.34957E+10  24.1  12.8  59.7   0.0   0.0   3.4
 1960.00  0.33337E+10  21.2  12.3  63.5   0.0   0.0   3.1
