2016 10 11 285 12.00   60.00   0.00    0.0 -0.10000E+01  -1.0  -1.0  -1.0  -1.0  -1.0  -1.0
2016 10 11 285 12.00   70.00   0.00    0.0  0.21985E+09  -1.0  -1.0  -1.0  -1.0  -1.0  -1.0
2016 10 11 285 12.00   80.00   0.00    0.0  0.53406E+09   0.0   0.0   0.0   0.4  99.6   0.0
2016 10 11 285 12.00   90.00   0.00    0.0  0.11304E+11   0.0   0.0   0.0   7.1  92.9   0.0
2016 10 11 285 12.00  100.00   0.00    0.0  0.85754E+11   0.0   0.0   0.0  41.9  58.1   0.0
2016 10 11 285 12.00  110.00   0.00    0.0  0.10971E+12   0.1   0.0   0.0  48.1  51.8   0.0
2016 10 11 285 12.00  120.00   0.00    0.0  0.10425E+12   0.7   0.0   0.0  44.4  54.9   0.0
2016 10 11 285 12.00  130.00   0.00    0.0  0.11329E+12   2.2   0.0   0.0  44.7  53.0   0.1
2016 10 11 285 12.00  140.00   0.00    0.0  0.12503E+12   5.0   0.0   0.0  45.5  49.3   0.2
2016 10 11 285 12.00  150.00   0.00    0.0  0.13955E+12   9.6   0.0   0.0  45.1  44.9   0.4
2016 10 11 285 12.00  160.00   0.00    0.0  0.15860E+12  16.7   0.0   0.0  42.6  40.1   0.7
2016 10 11 285 12.00  170.00   0.00    0.0  0.18714E+12  75.4   0.0   0.0  11.9  12.7   0.0
2016 10 11 285 12.00  180.00   0.00    0.0  0.24733E+12  66.6   0.0   0.0  16.1  17.3   0.0
2016 10 11 285 12.00  190.00   0.00    0.0  0.32911E+12  83.8   0.0   0.0   7.6   8.6   0.0
2016 10 11 285 12.00  200.00   0.00    0.0  0.42230E+12  91.9   0.0   0.0   3.7   4.4   0.0
2016 10 11 285 12.00  210.00   0.00    0.0  0.52214E+12  96.0   0.0   0.0   1.8   2.2   0.0
2016 10 11 285 12.00  220.00   0.00    0.0  0.62163E+12  97.8   0.0   0.0   0.9   1.2   0.1
2016 10 11 285 12.00  230.00   0.00    0.0  0.71218E+12  98.8   0.0   0.0   0.5   0.7   0.1
2016 10 11 285 12.00  240.00   0.00    0.0  0.78491E+12  99.3   0.0   0.0   0.2   0.4   0.1
2016 10 11 285 12.00  250.00   0.00    0.0  0.83228E+12  99.5   0.0   0.0   0.1   0.2   0.1
2016 10 11 285 12.00  260.00   0.00    0.0  0.84988E+12  99.7   0.0   0.0   0.1   0.1   0.1
2016 10 11 285 12.00  270.00   0.00    0.0  0.84502E+12  99.8   0.0   0.0   0.0   0.1   0.1
2016 10 11 285 12.00  280.00   0.00    0.0  0.82911E+12  99.8   0.0   0.0   0.0   0.1   0.1
2016 10 11 285 12.00  290.00   0.00    0.0  0.80430E+12  99.9   0.0   0.0   0.0   0.0   0.1
2016 10 11 285 12.00  300.00   0.00    0.0  0.77275E+12  99.9   0.0   0.0   0.0   0.0   0.1
2016 10 11 285 12.00  310.00   0.00    0.0  0.73647E+12  98.1   0.0   0.0   0.0   0.0   1.9
2016 10 11 285 12.00  320.00   0.00    0.0  0.69725E+12  98.0   0.0   0.0   0.0   0.0   1.9
2016 10 11 285 12.00  330.00   0.00    0.0  0.65656E+12  97.9   0.1   0.0   0.0   0.0   2.0
2016 10 11 285 12.00  340.00   0.00    0.0  0.61559E+12  97.9   0.1   0.0   0.0   0.0   2.0
2016 10 11 285 12.00  350.00   0.00    0.0  0.57526E+12  97.8   0.1   0.0   0.0   0.0   2.1
2016 10 11 285 12.00  360.00   0.00    0.0  0.53621E+12  97.7   0.1   0.0   0.0   0.0   2.1
2016 10 11 285 12.00  370.00   0.00    0.0  0.49890E+12  97.7   0.1   0.1   0.0   0.0   2.2
2016 10 11 285 12.00  380.00   0.00    0.0  0.46360E+12  97.6   0.1   0.1   0.0   0.0   2.2
2016 10 11 285 12.00  390.00   0.00    0.0  0.43047E+12  97.5   0.1   0.1   0.0   0.0   2.3
2016 10 11 285 12.00  400.00   0.00    0.0  0.39957E+12  97.4   0.1   0.1   0.0   0.0   2.4
2016 10 11 285 12.00  410.00   0.00    0.0  0.37088E+12  97.3   0.2   0.1   0.0   0.0   2.4
2016 10 11 285 12.00  420.00   0.00    0.0  0.34434E+12  97.3   0.2   0.1   0.0   0.0   2.5
2016 10 11 285 12.00  430.00   0.00    0.0  0.31986E+12  97.2   0.2   0.1   0.0   0.0   2.5
2016 10 11 285 12.00  440.00   0.00    0.0  0.29731E+12  97.1   0.2   0.1   0.0   0.0   2.6
2016 10 11 285 12.00  450.00   0.00    0.0  0.27658E+12  96.9   0.3   0.1   0.0   0.0   2.7
2016 10 11 285 12.00  460.00   0.00    0.0  0.25753E+12  96.8   0.3   0.1   0.0   0.0   2.7
2016 10 11 285 12.00  470.00   0.00    0.0  0.24004E+12  96.7   0.3   0.1   0.0   0.0   2.8
2016 10 11 285 12.00  480.00   0.00    0.0  0.22398E+12  96.6   0.4   0.2   0.0   0.0   2.9
2016 10 11 285 12.00  490.00   0.00    0.0  0.20924E+12  96.4   0.4   0.2   0.0   0.0   3.0
2016 10 11 285 12.00  500.00   0.00    0.0  0.19569E+12  96.3   0.5   0.2   0.0   0.0   3.0
2016 10 11 285 12.00  510.00   0.00    0.0  0.18324E+12  96.1   0.6   0.2   0.0   0.0   3.1
2016 10 11 285 12.00  520.00   0.00    0.0  0.17179E+12  95.9   0.7   0.2   0.0   0.0   3.2
2016 10 11 285 12.00  530.00   0.00    0.0  0.16125E+12  95.7   0.7   0.3   0.0   0.0   3.3
2016 10 11 285 12.00  540.00   0.00    0.0  0.15155E+12  95.5   0.8   0.3   0.0   0.0   3.3
2016 10 11 285 12.00  550.00   0.00    0.0  0.14260E+12  95.3   1.0   0.3   0.0   0.0   3.4
2016 10 11 285 12.00  560.00   0.00    0.0  0.13434E+12  95.0   1.1   0.3   0.0   0.0   3.5
2016 10 11 285 12.00  570.00   0.00    0.0  0.12671E+12  94.8   1.2   0.4   0.0   0.0   3.6
2016 10 11 285 12.00  580.00   0.00    0.0  0.11966E+12  94.5   1.4   0.4   0.0   0.0   3.7
2016 10 11 285 12.00  590.00   0.00    0.0  0.11312E+12  94.2   1.6   0.5   0.0   0.0   3.8
2016 10 11 285 12.00  600.00   0.00    0.0  0.10707E+12  93.8   1.8   0.5   0.0   0.0   3.8
2016 10 11 285 12.00  610.00   0.00    0.0  0.10145E+12  93.5   2.0   0.5   0.0   0.0   3.9
2016 10 11 285 12.00  620.00   0.00    0.0  0.96233E+11  93.1   2.3   0.6   0.0   0.0   4.0
2016 10 11 285 12.00  630.00   0.00    0.0  0.91381E+11  92.7   2.5   0.6   0.0   0.0   4.1
2016 10 11 285 12.00  640.00   0.00    0.0  0.86863E+11  92.4   2.8   0.7   0.0   0.0   4.1
2016 10 11 285 12.00  650.00   0.00    0.0  0.82653E+11  92.0   3.1   0.7   0.0   0.0   4.2
2016 10 11 285 12.00  660.00   0.00    0.0  0.78725E+11  91.7   3.3   0.8   0.0   0.0   4.2
2016 10 11 285 12.00  670.00   0.00    0.0  0.75056E+11  91.4   3.5   0.8   0.0   0.0   4.3
2016 10 11 285 12.00  680.00   0.00    0.0  0.71625E+11  91.1   3.7   0.9   0.0   0.0   4.3
2016 10 11 285 12.00  690.00   0.00    0.0  0.68415E+11  90.9   3.9   0.9   0.0   0.0   4.3
2016 10 11 285 12.00  700.00   0.00    0.0  0.65407E+11  90.6   4.1   0.9   0.0   0.0   4.4
2016 10 11 285 12.00  710.00   0.00    0.0  0.62585E+11  90.4   4.3   0.9   0.0   0.0   4.4
2016 10 11 285 12.00  720.00   0.00    0.0  0.59937E+11  90.2   4.4   1.0   0.0   0.0   4.4
2016 10 11 285 12.00  730.00   0.00    0.0  0.57448E+11  90.0   4.6   1.0   0.0   0.0   4.4
2016 10 11 285 12.00  740.00   0.00    0.0  0.55106E+11  89.7   4.8   1.0   0.0   0.0   4.4
2016 10 11 285 12.00  750.00   0.00    0.0  0.52902E+11  89.5   5.0   1.1   0.0   0.0   4.4
2016 10 11 285 12.00  760.00   0.00    0.0  0.50825E+11  89.3   5.2   1.1   0.0   0.0   4.5
2016 10 11 285 12.00  770.00   0.00    0.0  0.48865E+11  89.0   5.4   1.1   0.0   0.0   4.5
2016 10 11 285 12.00  780.00   0.00    0.0  0.47015E+11  88.8   5.6   1.1   0.0   0.0   4.5
2016 10 11 285 12.00  790.00   0.00    0.0  0.45268E+11  88.6   5.8   1.2   0.0   0.0   4.5
2016 10 11 285 12.00  800.00   0.00    0.0  0.43615E+11  88.3   6.0   1.2   0.0   0.0   4.5
2016 10 11 285 12.00  810.00   0.00    0.0  0.42050E+11  88.0   6.2   1.2   0.0   0.0   4.5
2016 10 11 285 12.00  820.00   0.00    0.0  0.40568E+11  87.8   6.4   1.3   0.0   0.0   4.5
2016 10 11 285 12.00  830.00   0.00    0.0  0.39163E+11  87.5   6.7   1.3   0.0   0.0   4.5
2016 10 11 285 12.00  840.00   0.00    0.0  0.37831E+11  87.2   6.9   1.3   0.0   0.0   4.5
2016 10 11 285 12.00  850.00   0.00    0.0  0.36565E+11  86.9   7.2   1.4   0.0   0.0   4.5
2016 10 11 285 12.00  860.00   0.00    0.0  0.35363E+11  86.6   7.4   1.4   0.0   0.0   4.6
2016 10 11 285 12.00  870.00   0.00    0.0  0.34219E+11  86.3   7.7   1.4   0.0   0.0   4.6
2016 10 11 285 12.00  880.00   0.00    0.0  0.33132E+11  86.0   8.0   1.5   0.0   0.0   4.6
2016 10 11 285 12.00  890.00   0.00    0.0  0.32096E+11  85.7   8.2   1.5   0.0   0.0   4.6
2016 10 11 285 12.00  900.00   0.00    0.0  0.31109E+11  85.3   8.5   1.6   0.0   0.0   4.6
2016 10 11 285 12.00  910.00   0.00    0.0  0.30167E+11  85.0   8.8   1.6   0.0   0.0   4.6
2016 10 11 285 12.00  920.00   0.00    0.0  0.29269E+11  84.7   9.1   1.6   0.0   0.0   4.6
2016 10 11 285 12.00  930.00   0.00    0.0  0.28412E+11  84.4   9.4   1.6   0.0   0.0   4.6
2016 10 11 285 12.00  940.00   0.00    0.0  0.27593E+11  84.1   9.6   1.7   0.0   0.0   4.6
2016 10 11 285 12.00  950.00   0.00    0.0  0.26810E+11  83.8   9.9   1.7   0.0   0.0   4.6
2016 10 11 285 12.00  960.00   0.00    0.0  0.26061E+11  83.4  10.2   1.7   0.0   0.0   4.6
2016 10 11 285 12.00  970.00   0.00    0.0  0.25345E+11  83.1  10.5   1.8   0.0   0.0   4.6
2016 10 11 285 12.00  980.00   0.00    0.0  0.24658E+11  82.8  10.8   1.8   0.0   0.0   4.6
2016 10 11 285 12.00  990.00   0.00    0.0  0.24001E+11  82.4  11.1   1.8   0.0   0.0   4.6
2016 10 11 285 12.00 1000.00   0.00    0.0  0.23370E+11  82.1  11.4   1.9   0.0   0.0   4.6
2016 10 11 285 12.00 1010.00   0.00    0.0  0.22766E+11  81.7  11.8   1.9   0.0   0.0   4.6
2016 10 11 285 12.00 1020.00   0.00    0.0  0.22186E+11  81.3  12.1   1.9   0.0   0.0   4.6
2016 10 11 285 12.00 1030.00   0.00    0.0  0.21628E+11  80.9  12.5   2.0   0.0   0.0   4.6
2016 10 11 285 12.00 1040.00   0.00    0.0  0.21093E+11  80.6  12.8   2.0   0.0   0.0   4.6
2016 10 11 285 12.00 1050.00   0.00    0.0  0.20579E+11  80.2  13.2   2.0   0.0   0.0   4.6
2016 10 11 285 12.00 1060.00   0.00    0.0  0.20084E+11  79.8  13.5   2.1   0.0   0.0   4.6
2016 10 11 285 12.00 1070.00   0.00    0.0  0.19608E+11  79.3  13.9   2.1   0.0   0.0   4.6
2016 10 11 285 12.00 1080.00   0.00    0.0  0.19150E+11  78.9  14.3   2.1   0.0   0.0   4.6
2016 10 11 285 12.00 1090.00   0.00    0.0  0.18709E+11  78.5  14.7   2.2   0.0   0.0   4.6
2016 10 11 285 12.00 1100.00   0.00    0.0  0.18284E+11  78.1  15.1   2.2   0.0   0.0   4.6
2016 10 11 285 12.00 1110.00   0.00    0.0  0.17874E+11  77.6  15.5   2.2   0.0   0.0   4.6
2016 10 11 285 12.00 1120.00   0.00    0.0  0.17479E+11  77.2  15.9   2.3   0.0   0.0   4.6
2016 10 11 285 12.00 1130.00   0.00    0.0  0.17098E+11  76.7  16.4   2.3   0.0   0.0   4.6
2016 10 11 285 12.00 1140.00   0.00    0.0  0.16730E+11  76.2  16.8   2.3   0.0   0.0   4.6
2016 10 11 285 12.00 1150.00   0.00    0.0  0.16375E+11  75.8  17.2   2.4   0.0   0.0   4.6
2016 10 11 285 12.00 1160.00   0.00    0.0  0.16033E+11  75.3  17.7   2.4   0.0   0.0   4.6
2016 10 11 285 12.00 1170.00   0.00    0.0  0.15701E+11  74.8  18.2   2.5   0.0   0.0   4.6
2016 10 11 285 12.00 1180.00   0.00    0.0  0.15381E+11  74.3  18.7   2.5   0.0   0.0   4.6
2016 10 11 285 12.00 1190.00   0.00    0.0  0.15071E+11  73.8  19.1   2.5   0.0   0.0   4.6
2016 10 11 285 12.00 1200.00   0.00    0.0  0.14772E+11  73.2  19.6   2.6   0.0   0.0   4.6
2016 10 11 285 12.00 1210.00   0.00    0.0  0.14482E+11  72.7  20.1   2.6   0.0   0.0   4.6
2016 10 11 285 12.00 1220.00   0.00    0.0  0.14201E+11  72.2  20.7   2.6   0.0   0.0   4.6
2016 10 11 285 12.00 1230.00   0.00    0.0  0.13930E+11  71.6  21.2   2.7   0.0   0.0   4.5
2016 10 11 285 12.00 1240.00   0.00    0.0  0.13666E+11  71.0  21.7   2.7   0.0   0.0   4.5
2016 10 11 285 12.00 1250.00   0.00    0.0  0.13411E+11  70.5  22.3   2.7   0.0   0.0   4.5
2016 10 11 285 12.00 1260.00   0.00    0.0  0.13164E+11  69.9  22.8   2.8   0.0   0.0   4.5
2016 10 11 285 12.00 1270.00   0.00    0.0  0.12925E+11  69.3  23.4   2.8   0.0   0.0   4.5
2016 10 11 285 12.00 1280.00   0.00    0.0  0.12692E+11  68.7  24.0   2.9   0.0   0.0   4.5
2016 10 11 285 12.00 1290.00   0.00    0.0  0.12466E+11  68.1  24.5   2.9   0.0   0.0   4.4
2016 10 11 285 12.00 1300.00   0.00    0.0  0.12247E+11  67.5  25.1   2.9   0.0   0.0   4.4
2016 10 11 285 12.00 1310.00   0.00    0.0  0.12035E+11  66.9  25.7   3.0   0.0   0.0   4.4
2016 10 11 285 12.00 1320.00   0.00    0.0  0.11828E+11  66.3  26.3   3.0   0.0   0.0   4.4
2016 10 11 285 12.00 1330.00   0.00    0.0  0.11628E+11  65.6  27.0   3.0   0.0   0.0   4.4
2016 10 11 285 12.00 1340.00   0.00    0.0  0.11433E+11  65.0  27.6   3.1   0.0   0.0   4.4
2016 10 11 285 12.00 1350.00   0.00    0.0  0.11243E+11  64.3  28.2   3.1   0.0   0.0   4.3
2016 10 11 285 12.00 1360.00   0.00    0.0  0.11059E+11  63.7  28.9   3.1   0.0   0.0   4.3
2016 10 11 285 12.00 1370.00   0.00    0.0  0.10880E+11  63.0  29.5   3.2   0.0   0.0   4.3
2016 10 11 285 12.00 1380.00   0.00    0.0  0.10706E+11  62.3  30.2   3.2   0.0   0.0   4.3
2016 10 11 285 12.00 1390.00   0.00    0.0  0.10536E+11  61.7  30.9   3.3   0.0   0.0   4.2
2016 10 11 285 12.00 1400.00   0.00    0.0  0.10371E+11  61.0  31.5   3.3   0.0   0.0   4.2
2016 10 11 285 12.00 1410.00   0.00    0.0  0.10210E+11  60.3  32.2   3.3   0.0   0.0   4.2
2016 10 11 285 12.00 1420.00   0.00    0.0  0.10054E+11  59.6  32.9   3.4   0.0   0.0   4.2
2016 10 11 285 12.00 1430.00   0.00    0.0  0.99015E+10  58.9  33.6   3.4   0.0   0.0   4.1
2016 10 11 285 12.00 1440.00   0.00    0.0  0.97530E+10  58.2  34.3   3.4   0.0   0.0   4.1
2016 10 11 285 12.00 1450.00   0.00    0.0  0.96082E+10  57.5  35.0   3.4   0.0   0.0   4.1
2016 10 11 285 12.00 1460.00   0.00    0.0  0.94671E+10  56.8  35.7   3.5   0.0   0.0   4.0
2016 10 11 285 12.00 1470.00   0.00    0.0  0.93296E+10  56.0  36.4   3.5   0.0   0.0   4.0
2016 10 11 285 12.00 1480.00   0.00    0.0  0.91954E+10  55.3  37.2   3.5   0.0   0.0   4.0
2016 10 11 285 12.00 1490.00   0.00    0.0  0.90645E+10  54.6  37.9   3.6   0.0   0.0   3.9
2016 10 11 285 12.00 1500.00   0.00    0.0  0.89368E+10  53.9  38.6   3.6   0.0   0.0   3.9
2016 10 11 285 12.00 1510.00   0.00    0.0  0.88122E+10  53.2  39.3   3.6   0.0   0.0   3.9
2016 10 11 285 12.00 1520.00   0.00    0.0  0.86906E+10  52.5  40.0   3.7   0.0   0.0   3.9
2016 10 11 285 12.00 1530.00   0.00    0.0  0.85719E+10  51.8  40.7   3.7   0.0   0.0   3.8
2016 10 11 285 12.00 1540.00   0.00    0.0  0.84559E+10  51.1  41.4   3.7   0.0   0.0   3.8
2016 10 11 285 12.00 1550.00   0.00    0.0  0.83426E+10  50.4  42.1   3.7   0.0   0.0   3.8
2016 10 11 285 12.00 1560.00   0.00    0.0  0.82320E+10  49.7  42.8   3.7   0.0   0.0   3.7
2016 10 11 285 12.00 1570.00   0.00    0.0  0.81239E+10  49.0  43.5   3.8   0.0   0.0   3.7
2016 10 11 285 12.00 1580.00   0.00    0.0  0.80182E+10  48.3  44.2   3.8   0.0   0.0   3.7
2016 10 11 285 12.00 1590.00   0.00    0.0  0.79149E+10  47.6  44.9   3.8   0.0   0.0   3.6
2016 10 11 285 12.00 1600.00   0.00    0.0  0.78139E+10  46.9  45.6   3.8   0.0   0.0   3.6
2016 10 11 285 12.00 1610.00   0.00    0.0  0.77152E+10  46.2  46.3   3.9   0.0   0.0   3.6
2016 10 11 285 12.00 1620.00   0.00    0.0  0.76186E+10  45.5  47.1   3.9   0.0   0.0   3.5
2016 10 11 285 12.00 1630.00   0.00    0.0  0.75241E+10  44.9  47.8   3.9   0.0   0.0   3.5
2016 10 11 285 12.00 1640.00   0.00    0.0  0.74316E+10  44.2  48.5   3.9   0.0   0.0   3.5
2016 10 11 285 12.00 1650.00   0.00    0.0  0.73412E+10  43.5  49.2   3.9   0.0   0.0   3.4
2016 10 11 285 12.00 1660.00   0.00    0.0  0.72526E+10  42.8  49.9   3.9   0.0   0.0   3.4
2016 10 11 285 12.00 1670.00   0.00    0.0  0.71659E+10  42.1  50.6   4.0   0.0   0.0   3.4
2016 10 11 285 12.00 1680.00   0.00    0.0  0.70811E+10  41.4  51.3   4.0   0.0   0.0   3.3
2016 10 11 285 12.00 1690.00   0.00    0.0  0.69979E+10  40.7  52.0   4.0   0.0   0.0   3.3
2016 10 11 285 12.00 1700.00   0.00    0.0  0.69165E+10  40.0  52.7   4.0   0.0   0.0   3.2
2016 10 11 285 12.00 1710.00   0.00    0.0  0.68368E+10  39.4  53.4   4.0   0.0   0.0   3.2
2016 10 11 285 12.00 1720.00   0.00    0.0  0.67587E+10  38.7  54.1   4.0   0.0   0.0   3.2
2016 10 11 285 12.00 1730.00   0.00    0.0  0.66821E+10  38.0  54.8   4.0   0.0   0.0   3.1
2016 10 11 285 12.00 1740.00   0.00    0.0  0.66070E+10  37.4  55.5   4.0   0.0   0.0   3.1
2016 10 11 285 12.00 1750.00   0.00    0.0  0.65335E+10  36.7  56.2   4.0   0.0   0.0   3.0
2016 10 11 285 12.00 1760.00   0.00    0.0  0.64614E+10  36.0  56.9   4.1   0.0   0.0   3.0
2016 10 11 285 12.00 1770.00   0.00    0.0  0.63907E+10  35.4  57.6   4.1   0.0   0.0   3.0
2016 10 11 285 12.00 1780.00   0.00    0.0  0.63213E+10  34.7  58.3   4.1   0.0   0.0   2.9
2016 10 11 285 12.00 1790.00   0.00    0.0  0.62533E+10  34.1  58.9   4.1   0.0   0.0   2.9
2016 10 11 285 12.00 1800.00   0.00    0.0  0.61866E+10  33.5  59.6   4.1   0.0   0.0   2.9
2016 10 11 285 12.00 1810.00   0.00    0.0  0.61211E+10  32.8  60.3   4.1   0.0   0.0   2.8
2016 10 11 285 12.00 1820.00   0.00    0.0  0.60569E+10  32.2  61.0   4.1   0.0   0.0   2.8
2016 10 11 285 12.00 1830.00   0.00    0.0  0.59938E+10  31.6  61.6   4.1   0.0   0.0   2.7
2016 10 11 285 12.00 1840.00   0.00    0.0  0.59319E+10  31.0  62.3   4.1   0.0   0.0   2.7
2016 10 11 285 12.00 1850.00   0.00    0.0  0.58712E+10  30.3  62.9   4.1   0.0   0.0   2.7
2016 10 11 285 12.00 1860.00   0.00    0.0  0.58115E+10  29.7  63.6   4.1   0.0   0.0   2.6
2016 10 11 285 12.00 1870.00   0.00    0.0  0.57530E+10  29.1  64.2   4.1   0.0   0.0   2.6
2016 10 11 285 12.00 1880.00   0.00    0.0  0.56955E+10  28.6  64.8   4.1   0.0   0.0   2.5
2016 10 11 285 12.00 1890.00   0.00    0.0  0.56390E+10  28.0  65.5   4.1   0.0   0.0   2.5
2016 10 11 285 12.00 1900.00   0.00    0.0  0.55835E+10  27.4  66.1   4.1   0.0   0.0   2.5
2016 10 11 285 12.00 1910.00   0.00    0.0  0.55290E+10  26.8  66.7   4.1   0.0   0.0   2.4
2016 10 11 285 12.00 1920.00   0.00    0.0  0.54754E+10  26.3  67.3   4.1   0.0   0.0   2.4
2016 10 11 285 12.00 1930.00   0.00    0.0  0.54228E+10  25.7  67.9   4.1   0.0   0.0   2.4
2016 10 11 285 12.00 1940.00   0.00    0.0  0.53710E+10  25.1  68.5   4.0   0.0   0.0   2.3
2016 10 11 285 12.00 1950.00   0.00    0.0  0.53202E+10  24.6  69.1   4.0   0.0   0.0   2.3
2016 10 11 285 12.00 1960.00   0.00    0.0  0.52702E+10  24.1  69.7   4.0   0.0   0.0   2.2
2016 10 11 285 12.00 1970.00   0.00    0.0  0.52210E+10  23.5  70.2   4.0   0.0   0.0   2.2
2016 10 11 285 12.00 1980.00   0.00    0.0  0.51727E+10  23.0  70.8   4.0   0.0   0.0   2.2
2016 10 11 285 12.00 1990.00   0.00    0.0  0.51252E+10  22.5  71.3   4.0   0.0   0.0   2.1
2016 10 11 285 12.00 2000.00   0.00    0.0  0.50784E+10  22.0  71.9   4.0   0.0   0.0   2.1
