2016 10 11 285  1.00   60.00   0.00    0.0 -0.10000E+01  -1.0  -1.0  -1.0  -1.0  -1.0  -1.0
2016 10 11 285  1.00   70.00   0.00    0.0 -0.10000E+01  -1.0  -1.0  -1.0  -1.0  -1.0  -1.0
2016 10 11 285  1.00   80.00   0.00    0.0  0.31604E+07   0.0   0.0   0.0   0.0 100.0   0.0
2016 10 11 285  1.00   90.00   0.00    0.0  0.49454E+09   0.0   0.0   0.0   0.3  99.7   0.0
2016 10 11 285  1.00  100.00   0.00    0.0  0.21501E+10   0.0   0.0   0.0   2.1  97.9   0.0
2016 10 11 285  1.00  110.00   0.00    0.0  0.22393E+10   0.0   0.0   0.0   2.6  97.4   0.0
2016 10 11 285  1.00  120.00   0.00    0.0  0.12367E+10   0.0   0.0   0.0   1.4  98.6   0.0
2016 10 11 285  1.00  130.00   0.00    0.0  0.59940E+09   0.0   0.0   0.0   0.8  99.1   0.0
2016 10 11 285  1.00  140.00   0.00    0.0  0.52029E+09   0.0   0.0   0.0   1.0  99.0   0.0
2016 10 11 285  1.00  150.00   0.00    0.0  0.75469E+09   0.1   0.0   0.0   1.9  98.0   0.0
2016 10 11 285  1.00  160.00   0.00    0.0  0.12549E+10   0.3   0.0   0.0   4.2  95.6   0.0
2016 10 11 285  1.00  170.00   0.00    0.0  0.19397E+10   0.7   0.0   0.0   7.9  91.3   0.0
2016 10 11 285  1.00  180.00   0.00    0.0  0.26307E+10   1.7   0.0   0.0  12.5  85.7   0.1
2016 10 11 285  1.00  190.00   0.00    0.0  0.33273E+10   3.7   0.0   0.0  17.5  78.7   0.1
2016 10 11 285  1.00  200.00   0.00    0.0  0.42839E+10   7.7   0.0   0.0  23.0  69.0   0.3
2016 10 11 285  1.00  210.00   0.00    0.0  0.56596E+10  15.8   0.0   0.0  27.3  56.3   0.6
2016 10 11 285  1.00  220.00   0.00    0.0  0.78006E+10  38.9   0.0   0.0  19.9  41.2   0.0
2016 10 11 285  1.00  230.00   0.00    0.0  0.11785E+11  75.3   0.0   0.0   9.1  15.6   0.0
2016 10 11 285  1.00  240.00   0.00    0.0  0.19529E+11  91.3   0.0   0.0   3.4   5.3   0.0
2016 10 11 285  1.00  250.00   0.00    0.0  0.30615E+11  96.8   0.0   0.0   1.2   1.9   0.0
2016 10 11 285  1.00  260.00   0.00    0.0  0.45419E+11  98.7   0.0   0.0   0.5   0.8   0.0
2016 10 11 285  1.00  270.00   0.00    0.0  0.63859E+11  99.4   0.0   0.0   0.2   0.3   0.0
2016 10 11 285  1.00  280.00   0.00    0.0  0.85220E+11  99.7   0.0   0.0   0.1   0.1   0.1
2016 10 11 285  1.00  290.00   0.00    0.0  0.10812E+12  99.8   0.0   0.0   0.0   0.1   0.1
2016 10 11 285  1.00  300.00   0.00    0.0  0.13066E+12  99.9   0.0   0.0   0.0   0.0   0.1
2016 10 11 285  1.00  310.00   0.00    0.0  0.15072E+12  98.6   0.1   0.0   0.0   0.0   1.2
2016 10 11 285  1.00  320.00   0.00    0.0  0.16642E+12  98.5   0.1   0.1   0.0   0.0   1.3
2016 10 11 285  1.00  330.00   0.00    0.0  0.17654E+12  98.4   0.2   0.1   0.0   0.0   1.3
2016 10 11 285  1.00  340.00   0.00    0.0  0.18087E+12  98.3   0.2   0.1   0.0   0.0   1.4
2016 10 11 285  1.00  350.00   0.00    0.0  0.18078E+12  98.2   0.3   0.1   0.0   0.0   1.5
2016 10 11 285  1.00  360.00   0.00    0.0  0.17826E+12  98.0   0.3   0.1   0.0   0.0   1.6
2016 10 11 285  1.00  370.00   0.00    0.0  0.17382E+12  97.9   0.4   0.1   0.0   0.0   1.6
2016 10 11 285  1.00  380.00   0.00    0.0  0.16785E+12  97.7   0.5   0.2   0.0   0.0   1.7
2016 10 11 285  1.00  390.00   0.00    0.0  0.16076E+12  97.4   0.6   0.2   0.0   0.0   1.8
2016 10 11 285  1.00  400.00   0.00    0.0  0.15293E+12  97.2   0.7   0.2   0.0   0.0   1.9
2016 10 11 285  1.00  410.00   0.00    0.0  0.14467E+12  96.9   0.8   0.2   0.0   0.0   2.0
2016 10 11 285  1.00  420.00   0.00    0.0  0.13623E+12  96.6   1.0   0.3   0.0   0.0   2.1
2016 10 11 285  1.00  430.00   0.00    0.0  0.12782E+12  96.2   1.2   0.3   0.0   0.0   2.2
2016 10 11 285  1.00  440.00   0.00    0.0  0.11959E+12  95.8   1.5   0.4   0.0   0.0   2.3
2016 10 11 285  1.00  450.00   0.00    0.0  0.11165E+12  95.3   1.8   0.5   0.0   0.0   2.4
2016 10 11 285  1.00  460.00   0.00    0.0  0.10408E+12  94.7   2.2   0.6   0.0   0.0   2.6
2016 10 11 285  1.00  470.00   0.00    0.0  0.96931E+11  94.0   2.7   0.6   0.0   0.0   2.7
2016 10 11 285  1.00  480.00   0.00    0.0  0.90215E+11  93.2   3.2   0.8   0.0   0.0   2.8
2016 10 11 285  1.00  490.00   0.00    0.0  0.83942E+11  92.3   3.9   0.9   0.0   0.0   2.9
2016 10 11 285  1.00  500.00   0.00    0.0  0.78109E+11  91.2   4.7   1.0   0.0   0.0   3.0
2016 10 11 285  1.00  510.00   0.00    0.0  0.72702E+11  90.0   5.6   1.2   0.0   0.0   3.2
2016 10 11 285  1.00  520.00   0.00    0.0  0.67701E+11  88.6   6.8   1.4   0.0   0.0   3.3
2016 10 11 285  1.00  530.00   0.00    0.0  0.63085E+11  86.9   8.1   1.6   0.0   0.0   3.4
2016 10 11 285  1.00  540.00   0.00    0.0  0.58828E+11  85.0   9.7   1.9   0.0   0.0   3.5
2016 10 11 285  1.00  550.00   0.00    0.0  0.54907E+11  82.8  11.5   2.1   0.0   0.0   3.6
2016 10 11 285  1.00  560.00   0.00    0.0  0.51295E+11  80.3  13.6   2.4   0.0   0.0   3.7
2016 10 11 285  1.00  570.00   0.00    0.0  0.47970E+11  77.5  16.0   2.8   0.0   0.0   3.8
2016 10 11 285  1.00  580.00   0.00    0.0  0.44908E+11  74.3  18.7   3.1   0.0   0.0   3.8
2016 10 11 285  1.00  590.00   0.00    0.0  0.42088E+11  70.9  21.7   3.5   0.0   0.0   3.8
2016 10 11 285  1.00  600.00   0.00    0.0  0.39489E+11  67.3  25.0   3.9   0.0   0.0   3.8
2016 10 11 285  1.00  610.00   0.00    0.0  0.37093E+11  63.4  28.5   4.3   0.0   0.0   3.8
2016 10 11 285  1.00  620.00   0.00    0.0  0.34882E+11  59.5  32.1   4.7   0.0   0.0   3.8
2016 10 11 285  1.00  630.00   0.00    0.0  0.32840E+11  55.5  35.7   5.1   0.0   0.0   3.7
2016 10 11 285  1.00  640.00   0.00    0.0  0.30952E+11  51.7  39.2   5.4   0.0   0.0   3.7
2016 10 11 285  1.00  650.00   0.00    0.0  0.29207E+11  48.2  42.5   5.8   0.0   0.0   3.6
2016 10 11 285  1.00  660.00   0.00    0.0  0.27590E+11  44.9  45.5   6.0   0.0   0.0   3.6
2016 10 11 285  1.00  670.00   0.00    0.0  0.26092E+11  42.0  48.2   6.3   0.0   0.0   3.5
2016 10 11 285  1.00  680.00   0.00    0.0  0.24702E+11  39.3  50.6   6.5   0.0   0.0   3.5
2016 10 11 285  1.00  690.00   0.00    0.0  0.23411E+11  36.9  52.8   6.8   0.0   0.0   3.5
2016 10 11 285  1.00  700.00   0.00    0.0  0.22211E+11  34.7  54.9   7.0   0.0   0.0   3.5
2016 10 11 285  1.00  710.00   0.00    0.0  0.21093E+11  32.6  56.8   7.1   0.0   0.0   3.5
2016 10 11 285  1.00  720.00   0.00    0.0  0.20053E+11  30.6  58.6   7.3   0.0   0.0   3.4
2016 10 11 285  1.00  730.00   0.00    0.0  0.19082E+11  28.7  60.4   7.5   0.0   0.0   3.4
2016 10 11 285  1.00  740.00   0.00    0.0  0.18176E+11  26.9  62.0   7.6   0.0   0.0   3.4
2016 10 11 285  1.00  750.00   0.00    0.0  0.17330E+11  25.2  63.6   7.8   0.0   0.0   3.4
2016 10 11 285  1.00  760.00   0.00    0.0  0.16538E+11  23.6  65.1   7.9   0.0   0.0   3.4
2016 10 11 285  1.00  770.00   0.00    0.0  0.15796E+11  22.0  66.6   8.1   0.0   0.0   3.3
2016 10 11 285  1.00  780.00   0.00    0.0  0.15101E+11  20.6  68.0   8.2   0.0   0.0   3.3
2016 10 11 285  1.00  790.00   0.00    0.0  0.14448E+11  19.2  69.3   8.3   0.0   0.0   3.3
2016 10 11 285  1.00  800.00   0.00    0.0  0.13836E+11  17.8  70.6   8.4   0.0   0.0   3.2
2016 10 11 285  1.00  810.00   0.00    0.0  0.13260E+11  16.6  71.8   8.5   0.0   0.0   3.2
2016 10 11 285  1.00  820.00   0.00    0.0  0.12718E+11  15.4  72.9   8.6   0.0   0.0   3.1
2016 10 11 285  1.00  830.00   0.00    0.0  0.12208E+11  14.3  74.0   8.6   0.0   0.0   3.1
2016 10 11 285  1.00  840.00   0.00    0.0  0.11727E+11  13.2  75.0   8.7   0.0   0.0   3.0
2016 10 11 285  1.00  850.00   0.00    0.0  0.11273E+11  12.3  76.0   8.8   0.0   0.0   3.0
2016 10 11 285  1.00  860.00   0.00    0.0  0.10845E+11  11.4  76.9   8.8   0.0   0.0   2.9
2016 10 11 285  1.00  870.00   0.00    0.0  0.10440E+11  10.5  77.8   8.8   0.0   0.0   2.9
2016 10 11 285  1.00  880.00   0.00    0.0  0.10057E+11   9.7  78.6   8.9   0.0   0.0   2.8
2016 10 11 285  1.00  890.00   0.00    0.0  0.96948E+10   9.0  79.3   8.9   0.0   0.0   2.8
2016 10 11 285  1.00  900.00   0.00    0.0  0.93514E+10   8.3  80.0   8.9   0.0   0.0   2.7
2016 10 11 285  1.00  910.00   0.00    0.0  0.90258E+10   7.7  80.7   9.0   0.0   0.0   2.7
2016 10 11 285  1.00  920.00   0.00    0.0  0.87169E+10   7.1  81.3   9.0   0.0   0.0   2.6
2016 10 11 285  1.00  930.00   0.00    0.0  0.84236E+10   6.6  81.8   9.0   0.0   0.0   2.6
2016 10 11 285  1.00  940.00   0.00    0.0  0.81450E+10   6.1  82.4   9.0   0.0   0.0   2.5
2016 10 11 285  1.00  950.00   0.00    0.0  0.78799E+10   5.7  82.9   9.0   0.0   0.0   2.5
2016 10 11 285  1.00  960.00   0.00    0.0  0.76278E+10   5.2  83.3   9.0   0.0   0.0   2.4
2016 10 11 285  1.00  970.00   0.00    0.0  0.73877E+10   4.8  83.8   9.0   0.0   0.0   2.4
2016 10 11 285  1.00  980.00   0.00    0.0  0.71589E+10   4.5  84.2   9.0   0.0   0.0   2.4
2016 10 11 285  1.00  990.00   0.00    0.0  0.69407E+10   4.2  84.6   9.0   0.0   0.0   2.3
2016 10 11 285  1.00 1000.00   0.00    0.0  0.67326E+10   3.8  84.9   9.0   0.0   0.0   2.3
2016 10 11 285  1.00 1010.00   0.00    0.0  0.65339E+10   3.6  85.3   8.9   0.0   0.0   2.2
2016 10 11 285  1.00 1020.00   0.00    0.0  0.63441E+10   3.3  85.6   8.9   0.0   0.0   2.2
2016 10 11 285  1.00 1030.00   0.00    0.0  0.61627E+10   3.0  85.9   8.9   0.0   0.0   2.1
2016 10 11 285  1.00 1040.00   0.00    0.0  0.59892E+10   2.8  86.2   8.9   0.0   0.0   2.1
2016 10 11 285  1.00 1050.00   0.00    0.0  0.58231E+10   2.6  86.5   8.9   0.0   0.0   2.0
2016 10 11 285  1.00 1060.00   0.00    0.0  0.56641E+10   2.4  86.8   8.8   0.0   0.0   2.0
2016 10 11 285  1.00 1070.00   0.00    0.0  0.55117E+10   2.2  87.0   8.8   0.0   0.0   2.0
2016 10 11 285  1.00 1080.00   0.00    0.0  0.53657E+10   2.0  87.2   8.8   0.0   0.0   1.9
2016 10 11 285  1.00 1090.00   0.00    0.0  0.52257E+10   1.9  87.5   8.8   0.0   0.0   1.9
2016 10 11 285  1.00 1100.00   0.00    0.0  0.50913E+10   1.7  87.7   8.7   0.0   0.0   1.8
2016 10 11 285  1.00 1110.00   0.00    0.0  0.49622E+10   1.6  87.9   8.7   0.0   0.0   1.8
2016 10 11 285  1.00 1120.00   0.00    0.0  0.48383E+10   1.5  88.1   8.7   0.0   0.0   1.8
2016 10 11 285  1.00 1130.00   0.00    0.0  0.47191E+10   1.4  88.3   8.6   0.0   0.0   1.7
2016 10 11 285  1.00 1140.00   0.00    0.0  0.46046E+10   1.3  88.4   8.6   0.0   0.0   1.7
2016 10 11 285  1.00 1150.00   0.00    0.0  0.44944E+10   1.2  88.6   8.6   0.0   0.0   1.7
2016 10 11 285  1.00 1160.00   0.00    0.0  0.43884E+10   1.1  88.8   8.5   0.0   0.0   1.6
2016 10 11 285  1.00 1170.00   0.00    0.0  0.42863E+10   1.0  88.9   8.5   0.0   0.0   1.6
2016 10 11 285  1.00 1180.00   0.00    0.0  0.41879E+10   0.9  89.1   8.5   0.0   0.0   1.6
2016 10 11 285  1.00 1190.00   0.00    0.0  0.40931E+10   0.8  89.2   8.4   0.0   0.0   1.5
2016 10 11 285  1.00 1200.00   0.00    0.0  0.40018E+10   0.8  89.3   8.4   0.0   0.0   1.5
2016 10 11 285  1.00 1210.00   0.00    0.0  0.39136E+10   0.7  89.5   8.4   0.0   0.0   1.5
2016 10 11 285  1.00 1220.00   0.00    0.0  0.38286E+10   0.7  89.6   8.3   0.0   0.0   1.4
2016 10 11 285  1.00 1230.00   0.00    0.0  0.37465E+10   0.6  89.7   8.3   0.0   0.0   1.4
2016 10 11 285  1.00 1240.00   0.00    0.0  0.36672E+10   0.6  89.8   8.2   0.0   0.0   1.4
2016 10 11 285  1.00 1250.00   0.00    0.0  0.35906E+10   0.5  89.9   8.2   0.0   0.0   1.3
2016 10 11 285  1.00 1260.00   0.00    0.0  0.35166E+10   0.5  90.0   8.2   0.0   0.0   1.3
2016 10 11 285  1.00 1270.00   0.00    0.0  0.34450E+10   0.4  90.2   8.1   0.0   0.0   1.3
2016 10 11 285  1.00 1280.00   0.00    0.0  0.33758E+10   0.4  90.3   8.1   0.0   0.0   1.2
2016 10 11 285  1.00 1290.00   0.00    0.0  0.33088E+10   0.4  90.4   8.1   0.0   0.0   1.2
2016 10 11 285  1.00 1300.00   0.00    0.0  0.32440E+10   0.3  90.4   8.0   0.0   0.0   1.2
2016 10 11 285  1.00 1310.00   0.00    0.0  0.31812E+10   0.3  90.5   8.0   0.0   0.0   1.2
2016 10 11 285  1.00 1320.00   0.00    0.0  0.31204E+10   0.3  90.6   7.9   0.0   0.0   1.1
2016 10 11 285  1.00 1330.00   0.00    0.0  0.30615E+10   0.3  90.7   7.9   0.0   0.0   1.1
2016 10 11 285  1.00 1340.00   0.00    0.0  0.30044E+10   0.3  90.8   7.9   0.0   0.0   1.1
2016 10 11 285  1.00 1350.00   0.00    0.0  0.29491E+10   0.2  90.9   7.8   0.0   0.0   1.1
2016 10 11 285  1.00 1360.00   0.00    0.0  0.28954E+10   0.2  91.0   7.8   0.0   0.0   1.0
2016 10 11 285  1.00 1370.00   0.00    0.0  0.28434E+10   0.2  91.0   7.7   0.0   0.0   1.0
2016 10 11 285  1.00 1380.00   0.00    0.0  0.27928E+10   0.2  91.1   7.7   0.0   0.0   1.0
2016 10 11 285  1.00 1390.00   0.00    0.0  0.27438E+10   0.2  91.2   7.7   0.0   0.0   1.0
2016 10 11 285  1.00 1400.00   0.00    0.0  0.26962E+10   0.2  91.3   7.6   0.0   0.0   0.9
2016 10 11 285  1.00 1410.00   0.00    0.0  0.26499E+10   0.1  91.3   7.6   0.0   0.0   0.9
2016 10 11 285  1.00 1420.00   0.00    0.0  0.26050E+10   0.1  91.4   7.6   0.0   0.0   0.9
2016 10 11 285  1.00 1430.00   0.00    0.0  0.25613E+10   0.1  91.5   7.5   0.0   0.0   0.9
2016 10 11 285  1.00 1440.00   0.00    0.0  0.25188E+10   0.1  91.5   7.5   0.0   0.0   0.9
2016 10 11 285  1.00 1450.00   0.00    0.0  0.24775E+10   0.1  91.6   7.4   0.0   0.0   0.8
2016 10 11 285  1.00 1460.00   0.00    0.0  0.24374E+10   0.1  91.7   7.4   0.0   0.0   0.8
2016 10 11 285  1.00 1470.00   0.00    0.0  0.23983E+10   0.1  91.7   7.4   0.0   0.0   0.8
2016 10 11 285  1.00 1480.00   0.00    0.0  0.23602E+10   0.1  91.8   7.3   0.0   0.0   0.8
2016 10 11 285  1.00 1490.00   0.00    0.0  0.23232E+10   0.1  91.9   7.3   0.0   0.0   0.8
2016 10 11 285  1.00 1500.00   0.00    0.0  0.22872E+10   0.1  91.9   7.2   0.0   0.0   0.8
2016 10 11 285  1.00 1510.00   0.00    0.0  0.22521E+10   0.1  92.0   7.2   0.0   0.0   0.7
2016 10 11 285  1.00 1520.00   0.00    0.0  0.22179E+10   0.1  92.0   7.2   0.0   0.0   0.7
2016 10 11 285  1.00 1530.00   0.00    0.0  0.21846E+10   0.1  92.1   7.1   0.0   0.0   0.7
2016 10 11 285  1.00 1540.00   0.00    0.0  0.21521E+10   0.1  92.2   7.1   0.0   0.0   0.7
2016 10 11 285  1.00 1550.00   0.00    0.0  0.21204E+10   0.0  92.2   7.0   0.0   0.0   0.7
2016 10 11 285  1.00 1560.00   0.00    0.0  0.20896E+10   0.0  92.3   7.0   0.0   0.0   0.7
2016 10 11 285  1.00 1570.00   0.00    0.0  0.20595E+10   0.0  92.3   7.0   0.0   0.0   0.7
2016 10 11 285  1.00 1580.00   0.00    0.0  0.20301E+10   0.0  92.4   6.9   0.0   0.0   0.6
2016 10 11 285  1.00 1590.00   0.00    0.0  0.20014E+10   0.0  92.4   6.9   0.0   0.0   0.6
2016 10 11 285  1.00 1600.00   0.00    0.0  0.19735E+10   0.0  92.5   6.8   0.0   0.0   0.6
2016 10 11 285  1.00 1610.00   0.00    0.0  0.19462E+10   0.0  92.5   6.8   0.0   0.0   0.6
2016 10 11 285  1.00 1620.00   0.00    0.0  0.19195E+10   0.0  92.6   6.8   0.0   0.0   0.6
2016 10 11 285  1.00 1630.00   0.00    0.0  0.18935E+10   0.0  92.7   6.7   0.0   0.0   0.6
2016 10 11 285  1.00 1640.00   0.00    0.0  0.18680E+10   0.0  92.7   6.7   0.0   0.0   0.6
2016 10 11 285  1.00 1650.00   0.00    0.0  0.18432E+10   0.0  92.8   6.7   0.0   0.0   0.6
2016 10 11 285  1.00 1660.00   0.00    0.0  0.18189E+10   0.0  92.8   6.6   0.0   0.0   0.6
2016 10 11 285  1.00 1670.00   0.00    0.0  0.17952E+10   0.0  92.9   6.6   0.0   0.0   0.5
2016 10 11 285  1.00 1680.00   0.00    0.0  0.17720E+10   0.0  92.9   6.5   0.0   0.0   0.5
2016 10 11 285  1.00 1690.00   0.00    0.0  0.17493E+10   0.0  93.0   6.5   0.0   0.0   0.5
2016 10 11 285  1.00 1700.00   0.00    0.0  0.17272E+10   0.0  93.0   6.5   0.0   0.0   0.5
2016 10 11 285  1.00 1710.00   0.00    0.0  0.17055E+10   0.0  93.1   6.4   0.0   0.0   0.5
2016 10 11 285  1.00 1720.00   0.00    0.0  0.16842E+10   0.0  93.1   6.4   0.0   0.0   0.5
2016 10 11 285  1.00 1730.00   0.00    0.0  0.16635E+10   0.0  93.1   6.4   0.0   0.0   0.5
2016 10 11 285  1.00 1740.00   0.00    0.0  0.16432E+10   0.0  93.2   6.3   0.0   0.0   0.5
2016 10 11 285  1.00 1750.00   0.00    0.0  0.16233E+10   0.0  93.2   6.3   0.0   0.0   0.5
2016 10 11 285  1.00 1760.00   0.00    0.0  0.16038E+10   0.0  93.3   6.2   0.0   0.0   0.5
2016 10 11 285  1.00 1770.00   0.00    0.0  0.15848E+10   0.0  93.3   6.2   0.0   0.0   0.5
2016 10 11 285  1.00 1780.00   0.00    0.0  0.15661E+10   0.0  93.4   6.2   0.0   0.0   0.4
2016 10 11 285  1.00 1790.00   0.00    0.0  0.15478E+10   0.0  93.4   6.1   0.0   0.0   0.4
2016 10 11 285  1.00 1800.00   0.00    0.0  0.15299E+10   0.0  93.5   6.1   0.0   0.0   0.4
2016 10 11 285  1.00 1810.00   0.00    0.0  0.15123E+10   0.0  93.5   6.1   0.0   0.0   0.4
2016 10 11 285  1.00 1820.00   0.00    0.0  0.14952E+10   0.0  93.6   6.0   0.0   0.0   0.4
2016 10 11 285  1.00 1830.00   0.00    0.0  0.14783E+10   0.0  93.6   6.0   0.0   0.0   0.4
2016 10 11 285  1.00 1840.00   0.00    0.0  0.14618E+10   0.0  93.6   6.0   0.0   0.0   0.4
2016 10 11 285  1.00 1850.00   0.00    0.0  0.14456E+10   0.0  93.7   5.9   0.0   0.0   0.4
2016 10 11 285  1.00 1860.00   0.00    0.0  0.14297E+10   0.0  93.7   5.9   0.0   0.0   0.4
2016 10 11 285  1.00 1870.00   0.00    0.0  0.14141E+10   0.0  93.8   5.9   0.0   0.0   0.4
2016 10 11 285  1.00 1880.00   0.00    0.0  0.13988E+10   0.0  93.8   5.8   0.0   0.0   0.4
2016 10 11 285  1.00 1890.00   0.00    0.0  0.13839E+10   0.0  93.9   5.8   0.0   0.0   0.4
2016 10 11 285  1.00 1900.00   0.00    0.0  0.13692E+10   0.0  93.9   5.8   0.0   0.0   0.4
2016 10 11 285  1.00 1910.00   0.00    0.0  0.13547E+10   0.0  93.9   5.7   0.0   0.0   0.3
2016 10 11 285  1.00 1920.00   0.00    0.0  0.13406E+10   0.0  94.0   5.7   0.0   0.0   0.3
2016 10 11 285  1.00 1930.00   0.00    0.0  0.13267E+10   0.0  94.0   5.7   0.0   0.0   0.3
2016 10 11 285  1.00 1940.00   0.00    0.0  0.13130E+10   0.0  94.1   5.6   0.0   0.0   0.3
2016 10 11 285  1.00 1950.00   0.00    0.0  0.12996E+10   0.0  94.1   5.6   0.0   0.0   0.3
2016 10 11 285  1.00 1960.00   0.00    0.0  0.12865E+10   0.0  94.1   5.6   0.0   0.0   0.3
2016 10 11 285  1.00 1970.00   0.00    0.0  0.12736E+10   0.0  94.2   5.5   0.0   0.0   0.3
2016 10 11 285  1.00 1980.00   0.00    0.0  0.12609E+10   0.0  94.2   5.5   0.0   0.0   0.3
2016 10 11 285  1.00 1990.00   0.00    0.0  0.12484E+10   0.0  94.2   5.5   0.0   0.0   0.3
2016 10 11 285  1.00 2000.00   0.00    0.0  0.12362E+10   0.0  94.3   5.4   0.0   0.0   0.3
