2016 10 11 285 12.00   60.00   0.00    0.0 -0.10000E+01  -1.0  -1.0  -1.0  -1.0  -1.0  -1.0
2016 10 11 285 12.00   61.00   0.00    0.0 -0.10000E+01  -1.0  -1.0  -1.0  -1.0  -1.0  -1.0
2016 10 11 285 12.00   62.00   0.00    0.0 -0.10000E+01  -1.0  -1.0  -1.0  -1.0  -1.0  -1.0
2016 10 11 285 12.00   63.00   0.00    0.0 -0.10000E+01  -1.0  -1.0  -1.0  -1.0  -1.0  -1.0
2016 10 11 285 12.00   64.00   0.00    0.0 -0.10000E+01  -1.0  -1.0  -1.0  -1.0  -1.0  -1.0
2016 10 11 285 12.00   65.00   0.00    0.0  0.83388E+08  -1.0  -1.0  -1.0  -1.0  -1.0  -1.0
2016 10 11 285 12.00   66.00   0.00    0.0  0.11803E+09  -1.0  -1.0  -1.0  -1.0  -1.0  -1.0
2016 10 11 285 12.00   67.00   0.00    0.0  0.16065E+09  -1.0  -1.0  -1.0  -1.0  -1.0  -1.0
2016 10 11 285 12.00   68.00   0.00    0.0  0.21077E+09  -1.0  -1.0  -1.0  -1.0  -1.0  -1.0
2016 10 11 285 12.00   69.00   0.00    0.0  0.26727E+09  -1.0  -1.0  -1.0  -1.0  -1.0  -1.0
2016 10 11 285 12.00   70.00   0.00    0.0  0.32840E+09  -1.0  -1.0  -1.0  -1.0  -1.0  -1.0
2016 10 11 285 12.00   71.00   0.00    0.0  0.39198E+09  -1.0  -1.0  -1.0  -1.0  -1.0  -1.0
2016 10 11 285 12.00   72.00   0.00    0.0  0.45567E+09  -1.0  -1.0  -1.0  -1.0  -1.0  -1.0
2016 10 11 285 12.00   73.00   0.00    0.0  0.51722E+09  -1.0  -1.0  -1.0  -1.0  -1.0  -1.0
2016 10 11 285 12.00   74.00   0.00    0.0  0.57471E+09  -1.0  -1.0  -1.0  -1.0  -1.0  -1.0
2016 10 11 285 12.00   75.00   0.00    0.0  0.62674E+09  -1.0  -1.0  -1.0  -1.0  -1.0  -1.0
2016 10 11 285 12.00   76.00   0.00    0.0  0.67250E+09  -1.0  -1.0  -1.0  -1.0  -1.0  -1.0
2016 10 11 285 12.00   77.00   0.00    0.0  0.71184E+09  -1.0  -1.0  -1.0  -1.0  -1.0  -1.0
2016 10 11 285 12.00   78.00   0.00    0.0  0.74519E+09  -1.0  -1.0  -1.0  -1.0  -1.0  -1.0
2016 10 11 285 12.00   79.00   0.00    0.0  0.77350E+09  -1.0  -1.0  -1.0  -1.0  -1.0  -1.0
2016 10 11 285 12.00   80.00   0.00    0.0  0.79812E+09   0.0   0.0   0.0   0.6  99.4   0.0
2016 10 11 285 12.00   81.00   0.00    0.0  0.82073E+09   0.0   0.0   0.0   0.6  99.4   0.0
2016 10 11 285 12.00   82.00   0.00    0.0  0.84980E+09   0.0   0.0   0.0   0.6  99.4   0.0
2016 10 11 285 12.00   83.00   0.00    0.0  0.92655E+09   0.0   0.0   0.0   0.6  99.4   0.0
2016 10 11 285 12.00   84.00   0.00    0.0  0.11233E+10   0.0   0.0   0.0   0.8  99.2   0.0
2016 10 11 285 12.00   85.00   0.00    0.0  0.15991E+10   0.0   0.0   0.0   1.1  98.9   0.0
2016 10 11 285 12.00   86.00   0.00    0.0  0.27645E+10   0.0   0.0   0.0   1.9  98.1   0.0
2016 10 11 285 12.00   87.00   0.00    0.0  0.47862E+10   0.0   0.0   0.0   3.3  96.7   0.0
2016 10 11 285 12.00   88.00   0.00    0.0  0.78362E+10   0.0   0.0   0.0   5.2  94.8   0.0
2016 10 11 285 12.00   89.00   0.00    0.0  0.12176E+11   0.0   0.0   0.0   7.9  92.1   0.0
2016 10 11 285 12.00   90.00   0.00    0.0  0.18016E+11   0.0   0.0   0.0  11.2  88.8   0.0
2016 10 11 285 12.00   91.00   0.00    0.0  0.25472E+11   0.0   0.0   0.0  15.0  85.0   0.0
2016 10 11 285 12.00   92.00   0.00    0.0  0.34526E+11   0.0   0.0   0.0  19.3  80.7   0.0
2016 10 11 285 12.00   93.00   0.00    0.0  0.45009E+11   0.0   0.0   0.0  24.4  75.6   0.0
2016 10 11 285 12.00   94.00   0.00    0.0  0.56609E+11   0.0   0.0   0.0  29.5  70.5   0.0
2016 10 11 285 12.00   95.00   0.00    0.0  0.68903E+11   0.0   0.0   0.0  34.3  65.7   0.0
2016 10 11 285 12.00   96.00   0.00    0.0  0.81402E+11   0.0   0.0   0.0  38.7  61.3   0.0
2016 10 11 285 12.00   97.00   0.00    0.0  0.93612E+11   0.0   0.0   0.0  42.5  57.5   0.0
2016 10 11 285 12.00   98.00   0.00    0.0  0.10508E+12   0.0   0.0   0.0  45.6  54.3   0.0
2016 10 11 285 12.00   99.00   0.00    0.0  0.11545E+12   0.0   0.0   0.0  48.2  51.7   0.0
2016 10 11 285 12.00  100.00   0.00    0.0  0.12447E+12   0.0   0.0   0.0  50.3  49.7   0.0
2016 10 11 285 12.00  101.00   0.00    0.0  0.13200E+12   0.0   0.0   0.0  51.9  48.1   0.0
2016 10 11 285 12.00  102.00   0.00    0.0  0.13803E+12   0.0   0.0   0.0  53.0  47.0   0.0
2016 10 11 285 12.00  103.00   0.00    0.0  0.14263E+12   0.0   0.0   0.0  53.8  46.1   0.0
2016 10 11 285 12.00  104.00   0.00    0.0  0.14596E+12   0.0   0.0   0.0  54.4  45.6   0.0
2016 10 11 285 12.00  105.00   0.00    0.0  0.14821E+12   0.1   0.0   0.0  54.7  45.2   0.0
2016 10 11 285 12.00  106.00   0.00    0.0  0.14960E+12   0.1   0.0   0.0  54.8  45.1   0.0
2016 10 11 285 12.00  107.00   0.00    0.0  0.15035E+12   0.1   0.0   0.0  54.8  45.1   0.0
2016 10 11 285 12.00  108.00   0.00    0.0  0.15069E+12   0.1   0.0   0.0  54.7  45.2   0.0
2016 10 11 285 12.00  109.00   0.00    0.0  0.15079E+12   0.1   0.0   0.0  54.5  45.4   0.0
2016 10 11 285 12.00  110.00   0.00    0.0  0.15080E+12   0.2   0.0   0.0  54.2  45.6   0.0
2016 10 11 285 12.00  111.00   0.00    0.0  0.15012E+12   0.2   0.0   0.0  53.8  46.0   0.0
2016 10 11 285 12.00  112.00   0.00    0.0  0.14877E+12   0.2   0.0   0.0  53.3  46.5   0.0
2016 10 11 285 12.00  113.00   0.00    0.0  0.14869E+12   0.3   0.0   0.0  52.9  46.8   0.0
2016 10 11 285 12.00  114.00   0.00    0.0  0.15037E+12   0.4   0.0   0.0  52.6  47.0   0.0
2016 10 11 285 12.00  115.00   0.00    0.0  0.15112E+12   0.4   0.0   0.0  52.2  47.4   0.0
2016 10 11 285 12.00  116.00   0.00    0.0  0.15162E+12   0.5   0.0   0.0  51.8  47.7   0.0
2016 10 11 285 12.00  117.00   0.00    0.0  0.15212E+12   0.6   0.0   0.0  51.3  48.0   0.0
2016 10 11 285 12.00  118.00   0.00    0.0  0.15262E+12   0.7   0.0   0.0  50.9  48.4   0.0
2016 10 11 285 12.00  119.00   0.00    0.0  0.15313E+12   0.8   0.0   0.0  50.5  48.6   0.0
2016 10 11 285 12.00  120.00   0.00    0.0  0.15364E+12   1.0   0.0   0.0  50.1  48.9   0.0
2016 10 11 285 12.00  121.00   0.00    0.0  0.15416E+12   1.1   0.0   0.0  49.8  49.1   0.0
2016 10 11 285 12.00  122.00   0.00    0.0  0.15468E+12   1.3   0.0   0.0  49.5  49.2   0.1
2016 10 11 285 12.00  123.00   0.00    0.0  0.15520E+12   1.5   0.0   0.0  49.2  49.2   0.1
2016 10 11 285 12.00  124.00   0.00    0.0  0.15573E+12   1.7   0.0   0.0  49.1  49.2   0.1
2016 10 11 285 12.00  125.00   0.00    0.0  0.15627E+12   1.9   0.0   0.0  48.9  49.1   0.1
2016 10 11 285 12.00  126.00   0.00    0.0  0.15680E+12   2.1   0.0   0.0  48.8  49.1   0.1
2016 10 11 285 12.00  127.00   0.00    0.0  0.15735E+12   2.3   0.0   0.0  48.6  49.0   0.1
2016 10 11 285 12.00  128.00   0.00    0.0  0.15790E+12   2.5   0.0   0.0  48.5  48.9   0.1
2016 10 11 285 12.00  129.00   0.00    0.0  0.15845E+12   2.8   0.0   0.0  48.4  48.7   0.1
2016 10 11 285 12.00  130.00   0.00    0.0  0.15901E+12   3.1   0.0   0.0  48.2  48.6   0.1
2016 10 11 285 12.00  131.00   0.00    0.0  0.15957E+12   3.4   0.0   0.0  48.1  48.4   0.1
2016 10 11 285 12.00  132.00   0.00    0.0  0.16014E+12   3.7   0.0   0.0  48.0  48.2   0.1
2016 10 11 285 12.00  133.00   0.00    0.0  0.16072E+12   4.0   0.0   0.0  47.9  48.0   0.2
2016 10 11 285 12.00  134.00   0.00    0.0  0.16130E+12   4.3   0.0   0.0  47.8  47.7   0.2
2016 10 11 285 12.00  135.00   0.00    0.0  0.16188E+12   4.7   0.0   0.0  47.6  47.5   0.2
2016 10 11 285 12.00  136.00   0.00    0.0  0.16248E+12   5.0   0.0   0.0  47.5  47.2   0.2
2016 10 11 285 12.00  137.00   0.00    0.0  0.16308E+12   5.4   0.0   0.0  47.4  47.0   0.2
2016 10 11 285 12.00  138.00   0.00    0.0  0.16368E+12   5.8   0.0   0.0  47.2  46.7   0.2
2016 10 11 285 12.00  139.00   0.00    0.0  0.16429E+12   6.2   0.0   0.0  47.1  46.4   0.3
2016 10 11 285 12.00  140.00   0.00    0.0  0.16491E+12   6.7   0.0   0.0  46.9  46.1   0.3
2016 10 11 285 12.00  141.00   0.00    0.0  0.16553E+12   7.1   0.0   0.0  46.8  45.8   0.3
2016 10 11 285 12.00  142.00   0.00    0.0  0.16616E+12   7.6   0.0   0.0  46.6  45.5   0.3
2016 10 11 285 12.00  143.00   0.00    0.0  0.16680E+12   8.1   0.0   0.0  46.4  45.2   0.3
2016 10 11 285 12.00  144.00   0.00    0.0  0.16745E+12   8.6   0.0   0.0  46.2  44.9   0.3
2016 10 11 285 12.00  145.00   0.00    0.0  0.16810E+12   9.1   0.0   0.0  46.0  44.5   0.4
2016 10 11 285 12.00  146.00   0.00    0.0  0.16876E+12   9.7   0.0   0.0  45.8  44.2   0.4
2016 10 11 285 12.00  147.00   0.00    0.0  0.16943E+12  10.2   0.0   0.0  45.5  43.8   0.4
2016 10 11 285 12.00  148.00   0.00    0.0  0.17011E+12  10.8   0.0   0.0  45.3  43.5   0.4
2016 10 11 285 12.00  149.00   0.00    0.0  0.17079E+12  11.4   0.0   0.0  45.0  43.1   0.5
2016 10 11 285 12.00  150.00   0.00    0.0  0.17149E+12  12.0   0.0   0.0  44.7  42.8   0.5
2016 10 11 285 12.00  151.00   0.00    0.0  0.17219E+12  12.7   0.0   0.0  44.4  42.4   0.5
2016 10 11 285 12.00  152.00   0.00    0.0  0.17290E+12  13.3   0.0   0.0  44.1  42.0   0.5
2016 10 11 285 12.00  153.00   0.00    0.0  0.17362E+12  14.0   0.0   0.0  43.8  41.6   0.6
2016 10 11 285 12.00  154.00   0.00    0.0  0.17436E+12  14.7   0.0   0.0  43.4  41.3   0.6
2016 10 11 285 12.00  155.00   0.00    0.0  0.17510E+12  15.4   0.0   0.0  43.1  40.9   0.6
2016 10 11 285 12.00  156.00   0.00    0.0  0.17585E+12  16.2   0.0   0.0  42.7  40.5   0.7
2016 10 11 285 12.00  157.00   0.00    0.0  0.17662E+12  17.0   0.0   0.0  42.3  40.0   0.7
2016 10 11 285 12.00  158.00   0.00    0.0  0.17740E+12  17.7   0.0   0.0  41.9  39.6   0.7
2016 10 11 285 12.00  159.00   0.00    0.0  0.17819E+12  18.6   0.0   0.0  41.5  39.2   0.8
2016 10 11 285 12.00  160.00   0.00    0.0  0.17899E+12  19.4   0.0   0.0  41.0  38.8   0.8
2016 10 11 285 12.00  161.00   0.00    0.0  0.17980E+12  12.4   0.0   0.0  41.4  46.1   0.0
2016 10 11 285 12.00  162.00   0.00    0.0  0.18063E+12  83.5   0.0   0.0   7.8   8.7   0.0
2016 10 11 285 12.00  163.00   0.00    0.0  0.18147E+12  81.4   0.0   0.0   8.8   9.9   0.0
2016 10 11 285 12.00  164.00   0.00    0.0  0.18233E+12  79.5   0.0   0.0   9.6  10.9   0.0
2016 10 11 285 12.00  165.00   0.00    0.0  0.18321E+12  78.1   0.0   0.0  10.2  11.6   0.0
2016 10 11 285 12.00  166.00   0.00    0.0  0.18410E+12  76.6   0.0   0.0  10.9  12.5   0.0
2016 10 11 285 12.00  167.00   0.00    0.0  0.18501E+12  75.6   0.0   0.0  11.4  13.1   0.0
2016 10 11 285 12.00  168.00   0.00    0.0  0.18594E+12  74.6   0.0   0.0  11.8  13.6   0.0
2016 10 11 285 12.00  169.00   0.00    0.0  0.18689E+12  74.0   0.0   0.0  12.0  13.9   0.0
2016 10 11 285 12.00  170.00   0.00    0.0  0.18785E+12  73.7   0.0   0.0  12.1  14.2   0.0
2016 10 11 285 12.00  171.00   0.00    0.0  0.18885E+12  42.1   0.0   0.0  26.6  31.2   0.0
2016 10 11 285 12.00  172.00   0.00    0.0  0.18986E+12  44.7   0.0   0.0  25.4  29.9   0.0
2016 10 11 285 12.00  173.00   0.00    0.0  0.19090E+12  47.2   0.0   0.0  24.2  28.6   0.0
2016 10 11 285 12.00  174.00   0.00    0.0  0.19197E+12  49.6   0.0   0.0  23.0  27.4   0.0
2016 10 11 285 12.00  175.00   0.00    0.0  0.19307E+12  51.9   0.0   0.0  21.9  26.2   0.0
2016 10 11 285 12.00  176.00   0.00    0.0  0.19420E+12  54.1   0.0   0.0  20.9  25.1   0.0
2016 10 11 285 12.00  177.00   0.00    0.0  0.19537E+12  56.2   0.0   0.0  19.8  23.9   0.0
2016 10 11 285 12.00  178.00   0.00    0.0  0.19657E+12  58.2   0.0   0.0  18.9  22.9   0.0
2016 10 11 285 12.00  179.00   0.00    0.0  0.19782E+12  60.2   0.0   0.0  17.9  21.9   0.0
2016 10 11 285 12.00  180.00   0.00    0.0  0.19911E+12  62.1   0.0   0.0  17.0  20.8   0.0
2016 10 11 285 12.00  181.00   0.00    0.0  0.20046E+12  63.9   0.0   0.0  16.2  19.9   0.0
2016 10 11 285 12.00  182.00   0.00    0.0  0.20187E+12  65.6   0.0   0.0  15.4  19.0   0.0
2016 10 11 285 12.00  183.00   0.00    0.0  0.20334E+12  67.3   0.0   0.0  14.6  18.1   0.0
2016 10 11 285 12.00  184.00   0.00    0.0  0.20489E+12  68.9   0.0   0.0  13.8  17.3   0.0
2016 10 11 285 12.00  185.00   0.00    0.0  0.20653E+12  70.5   0.0   0.0  13.1  16.4   0.0
2016 10 11 285 12.00  186.00   0.00    0.0  0.20828E+12  71.9   0.0   0.0  12.4  15.7   0.0
2016 10 11 285 12.00  187.00   0.00    0.0  0.21016E+12  73.4   0.0   0.0  11.7  14.9   0.0
2016 10 11 285 12.00  188.00   0.00    0.0  0.21221E+12  74.7   0.0   0.0  11.1  14.2   0.0
2016 10 11 285 12.00  189.00   0.00    0.0  0.21449E+12  76.0   0.0   0.0  10.5  13.5   0.0
2016 10 11 285 12.00  190.00   0.00    0.0  0.21701E+12  77.3   0.0   0.0   9.9  12.8   0.0
2016 10 11 285 12.00  191.00   0.00    0.0  0.21954E+12  78.5   0.0   0.0   9.4  12.1   0.0
2016 10 11 285 12.00  192.00   0.00    0.0  0.22207E+12  79.6   0.0   0.0   8.8  11.5   0.0
2016 10 11 285 12.00  193.00   0.00    0.0  0.22459E+12  80.7   0.0   0.0   8.4  10.9   0.0
2016 10 11 285 12.00  194.00   0.00    0.0  0.22710E+12  81.7   0.0   0.0   7.9  10.4   0.0
2016 10 11 285 12.00  195.00   0.00    0.0  0.22959E+12  82.7   0.0   0.0   7.5   9.9   0.0
2016 10 11 285 12.00  196.00   0.00    0.0  0.23207E+12  83.6   0.0   0.0   7.0   9.4   0.0
2016 10 11 285 12.00  197.00   0.00    0.0  0.23453E+12  84.4   0.0   0.0   6.7   8.9   0.0
2016 10 11 285 12.00  198.00   0.00    0.0  0.23697E+12  85.2   0.0   0.0   6.3   8.5   0.0
2016 10 11 285 12.00  199.00   0.00    0.0  0.23939E+12  86.0   0.0   0.0   6.0   8.0   0.0
2016 10 11 285 12.00  200.00   0.00    0.0  0.24179E+12  86.7   0.0   0.0   5.6   7.6   0.0
2016 10 11 285 12.00  201.00   0.00    0.0  0.24416E+12  87.4   0.0   0.0   5.3   7.3   0.0
2016 10 11 285 12.00  202.00   0.00    0.0  0.24650E+12  88.0   0.0   0.0   5.0   6.9   0.0
2016 10 11 285 12.00  203.00   0.00    0.0  0.24881E+12  88.6   0.0   0.0   4.8   6.6   0.0
2016 10 11 285 12.00  204.00   0.00    0.0  0.25108E+12  89.2   0.0   0.0   4.5   6.2   0.0
2016 10 11 285 12.00  205.00   0.00    0.0  0.25330E+12  89.8   0.0   0.0   4.3   5.9   0.0
2016 10 11 285 12.00  206.00   0.00    0.0  0.25548E+12  90.3   0.0   0.0   4.0   5.7   0.0
2016 10 11 285 12.00  207.00   0.00    0.0  0.25761E+12  90.8   0.0   0.0   3.8   5.4   0.0
2016 10 11 285 12.00  208.00   0.00    0.0  0.25968E+12  91.2   0.0   0.0   3.6   5.1   0.0
2016 10 11 285 12.00  209.00   0.00    0.0  0.26168E+12  91.7   0.0   0.0   3.4   4.9   0.0
2016 10 11 285 12.00  210.00   0.00    0.0  0.26361E+12  92.1   0.0   0.0   3.2   4.7   0.0
2016 10 11 285 12.00  211.00   0.00    0.0  0.26544E+12  92.5   0.0   0.0   3.1   4.4   0.0
2016 10 11 285 12.00  212.00   0.00    0.0  0.26716E+12  92.8   0.0   0.0   2.9   4.2   0.0
2016 10 11 285 12.00  213.00   0.00    0.0  0.26875E+12  93.2   0.0   0.0   2.8   4.0   0.0
2016 10 11 285 12.00  214.00   0.00    0.0  0.27016E+12  93.5   0.0   0.0   2.6   3.9   0.0
2016 10 11 285 12.00  215.00   0.00    0.0  0.27126E+12  93.8   0.0   0.0   2.5   3.7   0.0
2016 10 11 285 12.00  216.00   0.00    0.0  0.27453E+12  94.1   0.0   0.0   2.4   3.5   0.0
2016 10 11 285 12.00  217.00   0.00    0.0  0.27882E+12  94.4   0.0   0.0   2.2   3.3   0.0
2016 10 11 285 12.00  218.00   0.00    0.0  0.28315E+12  95.0   0.0   0.0   2.0   3.0   0.0
2016 10 11 285 12.00  219.00   0.00    0.0  0.28752E+12  95.3   0.0   0.0   1.9   2.8   0.0
2016 10 11 285 12.00  220.00   0.00    0.0  0.29194E+12  95.5   0.0   0.0   1.8   2.7   0.0
2016 10 11 285 12.00  221.00   0.00    0.0  0.29641E+12  95.7   0.0   0.0   1.7   2.5   0.0
2016 10 11 285 12.00  222.00   0.00    0.0  0.30092E+12  96.0   0.0   0.0   1.6   2.4   0.0
2016 10 11 285 12.00  223.00   0.00    0.0  0.30547E+12  96.2   0.0   0.0   1.5   2.3   0.0
2016 10 11 285 12.00  224.00   0.00    0.0  0.31007E+12  96.4   0.0   0.0   1.4   2.2   0.0
2016 10 11 285 12.00  225.00   0.00    0.0  0.31471E+12  96.6   0.0   0.0   1.3   2.0   0.0
2016 10 11 285 12.00  226.00   0.00    0.0  0.31940E+12  96.8   0.0   0.0   1.2   1.9   0.0
2016 10 11 285 12.00  227.00   0.00    0.0  0.32413E+12  96.9   0.0   0.0   1.2   1.8   0.1
2016 10 11 285 12.00  228.00   0.00    0.0  0.32891E+12  97.1   0.0   0.0   1.1   1.7   0.1
2016 10 11 285 12.00  229.00   0.00    0.0  0.33373E+12  97.3   0.0   0.0   1.0   1.7   0.1
2016 10 11 285 12.00  230.00   0.00    0.0  0.33859E+12  97.4   0.0   0.0   1.0   1.6   0.1
2016 10 11 285 12.00  231.00   0.00    0.0  0.34349E+12  97.5   0.0   0.0   0.9   1.5   0.1
2016 10 11 285 12.00  232.00   0.00    0.0  0.34844E+12  97.7   0.0   0.0   0.9   1.4   0.1
2016 10 11 285 12.00  233.00   0.00    0.0  0.35344E+12  97.8   0.0   0.0   0.8   1.3   0.1
2016 10 11 285 12.00  234.00   0.00    0.0  0.35847E+12  97.9   0.0   0.0   0.8   1.3   0.1
2016 10 11 285 12.00  235.00   0.00    0.0  0.36355E+12  98.0   0.0   0.0   0.7   1.2   0.1
2016 10 11 285 12.00  236.00   0.00    0.0  0.36867E+12  98.1   0.0   0.0   0.7   1.1   0.1
2016 10 11 285 12.00  237.00   0.00    0.0  0.37383E+12  98.2   0.0   0.0   0.6   1.1   0.1
2016 10 11 285 12.00  238.00   0.00    0.0  0.37904E+12  98.3   0.0   0.0   0.6   1.0   0.1
2016 10 11 285 12.00  239.00   0.00    0.0  0.38428E+12  98.4   0.0   0.0   0.6   1.0   0.1
2016 10 11 285 12.00  240.00   0.00    0.0  0.38957E+12  98.5   0.0   0.0   0.5   0.9   0.1
2016 10 11 285 12.00  241.00   0.00    0.0  0.39489E+12  98.6   0.0   0.0   0.5   0.9   0.1
2016 10 11 285 12.00  242.00   0.00    0.0  0.40026E+12  98.6   0.0   0.0   0.5   0.8   0.1
2016 10 11 285 12.00  243.00   0.00    0.0  0.40566E+12  98.7   0.0   0.0   0.4   0.8   0.1
2016 10 11 285 12.00  244.00   0.00    0.0  0.41111E+12  98.8   0.0   0.0   0.4   0.7   0.1
2016 10 11 285 12.00  245.00   0.00    0.0  0.41659E+12  98.8   0.0   0.0   0.4   0.7   0.1
2016 10 11 285 12.00  246.00   0.00    0.0  0.42211E+12  98.9   0.0   0.0   0.4   0.7   0.1
2016 10 11 285 12.00  247.00   0.00    0.0  0.42767E+12  98.9   0.0   0.0   0.4   0.6   0.1
2016 10 11 285 12.00  248.00   0.00    0.0  0.43327E+12  99.0   0.0   0.0   0.3   0.6   0.1
2016 10 11 285 12.00  249.00   0.00    0.0  0.43890E+12  99.1   0.0   0.0   0.3   0.6   0.1
2016 10 11 285 12.00  250.00   0.00    0.0  0.44457E+12  99.1   0.0   0.0   0.3   0.5   0.1
2016 10 11 285 12.00  251.00   0.00    0.0  0.45028E+12  99.1   0.0   0.0   0.3   0.5   0.1
2016 10 11 285 12.00  252.00   0.00    0.0  0.45602E+12  99.2   0.0   0.0   0.3   0.5   0.1
2016 10 11 285 12.00  253.00   0.00    0.0  0.46179E+12  99.2   0.0   0.0   0.2   0.5   0.1
2016 10 11 285 12.00  254.00   0.00    0.0  0.46760E+12  99.3   0.0   0.0   0.2   0.4   0.1
2016 10 11 285 12.00  255.00   0.00    0.0  0.47344E+12  99.3   0.0   0.0   0.2   0.4   0.1
2016 10 11 285 12.00  256.00   0.00    0.0  0.47932E+12  99.3   0.0   0.0   0.2   0.4   0.1
2016 10 11 285 12.00  257.00   0.00    0.0  0.48522E+12  99.4   0.0   0.0   0.2   0.4   0.1
2016 10 11 285 12.00  258.00   0.00    0.0  0.49116E+12  99.4   0.0   0.0   0.2   0.3   0.1
2016 10 11 285 12.00  259.00   0.00    0.0  0.49713E+12  99.4   0.0   0.0   0.2   0.3   0.1
2016 10 11 285 12.00  260.00   0.00    0.0  0.50312E+12  99.5   0.0   0.0   0.2   0.3   0.1
2016 10 11 285 12.00  261.00   0.00    0.0  0.50915E+12  99.5   0.0   0.0   0.1   0.3   0.1
2016 10 11 285 12.00  262.00   0.00    0.0  0.51520E+12  99.5   0.0   0.0   0.1   0.3   0.1
2016 10 11 285 12.00  263.00   0.00    0.0  0.52128E+12  99.5   0.0   0.0   0.1   0.3   0.1
2016 10 11 285 12.00  264.00   0.00    0.0  0.52739E+12  99.5   0.0   0.0   0.1   0.2   0.1
2016 10 11 285 12.00  265.00   0.00    0.0  0.53352E+12  99.6   0.0   0.0   0.1   0.2   0.1
2016 10 11 285 12.00  266.00   0.00    0.0  0.53967E+12  99.6   0.0   0.0   0.1   0.2   0.1
2016 10 11 285 12.00  267.00   0.00    0.0  0.54585E+12  99.6   0.0   0.0   0.1   0.2   0.1
2016 10 11 285 12.00  268.00   0.00    0.0  0.55205E+12  99.6   0.0   0.0   0.1   0.2   0.1
2016 10 11 285 12.00  269.00   0.00    0.0  0.55828E+12  99.6   0.0   0.0   0.1   0.2   0.1
2016 10 11 285 12.00  270.00   0.00    0.0  0.56452E+12  99.7   0.0   0.0   0.1   0.2   0.1
2016 10 11 285 12.00  271.00   0.00    0.0  0.57079E+12  99.7   0.0   0.0   0.1   0.2   0.1
2016 10 11 285 12.00  272.00   0.00    0.0  0.57707E+12  99.7   0.0   0.0   0.1   0.1   0.1
2016 10 11 285 12.00  273.00   0.00    0.0  0.58337E+12  99.7   0.0   0.0   0.1   0.1   0.1
2016 10 11 285 12.00  274.00   0.00    0.0  0.58969E+12  99.7   0.0   0.0   0.1   0.1   0.1
2016 10 11 285 12.00  275.00   0.00    0.0  0.59602E+12  99.7   0.0   0.0   0.1   0.1   0.1
2016 10 11 285 12.00  276.00   0.00    0.0  0.60237E+12  99.7   0.0   0.0   0.1   0.1   0.1
2016 10 11 285 12.00  277.00   0.00    0.0  0.60873E+12  99.7   0.0   0.0   0.1   0.1   0.1
2016 10 11 285 12.00  278.00   0.00    0.0  0.61511E+12  99.8   0.0   0.0   0.0   0.1   0.1
2016 10 11 285 12.00  279.00   0.00    0.0  0.62149E+12  99.8   0.0   0.0   0.0   0.1   0.1
2016 10 11 285 12.00  280.00   0.00    0.0  0.62788E+12  99.8   0.0   0.0   0.0   0.1   0.1
2016 10 11 285 12.00  281.00   0.00    0.0  0.63429E+12  99.8   0.0   0.0   0.0   0.1   0.1
2016 10 11 285 12.00  282.00   0.00    0.0  0.64070E+12  99.8   0.0   0.0   0.0   0.1   0.1
2016 10 11 285 12.00  283.00   0.00    0.0  0.64712E+12  99.8   0.0   0.0   0.0   0.1   0.1
2016 10 11 285 12.00  284.00   0.00    0.0  0.65354E+12  99.8   0.0   0.0   0.0   0.1   0.1
2016 10 11 285 12.00  285.00   0.00    0.0  0.65997E+12  99.8   0.0   0.0   0.0   0.1   0.1
2016 10 11 285 12.00  286.00   0.00    0.0  0.66639E+12  99.8   0.0   0.0   0.0   0.1   0.1
2016 10 11 285 12.00  287.00   0.00    0.0  0.67282E+12  99.8   0.0   0.0   0.0   0.1   0.1
2016 10 11 285 12.00  288.00   0.00    0.0  0.67925E+12  99.8   0.0   0.0   0.0   0.1   0.1
2016 10 11 285 12.00  289.00   0.00    0.0  0.68568E+12  99.8   0.0   0.0   0.0   0.1   0.1
2016 10 11 285 12.00  290.00   0.00    0.0  0.69211E+12  99.8   0.0   0.0   0.0   0.0   0.1
2016 10 11 285 12.00  291.00   0.00    0.0  0.69853E+12  99.8   0.0   0.0   0.0   0.0   0.1
2016 10 11 285 12.00  292.00   0.00    0.0  0.70495E+12  99.8   0.0   0.0   0.0   0.0   0.1
2016 10 11 285 12.00  293.00   0.00    0.0  0.71136E+12  99.8   0.0   0.0   0.0   0.0   0.1
2016 10 11 285 12.00  294.00   0.00    0.0  0.71776E+12  99.8   0.0   0.0   0.0   0.0   0.1
2016 10 11 285 12.00  295.00   0.00    0.0  0.72415E+12  99.8   0.0   0.0   0.0   0.0   0.1
2016 10 11 285 12.00  296.00   0.00    0.0  0.73053E+12  99.8   0.0   0.0   0.0   0.0   0.1
2016 10 11 285 12.00  297.00   0.00    0.0  0.73690E+12  99.9   0.0   0.0   0.0   0.0   0.1
2016 10 11 285 12.00  298.00   0.00    0.0  0.74325E+12  99.9   0.0   0.0   0.0   0.0   0.1
2016 10 11 285 12.00  299.00   0.00    0.0  0.74959E+12  99.9   0.0   0.0   0.0   0.0   0.1
2016 10 11 285 12.00  300.00   0.00    0.0  0.75591E+12  99.9   0.0   0.0   0.0   0.0   0.1
2016 10 11 285 12.00  301.00   0.00    0.0  0.76221E+12  98.6   0.0   0.0   0.0   0.0   1.3
2016 10 11 285 12.00  302.00   0.00    0.0  0.76850E+12  98.6   0.0   0.0   0.0   0.0   1.3
2016 10 11 285 12.00  303.00   0.00    0.0  0.77476E+12  98.6   0.0   0.0   0.0   0.0   1.3
2016 10 11 285 12.00  304.00   0.00    0.0  0.78099E+12  98.6   0.0   0.0   0.0   0.0   1.3
2016 10 11 285 12.00  305.00   0.00    0.0  0.78721E+12  98.6   0.0   0.0   0.0   0.0   1.3
2016 10 11 285 12.00  306.00   0.00    0.0  0.79340E+12  98.6   0.0   0.0   0.0   0.0   1.3
2016 10 11 285 12.00  307.00   0.00    0.0  0.79955E+12  98.6   0.0   0.0   0.0   0.0   1.3
2016 10 11 285 12.00  308.00   0.00    0.0  0.80568E+12  98.6   0.0   0.0   0.0   0.0   1.3
2016 10 11 285 12.00  309.00   0.00    0.0  0.81178E+12  98.6   0.0   0.0   0.0   0.0   1.3
2016 10 11 285 12.00  310.00   0.00    0.0  0.81785E+12  98.6   0.0   0.0   0.0   0.0   1.3
2016 10 11 285 12.00  311.00   0.00    0.0  0.82388E+12  98.6   0.0   0.0   0.0   0.0   1.3
2016 10 11 285 12.00  312.00   0.00    0.0  0.82988E+12  98.6   0.0   0.0   0.0   0.0   1.3
2016 10 11 285 12.00  313.00   0.00    0.0  0.83584E+12  98.6   0.0   0.0   0.0   0.0   1.3
2016 10 11 285 12.00  314.00   0.00    0.0  0.84176E+12  98.6   0.0   0.0   0.0   0.0   1.4
2016 10 11 285 12.00  315.00   0.00    0.0  0.84764E+12  98.6   0.0   0.0   0.0   0.0   1.4
2016 10 11 285 12.00  316.00   0.00    0.0  0.85348E+12  98.6   0.0   0.0   0.0   0.0   1.4
2016 10 11 285 12.00  317.00   0.00    0.0  0.85927E+12  98.6   0.0   0.0   0.0   0.0   1.4
2016 10 11 285 12.00  318.00   0.00    0.0  0.86502E+12  98.6   0.0   0.0   0.0   0.0   1.4
2016 10 11 285 12.00  319.00   0.00    0.0  0.87072E+12  98.6   0.0   0.0   0.0   0.0   1.4
2016 10 11 285 12.00  320.00   0.00    0.0  0.87637E+12  98.6   0.0   0.0   0.0   0.0   1.4
2016 10 11 285 12.00  321.00   0.00    0.0  0.88197E+12  98.6   0.0   0.0   0.0   0.0   1.4
2016 10 11 285 12.00  322.00   0.00    0.0  0.88752E+12  98.6   0.0   0.0   0.0   0.0   1.4
2016 10 11 285 12.00  323.00   0.00    0.0  0.89302E+12  98.6   0.1   0.0   0.0   0.0   1.4
2016 10 11 285 12.00  324.00   0.00    0.0  0.89846E+12  98.6   0.1   0.0   0.0   0.0   1.4
2016 10 11 285 12.00  325.00   0.00    0.0  0.90384E+12  98.6   0.1   0.0   0.0   0.0   1.4
2016 10 11 285 12.00  326.00   0.00    0.0  0.90917E+12  98.6   0.1   0.0   0.0   0.0   1.4
2016 10 11 285 12.00  327.00   0.00    0.0  0.91444E+12  98.6   0.1   0.0   0.0   0.0   1.4
2016 10 11 285 12.00  328.00   0.00    0.0  0.91964E+12  98.6   0.1   0.0   0.0   0.0   1.4
2016 10 11 285 12.00  329.00   0.00    0.0  0.92478E+12  98.6   0.1   0.0   0.0   0.0   1.4
2016 10 11 285 12.00  330.00   0.00    0.0  0.92986E+12  98.6   0.1   0.0   0.0   0.0   1.4
2016 10 11 285 12.00  331.00   0.00    0.0  0.93487E+12  98.6   0.1   0.0   0.0   0.0   1.4
2016 10 11 285 12.00  332.00   0.00    0.0  0.93981E+12  98.6   0.1   0.0   0.0   0.0   1.4
2016 10 11 285 12.00  333.00   0.00    0.0  0.94468E+12  98.6   0.1   0.0   0.0   0.0   1.4
2016 10 11 285 12.00  334.00   0.00    0.0  0.94948E+12  98.5   0.1   0.0   0.0   0.0   1.4
2016 10 11 285 12.00  335.00   0.00    0.0  0.95421E+12  98.5   0.1   0.0   0.0   0.0   1.4
2016 10 11 285 12.00  336.00   0.00    0.0  0.95886E+12  98.5   0.1   0.0   0.0   0.0   1.4
2016 10 11 285 12.00  337.00   0.00    0.0  0.96344E+12  98.5   0.1   0.0   0.0   0.0   1.4
2016 10 11 285 12.00  338.00   0.00    0.0  0.96794E+12  98.5   0.1   0.0   0.0   0.0   1.4
2016 10 11 285 12.00  339.00   0.00    0.0  0.97236E+12  98.5   0.1   0.0   0.0   0.0   1.4
2016 10 11 285 12.00  340.00   0.00    0.0  0.97670E+12  98.5   0.1   0.0   0.0   0.0   1.4
2016 10 11 285 12.00  341.00   0.00    0.0  0.98096E+12  98.5   0.1   0.0   0.0   0.0   1.4
2016 10 11 285 12.00  342.00   0.00    0.0  0.98513E+12  98.5   0.1   0.0   0.0   0.0   1.4
2016 10 11 285 12.00  343.00   0.00    0.0  0.98922E+12  98.5   0.1   0.0   0.0   0.0   1.4
2016 10 11 285 12.00  344.00   0.00    0.0  0.99323E+12  98.5   0.1   0.0   0.0   0.0   1.4
2016 10 11 285 12.00  345.00   0.00    0.0  0.99714E+12  98.5   0.1   0.0   0.0   0.0   1.4
2016 10 11 285 12.00  346.00   0.00    0.0  0.10010E+13  98.5   0.1   0.0   0.0   0.0   1.4
2016 10 11 285 12.00  347.00   0.00    0.0  0.10047E+13  98.5   0.1   0.0   0.0   0.0   1.4
2016 10 11 285 12.00  348.00   0.00    0.0  0.10084E+13  98.5   0.1   0.0   0.0   0.0   1.4
2016 10 11 285 12.00  349.00   0.00    0.0  0.10119E+13  98.5   0.1   0.0   0.0   0.0   1.4
2016 10 11 285 12.00  350.00   0.00    0.0  0.10154E+13  98.5   0.1   0.0   0.0   0.0   1.4
2016 10 11 285 12.00  351.00   0.00    0.0  0.10187E+13  98.5   0.1   0.0   0.0   0.0   1.4
2016 10 11 285 12.00  352.00   0.00    0.0  0.10220E+13  98.5   0.1   0.0   0.0   0.0   1.4
2016 10 11 285 12.00  353.00   0.00    0.0  0.10251E+13  98.5   0.1   0.0   0.0   0.0   1.4
2016 10 11 285 12.00  354.00   0.00    0.0  0.10282E+13  98.5   0.1   0.0   0.0   0.0   1.4
2016 10 11 285 12.00  355.00   0.00    0.0  0.10312E+13  98.5   0.1   0.0   0.0   0.0   1.4
2016 10 11 285 12.00  356.00   0.00    0.0  0.10340E+13  98.5   0.1   0.0   0.0   0.0   1.4
2016 10 11 285 12.00  357.00   0.00    0.0  0.10368E+13  98.5   0.1   0.0   0.0   0.0   1.4
2016 10 11 285 12.00  358.00   0.00    0.0  0.10394E+13  98.5   0.1   0.0   0.0   0.0   1.4
2016 10 11 285 12.00  359.00   0.00    0.0  0.10420E+13  98.5   0.1   0.0   0.0   0.0   1.4
2016 10 11 285 12.00  360.00   0.00    0.0  0.10444E+13  98.5   0.1   0.0   0.0   0.0   1.4
2016 10 11 285 12.00  361.00   0.00    0.0  0.10468E+13  98.5   0.1   0.0   0.0   0.0   1.4
2016 10 11 285 12.00  362.00   0.00    0.0  0.10490E+13  98.5   0.1   0.0   0.0   0.0   1.4
2016 10 11 285 12.00  363.00   0.00    0.0  0.10511E+13  98.5   0.1   0.0   0.0   0.0   1.4
2016 10 11 285 12.00  364.00   0.00    0.0  0.10531E+13  98.5   0.1   0.0   0.0   0.0   1.4
2016 10 11 285 12.00  365.00   0.00    0.0  0.10550E+13  98.5   0.1   0.0   0.0   0.0   1.4
2016 10 11 285 12.00  366.00   0.00    0.0  0.10567E+13  98.5   0.1   0.0   0.0   0.0   1.4
2016 10 11 285 12.00  367.00   0.00    0.0  0.10584E+13  98.4   0.1   0.0   0.0   0.0   1.4
2016 10 11 285 12.00  368.00   0.00    0.0  0.10599E+13  98.4   0.1   0.0   0.0   0.0   1.4
2016 10 11 285 12.00  369.00   0.00    0.0  0.10614E+13  98.4   0.1   0.0   0.0   0.0   1.4
2016 10 11 285 12.00  370.00   0.00    0.0  0.10627E+13  98.4   0.1   0.0   0.0   0.0   1.4
2016 10 11 285 12.00  371.00   0.00    0.0  0.10638E+13  98.4   0.1   0.0   0.0   0.0   1.4
2016 10 11 285 12.00  372.00   0.00    0.0  0.10649E+13  98.4   0.1   0.0   0.0   0.0   1.4
2016 10 11 285 12.00  373.00   0.00    0.0  0.10658E+13  98.4   0.1   0.0   0.0   0.0   1.4
2016 10 11 285 12.00  374.00   0.00    0.0  0.10667E+13  98.4   0.1   0.0   0.0   0.0   1.5
2016 10 11 285 12.00  375.00   0.00    0.0  0.10674E+13  98.4   0.1   0.0   0.0   0.0   1.5
2016 10 11 285 12.00  376.00   0.00    0.0  0.10679E+13  98.4   0.1   0.0   0.0   0.0   1.5
2016 10 11 285 12.00  377.00   0.00    0.0  0.10684E+13  98.4   0.1   0.0   0.0   0.0   1.5
2016 10 11 285 12.00  378.00   0.00    0.0  0.10687E+13  98.4   0.1   0.0   0.0   0.0   1.5
2016 10 11 285 12.00  379.00   0.00    0.0  0.10688E+13  98.4   0.1   0.0   0.0   0.0   1.5
2016 10 11 285 12.00  380.00   0.00    0.0  0.10688E+13  98.4   0.1   0.0   0.0   0.0   1.5
2016 10 11 285 12.00  381.00   0.00    0.0  0.10687E+13  98.4   0.1   0.0   0.0   0.0   1.5
2016 10 11 285 12.00  382.00   0.00    0.0  0.10683E+13  98.4   0.1   0.0   0.0   0.0   1.5
2016 10 11 285 12.00  383.00   0.00    0.0  0.10677E+13  98.4   0.1   0.0   0.0   0.0   1.5
2016 10 11 285 12.00  384.00   0.00    0.0  0.10670E+13  98.4   0.1   0.0   0.0   0.0   1.5
2016 10 11 285 12.00  385.00   0.00    0.0  0.10661E+13  98.4   0.1   0.0   0.0   0.0   1.5
2016 10 11 285 12.00  386.00   0.00    0.0  0.10650E+13  98.4   0.1   0.0   0.0   0.0   1.5
2016 10 11 285 12.00  387.00   0.00    0.0  0.10637E+13  98.4   0.1   0.0   0.0   0.0   1.5
2016 10 11 285 12.00  388.00   0.00    0.0  0.10622E+13  98.4   0.1   0.0   0.0   0.0   1.5
2016 10 11 285 12.00  389.00   0.00    0.0  0.10606E+13  98.4   0.1   0.0   0.0   0.0   1.5
2016 10 11 285 12.00  390.00   0.00    0.0  0.10588E+13  98.4   0.1   0.0   0.0   0.0   1.5
2016 10 11 285 12.00  391.00   0.00    0.0  0.10568E+13  98.4   0.2   0.0   0.0   0.0   1.5
2016 10 11 285 12.00  392.00   0.00    0.0  0.10547E+13  98.4   0.2   0.0   0.0   0.0   1.5
2016 10 11 285 12.00  393.00   0.00    0.0  0.10524E+13  98.3   0.2   0.0   0.0   0.0   1.5
2016 10 11 285 12.00  394.00   0.00    0.0  0.10500E+13  98.3   0.2   0.0   0.0   0.0   1.5
2016 10 11 285 12.00  395.00   0.00    0.0  0.10474E+13  98.3   0.2   0.0   0.0   0.0   1.5
2016 10 11 285 12.00  396.00   0.00    0.0  0.10447E+13  98.3   0.2   0.0   0.0   0.0   1.5
2016 10 11 285 12.00  397.00   0.00    0.0  0.10418E+13  98.3   0.2   0.0   0.0   0.0   1.5
2016 10 11 285 12.00  398.00   0.00    0.0  0.10388E+13  98.3   0.2   0.0   0.0   0.0   1.5
2016 10 11 285 12.00  399.00   0.00    0.0  0.10356E+13  98.3   0.2   0.0   0.0   0.0   1.5
2016 10 11 285 12.00  400.00   0.00    0.0  0.10324E+13  98.3   0.2   0.0   0.0   0.0   1.5
2016 10 11 285 12.00  401.00   0.00    0.0  0.10290E+13  98.3   0.2   0.0   0.0   0.0   1.5
2016 10 11 285 12.00  402.00   0.00    0.0  0.10254E+13  98.3   0.2   0.0   0.0   0.0   1.5
2016 10 11 285 12.00  403.00   0.00    0.0  0.10218E+13  98.3   0.2   0.0   0.0   0.0   1.5
2016 10 11 285 12.00  404.00   0.00    0.0  0.10181E+13  98.3   0.2   0.0   0.0   0.0   1.5
2016 10 11 285 12.00  405.00   0.00    0.0  0.10142E+13  98.3   0.2   0.0   0.0   0.0   1.5
2016 10 11 285 12.00  406.00   0.00    0.0  0.10102E+13  98.3   0.2   0.0   0.0   0.0   1.5
2016 10 11 285 12.00  407.00   0.00    0.0  0.10061E+13  98.3   0.2   0.0   0.0   0.0   1.5
2016 10 11 285 12.00  408.00   0.00    0.0  0.10020E+13  98.3   0.2   0.0   0.0   0.0   1.5
2016 10 11 285 12.00  409.00   0.00    0.0  0.99768E+12  98.3   0.2   0.0   0.0   0.0   1.5
2016 10 11 285 12.00  410.00   0.00    0.0  0.99331E+12  98.3   0.2   0.0   0.0   0.0   1.5
2016 10 11 285 12.00  411.00   0.00    0.0  0.98885E+12  98.3   0.2   0.0   0.0   0.0   1.5
2016 10 11 285 12.00  412.00   0.00    0.0  0.98431E+12  98.3   0.2   0.0   0.0   0.0   1.5
2016 10 11 285 12.00  413.00   0.00    0.0  0.97968E+12  98.2   0.2   0.0   0.0   0.0   1.5
2016 10 11 285 12.00  414.00   0.00    0.0  0.97497E+12  98.2   0.2   0.0   0.0   0.0   1.5
2016 10 11 285 12.00  415.00   0.00    0.0  0.97019E+12  98.2   0.2   0.0   0.0   0.0   1.5
2016 10 11 285 12.00  416.00   0.00    0.0  0.96534E+12  98.2   0.2   0.0   0.0   0.0   1.5
2016 10 11 285 12.00  417.00   0.00    0.0  0.96041E+12  98.2   0.2   0.0   0.0   0.0   1.5
2016 10 11 285 12.00  418.00   0.00    0.0  0.95543E+12  98.2   0.2   0.0   0.0   0.0   1.5
2016 10 11 285 12.00  419.00   0.00    0.0  0.95037E+12  98.2   0.2   0.0   0.0   0.0   1.5
2016 10 11 285 12.00  420.00   0.00    0.0  0.94526E+12  98.2   0.2   0.0   0.0   0.0   1.5
2016 10 11 285 12.00  421.00   0.00    0.0  0.94009E+12  98.2   0.2   0.0   0.0   0.0   1.5
2016 10 11 285 12.00  422.00   0.00    0.0  0.93487E+12  98.2   0.2   0.0   0.0   0.0   1.5
2016 10 11 285 12.00  423.00   0.00    0.0  0.92960E+12  98.2   0.3   0.0   0.0   0.0   1.5
2016 10 11 285 12.00  424.00   0.00    0.0  0.92428E+12  98.2   0.3   0.0   0.0   0.0   1.5
2016 10 11 285 12.00  425.00   0.00    0.0  0.91892E+12  98.2   0.3   0.0   0.0   0.0   1.5
2016 10 11 285 12.00  426.00   0.00    0.0  0.91351E+12  98.2   0.3   0.0   0.0   0.0   1.5
2016 10 11 285 12.00  427.00   0.00    0.0  0.90807E+12  98.2   0.3   0.0   0.0   0.0   1.5
2016 10 11 285 12.00  428.00   0.00    0.0  0.90259E+12  98.2   0.3   0.0   0.0   0.0   1.5
2016 10 11 285 12.00  429.00   0.00    0.0  0.89707E+12  98.2   0.3   0.0   0.0   0.0   1.5
2016 10 11 285 12.00  430.00   0.00    0.0  0.89152E+12  98.1   0.3   0.0   0.0   0.0   1.5
2016 10 11 285 12.00  431.00   0.00    0.0  0.88595E+12  98.1   0.3   0.0   0.0   0.0   1.6
2016 10 11 285 12.00  432.00   0.00    0.0  0.88035E+12  98.1   0.3   0.0   0.0   0.0   1.6
2016 10 11 285 12.00  433.00   0.00    0.0  0.87472E+12  98.1   0.3   0.0   0.0   0.0   1.6
2016 10 11 285 12.00  434.00   0.00    0.0  0.86907E+12  98.1   0.3   0.0   0.0   0.0   1.6
2016 10 11 285 12.00  435.00   0.00    0.0  0.86341E+12  98.1   0.3   0.0   0.0   0.0   1.6
2016 10 11 285 12.00  436.00   0.00    0.0  0.85772E+12  98.1   0.3   0.0   0.0   0.0   1.6
2016 10 11 285 12.00  437.00   0.00    0.0  0.85203E+12  98.1   0.3   0.0   0.0   0.0   1.6
2016 10 11 285 12.00  438.00   0.00    0.0  0.84632E+12  98.1   0.3   0.0   0.0   0.0   1.6
2016 10 11 285 12.00  439.00   0.00    0.0  0.84059E+12  98.1   0.3   0.0   0.0   0.0   1.6
2016 10 11 285 12.00  440.00   0.00    0.0  0.83486E+12  98.1   0.3   0.0   0.0   0.0   1.6
2016 10 11 285 12.00  441.00   0.00    0.0  0.82912E+12  98.1   0.3   0.0   0.0   0.0   1.6
2016 10 11 285 12.00  442.00   0.00    0.0  0.82338E+12  98.1   0.3   0.0   0.0   0.0   1.6
2016 10 11 285 12.00  443.00   0.00    0.0  0.81764E+12  98.1   0.3   0.0   0.0   0.0   1.6
2016 10 11 285 12.00  444.00   0.00    0.0  0.81189E+12  98.0   0.4   0.0   0.0   0.0   1.6
2016 10 11 285 12.00  445.00   0.00    0.0  0.80614E+12  98.0   0.4   0.0   0.0   0.0   1.6
2016 10 11 285 12.00  446.00   0.00    0.0  0.80040E+12  98.0   0.4   0.0   0.0   0.0   1.6
2016 10 11 285 12.00  447.00   0.00    0.0  0.79465E+12  98.0   0.4   0.0   0.0   0.0   1.6
2016 10 11 285 12.00  448.00   0.00    0.0  0.78892E+12  98.0   0.4   0.0   0.0   0.0   1.6
2016 10 11 285 12.00  449.00   0.00    0.0  0.78319E+12  98.0   0.4   0.0   0.0   0.0   1.6
2016 10 11 285 12.00  450.00   0.00    0.0  0.77746E+12  98.0   0.4   0.0   0.0   0.0   1.6
2016 10 11 285 12.00  451.00   0.00    0.0  0.77175E+12  98.0   0.4   0.0   0.0   0.0   1.6
2016 10 11 285 12.00  452.00   0.00    0.0  0.76605E+12  98.0   0.4   0.0   0.0   0.0   1.6
2016 10 11 285 12.00  453.00   0.00    0.0  0.76036E+12  98.0   0.4   0.0   0.0   0.0   1.6
2016 10 11 285 12.00  454.00   0.00    0.0  0.75468E+12  98.0   0.4   0.0   0.0   0.0   1.6
2016 10 11 285 12.00  455.00   0.00    0.0  0.74902E+12  98.0   0.4   0.0   0.0   0.0   1.6
2016 10 11 285 12.00  456.00   0.00    0.0  0.74337E+12  97.9   0.4   0.0   0.0   0.0   1.6
2016 10 11 285 12.00  457.00   0.00    0.0  0.73774E+12  97.9   0.4   0.0   0.0   0.0   1.6
2016 10 11 285 12.00  458.00   0.00    0.0  0.73213E+12  97.9   0.4   0.0   0.0   0.0   1.6
2016 10 11 285 12.00  459.00   0.00    0.0  0.72654E+12  97.9   0.4   0.0   0.0   0.0   1.6
2016 10 11 285 12.00  460.00   0.00    0.0  0.72096E+12  97.9   0.5   0.0   0.0   0.0   1.6
2016 10 11 285 12.00  461.00   0.00    0.0  0.71541E+12  97.9   0.5   0.0   0.0   0.0   1.6
2016 10 11 285 12.00  462.00   0.00    0.0  0.70988E+12  97.9   0.5   0.0   0.0   0.0   1.6
2016 10 11 285 12.00  463.00   0.00    0.0  0.70437E+12  97.9   0.5   0.0   0.0   0.0   1.6
2016 10 11 285 12.00  464.00   0.00    0.0  0.69888E+12  97.9   0.5   0.0   0.0   0.0   1.6
2016 10 11 285 12.00  465.00   0.00    0.0  0.69342E+12  97.9   0.5   0.0   0.0   0.0   1.6
2016 10 11 285 12.00  466.00   0.00    0.0  0.68798E+12  97.8   0.5   0.0   0.0   0.0   1.6
2016 10 11 285 12.00  467.00   0.00    0.0  0.68257E+12  97.8   0.5   0.0   0.0   0.0   1.6
2016 10 11 285 12.00  468.00   0.00    0.0  0.67719E+12  97.8   0.5   0.0   0.0   0.0   1.6
2016 10 11 285 12.00  469.00   0.00    0.0  0.67183E+12  97.8   0.5   0.0   0.0   0.0   1.6
2016 10 11 285 12.00  470.00   0.00    0.0  0.66650E+12  97.8   0.5   0.0   0.0   0.0   1.6
2016 10 11 285 12.00  471.00   0.00    0.0  0.66120E+12  97.8   0.5   0.0   0.0   0.0   1.6
2016 10 11 285 12.00  472.00   0.00    0.0  0.65592E+12  97.8   0.6   0.0   0.0   0.0   1.6
2016 10 11 285 12.00  473.00   0.00    0.0  0.65068E+12  97.8   0.6   0.0   0.0   0.0   1.6
2016 10 11 285 12.00  474.00   0.00    0.0  0.64547E+12  97.8   0.6   0.0   0.0   0.0   1.6
2016 10 11 285 12.00  475.00   0.00    0.0  0.64028E+12  97.8   0.6   0.0   0.0   0.0   1.6
2016 10 11 285 12.00  476.00   0.00    0.0  0.63513E+12  97.7   0.6   0.0   0.0   0.0   1.6
2016 10 11 285 12.00  477.00   0.00    0.0  0.63001E+12  97.7   0.6   0.0   0.0   0.0   1.6
2016 10 11 285 12.00  478.00   0.00    0.0  0.62491E+12  97.7   0.6   0.0   0.0   0.0   1.6
2016 10 11 285 12.00  479.00   0.00    0.0  0.61986E+12  97.7   0.6   0.0   0.0   0.0   1.6
2016 10 11 285 12.00  480.00   0.00    0.0  0.61483E+12  97.7   0.6   0.0   0.0   0.0   1.6
2016 10 11 285 12.00  481.00   0.00    0.0  0.60983E+12  97.7   0.6   0.0   0.0   0.0   1.6
2016 10 11 285 12.00  482.00   0.00    0.0  0.60487E+12  97.7   0.6   0.0   0.0   0.0   1.6
2016 10 11 285 12.00  483.00   0.00    0.0  0.59994E+12  97.7   0.7   0.0   0.0   0.0   1.6
2016 10 11 285 12.00  484.00   0.00    0.0  0.59505E+12  97.6   0.7   0.0   0.0   0.0   1.6
2016 10 11 285 12.00  485.00   0.00    0.0  0.59019E+12  97.6   0.7   0.0   0.0   0.0   1.6
2016 10 11 285 12.00  486.00   0.00    0.0  0.58536E+12  97.6   0.7   0.0   0.0   0.0   1.6
2016 10 11 285 12.00  487.00   0.00    0.0  0.58056E+12  97.6   0.7   0.0   0.0   0.0   1.7
2016 10 11 285 12.00  488.00   0.00    0.0  0.57580E+12  97.6   0.7   0.0   0.0   0.0   1.7
2016 10 11 285 12.00  489.00   0.00    0.0  0.57108E+12  97.6   0.7   0.0   0.0   0.0   1.7
2016 10 11 285 12.00  490.00   0.00    0.0  0.56638E+12  97.6   0.7   0.0   0.0   0.0   1.7
2016 10 11 285 12.00  491.00   0.00    0.0  0.56173E+12  97.5   0.7   0.0   0.0   0.0   1.7
2016 10 11 285 12.00  492.00   0.00    0.0  0.55710E+12  97.5   0.8   0.0   0.0   0.0   1.7
2016 10 11 285 12.00  493.00   0.00    0.0  0.55252E+12  97.5   0.8   0.0   0.0   0.0   1.7
2016 10 11 285 12.00  494.00   0.00    0.0  0.54796E+12  97.5   0.8   0.0   0.0   0.0   1.7
2016 10 11 285 12.00  495.00   0.00    0.0  0.54344E+12  97.5   0.8   0.0   0.0   0.0   1.7
2016 10 11 285 12.00  496.00   0.00    0.0  0.53896E+12  97.5   0.8   0.0   0.0   0.0   1.7
2016 10 11 285 12.00  497.00   0.00    0.0  0.53451E+12  97.5   0.8   0.1   0.0   0.0   1.7
2016 10 11 285 12.00  498.00   0.00    0.0  0.53010E+12  97.4   0.8   0.1   0.0   0.0   1.7
2016 10 11 285 12.00  499.00   0.00    0.0  0.52572E+12  97.4   0.9   0.1   0.0   0.0   1.7
2016 10 11 285 12.00  500.00   0.00    0.0  0.52137E+12  97.4   0.9   0.1   0.0   0.0   1.7
2016 10 11 285 12.00  501.00   0.00    0.0  0.51706E+12  97.4   0.9   0.1   0.0   0.0   1.7
2016 10 11 285 12.00  502.00   0.00    0.0  0.51279E+12  97.4   0.9   0.1   0.0   0.0   1.7
2016 10 11 285 12.00  503.00   0.00    0.0  0.50855E+12  97.4   0.9   0.1   0.0   0.0   1.7
2016 10 11 285 12.00  504.00   0.00    0.0  0.50434E+12  97.3   0.9   0.1   0.0   0.0   1.7
2016 10 11 285 12.00  505.00   0.00    0.0  0.50017E+12  97.3   0.9   0.1   0.0   0.0   1.7
2016 10 11 285 12.00  506.00   0.00    0.0  0.49603E+12  97.3   1.0   0.1   0.0   0.0   1.7
2016 10 11 285 12.00  507.00   0.00    0.0  0.49193E+12  97.3   1.0   0.1   0.0   0.0   1.7
2016 10 11 285 12.00  508.00   0.00    0.0  0.48786E+12  97.3   1.0   0.1   0.0   0.0   1.7
2016 10 11 285 12.00  509.00   0.00    0.0  0.48383E+12  97.3   1.0   0.1   0.0   0.0   1.7
2016 10 11 285 12.00  510.00   0.00    0.0  0.47983E+12  97.2   1.0   0.1   0.0   0.0   1.7
2016 10 11 285 12.00  511.00   0.00    0.0  0.47587E+12  97.2   1.0   0.1   0.0   0.0   1.7
2016 10 11 285 12.00  512.00   0.00    0.0  0.47194E+12  97.2   1.0   0.1   0.0   0.0   1.7
2016 10 11 285 12.00  513.00   0.00    0.0  0.46804E+12  97.2   1.1   0.1   0.0   0.0   1.7
2016 10 11 285 12.00  514.00   0.00    0.0  0.46417E+12  97.2   1.1   0.1   0.0   0.0   1.7
2016 10 11 285 12.00  515.00   0.00    0.0  0.46034E+12  97.1   1.1   0.1   0.0   0.0   1.7
2016 10 11 285 12.00  516.00   0.00    0.0  0.45655E+12  97.1   1.1   0.1   0.0   0.0   1.7
2016 10 11 285 12.00  517.00   0.00    0.0  0.45278E+12  97.1   1.1   0.1   0.0   0.0   1.7
2016 10 11 285 12.00  518.00   0.00    0.0  0.44905E+12  97.1   1.2   0.1   0.0   0.0   1.7
2016 10 11 285 12.00  519.00   0.00    0.0  0.44535E+12  97.1   1.2   0.1   0.0   0.0   1.7
2016 10 11 285 12.00  520.00   0.00    0.0  0.44169E+12  97.0   1.2   0.1   0.0   0.0   1.7
2016 10 11 285 12.00  521.00   0.00    0.0  0.43806E+12  97.0   1.2   0.1   0.0   0.0   1.7
2016 10 11 285 12.00  522.00   0.00    0.0  0.43446E+12  97.0   1.2   0.1   0.0   0.0   1.7
2016 10 11 285 12.00  523.00   0.00    0.0  0.43089E+12  97.0   1.2   0.1   0.0   0.0   1.7
2016 10 11 285 12.00  524.00   0.00    0.0  0.42735E+12  96.9   1.3   0.1   0.0   0.0   1.7
2016 10 11 285 12.00  525.00   0.00    0.0  0.42385E+12  96.9   1.3   0.1   0.0   0.0   1.7
2016 10 11 285 12.00  526.00   0.00    0.0  0.42037E+12  96.9   1.3   0.1   0.0   0.0   1.7
2016 10 11 285 12.00  527.00   0.00    0.0  0.41693E+12  96.9   1.3   0.1   0.0   0.0   1.7
2016 10 11 285 12.00  528.00   0.00    0.0  0.41352E+12  96.9   1.3   0.1   0.0   0.0   1.7
2016 10 11 285 12.00  529.00   0.00    0.0  0.41014E+12  96.8   1.4   0.1   0.0   0.0   1.7
2016 10 11 285 12.00  530.00   0.00    0.0  0.40679E+12  96.8   1.4   0.1   0.0   0.0   1.7
2016 10 11 285 12.00  531.00   0.00    0.0  0.40348E+12  96.8   1.4   0.1   0.0   0.0   1.7
2016 10 11 285 12.00  532.00   0.00    0.0  0.40019E+12  96.8   1.4   0.1   0.0   0.0   1.7
2016 10 11 285 12.00  533.00   0.00    0.0  0.39693E+12  96.7   1.5   0.1   0.0   0.0   1.7
2016 10 11 285 12.00  534.00   0.00    0.0  0.39370E+12  96.7   1.5   0.1   0.0   0.0   1.7
2016 10 11 285 12.00  535.00   0.00    0.0  0.39051E+12  96.7   1.5   0.1   0.0   0.0   1.7
2016 10 11 285 12.00  536.00   0.00    0.0  0.38734E+12  96.7   1.5   0.1   0.0   0.0   1.7
2016 10 11 285 12.00  537.00   0.00    0.0  0.38420E+12  96.6   1.6   0.1   0.0   0.0   1.7
2016 10 11 285 12.00  538.00   0.00    0.0  0.38109E+12  96.6   1.6   0.1   0.0   0.0   1.7
2016 10 11 285 12.00  539.00   0.00    0.0  0.37801E+12  96.6   1.6   0.1   0.0   0.0   1.7
2016 10 11 285 12.00  540.00   0.00    0.0  0.37496E+12  96.5   1.6   0.1   0.0   0.0   1.7
2016 10 11 285 12.00  541.00   0.00    0.0  0.37193E+12  96.5   1.7   0.1   0.0   0.0   1.7
2016 10 11 285 12.00  542.00   0.00    0.0  0.36893E+12  96.5   1.7   0.1   0.0   0.0   1.7
2016 10 11 285 12.00  543.00   0.00    0.0  0.36597E+12  96.5   1.7   0.1   0.0   0.0   1.7
2016 10 11 285 12.00  544.00   0.00    0.0  0.36303E+12  96.4   1.7   0.1   0.0   0.0   1.7
2016 10 11 285 12.00  545.00   0.00    0.0  0.36011E+12  96.4   1.8   0.1   0.0   0.0   1.8
2016 10 11 285 12.00  546.00   0.00    0.0  0.35723E+12  96.4   1.8   0.1   0.0   0.0   1.8
2016 10 11 285 12.00  547.00   0.00    0.0  0.35437E+12  96.3   1.8   0.1   0.0   0.0   1.8
2016 10 11 285 12.00  548.00   0.00    0.0  0.35154E+12  96.3   1.8   0.1   0.0   0.0   1.8
2016 10 11 285 12.00  549.00   0.00    0.0  0.34873E+12  96.3   1.9   0.1   0.0   0.0   1.8
2016 10 11 285 12.00  550.00   0.00    0.0  0.34595E+12  96.2   1.9   0.1   0.0   0.0   1.8
2016 10 11 285 12.00  551.00   0.00    0.0  0.34320E+12  96.2   1.9   0.1   0.0   0.0   1.8
2016 10 11 285 12.00  552.00   0.00    0.0  0.34047E+12  96.2   2.0   0.1   0.0   0.0   1.8
2016 10 11 285 12.00  553.00   0.00    0.0  0.33777E+12  96.1   2.0   0.1   0.0   0.0   1.8
2016 10 11 285 12.00  554.00   0.00    0.0  0.33510E+12  96.1   2.0   0.1   0.0   0.0   1.8
2016 10 11 285 12.00  555.00   0.00    0.0  0.33245E+12  96.1   2.1   0.1   0.0   0.0   1.8
2016 10 11 285 12.00  556.00   0.00    0.0  0.32982E+12  96.0   2.1   0.1   0.0   0.0   1.8
2016 10 11 285 12.00  557.00   0.00    0.0  0.32722E+12  96.0   2.1   0.1   0.0   0.0   1.8
2016 10 11 285 12.00  558.00   0.00    0.0  0.32465E+12  96.0   2.2   0.1   0.0   0.0   1.8
2016 10 11 285 12.00  559.00   0.00    0.0  0.32209E+12  95.9   2.2   0.1   0.0   0.0   1.8
2016 10 11 285 12.00  560.00   0.00    0.0  0.31957E+12  95.9   2.2   0.1   0.0   0.0   1.8
2016 10 11 285 12.00  561.00   0.00    0.0  0.31706E+12  95.9   2.3   0.1   0.0   0.0   1.8
2016 10 11 285 12.00  562.00   0.00    0.0  0.31458E+12  95.8   2.3   0.1   0.0   0.0   1.8
2016 10 11 285 12.00  563.00   0.00    0.0  0.31213E+12  95.8   2.3   0.1   0.0   0.0   1.8
2016 10 11 285 12.00  564.00   0.00    0.0  0.30969E+12  95.7   2.4   0.1   0.0   0.0   1.8
2016 10 11 285 12.00  565.00   0.00    0.0  0.30728E+12  95.7   2.4   0.1   0.0   0.0   1.8
2016 10 11 285 12.00  566.00   0.00    0.0  0.30490E+12  95.7   2.5   0.1   0.0   0.0   1.8
2016 10 11 285 12.00  567.00   0.00    0.0  0.30253E+12  95.6   2.5   0.1   0.0   0.0   1.8
2016 10 11 285 12.00  568.00   0.00    0.0  0.30019E+12  95.6   2.5   0.1   0.0   0.0   1.8
2016 10 11 285 12.00  569.00   0.00    0.0  0.29787E+12  95.5   2.6   0.1   0.0   0.0   1.8
2016 10 11 285 12.00  570.00   0.00    0.0  0.29557E+12  95.5   2.6   0.1   0.0   0.0   1.8
2016 10 11 285 12.00  571.00   0.00    0.0  0.29329E+12  95.4   2.6   0.1   0.0   0.0   1.8
2016 10 11 285 12.00  572.00   0.00    0.0  0.29104E+12  95.4   2.7   0.1   0.0   0.0   1.8
2016 10 11 285 12.00  573.00   0.00    0.0  0.28881E+12  95.4   2.7   0.1   0.0   0.0   1.8
2016 10 11 285 12.00  574.00   0.00    0.0  0.28659E+12  95.3   2.8   0.1   0.0   0.0   1.8
2016 10 11 285 12.00  575.00   0.00    0.0  0.28440E+12  95.3   2.8   0.1   0.0   0.0   1.8
2016 10 11 285 12.00  576.00   0.00    0.0  0.28223E+12  95.2   2.9   0.1   0.0   0.0   1.8
2016 10 11 285 12.00  577.00   0.00    0.0  0.28008E+12  95.2   2.9   0.1   0.0   0.0   1.8
2016 10 11 285 12.00  578.00   0.00    0.0  0.27795E+12  95.1   2.9   0.1   0.0   0.0   1.8
2016 10 11 285 12.00  579.00   0.00    0.0  0.27584E+12  95.1   3.0   0.1   0.0   0.0   1.8
2016 10 11 285 12.00  580.00   0.00    0.0  0.27375E+12  95.0   3.0   0.1   0.0   0.0   1.8
2016 10 11 285 12.00  581.00   0.00    0.0  0.27168E+12  95.0   3.1   0.1   0.0   0.0   1.8
2016 10 11 285 12.00  582.00   0.00    0.0  0.26963E+12  94.9   3.1   0.1   0.0   0.0   1.8
2016 10 11 285 12.00  583.00   0.00    0.0  0.26760E+12  94.9   3.2   0.1   0.0   0.0   1.8
2016 10 11 285 12.00  584.00   0.00    0.0  0.26559E+12  94.8   3.2   0.1   0.0   0.0   1.8
2016 10 11 285 12.00  585.00   0.00    0.0  0.26359E+12  94.8   3.3   0.1   0.0   0.0   1.8
2016 10 11 285 12.00  586.00   0.00    0.0  0.26162E+12  94.7   3.3   0.1   0.0   0.0   1.8
2016 10 11 285 12.00  587.00   0.00    0.0  0.25966E+12  94.7   3.4   0.1   0.0   0.0   1.8
2016 10 11 285 12.00  588.00   0.00    0.0  0.25773E+12  94.6   3.4   0.1   0.0   0.0   1.8
2016 10 11 285 12.00  589.00   0.00    0.0  0.25581E+12  94.6   3.5   0.1   0.0   0.0   1.8
2016 10 11 285 12.00  590.00   0.00    0.0  0.25391E+12  94.5   3.5   0.1   0.0   0.0   1.8
2016 10 11 285 12.00  591.00   0.00    0.0  0.25202E+12  94.4   3.6   0.1   0.0   0.0   1.8
2016 10 11 285 12.00  592.00   0.00    0.0  0.25016E+12  94.4   3.6   0.2   0.0   0.0   1.8
2016 10 11 285 12.00  593.00   0.00    0.0  0.24831E+12  94.3   3.7   0.2   0.0   0.0   1.8
2016 10 11 285 12.00  594.00   0.00    0.0  0.24648E+12  94.3   3.8   0.2   0.0   0.0   1.8
2016 10 11 285 12.00  595.00   0.00    0.0  0.24466E+12  94.2   3.8   0.2   0.0   0.0   1.8
2016 10 11 285 12.00  596.00   0.00    0.0  0.24287E+12  94.1   3.9   0.2   0.0   0.0   1.8
2016 10 11 285 12.00  597.00   0.00    0.0  0.24109E+12  94.1   3.9   0.2   0.0   0.0   1.8
2016 10 11 285 12.00  598.00   0.00    0.0  0.23933E+12  94.0   4.0   0.2   0.0   0.0   1.8
2016 10 11 285 12.00  599.00   0.00    0.0  0.23758E+12  94.0   4.0   0.2   0.0   0.0   1.8
2016 10 11 285 12.00  600.00   0.00    0.0  0.23585E+12  93.9   4.1   0.2   0.0   0.0   1.8
2016 10 11 285 12.00  601.00   0.00    0.0  0.23413E+12  93.8   4.2   0.2   0.0   0.0   1.8
2016 10 11 285 12.00  602.00   0.00    0.0  0.23244E+12  93.8   4.2   0.2   0.0   0.0   1.8
2016 10 11 285 12.00  603.00   0.00    0.0  0.23075E+12  93.7   4.3   0.2   0.0   0.0   1.8
2016 10 11 285 12.00  604.00   0.00    0.0  0.22909E+12  93.6   4.4   0.2   0.0   0.0   1.8
2016 10 11 285 12.00  605.00   0.00    0.0  0.22743E+12  93.6   4.4   0.2   0.0   0.0   1.8
2016 10 11 285 12.00  606.00   0.00    0.0  0.22580E+12  93.5   4.5   0.2   0.0   0.0   1.8
2016 10 11 285 12.00  607.00   0.00    0.0  0.22418E+12  93.4   4.6   0.2   0.0   0.0   1.8
2016 10 11 285 12.00  608.00   0.00    0.0  0.22257E+12  93.4   4.6   0.2   0.0   0.0   1.8
2016 10 11 285 12.00  609.00   0.00    0.0  0.22098E+12  93.3   4.7   0.2   0.0   0.0   1.8
2016 10 11 285 12.00  610.00   0.00    0.0  0.21940E+12  93.2   4.8   0.2   0.0   0.0   1.8
2016 10 11 285 12.00  611.00   0.00    0.0  0.21784E+12  93.2   4.8   0.2   0.0   0.0   1.8
2016 10 11 285 12.00  612.00   0.00    0.0  0.21629E+12  93.1   4.9   0.2   0.0   0.0   1.8
2016 10 11 285 12.00  613.00   0.00    0.0  0.21476E+12  93.0   5.0   0.2   0.0   0.0   1.8
2016 10 11 285 12.00  614.00   0.00    0.0  0.21324E+12  92.9   5.0   0.2   0.0   0.0   1.8
2016 10 11 285 12.00  615.00   0.00    0.0  0.21174E+12  92.9   5.1   0.2   0.0   0.0   1.8
2016 10 11 285 12.00  616.00   0.00    0.0  0.21024E+12  92.8   5.2   0.2   0.0   0.0   1.8
2016 10 11 285 12.00  617.00   0.00    0.0  0.20877E+12  92.7   5.2   0.2   0.0   0.0   1.8
2016 10 11 285 12.00  618.00   0.00    0.0  0.20730E+12  92.6   5.3   0.2   0.0   0.0   1.8
2016 10 11 285 12.00  619.00   0.00    0.0  0.20585E+12  92.6   5.4   0.2   0.0   0.0   1.9
2016 10 11 285 12.00  620.00   0.00    0.0  0.20441E+12  92.5   5.5   0.2   0.0   0.0   1.9
2016 10 11 285 12.00  621.00   0.00    0.0  0.20299E+12  92.4   5.5   0.2   0.0   0.0   1.9
2016 10 11 285 12.00  622.00   0.00    0.0  0.20158E+12  92.3   5.6   0.2   0.0   0.0   1.9
2016 10 11 285 12.00  623.00   0.00    0.0  0.20018E+12  92.2   5.7   0.2   0.0   0.0   1.9
2016 10 11 285 12.00  624.00   0.00    0.0  0.19879E+12  92.2   5.8   0.2   0.0   0.0   1.9
2016 10 11 285 12.00  625.00   0.00    0.0  0.19742E+12  92.1   5.8   0.2   0.0   0.0   1.9
2016 10 11 285 12.00  626.00   0.00    0.0  0.19606E+12  92.0   5.9   0.2   0.0   0.0   1.9
2016 10 11 285 12.00  627.00   0.00    0.0  0.19471E+12  91.9   6.0   0.2   0.0   0.0   1.9
2016 10 11 285 12.00  628.00   0.00    0.0  0.19337E+12  91.8   6.1   0.2   0.0   0.0   1.9
2016 10 11 285 12.00  629.00   0.00    0.0  0.19205E+12  91.8   6.1   0.2   0.0   0.0   1.9
2016 10 11 285 12.00  630.00   0.00    0.0  0.19074E+12  91.7   6.2   0.2   0.0   0.0   1.9
2016 10 11 285 12.00  631.00   0.00    0.0  0.18944E+12  91.6   6.3   0.2   0.0   0.0   1.9
2016 10 11 285 12.00  632.00   0.00    0.0  0.18815E+12  91.5   6.4   0.2   0.0   0.0   1.9
2016 10 11 285 12.00  633.00   0.00    0.0  0.18687E+12  91.4   6.5   0.2   0.0   0.0   1.9
2016 10 11 285 12.00  634.00   0.00    0.0  0.18561E+12  91.3   6.5   0.2   0.0   0.0   1.9
2016 10 11 285 12.00  635.00   0.00    0.0  0.18435E+12  91.3   6.6   0.2   0.0   0.0   1.9
2016 10 11 285 12.00  636.00   0.00    0.0  0.18311E+12  91.2   6.7   0.2   0.0   0.0   1.9
2016 10 11 285 12.00  637.00   0.00    0.0  0.18188E+12  91.1   6.8   0.2   0.0   0.0   1.9
2016 10 11 285 12.00  638.00   0.00    0.0  0.18065E+12  91.0   6.9   0.2   0.0   0.0   1.9
2016 10 11 285 12.00  639.00   0.00    0.0  0.17944E+12  90.9   7.0   0.2   0.0   0.0   1.9
2016 10 11 285 12.00  640.00   0.00    0.0  0.17825E+12  90.8   7.0   0.2   0.0   0.0   1.9
2016 10 11 285 12.00  641.00   0.00    0.0  0.17706E+12  90.8   7.1   0.3   0.0   0.0   1.9
2016 10 11 285 12.00  642.00   0.00    0.0  0.17588E+12  90.7   7.2   0.3   0.0   0.0   1.9
2016 10 11 285 12.00  643.00   0.00    0.0  0.17471E+12  90.6   7.3   0.3   0.0   0.0   1.9
2016 10 11 285 12.00  644.00   0.00    0.0  0.17355E+12  90.5   7.4   0.3   0.0   0.0   1.9
2016 10 11 285 12.00  645.00   0.00    0.0  0.17241E+12  90.4   7.4   0.3   0.0   0.0   1.9
2016 10 11 285 12.00  646.00   0.00    0.0  0.17127E+12  90.3   7.5   0.3   0.0   0.0   1.9
2016 10 11 285 12.00  647.00   0.00    0.0  0.17014E+12  90.2   7.6   0.3   0.0   0.0   1.9
2016 10 11 285 12.00  648.00   0.00    0.0  0.16902E+12  90.1   7.7   0.3   0.0   0.0   1.9
2016 10 11 285 12.00  649.00   0.00    0.0  0.16792E+12  90.1   7.8   0.3   0.0   0.0   1.9
2016 10 11 285 12.00  650.00   0.00    0.0  0.16682E+12  90.0   7.9   0.3   0.0   0.0   1.9
2016 10 11 285 12.00  651.00   0.00    0.0  0.16573E+12  89.9   7.9   0.3   0.0   0.0   1.9
2016 10 11 285 12.00  652.00   0.00    0.0  0.16465E+12  89.8   8.0   0.3   0.0   0.0   1.9
2016 10 11 285 12.00  653.00   0.00    0.0  0.16358E+12  89.7   8.1   0.3   0.0   0.0   1.9
2016 10 11 285 12.00  654.00   0.00    0.0  0.16252E+12  89.6   8.2   0.3   0.0   0.0   1.9
2016 10 11 285 12.00  655.00   0.00    0.0  0.16147E+12  89.5   8.3   0.3   0.0   0.0   1.9
2016 10 11 285 12.00  656.00   0.00    0.0  0.16043E+12  89.5   8.3   0.3   0.0   0.0   1.9
2016 10 11 285 12.00  657.00   0.00    0.0  0.15940E+12  89.4   8.4   0.3   0.0   0.0   1.9
2016 10 11 285 12.00  658.00   0.00    0.0  0.15838E+12  89.3   8.5   0.3   0.0   0.0   1.9
2016 10 11 285 12.00  659.00   0.00    0.0  0.15736E+12  89.2   8.6   0.3   0.0   0.0   1.9
2016 10 11 285 12.00  660.00   0.00    0.0  0.15636E+12  89.1   8.7   0.3   0.0   0.0   1.9
2016 10 11 285 12.00  661.00   0.00    0.0  0.15536E+12  89.0   8.8   0.3   0.0   0.0   1.9
2016 10 11 285 12.00  662.00   0.00    0.0  0.15437E+12  88.9   8.8   0.3   0.0   0.0   1.9
2016 10 11 285 12.00  663.00   0.00    0.0  0.15339E+12  88.9   8.9   0.3   0.0   0.0   1.9
2016 10 11 285 12.00  664.00   0.00    0.0  0.15242E+12  88.8   9.0   0.3   0.0   0.0   1.9
2016 10 11 285 12.00  665.00   0.00    0.0  0.15146E+12  88.7   9.1   0.3   0.0   0.0   1.9
2016 10 11 285 12.00  666.00   0.00    0.0  0.15050E+12  88.6   9.2   0.3   0.0   0.0   1.9
2016 10 11 285 12.00  667.00   0.00    0.0  0.14955E+12  88.5   9.2   0.3   0.0   0.0   1.9
2016 10 11 285 12.00  668.00   0.00    0.0  0.14862E+12  88.4   9.3   0.3   0.0   0.0   1.9
2016 10 11 285 12.00  669.00   0.00    0.0  0.14768E+12  88.4   9.4   0.3   0.0   0.0   1.9
2016 10 11 285 12.00  670.00   0.00    0.0  0.14676E+12  88.3   9.5   0.3   0.0   0.0   1.9
2016 10 11 285 12.00  671.00   0.00    0.0  0.14585E+12  88.2   9.5   0.3   0.0   0.0   1.9
2016 10 11 285 12.00  672.00   0.00    0.0  0.14494E+12  88.1   9.6   0.3   0.0   0.0   1.9
2016 10 11 285 12.00  673.00   0.00    0.0  0.14404E+12  88.0   9.7   0.3   0.0   0.0   1.9
2016 10 11 285 12.00  674.00   0.00    0.0  0.14315E+12  87.9   9.8   0.3   0.0   0.0   2.0
2016 10 11 285 12.00  675.00   0.00    0.0  0.14226E+12  87.9   9.9   0.3   0.0   0.0   2.0
2016 10 11 285 12.00  676.00   0.00    0.0  0.14139E+12  87.8   9.9   0.3   0.0   0.0   2.0
2016 10 11 285 12.00  677.00   0.00    0.0  0.14052E+12  87.7  10.0   0.3   0.0   0.0   2.0
2016 10 11 285 12.00  678.00   0.00    0.0  0.13965E+12  87.6  10.1   0.3   0.0   0.0   2.0
2016 10 11 285 12.00  679.00   0.00    0.0  0.13880E+12  87.5  10.2   0.3   0.0   0.0   2.0
2016 10 11 285 12.00  680.00   0.00    0.0  0.13795E+12  87.4  10.2   0.3   0.0   0.0   2.0
2016 10 11 285 12.00  681.00   0.00    0.0  0.13711E+12  87.4  10.3   0.3   0.0   0.0   2.0
2016 10 11 285 12.00  682.00   0.00    0.0  0.13628E+12  87.3  10.4   0.3   0.0   0.0   2.0
2016 10 11 285 12.00  683.00   0.00    0.0  0.13545E+12  87.2  10.5   0.4   0.0   0.0   2.0
2016 10 11 285 12.00  684.00   0.00    0.0  0.13463E+12  87.1  10.6   0.4   0.0   0.0   2.0
2016 10 11 285 12.00  685.00   0.00    0.0  0.13382E+12  87.0  10.6   0.4   0.0   0.0   2.0
2016 10 11 285 12.00  686.00   0.00    0.0  0.13301E+12  86.9  10.7   0.4   0.0   0.0   2.0
2016 10 11 285 12.00  687.00   0.00    0.0  0.13221E+12  86.9  10.8   0.4   0.0   0.0   2.0
2016 10 11 285 12.00  688.00   0.00    0.0  0.13142E+12  86.8  10.9   0.4   0.0   0.0   2.0
2016 10 11 285 12.00  689.00   0.00    0.0  0.13063E+12  86.7  10.9   0.4   0.0   0.0   2.0
2016 10 11 285 12.00  690.00   0.00    0.0  0.12985E+12  86.6  11.0   0.4   0.0   0.0   2.0
2016 10 11 285 12.00  691.00   0.00    0.0  0.12908E+12  86.5  11.1   0.4   0.0   0.0   2.0
2016 10 11 285 12.00  692.00   0.00    0.0  0.12831E+12  86.5  11.2   0.4   0.0   0.0   2.0
2016 10 11 285 12.00  693.00   0.00    0.0  0.12755E+12  86.4  11.2   0.4   0.0   0.0   2.0
2016 10 11 285 12.00  694.00   0.00    0.0  0.12679E+12  86.3  11.3   0.4   0.0   0.0   2.0
2016 10 11 285 12.00  695.00   0.00    0.0  0.12605E+12  86.2  11.4   0.4   0.0   0.0   2.0
2016 10 11 285 12.00  696.00   0.00    0.0  0.12530E+12  86.1  11.5   0.4   0.0   0.0   2.0
2016 10 11 285 12.00  697.00   0.00    0.0  0.12457E+12  86.0  11.5   0.4   0.0   0.0   2.0
2016 10 11 285 12.00  698.00   0.00    0.0  0.12384E+12  86.0  11.6   0.4   0.0   0.0   2.0
2016 10 11 285 12.00  699.00   0.00    0.0  0.12311E+12  85.9  11.7   0.4   0.0   0.0   2.0
2016 10 11 285 12.00  700.00   0.00    0.0  0.12239E+12  85.8  11.8   0.4   0.0   0.0   2.0
2016 10 11 285 12.00  701.00   0.00    0.0  0.12168E+12  85.7  11.9   0.4   0.0   0.0   2.0
2016 10 11 285 12.00  702.00   0.00    0.0  0.12097E+12  85.6  11.9   0.4   0.0   0.0   2.0
2016 10 11 285 12.00  703.00   0.00    0.0  0.12027E+12  85.6  12.0   0.4   0.0   0.0   2.0
2016 10 11 285 12.00  704.00   0.00    0.0  0.11958E+12  85.5  12.1   0.4   0.0   0.0   2.0
2016 10 11 285 12.00  705.00   0.00    0.0  0.11889E+12  85.4  12.2   0.4   0.0   0.0   2.0
2016 10 11 285 12.00  706.00   0.00    0.0  0.11820E+12  85.3  12.2   0.4   0.0   0.0   2.0
2016 10 11 285 12.00  707.00   0.00    0.0  0.11752E+12  85.2  12.3   0.4   0.0   0.0   2.1
2016 10 11 285 12.00  708.00   0.00    0.0  0.11685E+12  85.1  12.4   0.4   0.0   0.0   2.1
2016 10 11 285 12.00  709.00   0.00    0.0  0.11618E+12  85.1  12.5   0.4   0.0   0.0   2.1
2016 10 11 285 12.00  710.00   0.00    0.0  0.11552E+12  85.0  12.5   0.4   0.0   0.0   2.1
2016 10 11 285 12.00  711.00   0.00    0.0  0.11486E+12  84.9  12.6   0.4   0.0   0.0   2.1
2016 10 11 285 12.00  712.00   0.00    0.0  0.11421E+12  84.8  12.7   0.4   0.0   0.0   2.1
2016 10 11 285 12.00  713.00   0.00    0.0  0.11356E+12  84.7  12.8   0.4   0.0   0.0   2.1
2016 10 11 285 12.00  714.00   0.00    0.0  0.11292E+12  84.6  12.9   0.4   0.0   0.0   2.1
2016 10 11 285 12.00  715.00   0.00    0.0  0.11228E+12  84.5  12.9   0.4   0.0   0.0   2.1
2016 10 11 285 12.00  716.00   0.00    0.0  0.11165E+12  84.5  13.0   0.4   0.0   0.0   2.1
2016 10 11 285 12.00  717.00   0.00    0.0  0.11102E+12  84.4  13.1   0.4   0.0   0.0   2.1
2016 10 11 285 12.00  718.00   0.00    0.0  0.11040E+12  84.3  13.2   0.4   0.0   0.0   2.1
2016 10 11 285 12.00  719.00   0.00    0.0  0.10978E+12  84.2  13.3   0.4   0.0   0.0   2.1
2016 10 11 285 12.00  720.00   0.00    0.0  0.10917E+12  84.1  13.3   0.4   0.0   0.0   2.1
2016 10 11 285 12.00  721.00   0.00    0.0  0.10856E+12  84.0  13.4   0.5   0.0   0.0   2.1
2016 10 11 285 12.00  722.00   0.00    0.0  0.10796E+12  83.9  13.5   0.5   0.0   0.0   2.1
2016 10 11 285 12.00  723.00   0.00    0.0  0.10736E+12  83.9  13.6   0.5   0.0   0.0   2.1
2016 10 11 285 12.00  724.00   0.00    0.0  0.10676E+12  83.8  13.7   0.5   0.0   0.0   2.1
2016 10 11 285 12.00  725.00   0.00    0.0  0.10617E+12  83.7  13.7   0.5   0.0   0.0   2.1
2016 10 11 285 12.00  726.00   0.00    0.0  0.10559E+12  83.6  13.8   0.5   0.0   0.0   2.1
2016 10 11 285 12.00  727.00   0.00    0.0  0.10501E+12  83.5  13.9   0.5   0.0   0.0   2.1
2016 10 11 285 12.00  728.00   0.00    0.0  0.10443E+12  83.4  14.0   0.5   0.0   0.0   2.1
2016 10 11 285 12.00  729.00   0.00    0.0  0.10386E+12  83.3  14.1   0.5   0.0   0.0   2.1
2016 10 11 285 12.00  730.00   0.00    0.0  0.10330E+12  83.2  14.1   0.5   0.0   0.0   2.1
2016 10 11 285 12.00  731.00   0.00    0.0  0.10273E+12  83.2  14.2   0.5   0.0   0.0   2.1
2016 10 11 285 12.00  732.00   0.00    0.0  0.10218E+12  83.1  14.3   0.5   0.0   0.0   2.1
2016 10 11 285 12.00  733.00   0.00    0.0  0.10162E+12  83.0  14.4   0.5   0.0   0.0   2.1
2016 10 11 285 12.00  734.00   0.00    0.0  0.10107E+12  82.9  14.5   0.5   0.0   0.0   2.1
2016 10 11 285 12.00  735.00   0.00    0.0  0.10053E+12  82.8  14.6   0.5   0.0   0.0   2.1
2016 10 11 285 12.00  736.00   0.00    0.0  0.99987E+11  82.7  14.6   0.5   0.0   0.0   2.2
2016 10 11 285 12.00  737.00   0.00    0.0  0.99450E+11  82.6  14.7   0.5   0.0   0.0   2.2
2016 10 11 285 12.00  738.00   0.00    0.0  0.98917E+11  82.5  14.8   0.5   0.0   0.0   2.2
2016 10 11 285 12.00  739.00   0.00    0.0  0.98388E+11  82.4  14.9   0.5   0.0   0.0   2.2
2016 10 11 285 12.00  740.00   0.00    0.0  0.97863E+11  82.3  15.0   0.5   0.0   0.0   2.2
2016 10 11 285 12.00  741.00   0.00    0.0  0.97342E+11  82.2  15.1   0.5   0.0   0.0   2.2
2016 10 11 285 12.00  742.00   0.00    0.0  0.96824E+11  82.2  15.2   0.5   0.0   0.0   2.2
2016 10 11 285 12.00  743.00   0.00    0.0  0.96311E+11  82.1  15.2   0.5   0.0   0.0   2.2
2016 10 11 285 12.00  744.00   0.00    0.0  0.95802E+11  82.0  15.3   0.5   0.0   0.0   2.2
2016 10 11 285 12.00  745.00   0.00    0.0  0.95296E+11  81.9  15.4   0.5   0.0   0.0   2.2
2016 10 11 285 12.00  746.00   0.00    0.0  0.94795E+11  81.8  15.5   0.5   0.0   0.0   2.2
2016 10 11 285 12.00  747.00   0.00    0.0  0.94297E+11  81.7  15.6   0.5   0.0   0.0   2.2
2016 10 11 285 12.00  748.00   0.00    0.0  0.93802E+11  81.6  15.7   0.5   0.0   0.0   2.2
2016 10 11 285 12.00  749.00   0.00    0.0  0.93312E+11  81.5  15.8   0.5   0.0   0.0   2.2
2016 10 11 285 12.00  750.00   0.00    0.0  0.92825E+11  81.4  15.9   0.5   0.0   0.0   2.2
2016 10 11 285 12.00  751.00   0.00    0.0  0.92342E+11  81.3  15.9   0.5   0.0   0.0   2.2
2016 10 11 285 12.00  752.00   0.00    0.0  0.91862E+11  81.2  16.0   0.5   0.0   0.0   2.2
2016 10 11 285 12.00  753.00   0.00    0.0  0.91386E+11  81.1  16.1   0.6   0.0   0.0   2.2
2016 10 11 285 12.00  754.00   0.00    0.0  0.90913E+11  81.0  16.2   0.6   0.0   0.0   2.2
2016 10 11 285 12.00  755.00   0.00    0.0  0.90444E+11  80.9  16.3   0.6   0.0   0.0   2.2
2016 10 11 285 12.00  756.00   0.00    0.0  0.89978E+11  80.8  16.4   0.6   0.0   0.0   2.2
2016 10 11 285 12.00  757.00   0.00    0.0  0.89516E+11  80.7  16.5   0.6   0.0   0.0   2.2
2016 10 11 285 12.00  758.00   0.00    0.0  0.89057E+11  80.6  16.6   0.6   0.0   0.0   2.2
2016 10 11 285 12.00  759.00   0.00    0.0  0.88601E+11  80.5  16.7   0.6   0.0   0.0   2.2
2016 10 11 285 12.00  760.00   0.00    0.0  0.88149E+11  80.4  16.8   0.6   0.0   0.0   2.2
2016 10 11 285 12.00  761.00   0.00    0.0  0.87700E+11  80.3  16.9   0.6   0.0   0.0   2.2
2016 10 11 285 12.00  762.00   0.00    0.0  0.87254E+11  80.2  17.0   0.6   0.0   0.0   2.2
2016 10 11 285 12.00  763.00   0.00    0.0  0.86812E+11  80.1  17.1   0.6   0.0   0.0   2.2
2016 10 11 285 12.00  764.00   0.00    0.0  0.86372E+11  80.0  17.1   0.6   0.0   0.0   2.2
2016 10 11 285 12.00  765.00   0.00    0.0  0.85936E+11  79.9  17.2   0.6   0.0   0.0   2.2
2016 10 11 285 12.00  766.00   0.00    0.0  0.85503E+11  79.8  17.3   0.6   0.0   0.0   2.2
2016 10 11 285 12.00  767.00   0.00    0.0  0.85073E+11  79.7  17.4   0.6   0.0   0.0   2.3
2016 10 11 285 12.00  768.00   0.00    0.0  0.84647E+11  79.6  17.5   0.6   0.0   0.0   2.3
2016 10 11 285 12.00  769.00   0.00    0.0  0.84223E+11  79.5  17.6   0.6   0.0   0.0   2.3
2016 10 11 285 12.00  770.00   0.00    0.0  0.83802E+11  79.4  17.7   0.6   0.0   0.0   2.3
2016 10 11 285 12.00  771.00   0.00    0.0  0.83385E+11  79.3  17.8   0.6   0.0   0.0   2.3
2016 10 11 285 12.00  772.00   0.00    0.0  0.82970E+11  79.2  17.9   0.6   0.0   0.0   2.3
2016 10 11 285 12.00  773.00   0.00    0.0  0.82559E+11  79.1  18.0   0.6   0.0   0.0   2.3
2016 10 11 285 12.00  774.00   0.00    0.0  0.82150E+11  79.0  18.1   0.6   0.0   0.0   2.3
2016 10 11 285 12.00  775.00   0.00    0.0  0.81744E+11  78.9  18.2   0.6   0.0   0.0   2.3
2016 10 11 285 12.00  776.00   0.00    0.0  0.81341E+11  78.8  18.3   0.6   0.0   0.0   2.3
2016 10 11 285 12.00  777.00   0.00    0.0  0.80941E+11  78.7  18.4   0.6   0.0   0.0   2.3
2016 10 11 285 12.00  778.00   0.00    0.0  0.80544E+11  78.6  18.5   0.6   0.0   0.0   2.3
2016 10 11 285 12.00  779.00   0.00    0.0  0.80150E+11  78.5  18.6   0.6   0.0   0.0   2.3
2016 10 11 285 12.00  780.00   0.00    0.0  0.79758E+11  78.4  18.7   0.6   0.0   0.0   2.3
2016 10 11 285 12.00  781.00   0.00    0.0  0.79369E+11  78.2  18.8   0.7   0.0   0.0   2.3
2016 10 11 285 12.00  782.00   0.00    0.0  0.78983E+11  78.1  18.9   0.7   0.0   0.0   2.3
2016 10 11 285 12.00  783.00   0.00    0.0  0.78599E+11  78.0  19.0   0.7   0.0   0.0   2.3
2016 10 11 285 12.00  784.00   0.00    0.0  0.78219E+11  77.9  19.1   0.7   0.0   0.0   2.3
2016 10 11 285 12.00  785.00   0.00    0.0  0.77841E+11  77.8  19.2   0.7   0.0   0.0   2.3
2016 10 11 285 12.00  786.00   0.00    0.0  0.77465E+11  77.7  19.3   0.7   0.0   0.0   2.3
2016 10 11 285 12.00  787.00   0.00    0.0  0.77092E+11  77.6  19.4   0.7   0.0   0.0   2.3
2016 10 11 285 12.00  788.00   0.00    0.0  0.76722E+11  77.5  19.5   0.7   0.0   0.0   2.3
2016 10 11 285 12.00  789.00   0.00    0.0  0.76354E+11  77.4  19.6   0.7   0.0   0.0   2.3
2016 10 11 285 12.00  790.00   0.00    0.0  0.75989E+11  77.3  19.7   0.7   0.0   0.0   2.3
2016 10 11 285 12.00  791.00   0.00    0.0  0.75627E+11  77.1  19.8   0.7   0.0   0.0   2.3
2016 10 11 285 12.00  792.00   0.00    0.0  0.75267E+11  77.0  19.9   0.7   0.0   0.0   2.3
2016 10 11 285 12.00  793.00   0.00    0.0  0.74909E+11  76.9  20.1   0.7   0.0   0.0   2.3
2016 10 11 285 12.00  794.00   0.00    0.0  0.74554E+11  76.8  20.2   0.7   0.0   0.0   2.3
2016 10 11 285 12.00  795.00   0.00    0.0  0.74201E+11  76.7  20.3   0.7   0.0   0.0   2.3
2016 10 11 285 12.00  796.00   0.00    0.0  0.73851E+11  76.6  20.4   0.7   0.0   0.0   2.3
2016 10 11 285 12.00  797.00   0.00    0.0  0.73503E+11  76.5  20.5   0.7   0.0   0.0   2.3
2016 10 11 285 12.00  798.00   0.00    0.0  0.73158E+11  76.4  20.6   0.7   0.0   0.0   2.3
2016 10 11 285 12.00  799.00   0.00    0.0  0.72814E+11  76.2  20.7   0.7   0.0   0.0   2.3
2016 10 11 285 12.00  800.00   0.00    0.0  0.72474E+11  76.1  20.8   0.7   0.0   0.0   2.3
2016 10 11 285 12.00  801.00   0.00    0.0  0.72135E+11  76.0  20.9   0.7   0.0   0.0   2.4
2016 10 11 285 12.00  802.00   0.00    0.0  0.71799E+11  75.9  21.0   0.7   0.0   0.0   2.4
2016 10 11 285 12.00  803.00   0.00    0.0  0.71465E+11  75.8  21.1   0.7   0.0   0.0   2.4
2016 10 11 285 12.00  804.00   0.00    0.0  0.71133E+11  75.7  21.2   0.7   0.0   0.0   2.4
2016 10 11 285 12.00  805.00   0.00    0.0  0.70804E+11  75.5  21.4   0.7   0.0   0.0   2.4
2016 10 11 285 12.00  806.00   0.00    0.0  0.70477E+11  75.4  21.5   0.8   0.0   0.0   2.4
2016 10 11 285 12.00  807.00   0.00    0.0  0.70152E+11  75.3  21.6   0.8   0.0   0.0   2.4
2016 10 11 285 12.00  808.00   0.00    0.0  0.69829E+11  75.2  21.7   0.8   0.0   0.0   2.4
2016 10 11 285 12.00  809.00   0.00    0.0  0.69508E+11  75.1  21.8   0.8   0.0   0.0   2.4
2016 10 11 285 12.00  810.00   0.00    0.0  0.69190E+11  74.9  21.9   0.8   0.0   0.0   2.4
2016 10 11 285 12.00  811.00   0.00    0.0  0.68873E+11  74.8  22.0   0.8   0.0   0.0   2.4
2016 10 11 285 12.00  812.00   0.00    0.0  0.68559E+11  74.7  22.1   0.8   0.0   0.0   2.4
2016 10 11 285 12.00  813.00   0.00    0.0  0.68247E+11  74.6  22.3   0.8   0.0   0.0   2.4
2016 10 11 285 12.00  814.00   0.00    0.0  0.67937E+11  74.5  22.4   0.8   0.0   0.0   2.4
2016 10 11 285 12.00  815.00   0.00    0.0  0.67629E+11  74.3  22.5   0.8   0.0   0.0   2.4
2016 10 11 285 12.00  816.00   0.00    0.0  0.67323E+11  74.2  22.6   0.8   0.0   0.0   2.4
2016 10 11 285 12.00  817.00   0.00    0.0  0.67019E+11  74.1  22.7   0.8   0.0   0.0   2.4
2016 10 11 285 12.00  818.00   0.00    0.0  0.66717E+11  74.0  22.8   0.8   0.0   0.0   2.4
2016 10 11 285 12.00  819.00   0.00    0.0  0.66417E+11  73.9  22.9   0.8   0.0   0.0   2.4
2016 10 11 285 12.00  820.00   0.00    0.0  0.66119E+11  73.7  23.1   0.8   0.0   0.0   2.4
2016 10 11 285 12.00  821.00   0.00    0.0  0.65823E+11  73.6  23.2   0.8   0.0   0.0   2.4
2016 10 11 285 12.00  822.00   0.00    0.0  0.65529E+11  73.5  23.3   0.8   0.0   0.0   2.4
2016 10 11 285 12.00  823.00   0.00    0.0  0.65237E+11  73.4  23.4   0.8   0.0   0.0   2.4
2016 10 11 285 12.00  824.00   0.00    0.0  0.64947E+11  73.2  23.5   0.8   0.0   0.0   2.4
2016 10 11 285 12.00  825.00   0.00    0.0  0.64658E+11  73.1  23.6   0.8   0.0   0.0   2.4
2016 10 11 285 12.00  826.00   0.00    0.0  0.64372E+11  73.0  23.8   0.8   0.0   0.0   2.4
2016 10 11 285 12.00  827.00   0.00    0.0  0.64087E+11  72.9  23.9   0.8   0.0   0.0   2.4
2016 10 11 285 12.00  828.00   0.00    0.0  0.63804E+11  72.7  24.0   0.8   0.0   0.0   2.4
2016 10 11 285 12.00  829.00   0.00    0.0  0.63524E+11  72.6  24.1   0.9   0.0   0.0   2.4
2016 10 11 285 12.00  830.00   0.00    0.0  0.63244E+11  72.5  24.2   0.9   0.0   0.0   2.4
2016 10 11 285 12.00  831.00   0.00    0.0  0.62967E+11  72.3  24.4   0.9   0.0   0.0   2.4
2016 10 11 285 12.00  832.00   0.00    0.0  0.62692E+11  72.2  24.5   0.9   0.0   0.0   2.4
2016 10 11 285 12.00  833.00   0.00    0.0  0.62418E+11  72.1  24.6   0.9   0.0   0.0   2.4
2016 10 11 285 12.00  834.00   0.00    0.0  0.62146E+11  72.0  24.7   0.9   0.0   0.0   2.4
2016 10 11 285 12.00  835.00   0.00    0.0  0.61876E+11  71.8  24.9   0.9   0.0   0.0   2.4
2016 10 11 285 12.00  836.00   0.00    0.0  0.61607E+11  71.7  25.0   0.9   0.0   0.0   2.4
2016 10 11 285 12.00  837.00   0.00    0.0  0.61340E+11  71.6  25.1   0.9   0.0   0.0   2.4
2016 10 11 285 12.00  838.00   0.00    0.0  0.61075E+11  71.4  25.2   0.9   0.0   0.0   2.4
2016 10 11 285 12.00  839.00   0.00    0.0  0.60812E+11  71.3  25.3   0.9   0.0   0.0   2.4
2016 10 11 285 12.00  840.00   0.00    0.0  0.60550E+11  71.2  25.5   0.9   0.0   0.0   2.4
2016 10 11 285 12.00  841.00   0.00    0.0  0.60290E+11  71.0  25.6   0.9   0.0   0.0   2.4
2016 10 11 285 12.00  842.00   0.00    0.0  0.60032E+11  70.9  25.7   0.9   0.0   0.0   2.4
2016 10 11 285 12.00  843.00   0.00    0.0  0.59775E+11  70.8  25.8   0.9   0.0   0.0   2.5
2016 10 11 285 12.00  844.00   0.00    0.0  0.59520E+11  70.7  26.0   0.9   0.0   0.0   2.5
2016 10 11 285 12.00  845.00   0.00    0.0  0.59266E+11  70.5  26.1   0.9   0.0   0.0   2.5
2016 10 11 285 12.00  846.00   0.00    0.0  0.59015E+11  70.4  26.2   0.9   0.0   0.0   2.5
2016 10 11 285 12.00  847.00   0.00    0.0  0.58764E+11  70.3  26.3   0.9   0.0   0.0   2.5
2016 10 11 285 12.00  848.00   0.00    0.0  0.58515E+11  70.1  26.5   0.9   0.0   0.0   2.5
2016 10 11 285 12.00  849.00   0.00    0.0  0.58268E+11  70.0  26.6   1.0   0.0   0.0   2.5
2016 10 11 285 12.00  850.00   0.00    0.0  0.58023E+11  69.8  26.7   1.0   0.0   0.0   2.5
2016 10 11 285 12.00  851.00   0.00    0.0  0.57778E+11  69.7  26.9   1.0   0.0   0.0   2.5
2016 10 11 285 12.00  852.00   0.00    0.0  0.57536E+11  69.6  27.0   1.0   0.0   0.0   2.5
2016 10 11 285 12.00  853.00   0.00    0.0  0.57295E+11  69.4  27.1   1.0   0.0   0.0   2.5
2016 10 11 285 12.00  854.00   0.00    0.0  0.57055E+11  69.3  27.2   1.0   0.0   0.0   2.5
2016 10 11 285 12.00  855.00   0.00    0.0  0.56817E+11  69.2  27.4   1.0   0.0   0.0   2.5
2016 10 11 285 12.00  856.00   0.00    0.0  0.56580E+11  69.0  27.5   1.0   0.0   0.0   2.5
2016 10 11 285 12.00  857.00   0.00    0.0  0.56345E+11  68.9  27.6   1.0   0.0   0.0   2.5
2016 10 11 285 12.00  858.00   0.00    0.0  0.56111E+11  68.8  27.8   1.0   0.0   0.0   2.5
2016 10 11 285 12.00  859.00   0.00    0.0  0.55879E+11  68.6  27.9   1.0   0.0   0.0   2.5
2016 10 11 285 12.00  860.00   0.00    0.0  0.55648E+11  68.5  28.0   1.0   0.0   0.0   2.5
2016 10 11 285 12.00  861.00   0.00    0.0  0.55419E+11  68.3  28.2   1.0   0.0   0.0   2.5
2016 10 11 285 12.00  862.00   0.00    0.0  0.55191E+11  68.2  28.3   1.0   0.0   0.0   2.5
2016 10 11 285 12.00  863.00   0.00    0.0  0.54964E+11  68.1  28.4   1.0   0.0   0.0   2.5
2016 10 11 285 12.00  864.00   0.00    0.0  0.54739E+11  67.9  28.6   1.0   0.0   0.0   2.5
2016 10 11 285 12.00  865.00   0.00    0.0  0.54515E+11  67.8  28.7   1.0   0.0   0.0   2.5
2016 10 11 285 12.00  866.00   0.00    0.0  0.54293E+11  67.7  28.8   1.0   0.0   0.0   2.5
2016 10 11 285 12.00  867.00   0.00    0.0  0.54072E+11  67.5  29.0   1.0   0.0   0.0   2.5
2016 10 11 285 12.00  868.00   0.00    0.0  0.53852E+11  67.4  29.1   1.0   0.0   0.0   2.5
2016 10 11 285 12.00  869.00   0.00    0.0  0.53633E+11  67.2  29.2   1.1   0.0   0.0   2.5
2016 10 11 285 12.00  870.00   0.00    0.0  0.53416E+11  67.1  29.4   1.1   0.0   0.0   2.5
2016 10 11 285 12.00  871.00   0.00    0.0  0.53200E+11  67.0  29.5   1.1   0.0   0.0   2.5
2016 10 11 285 12.00  872.00   0.00    0.0  0.52986E+11  66.8  29.6   1.1   0.0   0.0   2.5
2016 10 11 285 12.00  873.00   0.00    0.0  0.52772E+11  66.7  29.8   1.1   0.0   0.0   2.5
2016 10 11 285 12.00  874.00   0.00    0.0  0.52560E+11  66.5  29.9   1.1   0.0   0.0   2.5
2016 10 11 285 12.00  875.00   0.00    0.0  0.52350E+11  66.4  30.0   1.1   0.0   0.0   2.5
2016 10 11 285 12.00  876.00   0.00    0.0  0.52140E+11  66.2  30.2   1.1   0.0   0.0   2.5
2016 10 11 285 12.00  877.00   0.00    0.0  0.51932E+11  66.1  30.3   1.1   0.0   0.0   2.5
2016 10 11 285 12.00  878.00   0.00    0.0  0.51725E+11  66.0  30.4   1.1   0.0   0.0   2.5
2016 10 11 285 12.00  879.00   0.00    0.0  0.51520E+11  65.8  30.6   1.1   0.0   0.0   2.5
2016 10 11 285 12.00  880.00   0.00    0.0  0.51315E+11  65.7  30.7   1.1   0.0   0.0   2.5
2016 10 11 285 12.00  881.00   0.00    0.0  0.51112E+11  65.5  30.8   1.1   0.0   0.0   2.5
2016 10 11 285 12.00  882.00   0.00    0.0  0.50910E+11  65.4  31.0   1.1   0.0   0.0   2.5
2016 10 11 285 12.00  883.00   0.00    0.0  0.50709E+11  65.2  31.1   1.1   0.0   0.0   2.5
2016 10 11 285 12.00  884.00   0.00    0.0  0.50509E+11  65.1  31.3   1.1   0.0   0.0   2.5
2016 10 11 285 12.00  885.00   0.00    0.0  0.50311E+11  65.0  31.4   1.1   0.0   0.0   2.5
2016 10 11 285 12.00  886.00   0.00    0.0  0.50114E+11  64.8  31.5   1.1   0.0   0.0   2.5
2016 10 11 285 12.00  887.00   0.00    0.0  0.49917E+11  64.7  31.7   1.1   0.0   0.0   2.5
2016 10 11 285 12.00  888.00   0.00    0.0  0.49722E+11  64.5  31.8   1.2   0.0   0.0   2.5
2016 10 11 285 12.00  889.00   0.00    0.0  0.49529E+11  64.4  31.9   1.2   0.0   0.0   2.5
2016 10 11 285 12.00  890.00   0.00    0.0  0.49336E+11  64.2  32.1   1.2   0.0   0.0   2.5
2016 10 11 285 12.00  891.00   0.00    0.0  0.49144E+11  64.1  32.2   1.2   0.0   0.0   2.5
2016 10 11 285 12.00  892.00   0.00    0.0  0.48954E+11  64.0  32.4   1.2   0.0   0.0   2.5
2016 10 11 285 12.00  893.00   0.00    0.0  0.48764E+11  63.8  32.5   1.2   0.0   0.0   2.5
2016 10 11 285 12.00  894.00   0.00    0.0  0.48576E+11  63.7  32.6   1.2   0.0   0.0   2.5
2016 10 11 285 12.00  895.00   0.00    0.0  0.48389E+11  63.5  32.8   1.2   0.0   0.0   2.5
2016 10 11 285 12.00  896.00   0.00    0.0  0.48203E+11  63.4  32.9   1.2   0.0   0.0   2.5
2016 10 11 285 12.00  897.00   0.00    0.0  0.48018E+11  63.2  33.0   1.2   0.0   0.0   2.5
2016 10 11 285 12.00  898.00   0.00    0.0  0.47834E+11  63.1  33.2   1.2   0.0   0.0   2.5
2016 10 11 285 12.00  899.00   0.00    0.0  0.47651E+11  62.9  33.3   1.2   0.0   0.0   2.5
2016 10 11 285 12.00  900.00   0.00    0.0  0.47469E+11  62.8  33.5   1.2   0.0   0.0   2.5
2016 10 11 285 12.00  901.00   0.00    0.0  0.47289E+11  62.6  33.6   1.2   0.0   0.0   2.5
2016 10 11 285 12.00  902.00   0.00    0.0  0.47109E+11  62.5  33.7   1.2   0.0   0.0   2.5
2016 10 11 285 12.00  903.00   0.00    0.0  0.46930E+11  62.3  33.9   1.2   0.0   0.0   2.5
2016 10 11 285 12.00  904.00   0.00    0.0  0.46752E+11  62.2  34.0   1.2   0.0   0.0   2.5
2016 10 11 285 12.00  905.00   0.00    0.0  0.46576E+11  62.1  34.2   1.2   0.0   0.0   2.5
2016 10 11 285 12.00  906.00   0.00    0.0  0.46400E+11  61.9  34.3   1.3   0.0   0.0   2.5
2016 10 11 285 12.00  907.00   0.00    0.0  0.46225E+11  61.8  34.4   1.3   0.0   0.0   2.5
2016 10 11 285 12.00  908.00   0.00    0.0  0.46052E+11  61.6  34.6   1.3   0.0   0.0   2.5
2016 10 11 285 12.00  909.00   0.00    0.0  0.45879E+11  61.5  34.7   1.3   0.0   0.0   2.5
2016 10 11 285 12.00  910.00   0.00    0.0  0.45707E+11  61.3  34.9   1.3   0.0   0.0   2.5
2016 10 11 285 12.00  911.00   0.00    0.0  0.45537E+11  61.2  35.0   1.3   0.0   0.0   2.5
2016 10 11 285 12.00  912.00   0.00    0.0  0.45367E+11  61.0  35.2   1.3   0.0   0.0   2.5
2016 10 11 285 12.00  913.00   0.00    0.0  0.45198E+11  60.9  35.3   1.3   0.0   0.0   2.5
2016 10 11 285 12.00  914.00   0.00    0.0  0.45030E+11  60.7  35.4   1.3   0.0   0.0   2.5
2016 10 11 285 12.00  915.00   0.00    0.0  0.44863E+11  60.6  35.6   1.3   0.0   0.0   2.5
2016 10 11 285 12.00  916.00   0.00    0.0  0.44697E+11  60.4  35.7   1.3   0.0   0.0   2.5
2016 10 11 285 12.00  917.00   0.00    0.0  0.44532E+11  60.3  35.9   1.3   0.0   0.0   2.5
2016 10 11 285 12.00  918.00   0.00    0.0  0.44368E+11  60.1  36.0   1.3   0.0   0.0   2.5
2016 10 11 285 12.00  919.00   0.00    0.0  0.44205E+11  60.0  36.1   1.3   0.0   0.0   2.5
2016 10 11 285 12.00  920.00   0.00    0.0  0.44043E+11  59.9  36.3   1.3   0.0   0.0   2.5
2016 10 11 285 12.00  921.00   0.00    0.0  0.43881E+11  59.7  36.4   1.3   0.0   0.0   2.5
2016 10 11 285 12.00  922.00   0.00    0.0  0.43721E+11  59.6  36.6   1.3   0.0   0.0   2.5
2016 10 11 285 12.00  923.00   0.00    0.0  0.43561E+11  59.4  36.7   1.3   0.0   0.0   2.5
2016 10 11 285 12.00  924.00   0.00    0.0  0.43403E+11  59.3  36.9   1.3   0.0   0.0   2.5
2016 10 11 285 12.00  925.00   0.00    0.0  0.43245E+11  59.1  37.0   1.4   0.0   0.0   2.5
2016 10 11 285 12.00  926.00   0.00    0.0  0.43088E+11  59.0  37.1   1.4   0.0   0.0   2.5
2016 10 11 285 12.00  927.00   0.00    0.0  0.42932E+11  58.8  37.3   1.4   0.0   0.0   2.5
2016 10 11 285 12.00  928.00   0.00    0.0  0.42777E+11  58.7  37.4   1.4   0.0   0.0   2.5
2016 10 11 285 12.00  929.00   0.00    0.0  0.42622E+11  58.5  37.6   1.4   0.0   0.0   2.5
2016 10 11 285 12.00  930.00   0.00    0.0  0.42469E+11  58.4  37.7   1.4   0.0   0.0   2.5
2016 10 11 285 12.00  931.00   0.00    0.0  0.42316E+11  58.2  37.9   1.4   0.0   0.0   2.5
2016 10 11 285 12.00  932.00   0.00    0.0  0.42164E+11  58.1  38.0   1.4   0.0   0.0   2.5
2016 10 11 285 12.00  933.00   0.00    0.0  0.42013E+11  57.9  38.1   1.4   0.0   0.0   2.5
2016 10 11 285 12.00  934.00   0.00    0.0  0.41863E+11  57.8  38.3   1.4   0.0   0.0   2.5
2016 10 11 285 12.00  935.00   0.00    0.0  0.41714E+11  57.6  38.4   1.4   0.0   0.0   2.5
2016 10 11 285 12.00  936.00   0.00    0.0  0.41565E+11  57.5  38.6   1.4   0.0   0.0   2.5
2016 10 11 285 12.00  937.00   0.00    0.0  0.41417E+11  57.3  38.7   1.4   0.0   0.0   2.5
2016 10 11 285 12.00  938.00   0.00    0.0  0.41271E+11  57.2  38.9   1.4   0.0   0.0   2.5
2016 10 11 285 12.00  939.00   0.00    0.0  0.41124E+11  57.0  39.0   1.4   0.0   0.0   2.5
2016 10 11 285 12.00  940.00   0.00    0.0  0.40979E+11  56.9  39.1   1.4   0.0   0.0   2.5
2016 10 11 285 12.00  941.00   0.00    0.0  0.40834E+11  56.7  39.3   1.4   0.0   0.0   2.5
2016 10 11 285 12.00  942.00   0.00    0.0  0.40691E+11  56.6  39.4   1.4   0.0   0.0   2.5
2016 10 11 285 12.00  943.00   0.00    0.0  0.40548E+11  56.4  39.6   1.5   0.0   0.0   2.5
2016 10 11 285 12.00  944.00   0.00    0.0  0.40405E+11  56.3  39.7   1.5   0.0   0.0   2.5
2016 10 11 285 12.00  945.00   0.00    0.0  0.40264E+11  56.1  39.9   1.5   0.0   0.0   2.5
2016 10 11 285 12.00  946.00   0.00    0.0  0.40123E+11  56.0  40.0   1.5   0.0   0.0   2.5
2016 10 11 285 12.00  947.00   0.00    0.0  0.39983E+11  55.8  40.2   1.5   0.0   0.0   2.5
2016 10 11 285 12.00  948.00   0.00    0.0  0.39844E+11  55.7  40.3   1.5   0.0   0.0   2.5
2016 10 11 285 12.00  949.00   0.00    0.0  0.39705E+11  55.5  40.4   1.5   0.0   0.0   2.5
2016 10 11 285 12.00  950.00   0.00    0.0  0.39568E+11  55.4  40.6   1.5   0.0   0.0   2.5
2016 10 11 285 12.00  951.00   0.00    0.0  0.39431E+11  55.2  40.7   1.5   0.0   0.0   2.5
2016 10 11 285 12.00  952.00   0.00    0.0  0.39294E+11  55.1  40.9   1.5   0.0   0.0   2.5
2016 10 11 285 12.00  953.00   0.00    0.0  0.39159E+11  54.9  41.0   1.5   0.0   0.0   2.5
2016 10 11 285 12.00  954.00   0.00    0.0  0.39024E+11  54.8  41.2   1.5   0.0   0.0   2.5
2016 10 11 285 12.00  955.00   0.00    0.0  0.38890E+11  54.6  41.3   1.5   0.0   0.0   2.5
2016 10 11 285 12.00  956.00   0.00    0.0  0.38757E+11  54.5  41.5   1.5   0.0   0.0   2.5
2016 10 11 285 12.00  957.00   0.00    0.0  0.38624E+11  54.3  41.6   1.5   0.0   0.0   2.5
2016 10 11 285 12.00  958.00   0.00    0.0  0.38492E+11  54.2  41.8   1.5   0.0   0.0   2.5
2016 10 11 285 12.00  959.00   0.00    0.0  0.38360E+11  54.0  41.9   1.5   0.0   0.0   2.5
2016 10 11 285 12.00  960.00   0.00    0.0  0.38230E+11  53.9  42.1   1.5   0.0   0.0   2.5
2016 10 11 285 12.00  961.00   0.00    0.0  0.38100E+11  53.7  42.2   1.6   0.0   0.0   2.5
2016 10 11 285 12.00  962.00   0.00    0.0  0.37971E+11  53.6  42.3   1.6   0.0   0.0   2.5
2016 10 11 285 12.00  963.00   0.00    0.0  0.37842E+11  53.4  42.5   1.6   0.0   0.0   2.5
2016 10 11 285 12.00  964.00   0.00    0.0  0.37714E+11  53.3  42.6   1.6   0.0   0.0   2.5
2016 10 11 285 12.00  965.00   0.00    0.0  0.37587E+11  53.1  42.8   1.6   0.0   0.0   2.5
2016 10 11 285 12.00  966.00   0.00    0.0  0.37460E+11  53.0  42.9   1.6   0.0   0.0   2.5
2016 10 11 285 12.00  967.00   0.00    0.0  0.37334E+11  52.8  43.1   1.6   0.0   0.0   2.5
2016 10 11 285 12.00  968.00   0.00    0.0  0.37209E+11  52.7  43.2   1.6   0.0   0.0   2.5
2016 10 11 285 12.00  969.00   0.00    0.0  0.37084E+11  52.5  43.4   1.6   0.0   0.0   2.5
2016 10 11 285 12.00  970.00   0.00    0.0  0.36960E+11  52.4  43.5   1.6   0.0   0.0   2.5
2016 10 11 285 12.00  971.00   0.00    0.0  0.36837E+11  52.2  43.7   1.6   0.0   0.0   2.5
2016 10 11 285 12.00  972.00   0.00    0.0  0.36714E+11  52.1  43.8   1.6   0.0   0.0   2.5
2016 10 11 285 12.00  973.00   0.00    0.0  0.36592E+11  51.9  44.0   1.6   0.0   0.0   2.5
2016 10 11 285 12.00  974.00   0.00    0.0  0.36471E+11  51.8  44.1   1.6   0.0   0.0   2.5
2016 10 11 285 12.00  975.00   0.00    0.0  0.36350E+11  51.6  44.2   1.6   0.0   0.0   2.5
2016 10 11 285 12.00  976.00   0.00    0.0  0.36230E+11  51.5  44.4   1.6   0.0   0.0   2.5
2016 10 11 285 12.00  977.00   0.00    0.0  0.36110E+11  51.3  44.5   1.6   0.0   0.0   2.5
2016 10 11 285 12.00  978.00   0.00    0.0  0.35991E+11  51.2  44.7   1.6   0.0   0.0   2.5
2016 10 11 285 12.00  979.00   0.00    0.0  0.35873E+11  51.0  44.8   1.7   0.0   0.0   2.5
2016 10 11 285 12.00  980.00   0.00    0.0  0.35755E+11  50.9  45.0   1.7   0.0   0.0   2.5
2016 10 11 285 12.00  981.00   0.00    0.0  0.35638E+11  50.7  45.1   1.7   0.0   0.0   2.5
2016 10 11 285 12.00  982.00   0.00    0.0  0.35521E+11  50.5  45.3   1.7   0.0   0.0   2.5
2016 10 11 285 12.00  983.00   0.00    0.0  0.35405E+11  50.4  45.4   1.7   0.0   0.0   2.5
2016 10 11 285 12.00  984.00   0.00    0.0  0.35290E+11  50.2  45.6   1.7   0.0   0.0   2.5
2016 10 11 285 12.00  985.00   0.00    0.0  0.35175E+11  50.1  45.7   1.7   0.0   0.0   2.5
2016 10 11 285 12.00  986.00   0.00    0.0  0.35060E+11  49.9  45.9   1.7   0.0   0.0   2.5
2016 10 11 285 12.00  987.00   0.00    0.0  0.34947E+11  49.8  46.0   1.7   0.0   0.0   2.5
2016 10 11 285 12.00  988.00   0.00    0.0  0.34834E+11  49.6  46.2   1.7   0.0   0.0   2.5
2016 10 11 285 12.00  989.00   0.00    0.0  0.34721E+11  49.5  46.3   1.7   0.0   0.0   2.5
2016 10 11 285 12.00  990.00   0.00    0.0  0.34609E+11  49.3  46.5   1.7   0.0   0.0   2.5
2016 10 11 285 12.00  991.00   0.00    0.0  0.34498E+11  49.2  46.6   1.7   0.0   0.0   2.5
2016 10 11 285 12.00  992.00   0.00    0.0  0.34387E+11  49.0  46.8   1.7   0.0   0.0   2.5
2016 10 11 285 12.00  993.00   0.00    0.0  0.34276E+11  48.9  46.9   1.7   0.0   0.0   2.5
2016 10 11 285 12.00  994.00   0.00    0.0  0.34167E+11  48.7  47.1   1.7   0.0   0.0   2.5
2016 10 11 285 12.00  995.00   0.00    0.0  0.34057E+11  48.6  47.2   1.7   0.0   0.0   2.5
2016 10 11 285 12.00  996.00   0.00    0.0  0.33949E+11  48.4  47.3   1.7   0.0   0.0   2.5
2016 10 11 285 12.00  997.00   0.00    0.0  0.33841E+11  48.3  47.5   1.8   0.0   0.0   2.5
2016 10 11 285 12.00  998.00   0.00    0.0  0.33733E+11  48.1  47.6   1.8   0.0   0.0   2.5
2016 10 11 285 12.00  999.00   0.00    0.0  0.33626E+11  48.0  47.8   1.8   0.0   0.0   2.5
2016 10 11 285 12.00 1000.00   0.00    0.0  0.33519E+11  47.8  47.9   1.8   0.0   0.0   2.5
2016 10 11 285 12.00 1001.00   0.00    0.0  0.33413E+11  47.7  48.1   1.8   0.0   0.0   2.5
2016 10 11 285 12.00 1002.00   0.00    0.0  0.33308E+11  47.5  48.2   1.8   0.0   0.0   2.5
2016 10 11 285 12.00 1003.00   0.00    0.0  0.33203E+11  47.4  48.4   1.8   0.0   0.0   2.5
2016 10 11 285 12.00 1004.00   0.00    0.0  0.33099E+11  47.2  48.5   1.8   0.0   0.0   2.5
2016 10 11 285 12.00 1005.00   0.00    0.0  0.32995E+11  47.1  48.7   1.8   0.0   0.0   2.5
2016 10 11 285 12.00 1006.00   0.00    0.0  0.32891E+11  46.9  48.8   1.8   0.0   0.0   2.5
2016 10 11 285 12.00 1007.00   0.00    0.0  0.32788E+11  46.8  49.0   1.8   0.0   0.0   2.5
2016 10 11 285 12.00 1008.00   0.00    0.0  0.32686E+11  46.6  49.1   1.8   0.0   0.0   2.5
2016 10 11 285 12.00 1009.00   0.00    0.0  0.32584E+11  46.5  49.3   1.8   0.0   0.0   2.5
2016 10 11 285 12.00 1010.00   0.00    0.0  0.32482E+11  46.3  49.4   1.8   0.0   0.0   2.5
2016 10 11 285 12.00 1011.00   0.00    0.0  0.32381E+11  46.2  49.6   1.8   0.0   0.0   2.5
2016 10 11 285 12.00 1012.00   0.00    0.0  0.32281E+11  46.0  49.7   1.8   0.0   0.0   2.5
2016 10 11 285 12.00 1013.00   0.00    0.0  0.32181E+11  45.8  49.9   1.8   0.0   0.0   2.5
2016 10 11 285 12.00 1014.00   0.00    0.0  0.32082E+11  45.7  50.0   1.8   0.0   0.0   2.4
2016 10 11 285 12.00 1015.00   0.00    0.0  0.31983E+11  45.5  50.2   1.9   0.0   0.0   2.4
2016 10 11 285 12.00 1016.00   0.00    0.0  0.31884E+11  45.4  50.3   1.9   0.0   0.0   2.4
2016 10 11 285 12.00 1017.00   0.00    0.0  0.31786E+11  45.2  50.4   1.9   0.0   0.0   2.4
2016 10 11 285 12.00 1018.00   0.00    0.0  0.31688E+11  45.1  50.6   1.9   0.0   0.0   2.4
2016 10 11 285 12.00 1019.00   0.00    0.0  0.31591E+11  44.9  50.7   1.9   0.0   0.0   2.4
2016 10 11 285 12.00 1020.00   0.00    0.0  0.31495E+11  44.8  50.9   1.9   0.0   0.0   2.4
2016 10 11 285 12.00 1021.00   0.00    0.0  0.31398E+11  44.6  51.0   1.9   0.0   0.0   2.4
2016 10 11 285 12.00 1022.00   0.00    0.0  0.31303E+11  44.5  51.2   1.9   0.0   0.0   2.4
2016 10 11 285 12.00 1023.00   0.00    0.0  0.31208E+11  44.3  51.3   1.9   0.0   0.0   2.4
2016 10 11 285 12.00 1024.00   0.00    0.0  0.31113E+11  44.2  51.5   1.9   0.0   0.0   2.4
2016 10 11 285 12.00 1025.00   0.00    0.0  0.31018E+11  44.0  51.6   1.9   0.0   0.0   2.4
2016 10 11 285 12.00 1026.00   0.00    0.0  0.30924E+11  43.9  51.8   1.9   0.0   0.0   2.4
2016 10 11 285 12.00 1027.00   0.00    0.0  0.30831E+11  43.7  51.9   1.9   0.0   0.0   2.4
2016 10 11 285 12.00 1028.00   0.00    0.0  0.30738E+11  43.6  52.1   1.9   0.0   0.0   2.4
2016 10 11 285 12.00 1029.00   0.00    0.0  0.30645E+11  43.4  52.2   1.9   0.0   0.0   2.4
2016 10 11 285 12.00 1030.00   0.00    0.0  0.30553E+11  43.3  52.4   1.9   0.0   0.0   2.4
2016 10 11 285 12.00 1031.00   0.00    0.0  0.30462E+11  43.1  52.5   1.9   0.0   0.0   2.4
2016 10 11 285 12.00 1032.00   0.00    0.0  0.30370E+11  43.0  52.6   1.9   0.0   0.0   2.4
2016 10 11 285 12.00 1033.00   0.00    0.0  0.30279E+11  42.8  52.8   2.0   0.0   0.0   2.4
2016 10 11 285 12.00 1034.00   0.00    0.0  0.30189E+11  42.7  52.9   2.0   0.0   0.0   2.4
2016 10 11 285 12.00 1035.00   0.00    0.0  0.30099E+11  42.5  53.1   2.0   0.0   0.0   2.4
2016 10 11 285 12.00 1036.00   0.00    0.0  0.30009E+11  42.4  53.2   2.0   0.0   0.0   2.4
2016 10 11 285 12.00 1037.00   0.00    0.0  0.29920E+11  42.2  53.4   2.0   0.0   0.0   2.4
2016 10 11 285 12.00 1038.00   0.00    0.0  0.29831E+11  42.1  53.5   2.0   0.0   0.0   2.4
2016 10 11 285 12.00 1039.00   0.00    0.0  0.29743E+11  41.9  53.7   2.0   0.0   0.0   2.4
2016 10 11 285 12.00 1040.00   0.00    0.0  0.29655E+11  41.8  53.8   2.0   0.0   0.0   2.4
2016 10 11 285 12.00 1041.00   0.00    0.0  0.29568E+11  41.7  54.0   2.0   0.0   0.0   2.4
2016 10 11 285 12.00 1042.00   0.00    0.0  0.29481E+11  41.5  54.1   2.0   0.0   0.0   2.4
2016 10 11 285 12.00 1043.00   0.00    0.0  0.29394E+11  41.4  54.3   2.0   0.0   0.0   2.4
2016 10 11 285 12.00 1044.00   0.00    0.0  0.29308E+11  41.2  54.4   2.0   0.0   0.0   2.4
2016 10 11 285 12.00 1045.00   0.00    0.0  0.29222E+11  41.1  54.5   2.0   0.0   0.0   2.4
2016 10 11 285 12.00 1046.00   0.00    0.0  0.29136E+11  40.9  54.7   2.0   0.0   0.0   2.4
2016 10 11 285 12.00 1047.00   0.00    0.0  0.29051E+11  40.8  54.8   2.0   0.0   0.0   2.4
2016 10 11 285 12.00 1048.00   0.00    0.0  0.28966E+11  40.6  55.0   2.0   0.0   0.0   2.4
2016 10 11 285 12.00 1049.00   0.00    0.0  0.28882E+11  40.5  55.1   2.0   0.0   0.0   2.4
2016 10 11 285 12.00 1050.00   0.00    0.0  0.28798E+11  40.3  55.3   2.0   0.0   0.0   2.4
2016 10 11 285 12.00 1051.00   0.00    0.0  0.28715E+11  40.2  55.4   2.1   0.0   0.0   2.4
2016 10 11 285 12.00 1052.00   0.00    0.0  0.28631E+11  40.0  55.6   2.1   0.0   0.0   2.4
2016 10 11 285 12.00 1053.00   0.00    0.0  0.28549E+11  39.9  55.7   2.1   0.0   0.0   2.4
2016 10 11 285 12.00 1054.00   0.00    0.0  0.28466E+11  39.7  55.8   2.1   0.0   0.0   2.4
2016 10 11 285 12.00 1055.00   0.00    0.0  0.28384E+11  39.6  56.0   2.1   0.0   0.0   2.4
2016 10 11 285 12.00 1056.00   0.00    0.0  0.28303E+11  39.4  56.1   2.1   0.0   0.0   2.3
2016 10 11 285 12.00 1057.00   0.00    0.0  0.28221E+11  39.3  56.3   2.1   0.0   0.0   2.3
2016 10 11 285 12.00 1058.00   0.00    0.0  0.28140E+11  39.2  56.4   2.1   0.0   0.0   2.3
2016 10 11 285 12.00 1059.00   0.00    0.0  0.28060E+11  39.0  56.6   2.1   0.0   0.0   2.3
