2016 10 11 285  1.50   60.00   0.00    0.0 -0.10000E+01  -1.0  -1.0  -1.0  -1.0  -1.0  -1.0
2016 10 11 285  1.50   61.00   0.00    0.0 -0.10000E+01  -1.0  -1.0  -1.0  -1.0  -1.0  -1.0
2016 10 11 285  1.50   62.00   0.00    0.0 -0.10000E+01  -1.0  -1.0  -1.0  -1.0  -1.0  -1.0
2016 10 11 285  1.50   63.00   0.00    0.0 -0.10000E+01  -1.0  -1.0  -1.0  -1.0  -1.0  -1.0
2016 10 11 285  1.50   64.00   0.00    0.0 -0.10000E+01  -1.0  -1.0  -1.0  -1.0  -1.0  -1.0
2016 10 11 285  1.50   65.00   0.00    0.0 -0.10000E+01  -1.0  -1.0  -1.0  -1.0  -1.0  -1.0
2016 10 11 285  1.50   66.00   0.00    0.0 -0.10000E+01  -1.0  -1.0  -1.0  -1.0  -1.0  -1.0
2016 10 11 285  1.50   67.00   0.00    0.0 -0.10000E+01  -1.0  -1.0  -1.0  -1.0  -1.0  -1.0
2016 10 11 285  1.50   68.00   0.00    0.0 -0.10000E+01  -1.0  -1.0  -1.0  -1.0  -1.0  -1.0
2016 10 11 285  1.50   69.00   0.00    0.0 -0.10000E+01  -1.0  -1.0  -1.0  -1.0  -1.0  -1.0
2016 10 11 285  1.50   70.00   0.00    0.0 -0.10000E+01  -1.0  -1.0  -1.0  -1.0  -1.0  -1.0
2016 10 11 285  1.50   71.00   0.00    0.0 -0.10000E+01  -1.0  -1.0  -1.0  -1.0  -1.0  -1.0
2016 10 11 285  1.50   72.00   0.00    0.0 -0.10000E+01  -1.0  -1.0  -1.0  -1.0  -1.0  -1.0
2016 10 11 285  1.50   73.00   0.00    0.0 -0.10000E+01  -1.0  -1.0  -1.0  -1.0  -1.0  -1.0
2016 10 11 285  1.50   74.00   0.00    0.0 -0.10000E+01  -1.0  -1.0  -1.0  -1.0  -1.0  -1.0
2016 10 11 285  1.50   75.00   0.00    0.0 -0.10000E+01  -1.0  -1.0  -1.0  -1.0  -1.0  -1.0
2016 10 11 285  1.50   76.00   0.00    0.0 -0.10000E+01  -1.0  -1.0  -1.0  -1.0  -1.0  -1.0
2016 10 11 285  1.50   77.00   0.00    0.0 -0.10000E+01  -1.0  -1.0  -1.0  -1.0  -1.0  -1.0
2016 10 11 285  1.50   78.00   0.00    0.0 -0.10000E+01  -1.0  -1.0  -1.0  -1.0  -1.0  -1.0
2016 10 11 285  1.50   79.00   0.00    0.0 -0.10000E+01  -1.0  -1.0  -1.0  -1.0  -1.0  -1.0
2016 10 11 285  1.50   80.00   0.00    0.0  0.95405E+07   0.0   0.0   0.0   0.0 100.0   0.0
2016 10 11 285  1.50   81.00   0.00    0.0  0.32434E+08   0.0   0.0   0.0   0.0 100.0   0.0
2016 10 11 285  1.50   82.00   0.00    0.0  0.80834E+08   0.0   0.0   0.0   0.1  99.9   0.0
2016 10 11 285  1.50   83.00   0.00    0.0  0.15489E+09   0.0   0.0   0.0   0.1  99.9   0.0
2016 10 11 285  1.50   84.00   0.00    0.0  0.23931E+09   0.0   0.0   0.0   0.2  99.8   0.0
2016 10 11 285  1.50   85.00   0.00    0.0  0.31269E+09   0.0   0.0   0.0   0.2  99.8   0.0
2016 10 11 285  1.50   86.00   0.00    0.0  0.36235E+09   0.0   0.0   0.0   0.3  99.7   0.0
2016 10 11 285  1.50   87.00   0.00    0.0  0.39057E+09   0.0   0.0   0.0   0.3  99.7   0.0
2016 10 11 285  1.50   88.00   0.00    0.0  0.41073E+09   0.0   0.0   0.0   0.3  99.7   0.0
2016 10 11 285  1.50   89.00   0.00    0.0  0.44315E+09   0.0   0.0   0.0   0.3  99.7   0.0
2016 10 11 285  1.50   90.00   0.00    0.0  0.51711E+09   0.0   0.0   0.0   0.4  99.6   0.0
2016 10 11 285  1.50   91.00   0.00    0.0  0.68801E+09   0.0   0.0   0.0   0.5  99.5   0.0
2016 10 11 285  1.50   92.00   0.00    0.0  0.10914E+10   0.0   0.0   0.0   0.8  99.2   0.0
2016 10 11 285  1.50   93.00   0.00    0.0  0.12863E+10   0.0   0.0   0.0   1.0  99.0   0.0
2016 10 11 285  1.50   94.00   0.00    0.0  0.14647E+10   0.0   0.0   0.0   1.2  98.8   0.0
2016 10 11 285  1.50   95.00   0.00    0.0  0.16206E+10   0.0   0.0   0.0   1.4  98.6   0.0
2016 10 11 285  1.50   96.00   0.00    0.0  0.17511E+10   0.0   0.0   0.0   1.6  98.4   0.0
2016 10 11 285  1.50   97.00   0.00    0.0  0.18562E+10   0.0   0.0   0.0   1.7  98.3   0.0
2016 10 11 285  1.50   98.00   0.00    0.0  0.19374E+10   0.0   0.0   0.0   1.9  98.1   0.0
2016 10 11 285  1.50   99.00   0.00    0.0  0.19978E+10   0.0   0.0   0.0   2.0  98.0   0.0
2016 10 11 285  1.50  100.00   0.00    0.0  0.20409E+10   0.0   0.0   0.0   2.1  97.9   0.0
2016 10 11 285  1.50  101.00   0.00    0.0  0.20703E+10   0.0   0.0   0.0   2.2  97.8   0.0
2016 10 11 285  1.50  102.00   0.00    0.0  0.20895E+10   0.0   0.0   0.0   2.2  97.8   0.0
2016 10 11 285  1.50  103.00   0.00    0.0  0.21012E+10   0.0   0.0   0.0   2.3  97.7   0.0
2016 10 11 285  1.50  104.00   0.00    0.0  0.21078E+10   0.0   0.0   0.0   2.3  97.7   0.0
2016 10 11 285  1.50  105.00   0.00    0.0  0.21112E+10   0.0   0.0   0.0   2.3  97.7   0.0
2016 10 11 285  1.50  106.00   0.00    0.0  0.21128E+10   0.0   0.0   0.0   2.3  97.7   0.0
2016 10 11 285  1.50  107.00   0.00    0.0  0.21134E+10   0.0   0.0   0.0   2.3  97.7   0.0
2016 10 11 285  1.50  108.00   0.00    0.0  0.21135E+10   0.0   0.0   0.0   2.3  97.7   0.0
2016 10 11 285  1.50  109.00   0.00    0.0  0.21135E+10   0.0   0.0   0.0   2.3  97.7   0.0
2016 10 11 285  1.50  110.00   0.00    0.0  0.21135E+10   0.0   0.0   0.0   2.2  97.7   0.0
2016 10 11 285  1.50  111.00   0.00    0.0  0.20997E+10   0.0   0.0   0.0   2.2  97.8   0.0
2016 10 11 285  1.50  112.00   0.00    0.0  0.20601E+10   0.0   0.0   0.0   2.2  97.8   0.0
2016 10 11 285  1.50  113.00   0.00    0.0  0.19987E+10   0.0   0.0   0.0   2.1  97.9   0.0
2016 10 11 285  1.50  114.00   0.00    0.0  0.19194E+10   0.0   0.0   0.0   2.0  98.0   0.0
2016 10 11 285  1.50  115.00   0.00    0.0  0.18268E+10   0.0   0.0   0.0   1.9  98.0   0.0
2016 10 11 285  1.50  116.00   0.00    0.0  0.17251E+10   0.0   0.0   0.0   1.8  98.1   0.0
2016 10 11 285  1.50  117.00   0.00    0.0  0.16182E+10   0.0   0.0   0.0   1.7  98.2   0.0
2016 10 11 285  1.50  118.00   0.00    0.0  0.15095E+10   0.0   0.0   0.0   1.6  98.3   0.0
2016 10 11 285  1.50  119.00   0.00    0.0  0.14020E+10   0.0   0.0   0.0   1.5  98.4   0.0
2016 10 11 285  1.50  120.00   0.00    0.0  0.12980E+10   0.0   0.0   0.0   1.4  98.5   0.0
2016 10 11 285  1.50  121.00   0.00    0.0  0.11991E+10   0.0   0.0   0.0   1.3  98.6   0.0
2016 10 11 285  1.50  122.00   0.00    0.0  0.11066E+10   0.0   0.0   0.0   1.3  98.7   0.0
2016 10 11 285  1.50  123.00   0.00    0.0  0.10213E+10   0.0   0.0   0.0   1.2  98.8   0.0
2016 10 11 285  1.50  124.00   0.00    0.0  0.94358E+09   0.0   0.0   0.0   1.1  98.9   0.0
2016 10 11 285  1.50  125.00   0.00    0.0  0.87359E+09   0.0   0.0   0.0   1.1  98.9   0.0
2016 10 11 285  1.50  126.00   0.00    0.0  0.81126E+09   0.0   0.0   0.0   1.0  99.0   0.0
2016 10 11 285  1.50  127.00   0.00    0.0  0.75636E+09   0.0   0.0   0.0   1.0  99.0   0.0
2016 10 11 285  1.50  128.00   0.00    0.0  0.70858E+09   0.0   0.0   0.0   0.9  99.1   0.0
2016 10 11 285  1.50  129.00   0.00    0.0  0.66756E+09   0.0   0.0   0.0   0.9  99.1   0.0
2016 10 11 285  1.50  130.00   0.00    0.0  0.63293E+09   0.0   0.0   0.0   0.9  99.1   0.0
2016 10 11 285  1.50  131.00   0.00    0.0  0.60434E+09   0.0   0.0   0.0   0.9  99.1   0.0
2016 10 11 285  1.50  132.00   0.00    0.0  0.58148E+09   0.0   0.0   0.0   0.9  99.1   0.0
2016 10 11 285  1.50  133.00   0.00    0.0  0.56409E+09   0.0   0.0   0.0   0.9  99.1   0.0
2016 10 11 285  1.50  134.00   0.00    0.0  0.55198E+09   0.0   0.0   0.0   0.9  99.1   0.0
2016 10 11 285  1.50  135.00   0.00    0.0  0.54503E+09   0.0   0.0   0.0   0.9  99.1   0.0
2016 10 11 285  1.50  136.00   0.00    0.0  0.54321E+09   0.0   0.0   0.0   0.9  99.1   0.0
2016 10 11 285  1.50  137.00   0.00    0.0  0.54657E+09   0.0   0.0   0.0   0.9  99.0   0.0
2016 10 11 285  1.50  138.00   0.00    0.0  0.55525E+09   0.0   0.0   0.0   1.0  99.0   0.0
2016 10 11 285  1.50  139.00   0.00    0.0  0.56952E+09   0.0   0.0   0.0   1.0  98.9   0.0
2016 10 11 285  1.50  140.00   0.00    0.0  0.58971E+09   0.0   0.0   0.0   1.1  98.9   0.0
2016 10 11 285  1.50  141.00   0.00    0.0  0.61631E+09   0.0   0.0   0.0   1.2  98.8   0.0
2016 10 11 285  1.50  142.00   0.00    0.0  0.64986E+09   0.0   0.0   0.0   1.3  98.7   0.0
2016 10 11 285  1.50  143.00   0.00    0.0  0.69105E+09   0.1   0.0   0.0   1.4  98.5   0.0
2016 10 11 285  1.50  144.00   0.00    0.0  0.74065E+09   0.1   0.0   0.0   1.5  98.4   0.0
2016 10 11 285  1.50  145.00   0.00    0.0  0.79948E+09   0.1   0.0   0.0   1.7  98.2   0.0
2016 10 11 285  1.50  146.00   0.00    0.0  0.86842E+09   0.1   0.0   0.0   1.9  98.0   0.0
2016 10 11 285  1.50  147.00   0.00    0.0  0.94828E+09   0.1   0.0   0.0   2.1  97.8   0.0
2016 10 11 285  1.50  148.00   0.00    0.0  0.10398E+10   0.1   0.0   0.0   2.4  97.5   0.0
2016 10 11 285  1.50  149.00   0.00    0.0  0.11433E+10   0.1   0.0   0.0   2.7  97.2   0.0
2016 10 11 285  1.50  150.00   0.00    0.0  0.12589E+10   0.2   0.0   0.0   3.0  96.8   0.0
2016 10 11 285  1.50  151.00   0.00    0.0  0.13858E+10   0.2   0.0   0.0   3.4  96.4   0.0
2016 10 11 285  1.50  152.00   0.00    0.0  0.15225E+10   0.2   0.0   0.0   3.8  96.0   0.0
2016 10 11 285  1.50  153.00   0.00    0.0  0.16660E+10   0.2   0.0   0.0   4.2  95.5   0.0
2016 10 11 285  1.50  154.00   0.00    0.0  0.18121E+10   0.3   0.0   0.0   4.7  95.0   0.0
2016 10 11 285  1.50  155.00   0.00    0.0  0.19545E+10   0.3   0.0   0.0   5.1  94.5   0.0
2016 10 11 285  1.50  156.00   0.00    0.0  0.20854E+10   0.4   0.0   0.0   5.6  94.1   0.0
2016 10 11 285  1.50  157.00   0.00    0.0  0.22278E+10   0.4   0.0   0.0   6.1  93.5   0.0
2016 10 11 285  1.50  158.00   0.00    0.0  0.23862E+10   0.5   0.0   0.0   6.6  92.9   0.0
2016 10 11 285  1.50  159.00   0.00    0.0  0.25561E+10   0.5   0.0   0.0   7.2  92.3   0.0
2016 10 11 285  1.50  160.00   0.00    0.0  0.27381E+10   0.6   0.0   0.0   7.8  91.6   0.0
2016 10 11 285  1.50  161.00   0.00    0.0  0.29334E+10   0.7   0.0   0.0   8.4  90.9   0.0
2016 10 11 285  1.50  162.00   0.00    0.0  0.31427E+10   0.7   0.0   0.0   9.1  90.1   0.0
2016 10 11 285  1.50  163.00   0.00    0.0  0.33671E+10   0.8   0.0   0.0   9.9  89.2   0.0
2016 10 11 285  1.50  164.00   0.00    0.0  0.36079E+10   1.0   0.0   0.0  10.7  88.3   0.0
2016 10 11 285  1.50  165.00   0.00    0.0  0.38662E+10   1.1   0.0   0.0  11.5  87.4   0.0
2016 10 11 285  1.50  166.00   0.00    0.0  0.41433E+10   1.2   0.0   0.0  12.4  86.3   0.0
2016 10 11 285  1.50  167.00   0.00    0.0  0.44407E+10   1.4   0.0   0.0  13.3  85.2   0.1
2016 10 11 285  1.50  168.00   0.00    0.0  0.47600E+10   1.6   0.0   0.0  14.3  84.1   0.1
2016 10 11 285  1.50  169.00   0.00    0.0  0.51028E+10   1.8   0.0   0.0  15.3  82.8   0.1
2016 10 11 285  1.50  170.00   0.00    0.0  0.54709E+10   2.0   0.0   0.0  16.4  81.5   0.1
2016 10 11 285  1.50  171.00   0.00    0.0  0.58663E+10   2.3   0.0   0.0  17.4  80.2   0.1
2016 10 11 285  1.50  172.00   0.00    0.0  0.62912E+10   2.6   0.0   0.0  18.6  78.7   0.1
2016 10 11 285  1.50  173.00   0.00    0.0  0.67479E+10   2.9   0.0   0.0  19.7  77.2   0.1
2016 10 11 285  1.50  174.00   0.00    0.0  0.72389E+10   3.3   0.0   0.0  20.9  75.7   0.1
2016 10 11 285  1.50  175.00   0.00    0.0  0.77671E+10   3.7   0.0   0.0  22.1  74.1   0.2
2016 10 11 285  1.50  176.00   0.00    0.0  0.83354E+10   4.2   0.0   0.0  23.3  72.4   0.2
2016 10 11 285  1.50  177.00   0.00    0.0  0.89472E+10   4.7   0.0   0.0  24.4  70.6   0.2
2016 10 11 285  1.50  178.00   0.00    0.0  0.96060E+10   5.3   0.0   0.0  25.6  68.9   0.2
2016 10 11 285  1.50  179.00   0.00    0.0  0.10316E+11   6.0   0.0   0.0  26.7  67.0   0.2
2016 10 11 285  1.50  180.00   0.00    0.0  0.11081E+11   6.7   0.0   0.0  27.8  65.1   0.3
2016 10 11 285  1.50  181.00   0.00    0.0  0.11907E+11   7.6   0.0   0.0  28.9  63.2   0.3
2016 10 11 285  1.50  182.00   0.00    0.0  0.12798E+11   8.5   0.0   0.0  29.9  61.3   0.3
2016 10 11 285  1.50  183.00   0.00    0.0  0.13761E+11   9.5   0.0   0.0  30.8  59.3   0.4
2016 10 11 285  1.50  184.00   0.00    0.0  0.14801E+11  10.7   0.0   0.0  31.6  57.2   0.4
2016 10 11 285  1.50  185.00   0.00    0.0  0.15927E+11  11.9   0.0   0.0  32.4  55.2   0.5
2016 10 11 285  1.50  186.00   0.00    0.0  0.17146E+11  13.4   0.0   0.0  33.0  53.1   0.5
2016 10 11 285  1.50  187.00   0.00    0.0  0.18468E+11  14.9   0.0   0.0  33.5  51.0   0.6
2016 10 11 285  1.50  188.00   0.00    0.0  0.19902E+11  16.6   0.0   0.0  33.8  48.9   0.7
2016 10 11 285  1.50  189.00   0.00    0.0  0.21460E+11  18.5   0.0   0.0  34.0  46.8   0.7
2016 10 11 285  1.50  190.00   0.00    0.0  0.23156E+11  20.5   0.0   0.0  34.1  44.6   0.8
2016 10 11 285  1.50  191.00   0.00    0.0  0.25005E+11  19.9   0.0   0.0  31.7  48.3   0.0
2016 10 11 285  1.50  192.00   0.00    0.0  0.27023E+11  76.4   0.0   0.0   9.6  14.0   0.0
2016 10 11 285  1.50  193.00   0.00    0.0  0.29218E+11  74.4   0.0   0.0  10.6  15.0   0.0
2016 10 11 285  1.50  194.00   0.00    0.0  0.31546E+11  73.4   0.0   0.0  11.2  15.4   0.0
2016 10 11 285  1.50  195.00   0.00    0.0  0.34002E+11  47.0   0.0   0.0  22.7  30.3   0.0
2016 10 11 285  1.50  196.00   0.00    0.0  0.36590E+11  52.9   0.0   0.0  20.5  26.7   0.0
2016 10 11 285  1.50  197.00   0.00    0.0  0.39310E+11  58.2   0.0   0.0  18.4  23.4   0.0
2016 10 11 285  1.50  198.00   0.00    0.0  0.42166E+11  62.9   0.0   0.0  16.5  20.6   0.0
2016 10 11 285  1.50  199.00   0.00    0.0  0.45157E+11  67.1   0.0   0.0  14.8  18.1   0.0
2016 10 11 285  1.50  200.00   0.00    0.0  0.48285E+11  70.9   0.0   0.0  13.2  15.9   0.0
2016 10 11 285  1.50  201.00   0.00    0.0  0.51550E+11  74.2   0.0   0.0  11.8  14.0   0.0
2016 10 11 285  1.50  202.00   0.00    0.0  0.54953E+11  77.2   0.0   0.0  10.5  12.4   0.0
2016 10 11 285  1.50  203.00   0.00    0.0  0.58491E+11  79.7   0.0   0.0   9.3  10.9   0.0
2016 10 11 285  1.50  204.00   0.00    0.0  0.62165E+11  82.0   0.0   0.0   8.3   9.6   0.0
2016 10 11 285  1.50  205.00   0.00    0.0  0.65973E+11  84.0   0.0   0.0   7.4   8.5   0.0
2016 10 11 285  1.50  206.00   0.00    0.0  0.69913E+11  85.8   0.0   0.0   6.6   7.6   0.0
2016 10 11 285  1.50  207.00   0.00    0.0  0.73982E+11  87.3   0.0   0.0   5.9   6.7   0.0
2016 10 11 285  1.50  208.00   0.00    0.0  0.78178E+11  88.7   0.0   0.0   5.3   6.0   0.0
2016 10 11 285  1.50  209.00   0.00    0.0  0.82497E+11  89.9   0.0   0.0   4.7   5.4   0.0
2016 10 11 285  1.50  210.00   0.00    0.0  0.86936E+11  91.0   0.0   0.0   4.2   4.8   0.0
2016 10 11 285  1.50  211.00   0.00    0.0  0.91489E+11  91.9   0.0   0.0   3.8   4.3   0.0
2016 10 11 285  1.50  212.00   0.00    0.0  0.96153E+11  92.7   0.0   0.0   3.4   3.8   0.0
2016 10 11 285  1.50  213.00   0.00    0.0  0.10092E+12  93.5   0.0   0.0   3.1   3.4   0.0
2016 10 11 285  1.50  214.00   0.00    0.0  0.10579E+12  94.1   0.0   0.0   2.7   3.1   0.0
2016 10 11 285  1.50  215.00   0.00    0.0  0.11075E+12  94.9   0.0   0.0   2.4   2.7   0.0
2016 10 11 285  1.50  216.00   0.00    0.0  0.11580E+12  95.4   0.0   0.0   2.1   2.4   0.0
2016 10 11 285  1.50  217.00   0.00    0.0  0.12092E+12  95.8   0.0   0.0   1.9   2.2   0.0
2016 10 11 285  1.50  218.00   0.00    0.0  0.12613E+12  96.2   0.0   0.0   1.8   2.0   0.0
2016 10 11 285  1.50  219.00   0.00    0.0  0.13139E+12  96.6   0.0   0.0   1.6   1.8   0.0
2016 10 11 285  1.50  220.00   0.00    0.0  0.13671E+12  96.9   0.0   0.0   1.4   1.7   0.0
2016 10 11 285  1.50  221.00   0.00    0.0  0.14209E+12  97.2   0.0   0.0   1.3   1.5   0.0
2016 10 11 285  1.50  222.00   0.00    0.0  0.14750E+12  97.4   0.0   0.0   1.2   1.4   0.0
2016 10 11 285  1.50  223.00   0.00    0.0  0.15295E+12  97.6   0.0   0.0   1.1   1.3   0.0
2016 10 11 285  1.50  224.00   0.00    0.0  0.15842E+12  97.8   0.0   0.0   1.0   1.1   0.0
2016 10 11 285  1.50  225.00   0.00    0.0  0.16391E+12  98.0   0.0   0.0   0.9   1.0   0.0
2016 10 11 285  1.50  226.00   0.00    0.0  0.16940E+12  98.2   0.0   0.0   0.8   1.0   0.0
2016 10 11 285  1.50  227.00   0.00    0.0  0.17490E+12  98.3   0.0   0.0   0.7   0.9   0.0
2016 10 11 285  1.50  228.00   0.00    0.0  0.18038E+12  98.5   0.0   0.0   0.7   0.8   0.0
2016 10 11 285  1.50  229.00   0.00    0.0  0.18585E+12  98.6   0.0   0.0   0.6   0.7   0.0
2016 10 11 285  1.50  230.00   0.00    0.0  0.19129E+12  98.7   0.0   0.0   0.6   0.7   0.1
2016 10 11 285  1.50  231.00   0.00    0.0  0.19669E+12  98.8   0.0   0.0   0.5   0.6   0.1
2016 10 11 285  1.50  232.00   0.00    0.0  0.20205E+12  98.9   0.0   0.0   0.5   0.6   0.1
2016 10 11 285  1.50  233.00   0.00    0.0  0.20736E+12  99.0   0.0   0.0   0.4   0.5   0.1
2016 10 11 285  1.50  234.00   0.00    0.0  0.21261E+12  99.1   0.0   0.0   0.4   0.5   0.1
2016 10 11 285  1.50  235.00   0.00    0.0  0.21779E+12  99.1   0.0   0.0   0.4   0.5   0.1
2016 10 11 285  1.50  236.00   0.00    0.0  0.22289E+12  99.2   0.0   0.0   0.3   0.4   0.1
2016 10 11 285  1.50  237.00   0.00    0.0  0.22792E+12  99.2   0.0   0.0   0.3   0.4   0.1
2016 10 11 285  1.50  238.00   0.00    0.0  0.23285E+12  99.3   0.0   0.0   0.3   0.4   0.1
2016 10 11 285  1.50  239.00   0.00    0.0  0.23770E+12  99.3   0.0   0.0   0.3   0.3   0.1
2016 10 11 285  1.50  240.00   0.00    0.0  0.24243E+12  99.4   0.0   0.0   0.2   0.3   0.1
2016 10 11 285  1.50  241.00   0.00    0.0  0.24707E+12  99.4   0.0   0.0   0.2   0.3   0.1
2016 10 11 285  1.50  242.00   0.00    0.0  0.25159E+12  99.5   0.0   0.0   0.2   0.3   0.1
2016 10 11 285  1.50  243.00   0.00    0.0  0.25599E+12  99.5   0.0   0.0   0.2   0.2   0.1
2016 10 11 285  1.50  244.00   0.00    0.0  0.26027E+12  99.5   0.0   0.0   0.2   0.2   0.1
2016 10 11 285  1.50  245.00   0.00    0.0  0.26442E+12  99.5   0.0   0.0   0.2   0.2   0.1
2016 10 11 285  1.50  246.00   0.00    0.0  0.26845E+12  99.6   0.0   0.0   0.1   0.2   0.1
2016 10 11 285  1.50  247.00   0.00    0.0  0.27234E+12  99.6   0.0   0.0   0.1   0.2   0.1
2016 10 11 285  1.50  248.00   0.00    0.0  0.27610E+12  99.6   0.0   0.0   0.1   0.2   0.1
2016 10 11 285  1.50  249.00   0.00    0.0  0.27971E+12  99.6   0.0   0.0   0.1   0.2   0.1
2016 10 11 285  1.50  250.00   0.00    0.0  0.28319E+12  99.6   0.0   0.0   0.1   0.2   0.1
2016 10 11 285  1.50  251.00   0.00    0.0  0.28652E+12  99.7   0.0   0.0   0.1   0.1   0.1
2016 10 11 285  1.50  252.00   0.00    0.0  0.28971E+12  99.7   0.0   0.0   0.1   0.1   0.1
2016 10 11 285  1.50  253.00   0.00    0.0  0.29276E+12  99.7   0.0   0.0   0.1   0.1   0.1
2016 10 11 285  1.50  254.00   0.00    0.0  0.29566E+12  99.7   0.0   0.0   0.1   0.1   0.1
2016 10 11 285  1.50  255.00   0.00    0.0  0.29842E+12  99.7   0.0   0.0   0.1   0.1   0.1
2016 10 11 285  1.50  256.00   0.00    0.0  0.30104E+12  99.7   0.0   0.0   0.1   0.1   0.1
2016 10 11 285  1.50  257.00   0.00    0.0  0.30351E+12  99.7   0.0   0.0   0.1   0.1   0.1
2016 10 11 285  1.50  258.00   0.00    0.0  0.30584E+12  99.7   0.0   0.0   0.1   0.1   0.1
2016 10 11 285  1.50  259.00   0.00    0.0  0.30803E+12  99.7   0.0   0.0   0.1   0.1   0.1
2016 10 11 285  1.50  260.00   0.00    0.0  0.31007E+12  99.8   0.0   0.0   0.1   0.1   0.1
2016 10 11 285  1.50  261.00   0.00    0.0  0.31199E+12  99.8   0.0   0.0   0.0   0.1   0.1
2016 10 11 285  1.50  262.00   0.00    0.0  0.31376E+12  99.8   0.0   0.0   0.0   0.1   0.1
2016 10 11 285  1.50  263.00   0.00    0.0  0.31541E+12  99.8   0.0   0.0   0.0   0.1   0.1
2016 10 11 285  1.50  264.00   0.00    0.0  0.31693E+12  99.8   0.0   0.0   0.0   0.1   0.1
2016 10 11 285  1.50  265.00   0.00    0.0  0.31832E+12  99.8   0.0   0.0   0.0   0.1   0.1
2016 10 11 285  1.50  266.00   0.00    0.0  0.31959E+12  99.8   0.0   0.0   0.0   0.1   0.1
2016 10 11 285  1.50  267.00   0.00    0.0  0.32074E+12  99.8   0.0   0.0   0.0   0.1   0.1
2016 10 11 285  1.50  268.00   0.00    0.0  0.32177E+12  99.8   0.0   0.0   0.0   0.0   0.1
2016 10 11 285  1.50  269.00   0.00    0.0  0.32270E+12  99.8   0.0   0.0   0.0   0.0   0.1
2016 10 11 285  1.50  270.00   0.00    0.0  0.32351E+12  99.8   0.0   0.0   0.0   0.0   0.1
2016 10 11 285  1.50  271.00   0.00    0.0  0.32423E+12  99.8   0.0   0.0   0.0   0.0   0.1
2016 10 11 285  1.50  272.00   0.00    0.0  0.32484E+12  99.8   0.0   0.0   0.0   0.0   0.1
2016 10 11 285  1.50  273.00   0.00    0.0  0.32536E+12  99.8   0.0   0.0   0.0   0.0   0.1
2016 10 11 285  1.50  274.00   0.00    0.0  0.32579E+12  99.8   0.0   0.0   0.0   0.0   0.1
2016 10 11 285  1.50  275.00   0.00    0.0  0.32614E+12  99.8   0.0   0.0   0.0   0.0   0.1
2016 10 11 285  1.50  276.00   0.00    0.0  0.32640E+12  99.8   0.0   0.0   0.0   0.0   0.1
2016 10 11 285  1.50  277.00   0.00    0.0  0.32659E+12  99.8   0.0   0.0   0.0   0.0   0.1
2016 10 11 285  1.50  278.00   0.00    0.0  0.32670E+12  99.8   0.0   0.0   0.0   0.0   0.1
2016 10 11 285  1.50  279.00   0.00    0.0  0.32674E+12  99.8   0.0   0.0   0.0   0.0   0.1
2016 10 11 285  1.50  280.00   0.00    0.0  0.32673E+12  99.8   0.0   0.0   0.0   0.0   0.1
2016 10 11 285  1.50  281.00   0.00    0.0  0.32666E+12  99.8   0.0   0.0   0.0   0.0   0.1
2016 10 11 285  1.50  282.00   0.00    0.0  0.32655E+12  99.9   0.0   0.0   0.0   0.0   0.1
2016 10 11 285  1.50  283.00   0.00    0.0  0.32639E+12  99.9   0.0   0.0   0.0   0.0   0.1
2016 10 11 285  1.50  284.00   0.00    0.0  0.32618E+12  99.9   0.0   0.0   0.0   0.0   0.1
2016 10 11 285  1.50  285.00   0.00    0.0  0.32592E+12  99.9   0.0   0.0   0.0   0.0   0.1
2016 10 11 285  1.50  286.00   0.00    0.0  0.32562E+12  99.9   0.0   0.0   0.0   0.0   0.1
2016 10 11 285  1.50  287.00   0.00    0.0  0.32527E+12  99.9   0.0   0.0   0.0   0.0   0.1
2016 10 11 285  1.50  288.00   0.00    0.0  0.32487E+12  99.9   0.0   0.0   0.0   0.0   0.1
2016 10 11 285  1.50  289.00   0.00    0.0  0.32444E+12  99.9   0.0   0.0   0.0   0.0   0.1
2016 10 11 285  1.50  290.00   0.00    0.0  0.32396E+12  99.9   0.0   0.0   0.0   0.0   0.1
2016 10 11 285  1.50  291.00   0.00    0.0  0.32344E+12  99.9   0.0   0.0   0.0   0.0   0.1
2016 10 11 285  1.50  292.00   0.00    0.0  0.32287E+12  99.9   0.0   0.0   0.0   0.0   0.1
2016 10 11 285  1.50  293.00   0.00    0.0  0.32227E+12  99.9   0.0   0.0   0.0   0.0   0.1
2016 10 11 285  1.50  294.00   0.00    0.0  0.32163E+12  99.9   0.0   0.0   0.0   0.0   0.1
2016 10 11 285  1.50  295.00   0.00    0.0  0.32095E+12  99.9   0.0   0.0   0.0   0.0   0.1
2016 10 11 285  1.50  296.00   0.00    0.0  0.32023E+12  99.9   0.0   0.0   0.0   0.0   0.1
2016 10 11 285  1.50  297.00   0.00    0.0  0.31947E+12  99.9   0.0   0.0   0.0   0.0   0.1
2016 10 11 285  1.50  298.00   0.00    0.0  0.31868E+12  99.9   0.0   0.0   0.0   0.0   0.1
2016 10 11 285  1.50  299.00   0.00    0.0  0.31785E+12  99.9   0.0   0.0   0.0   0.0   0.1
2016 10 11 285  1.50  300.00   0.00    0.0  0.31699E+12  99.9   0.0   0.0   0.0   0.0   0.1
2016 10 11 285  1.50  301.00   0.00    0.0  0.31609E+12  99.6   0.1   0.1   0.0   0.0   0.3
2016 10 11 285  1.50  302.00   0.00    0.0  0.31517E+12  99.6   0.1   0.1   0.0   0.0   0.3
2016 10 11 285  1.50  303.00   0.00    0.0  0.31421E+12  99.6   0.1   0.1   0.0   0.0   0.3
2016 10 11 285  1.50  304.00   0.00    0.0  0.31322E+12  99.6   0.1   0.1   0.0   0.0   0.3
2016 10 11 285  1.50  305.00   0.00    0.0  0.31220E+12  99.6   0.1   0.1   0.0   0.0   0.3
2016 10 11 285  1.50  306.00   0.00    0.0  0.31115E+12  99.6   0.1   0.1   0.0   0.0   0.3
2016 10 11 285  1.50  307.00   0.00    0.0  0.31007E+12  99.6   0.1   0.1   0.0   0.0   0.3
2016 10 11 285  1.50  308.00   0.00    0.0  0.30897E+12  99.6   0.1   0.1   0.0   0.0   0.3
2016 10 11 285  1.50  309.00   0.00    0.0  0.30783E+12  99.5   0.1   0.1   0.0   0.0   0.3
2016 10 11 285  1.50  310.00   0.00    0.0  0.30668E+12  99.5   0.1   0.1   0.0   0.0   0.3
2016 10 11 285  1.50  311.00   0.00    0.0  0.30550E+12  99.5   0.1   0.1   0.0   0.0   0.3
2016 10 11 285  1.50  312.00   0.00    0.0  0.30429E+12  99.5   0.1   0.1   0.0   0.0   0.3
2016 10 11 285  1.50  313.00   0.00    0.0  0.30306E+12  99.5   0.1   0.1   0.0   0.0   0.3
2016 10 11 285  1.50  314.00   0.00    0.0  0.30181E+12  99.5   0.1   0.1   0.0   0.0   0.3
2016 10 11 285  1.50  315.00   0.00    0.0  0.30054E+12  99.5   0.1   0.1   0.0   0.0   0.3
2016 10 11 285  1.50  316.00   0.00    0.0  0.29924E+12  99.5   0.1   0.1   0.0   0.0   0.3
2016 10 11 285  1.50  317.00   0.00    0.0  0.29793E+12  99.5   0.1   0.1   0.0   0.0   0.3
2016 10 11 285  1.50  318.00   0.00    0.0  0.29660E+12  99.5   0.1   0.1   0.0   0.0   0.3
2016 10 11 285  1.50  319.00   0.00    0.0  0.29524E+12  99.5   0.1   0.1   0.0   0.0   0.3
2016 10 11 285  1.50  320.00   0.00    0.0  0.29388E+12  99.5   0.1   0.1   0.0   0.0   0.3
2016 10 11 285  1.50  321.00   0.00    0.0  0.29249E+12  99.5   0.1   0.1   0.0   0.0   0.3
2016 10 11 285  1.50  322.00   0.00    0.0  0.29109E+12  99.5   0.1   0.1   0.0   0.0   0.4
2016 10 11 285  1.50  323.00   0.00    0.0  0.28967E+12  99.5   0.1   0.1   0.0   0.0   0.4
2016 10 11 285  1.50  324.00   0.00    0.0  0.28824E+12  99.4   0.1   0.1   0.0   0.0   0.4
2016 10 11 285  1.50  325.00   0.00    0.0  0.28679E+12  99.4   0.1   0.1   0.0   0.0   0.4
2016 10 11 285  1.50  326.00   0.00    0.0  0.28533E+12  99.4   0.1   0.1   0.0   0.0   0.4
2016 10 11 285  1.50  327.00   0.00    0.0  0.28386E+12  99.4   0.1   0.1   0.0   0.0   0.4
2016 10 11 285  1.50  328.00   0.00    0.0  0.28238E+12  99.4   0.1   0.1   0.0   0.0   0.4
2016 10 11 285  1.50  329.00   0.00    0.0  0.28088E+12  99.4   0.1   0.1   0.0   0.0   0.4
2016 10 11 285  1.50  330.00   0.00    0.0  0.27938E+12  99.4   0.1   0.1   0.0   0.0   0.4
2016 10 11 285  1.50  331.00   0.00    0.0  0.27786E+12  99.4   0.1   0.1   0.0   0.0   0.4
2016 10 11 285  1.50  332.00   0.00    0.0  0.27634E+12  99.4   0.1   0.1   0.0   0.0   0.4
2016 10 11 285  1.50  333.00   0.00    0.0  0.27480E+12  99.4   0.1   0.1   0.0   0.0   0.4
2016 10 11 285  1.50  334.00   0.00    0.0  0.27326E+12  99.4   0.1   0.1   0.0   0.0   0.4
2016 10 11 285  1.50  335.00   0.00    0.0  0.27171E+12  99.4   0.1   0.1   0.0   0.0   0.4
2016 10 11 285  1.50  336.00   0.00    0.0  0.27016E+12  99.3   0.2   0.1   0.0   0.0   0.4
2016 10 11 285  1.50  337.00   0.00    0.0  0.26859E+12  99.3   0.2   0.1   0.0   0.0   0.4
2016 10 11 285  1.50  338.00   0.00    0.0  0.26702E+12  99.3   0.2   0.1   0.0   0.0   0.4
2016 10 11 285  1.50  339.00   0.00    0.0  0.26545E+12  99.3   0.2   0.1   0.0   0.0   0.4
2016 10 11 285  1.50  340.00   0.00    0.0  0.26387E+12  99.3   0.2   0.1   0.0   0.0   0.4
2016 10 11 285  1.50  341.00   0.00    0.0  0.26229E+12  99.3   0.2   0.1   0.0   0.0   0.4
2016 10 11 285  1.50  342.00   0.00    0.0  0.26070E+12  99.3   0.2   0.1   0.0   0.0   0.4
2016 10 11 285  1.50  343.00   0.00    0.0  0.25911E+12  99.3   0.2   0.1   0.0   0.0   0.4
2016 10 11 285  1.50  344.00   0.00    0.0  0.25752E+12  99.3   0.2   0.1   0.0   0.0   0.4
2016 10 11 285  1.50  345.00   0.00    0.0  0.25592E+12  99.3   0.2   0.1   0.0   0.0   0.4
2016 10 11 285  1.50  346.00   0.00    0.0  0.25432E+12  99.2   0.2   0.1   0.0   0.0   0.4
2016 10 11 285  1.50  347.00   0.00    0.0  0.25273E+12  99.2   0.2   0.1   0.0   0.0   0.4
2016 10 11 285  1.50  348.00   0.00    0.0  0.25113E+12  99.2   0.2   0.1   0.0   0.0   0.4
2016 10 11 285  1.50  349.00   0.00    0.0  0.24952E+12  99.2   0.2   0.1   0.0   0.0   0.5
2016 10 11 285  1.50  350.00   0.00    0.0  0.24792E+12  99.2   0.2   0.1   0.0   0.0   0.5
2016 10 11 285  1.50  351.00   0.00    0.0  0.24632E+12  99.2   0.2   0.1   0.0   0.0   0.5
2016 10 11 285  1.50  352.00   0.00    0.0  0.24472E+12  99.2   0.2   0.1   0.0   0.0   0.5
2016 10 11 285  1.50  353.00   0.00    0.0  0.24312E+12  99.2   0.2   0.1   0.0   0.0   0.5
2016 10 11 285  1.50  354.00   0.00    0.0  0.24152E+12  99.1   0.2   0.1   0.0   0.0   0.5
2016 10 11 285  1.50  355.00   0.00    0.0  0.23993E+12  99.1   0.2   0.1   0.0   0.0   0.5
2016 10 11 285  1.50  356.00   0.00    0.0  0.23833E+12  99.1   0.3   0.1   0.0   0.0   0.5
2016 10 11 285  1.50  357.00   0.00    0.0  0.23674E+12  99.1   0.3   0.1   0.0   0.0   0.5
2016 10 11 285  1.50  358.00   0.00    0.0  0.23515E+12  99.1   0.3   0.2   0.0   0.0   0.5
2016 10 11 285  1.50  359.00   0.00    0.0  0.23356E+12  99.1   0.3   0.2   0.0   0.0   0.5
2016 10 11 285  1.50  360.00   0.00    0.0  0.23198E+12  99.1   0.3   0.2   0.0   0.0   0.5
2016 10 11 285  1.50  361.00   0.00    0.0  0.23040E+12  99.0   0.3   0.2   0.0   0.0   0.5
2016 10 11 285  1.50  362.00   0.00    0.0  0.22882E+12  99.0   0.3   0.2   0.0   0.0   0.5
2016 10 11 285  1.50  363.00   0.00    0.0  0.22725E+12  99.0   0.3   0.2   0.0   0.0   0.5
2016 10 11 285  1.50  364.00   0.00    0.0  0.22568E+12  99.0   0.3   0.2   0.0   0.0   0.5
2016 10 11 285  1.50  365.00   0.00    0.0  0.22412E+12  99.0   0.3   0.2   0.0   0.0   0.5
2016 10 11 285  1.50  366.00   0.00    0.0  0.22256E+12  99.0   0.3   0.2   0.0   0.0   0.5
2016 10 11 285  1.50  367.00   0.00    0.0  0.22100E+12  98.9   0.3   0.2   0.0   0.0   0.5
2016 10 11 285  1.50  368.00   0.00    0.0  0.21945E+12  98.9   0.3   0.2   0.0   0.0   0.5
2016 10 11 285  1.50  369.00   0.00    0.0  0.21791E+12  98.9   0.4   0.2   0.0   0.0   0.5
2016 10 11 285  1.50  370.00   0.00    0.0  0.21637E+12  98.9   0.4   0.2   0.0   0.0   0.6
2016 10 11 285  1.50  371.00   0.00    0.0  0.21484E+12  98.9   0.4   0.2   0.0   0.0   0.6
2016 10 11 285  1.50  372.00   0.00    0.0  0.21331E+12  98.9   0.4   0.2   0.0   0.0   0.6
2016 10 11 285  1.50  373.00   0.00    0.0  0.21179E+12  98.8   0.4   0.2   0.0   0.0   0.6
2016 10 11 285  1.50  374.00   0.00    0.0  0.21028E+12  98.8   0.4   0.2   0.0   0.0   0.6
2016 10 11 285  1.50  375.00   0.00    0.0  0.20877E+12  98.8   0.4   0.2   0.0   0.0   0.6
2016 10 11 285  1.50  376.00   0.00    0.0  0.20727E+12  98.8   0.4   0.2   0.0   0.0   0.6
2016 10 11 285  1.50  377.00   0.00    0.0  0.20577E+12  98.8   0.4   0.2   0.0   0.0   0.6
2016 10 11 285  1.50  378.00   0.00    0.0  0.20429E+12  98.7   0.4   0.2   0.0   0.0   0.6
2016 10 11 285  1.50  379.00   0.00    0.0  0.20281E+12  98.7   0.5   0.2   0.0   0.0   0.6
2016 10 11 285  1.50  380.00   0.00    0.0  0.20134E+12  98.7   0.5   0.2   0.0   0.0   0.6
2016 10 11 285  1.50  381.00   0.00    0.0  0.19987E+12  98.7   0.5   0.2   0.0   0.0   0.6
2016 10 11 285  1.50  382.00   0.00    0.0  0.19841E+12  98.7   0.5   0.2   0.0   0.0   0.6
2016 10 11 285  1.50  383.00   0.00    0.0  0.19696E+12  98.6   0.5   0.2   0.0   0.0   0.6
2016 10 11 285  1.50  384.00   0.00    0.0  0.19552E+12  98.6   0.5   0.2   0.0   0.0   0.6
2016 10 11 285  1.50  385.00   0.00    0.0  0.19408E+12  98.6   0.5   0.2   0.0   0.0   0.6
2016 10 11 285  1.50  386.00   0.00    0.0  0.19266E+12  98.6   0.6   0.2   0.0   0.0   0.6
2016 10 11 285  1.50  387.00   0.00    0.0  0.19124E+12  98.5   0.6   0.2   0.0   0.0   0.6
2016 10 11 285  1.50  388.00   0.00    0.0  0.18983E+12  98.5   0.6   0.2   0.0   0.0   0.7
2016 10 11 285  1.50  389.00   0.00    0.0  0.18842E+12  98.5   0.6   0.3   0.0   0.0   0.7
2016 10 11 285  1.50  390.00   0.00    0.0  0.18703E+12  98.5   0.6   0.3   0.0   0.0   0.7
2016 10 11 285  1.50  391.00   0.00    0.0  0.18564E+12  98.4   0.6   0.3   0.0   0.0   0.7
2016 10 11 285  1.50  392.00   0.00    0.0  0.18427E+12  98.4   0.6   0.3   0.0   0.0   0.7
2016 10 11 285  1.50  393.00   0.00    0.0  0.18290E+12  98.4   0.7   0.3   0.0   0.0   0.7
2016 10 11 285  1.50  394.00   0.00    0.0  0.18154E+12  98.4   0.7   0.3   0.0   0.0   0.7
2016 10 11 285  1.50  395.00   0.00    0.0  0.18018E+12  98.3   0.7   0.3   0.0   0.0   0.7
2016 10 11 285  1.50  396.00   0.00    0.0  0.17884E+12  98.3   0.7   0.3   0.0   0.0   0.7
2016 10 11 285  1.50  397.00   0.00    0.0  0.17750E+12  98.3   0.7   0.3   0.0   0.0   0.7
2016 10 11 285  1.50  398.00   0.00    0.0  0.17618E+12  98.2   0.7   0.3   0.0   0.0   0.7
2016 10 11 285  1.50  399.00   0.00    0.0  0.17486E+12  98.2   0.8   0.3   0.0   0.0   0.7
2016 10 11 285  1.50  400.00   0.00    0.0  0.17355E+12  98.2   0.8   0.3   0.0   0.0   0.7
2016 10 11 285  1.50  401.00   0.00    0.0  0.17225E+12  98.1   0.8   0.3   0.0   0.0   0.7
2016 10 11 285  1.50  402.00   0.00    0.0  0.17096E+12  98.1   0.8   0.3   0.0   0.0   0.7
2016 10 11 285  1.50  403.00   0.00    0.0  0.16967E+12  98.1   0.9   0.3   0.0   0.0   0.8
2016 10 11 285  1.50  404.00   0.00    0.0  0.16840E+12  98.0   0.9   0.3   0.0   0.0   0.8
2016 10 11 285  1.50  405.00   0.00    0.0  0.16713E+12  98.0   0.9   0.3   0.0   0.0   0.8
2016 10 11 285  1.50  406.00   0.00    0.0  0.16588E+12  98.0   0.9   0.3   0.0   0.0   0.8
2016 10 11 285  1.50  407.00   0.00    0.0  0.16463E+12  97.9   0.9   0.3   0.0   0.0   0.8
2016 10 11 285  1.50  408.00   0.00    0.0  0.16339E+12  97.9   1.0   0.3   0.0   0.0   0.8
2016 10 11 285  1.50  409.00   0.00    0.0  0.16216E+12  97.9   1.0   0.4   0.0   0.0   0.8
2016 10 11 285  1.50  410.00   0.00    0.0  0.16094E+12  97.8   1.0   0.4   0.0   0.0   0.8
2016 10 11 285  1.50  411.00   0.00    0.0  0.15973E+12  97.8   1.0   0.4   0.0   0.0   0.8
2016 10 11 285  1.50  412.00   0.00    0.0  0.15852E+12  97.7   1.1   0.4   0.0   0.0   0.8
2016 10 11 285  1.50  413.00   0.00    0.0  0.15733E+12  97.7   1.1   0.4   0.0   0.0   0.8
2016 10 11 285  1.50  414.00   0.00    0.0  0.15614E+12  97.7   1.1   0.4   0.0   0.0   0.8
2016 10 11 285  1.50  415.00   0.00    0.0  0.15497E+12  97.6   1.2   0.4   0.0   0.0   0.8
2016 10 11 285  1.50  416.00   0.00    0.0  0.15380E+12  97.6   1.2   0.4   0.0   0.0   0.8
2016 10 11 285  1.50  417.00   0.00    0.0  0.15264E+12  97.5   1.2   0.4   0.0   0.0   0.9
2016 10 11 285  1.50  418.00   0.00    0.0  0.15149E+12  97.5   1.2   0.4   0.0   0.0   0.9
2016 10 11 285  1.50  419.00   0.00    0.0  0.15035E+12  97.4   1.3   0.4   0.0   0.0   0.9
2016 10 11 285  1.50  420.00   0.00    0.0  0.14921E+12  97.4   1.3   0.4   0.0   0.0   0.9
2016 10 11 285  1.50  421.00   0.00    0.0  0.14809E+12  97.3   1.3   0.4   0.0   0.0   0.9
2016 10 11 285  1.50  422.00   0.00    0.0  0.14697E+12  97.3   1.4   0.4   0.0   0.0   0.9
2016 10 11 285  1.50  423.00   0.00    0.0  0.14587E+12  97.2   1.4   0.4   0.0   0.0   0.9
2016 10 11 285  1.50  424.00   0.00    0.0  0.14477E+12  97.2   1.5   0.5   0.0   0.0   0.9
2016 10 11 285  1.50  425.00   0.00    0.0  0.14368E+12  97.1   1.5   0.5   0.0   0.0   0.9
2016 10 11 285  1.50  426.00   0.00    0.0  0.14260E+12  97.1   1.5   0.5   0.0   0.0   0.9
2016 10 11 285  1.50  427.00   0.00    0.0  0.14152E+12  97.0   1.6   0.5   0.0   0.0   0.9
2016 10 11 285  1.50  428.00   0.00    0.0  0.14046E+12  97.0   1.6   0.5   0.0   0.0   0.9
2016 10 11 285  1.50  429.00   0.00    0.0  0.13940E+12  96.9   1.6   0.5   0.0   0.0   1.0
2016 10 11 285  1.50  430.00   0.00    0.0  0.13835E+12  96.9   1.7   0.5   0.0   0.0   1.0
2016 10 11 285  1.50  431.00   0.00    0.0  0.13732E+12  96.8   1.7   0.5   0.0   0.0   1.0
2016 10 11 285  1.50  432.00   0.00    0.0  0.13628E+12  96.7   1.8   0.5   0.0   0.0   1.0
2016 10 11 285  1.50  433.00   0.00    0.0  0.13526E+12  96.7   1.8   0.5   0.0   0.0   1.0
2016 10 11 285  1.50  434.00   0.00    0.0  0.13425E+12  96.6   1.9   0.5   0.0   0.0   1.0
2016 10 11 285  1.50  435.00   0.00    0.0  0.13324E+12  96.5   1.9   0.5   0.0   0.0   1.0
2016 10 11 285  1.50  436.00   0.00    0.0  0.13224E+12  96.5   2.0   0.6   0.0   0.0   1.0
2016 10 11 285  1.50  437.00   0.00    0.0  0.13125E+12  96.4   2.0   0.6   0.0   0.0   1.0
2016 10 11 285  1.50  438.00   0.00    0.0  0.13027E+12  96.3   2.1   0.6   0.0   0.0   1.0
2016 10 11 285  1.50  439.00   0.00    0.0  0.12930E+12  96.3   2.1   0.6   0.0   0.0   1.0
2016 10 11 285  1.50  440.00   0.00    0.0  0.12833E+12  96.2   2.2   0.6   0.0   0.0   1.0
2016 10 11 285  1.50  441.00   0.00    0.0  0.12738E+12  96.1   2.2   0.6   0.0   0.0   1.1
2016 10 11 285  1.50  442.00   0.00    0.0  0.12643E+12  96.0   2.3   0.6   0.0   0.0   1.1
2016 10 11 285  1.50  443.00   0.00    0.0  0.12548E+12  96.0   2.3   0.6   0.0   0.0   1.1
2016 10 11 285  1.50  444.00   0.00    0.0  0.12455E+12  95.9   2.4   0.6   0.0   0.0   1.1
2016 10 11 285  1.50  445.00   0.00    0.0  0.12362E+12  95.8   2.5   0.6   0.0   0.0   1.1
2016 10 11 285  1.50  446.00   0.00    0.0  0.12270E+12  95.7   2.5   0.6   0.0   0.0   1.1
2016 10 11 285  1.50  447.00   0.00    0.0  0.12179E+12  95.6   2.6   0.7   0.0   0.0   1.1
2016 10 11 285  1.50  448.00   0.00    0.0  0.12089E+12  95.6   2.7   0.7   0.0   0.0   1.1
2016 10 11 285  1.50  449.00   0.00    0.0  0.12000E+12  95.5   2.7   0.7   0.0   0.0   1.1
2016 10 11 285  1.50  450.00   0.00    0.0  0.11911E+12  95.4   2.8   0.7   0.0   0.0   1.1
2016 10 11 285  1.50  451.00   0.00    0.0  0.11823E+12  95.3   2.9   0.7   0.0   0.0   1.2
2016 10 11 285  1.50  452.00   0.00    0.0  0.11735E+12  95.2   2.9   0.7   0.0   0.0   1.2
2016 10 11 285  1.50  453.00   0.00    0.0  0.11649E+12  95.1   3.0   0.7   0.0   0.0   1.2
2016 10 11 285  1.50  454.00   0.00    0.0  0.11563E+12  95.0   3.1   0.7   0.0   0.0   1.2
2016 10 11 285  1.50  455.00   0.00    0.0  0.11478E+12  94.9   3.2   0.7   0.0   0.0   1.2
2016 10 11 285  1.50  456.00   0.00    0.0  0.11393E+12  94.8   3.2   0.8   0.0   0.0   1.2
2016 10 11 285  1.50  457.00   0.00    0.0  0.11310E+12  94.7   3.3   0.8   0.0   0.0   1.2
2016 10 11 285  1.50  458.00   0.00    0.0  0.11227E+12  94.6   3.4   0.8   0.0   0.0   1.2
2016 10 11 285  1.50  459.00   0.00    0.0  0.11144E+12  94.5   3.5   0.8   0.0   0.0   1.2
2016 10 11 285  1.50  460.00   0.00    0.0  0.11063E+12  94.4   3.6   0.8   0.0   0.0   1.2
2016 10 11 285  1.50  461.00   0.00    0.0  0.10982E+12  94.3   3.7   0.8   0.0   0.0   1.3
2016 10 11 285  1.50  462.00   0.00    0.0  0.10902E+12  94.1   3.8   0.8   0.0   0.0   1.3
2016 10 11 285  1.50  463.00   0.00    0.0  0.10822E+12  94.0   3.9   0.8   0.0   0.0   1.3
2016 10 11 285  1.50  464.00   0.00    0.0  0.10743E+12  93.9   3.9   0.9   0.0   0.0   1.3
2016 10 11 285  1.50  465.00   0.00    0.0  0.10665E+12  93.8   4.0   0.9   0.0   0.0   1.3
2016 10 11 285  1.50  466.00   0.00    0.0  0.10588E+12  93.7   4.1   0.9   0.0   0.0   1.3
2016 10 11 285  1.50  467.00   0.00    0.0  0.10511E+12  93.5   4.3   0.9   0.0   0.0   1.3
2016 10 11 285  1.50  468.00   0.00    0.0  0.10435E+12  93.4   4.4   0.9   0.0   0.0   1.3
2016 10 11 285  1.50  469.00   0.00    0.0  0.10359E+12  93.3   4.5   0.9   0.0   0.0   1.3
2016 10 11 285  1.50  470.00   0.00    0.0  0.10284E+12  93.1   4.6   0.9   0.0   0.0   1.4
2016 10 11 285  1.50  471.00   0.00    0.0  0.10210E+12  93.0   4.7   1.0   0.0   0.0   1.4
2016 10 11 285  1.50  472.00   0.00    0.0  0.10137E+12  92.8   4.8   1.0   0.0   0.0   1.4
2016 10 11 285  1.50  473.00   0.00    0.0  0.10064E+12  92.7   4.9   1.0   0.0   0.0   1.4
2016 10 11 285  1.50  474.00   0.00    0.0  0.99914E+11  92.6   5.0   1.0   0.0   0.0   1.4
2016 10 11 285  1.50  475.00   0.00    0.0  0.99197E+11  92.4   5.2   1.0   0.0   0.0   1.4
2016 10 11 285  1.50  476.00   0.00    0.0  0.98486E+11  92.3   5.3   1.0   0.0   0.0   1.4
2016 10 11 285  1.50  477.00   0.00    0.0  0.97782E+11  92.1   5.4   1.0   0.0   0.0   1.4
2016 10 11 285  1.50  478.00   0.00    0.0  0.97083E+11  91.9   5.6   1.1   0.0   0.0   1.4
2016 10 11 285  1.50  479.00   0.00    0.0  0.96391E+11  91.8   5.7   1.1   0.0   0.0   1.5
2016 10 11 285  1.50  480.00   0.00    0.0  0.95704E+11  91.6   5.8   1.1   0.0   0.0   1.5
2016 10 11 285  1.50  481.00   0.00    0.0  0.95024E+11  91.4   6.0   1.1   0.0   0.0   1.5
2016 10 11 285  1.50  482.00   0.00    0.0  0.94349E+11  91.3   6.1   1.1   0.0   0.0   1.5
2016 10 11 285  1.50  483.00   0.00    0.0  0.93680E+11  91.1   6.3   1.1   0.0   0.0   1.5
2016 10 11 285  1.50  484.00   0.00    0.0  0.93017E+11  90.9   6.4   1.2   0.0   0.0   1.5
2016 10 11 285  1.50  485.00   0.00    0.0  0.92360E+11  90.7   6.6   1.2   0.0   0.0   1.5
2016 10 11 285  1.50  486.00   0.00    0.0  0.91708E+11  90.5   6.7   1.2   0.0   0.0   1.5
2016 10 11 285  1.50  487.00   0.00    0.0  0.91062E+11  90.3   6.9   1.2   0.0   0.0   1.5
2016 10 11 285  1.50  488.00   0.00    0.0  0.90421E+11  90.2   7.1   1.2   0.0   0.0   1.6
2016 10 11 285  1.50  489.00   0.00    0.0  0.89786E+11  90.0   7.2   1.3   0.0   0.0   1.6
2016 10 11 285  1.50  490.00   0.00    0.0  0.89157E+11  89.8   7.4   1.3   0.0   0.0   1.6
2016 10 11 285  1.50  491.00   0.00    0.0  0.88533E+11  89.5   7.6   1.3   0.0   0.0   1.6
2016 10 11 285  1.50  492.00   0.00    0.0  0.87914E+11  89.3   7.8   1.3   0.0   0.0   1.6
2016 10 11 285  1.50  493.00   0.00    0.0  0.87301E+11  89.1   7.9   1.3   0.0   0.0   1.6
2016 10 11 285  1.50  494.00   0.00    0.0  0.86693E+11  88.9   8.1   1.3   0.0   0.0   1.6
2016 10 11 285  1.50  495.00   0.00    0.0  0.86090E+11  88.7   8.3   1.4   0.0   0.0   1.6
2016 10 11 285  1.50  496.00   0.00    0.0  0.85492E+11  88.4   8.5   1.4   0.0   0.0   1.6
2016 10 11 285  1.50  497.00   0.00    0.0  0.84900E+11  88.2   8.7   1.4   0.0   0.0   1.7
2016 10 11 285  1.50  498.00   0.00    0.0  0.84312E+11  88.0   8.9   1.4   0.0   0.0   1.7
2016 10 11 285  1.50  499.00   0.00    0.0  0.83730E+11  87.7   9.1   1.4   0.0   0.0   1.7
2016 10 11 285  1.50  500.00   0.00    0.0  0.83153E+11  87.5   9.3   1.5   0.0   0.0   1.7
2016 10 11 285  1.50  501.00   0.00    0.0  0.82581E+11  87.2   9.6   1.5   0.0   0.0   1.7
2016 10 11 285  1.50  502.00   0.00    0.0  0.82013E+11  87.0   9.8   1.5   0.0   0.0   1.7
2016 10 11 285  1.50  503.00   0.00    0.0  0.81451E+11  86.7  10.0   1.5   0.0   0.0   1.7
2016 10 11 285  1.50  504.00   0.00    0.0  0.80893E+11  86.5  10.2   1.6   0.0   0.0   1.7
2016 10 11 285  1.50  505.00   0.00    0.0  0.80340E+11  86.2  10.5   1.6   0.0   0.0   1.8
2016 10 11 285  1.50  506.00   0.00    0.0  0.79792E+11  85.9  10.7   1.6   0.0   0.0   1.8
2016 10 11 285  1.50  507.00   0.00    0.0  0.79248E+11  85.7  11.0   1.6   0.0   0.0   1.8
2016 10 11 285  1.50  508.00   0.00    0.0  0.78710E+11  85.4  11.2   1.6   0.0   0.0   1.8
2016 10 11 285  1.50  509.00   0.00    0.0  0.78175E+11  85.1  11.5   1.7   0.0   0.0   1.8
2016 10 11 285  1.50  510.00   0.00    0.0  0.77646E+11  84.8  11.7   1.7   0.0   0.0   1.8
2016 10 11 285  1.50  511.00   0.00    0.0  0.77121E+11  84.5  12.0   1.7   0.0   0.0   1.8
2016 10 11 285  1.50  512.00   0.00    0.0  0.76600E+11  84.2  12.3   1.7   0.0   0.0   1.8
2016 10 11 285  1.50  513.00   0.00    0.0  0.76084E+11  83.9  12.5   1.8   0.0   0.0   1.8
2016 10 11 285  1.50  514.00   0.00    0.0  0.75572E+11  83.6  12.8   1.8   0.0   0.0   1.9
2016 10 11 285  1.50  515.00   0.00    0.0  0.75065E+11  83.2  13.1   1.8   0.0   0.0   1.9
2016 10 11 285  1.50  516.00   0.00    0.0  0.74562E+11  82.9  13.4   1.8   0.0   0.0   1.9
2016 10 11 285  1.50  517.00   0.00    0.0  0.74063E+11  82.6  13.7   1.8   0.0   0.0   1.9
2016 10 11 285  1.50  518.00   0.00    0.0  0.73569E+11  82.3  14.0   1.9   0.0   0.0   1.9
2016 10 11 285  1.50  519.00   0.00    0.0  0.73079E+11  81.9  14.3   1.9   0.0   0.0   1.9
2016 10 11 285  1.50  520.00   0.00    0.0  0.72592E+11  81.6  14.6   1.9   0.0   0.0   1.9
2016 10 11 285  1.50  521.00   0.00    0.0  0.72110E+11  81.2  14.9   1.9   0.0   0.0   1.9
2016 10 11 285  1.50  522.00   0.00    0.0  0.71633E+11  80.9  15.2   2.0   0.0   0.0   1.9
2016 10 11 285  1.50  523.00   0.00    0.0  0.71159E+11  80.5  15.6   2.0   0.0   0.0   1.9
2016 10 11 285  1.50  524.00   0.00    0.0  0.70689E+11  80.1  15.9   2.0   0.0   0.0   2.0
2016 10 11 285  1.50  525.00   0.00    0.0  0.70223E+11  79.8  16.2   2.0   0.0   0.0   2.0
2016 10 11 285  1.50  526.00   0.00    0.0  0.69761E+11  79.4  16.6   2.1   0.0   0.0   2.0
2016 10 11 285  1.50  527.00   0.00    0.0  0.69303E+11  79.0  16.9   2.1   0.0   0.0   2.0
2016 10 11 285  1.50  528.00   0.00    0.0  0.68849E+11  78.6  17.3   2.1   0.0   0.0   2.0
2016 10 11 285  1.50  529.00   0.00    0.0  0.68399E+11  78.2  17.7   2.1   0.0   0.0   2.0
2016 10 11 285  1.50  530.00   0.00    0.0  0.67953E+11  77.8  18.0   2.2   0.0   0.0   2.0
2016 10 11 285  1.50  531.00   0.00    0.0  0.67510E+11  77.4  18.4   2.2   0.0   0.0   2.0
2016 10 11 285  1.50  532.00   0.00    0.0  0.67071E+11  77.0  18.8   2.2   0.0   0.0   2.0
2016 10 11 285  1.50  533.00   0.00    0.0  0.66636E+11  76.6  19.2   2.2   0.0   0.0   2.0
2016 10 11 285  1.50  534.00   0.00    0.0  0.66204E+11  76.1  19.6   2.3   0.0   0.0   2.0
2016 10 11 285  1.50  535.00   0.00    0.0  0.65776E+11  75.7  20.0   2.3   0.0   0.0   2.1
2016 10 11 285  1.50  536.00   0.00    0.0  0.65352E+11  75.3  20.4   2.3   0.0   0.0   2.1
2016 10 11 285  1.50  537.00   0.00    0.0  0.64931E+11  74.8  20.8   2.3   0.0   0.0   2.1
2016 10 11 285  1.50  538.00   0.00    0.0  0.64513E+11  74.4  21.2   2.4   0.0   0.0   2.1
2016 10 11 285  1.50  539.00   0.00    0.0  0.64100E+11  73.9  21.6   2.4   0.0   0.0   2.1
2016 10 11 285  1.50  540.00   0.00    0.0  0.63689E+11  73.5  22.0   2.4   0.0   0.0   2.1
2016 10 11 285  1.50  541.00   0.00    0.0  0.63282E+11  73.0  22.5   2.4   0.0   0.0   2.1
2016 10 11 285  1.50  542.00   0.00    0.0  0.62879E+11  72.5  22.9   2.5   0.0   0.0   2.1
2016 10 11 285  1.50  543.00   0.00    0.0  0.62478E+11  72.0  23.4   2.5   0.0   0.0   2.1
2016 10 11 285  1.50  544.00   0.00    0.0  0.62082E+11  71.6  23.8   2.5   0.0   0.0   2.1
2016 10 11 285  1.50  545.00   0.00    0.0  0.61688E+11  71.1  24.3   2.5   0.0   0.0   2.1
2016 10 11 285  1.50  546.00   0.00    0.0  0.61298E+11  70.6  24.7   2.6   0.0   0.0   2.1
2016 10 11 285  1.50  547.00   0.00    0.0  0.60911E+11  70.1  25.2   2.6   0.0   0.0   2.1
2016 10 11 285  1.50  548.00   0.00    0.0  0.60527E+11  69.6  25.7   2.6   0.0   0.0   2.1
2016 10 11 285  1.50  549.00   0.00    0.0  0.60146E+11  69.1  26.1   2.7   0.0   0.0   2.1
2016 10 11 285  1.50  550.00   0.00    0.0  0.59768E+11  68.6  26.6   2.7   0.0   0.0   2.1
2016 10 11 285  1.50  551.00   0.00    0.0  0.59394E+11  68.0  27.1   2.7   0.0   0.0   2.2
2016 10 11 285  1.50  552.00   0.00    0.0  0.59023E+11  67.5  27.6   2.7   0.0   0.0   2.2
2016 10 11 285  1.50  553.00   0.00    0.0  0.58654E+11  67.0  28.1   2.7   0.0   0.0   2.2
2016 10 11 285  1.50  554.00   0.00    0.0  0.58289E+11  66.5  28.6   2.8   0.0   0.0   2.2
2016 10 11 285  1.50  555.00   0.00    0.0  0.57927E+11  65.9  29.1   2.8   0.0   0.0   2.2
2016 10 11 285  1.50  556.00   0.00    0.0  0.57567E+11  65.4  29.6   2.8   0.0   0.0   2.2
2016 10 11 285  1.50  557.00   0.00    0.0  0.57211E+11  64.8  30.1   2.8   0.0   0.0   2.2
2016 10 11 285  1.50  558.00   0.00    0.0  0.56858E+11  64.3  30.7   2.9   0.0   0.0   2.2
2016 10 11 285  1.50  559.00   0.00    0.0  0.56507E+11  63.7  31.2   2.9   0.0   0.0   2.2
2016 10 11 285  1.50  560.00   0.00    0.0  0.56159E+11  63.2  31.7   2.9   0.0   0.0   2.2
2016 10 11 285  1.50  561.00   0.00    0.0  0.55815E+11  62.6  32.3   2.9   0.0   0.0   2.2
2016 10 11 285  1.50  562.00   0.00    0.0  0.55473E+11  62.1  32.8   3.0   0.0   0.0   2.2
2016 10 11 285  1.50  563.00   0.00    0.0  0.55133E+11  61.5  33.3   3.0   0.0   0.0   2.2
2016 10 11 285  1.50  564.00   0.00    0.0  0.54797E+11  60.9  33.9   3.0   0.0   0.0   2.2
2016 10 11 285  1.50  565.00   0.00    0.0  0.54463E+11  60.3  34.4   3.0   0.0   0.0   2.2
2016 10 11 285  1.50  566.00   0.00    0.0  0.54132E+11  59.8  35.0   3.1   0.0   0.0   2.2
2016 10 11 285  1.50  567.00   0.00    0.0  0.53804E+11  59.2  35.6   3.1   0.0   0.0   2.2
2016 10 11 285  1.50  568.00   0.00    0.0  0.53478E+11  58.6  36.1   3.1   0.0   0.0   2.2
2016 10 11 285  1.50  569.00   0.00    0.0  0.53155E+11  58.0  36.7   3.1   0.0   0.0   2.2
2016 10 11 285  1.50  570.00   0.00    0.0  0.52834E+11  57.4  37.3   3.1   0.0   0.0   2.2
2016 10 11 285  1.50  571.00   0.00    0.0  0.52516E+11  56.8  37.8   3.2   0.0   0.0   2.2
2016 10 11 285  1.50  572.00   0.00    0.0  0.52201E+11  56.3  38.4   3.2   0.0   0.0   2.2
2016 10 11 285  1.50  573.00   0.00    0.0  0.51888E+11  55.7  39.0   3.2   0.0   0.0   2.2
2016 10 11 285  1.50  574.00   0.00    0.0  0.51578E+11  55.1  39.6   3.2   0.0   0.0   2.2
2016 10 11 285  1.50  575.00   0.00    0.0  0.51270E+11  54.5  40.1   3.2   0.0   0.0   2.2
2016 10 11 285  1.50  576.00   0.00    0.0  0.50964E+11  53.9  40.7   3.3   0.0   0.0   2.2
2016 10 11 285  1.50  577.00   0.00    0.0  0.50662E+11  53.3  41.3   3.3   0.0   0.0   2.2
2016 10 11 285  1.50  578.00   0.00    0.0  0.50361E+11  52.7  41.9   3.3   0.0   0.0   2.2
2016 10 11 285  1.50  579.00   0.00    0.0  0.50063E+11  52.1  42.5   3.3   0.0   0.0   2.1
2016 10 11 285  1.50  580.00   0.00    0.0  0.49767E+11  51.5  43.1   3.3   0.0   0.0   2.1
2016 10 11 285  1.50  581.00   0.00    0.0  0.49474E+11  50.9  43.6   3.3   0.0   0.0   2.1
2016 10 11 285  1.50  582.00   0.00    0.0  0.49183E+11  50.3  44.2   3.4   0.0   0.0   2.1
2016 10 11 285  1.50  583.00   0.00    0.0  0.48894E+11  49.7  44.8   3.4   0.0   0.0   2.1
2016 10 11 285  1.50  584.00   0.00    0.0  0.48607E+11  49.1  45.4   3.4   0.0   0.0   2.1
2016 10 11 285  1.50  585.00   0.00    0.0  0.48323E+11  48.5  46.0   3.4   0.0   0.0   2.1
2016 10 11 285  1.50  586.00   0.00    0.0  0.48041E+11  47.9  46.6   3.4   0.0   0.0   2.1
2016 10 11 285  1.50  587.00   0.00    0.0  0.47761E+11  47.3  47.2   3.4   0.0   0.0   2.1
2016 10 11 285  1.50  588.00   0.00    0.0  0.47484E+11  46.7  47.8   3.4   0.0   0.0   2.1
2016 10 11 285  1.50  589.00   0.00    0.0  0.47208E+11  46.1  48.4   3.4   0.0   0.0   2.1
2016 10 11 285  1.50  590.00   0.00    0.0  0.46935E+11  45.5  49.0   3.5   0.0   0.0   2.1
2016 10 11 285  1.50  591.00   0.00    0.0  0.46664E+11  44.9  49.5   3.5   0.0   0.0   2.1
2016 10 11 285  1.50  592.00   0.00    0.0  0.46395E+11  44.3  50.1   3.5   0.0   0.0   2.1
2016 10 11 285  1.50  593.00   0.00    0.0  0.46128E+11  43.7  50.7   3.5   0.0   0.0   2.1
2016 10 11 285  1.50  594.00   0.00    0.0  0.45863E+11  43.2  51.3   3.5   0.0   0.0   2.1
2016 10 11 285  1.50  595.00   0.00    0.0  0.45601E+11  42.6  51.9   3.5   0.0   0.0   2.0
2016 10 11 285  1.50  596.00   0.00    0.0  0.45340E+11  42.0  52.4   3.5   0.0   0.0   2.0
2016 10 11 285  1.50  597.00   0.00    0.0  0.45081E+11  41.4  53.0   3.5   0.0   0.0   2.0
2016 10 11 285  1.50  598.00   0.00    0.0  0.44825E+11  40.8  53.6   3.5   0.0   0.0   2.0
2016 10 11 285  1.50  599.00   0.00    0.0  0.44570E+11  40.3  54.2   3.5   0.0   0.0   2.0
2016 10 11 285  1.50  600.00   0.00    0.0  0.44317E+11  39.7  54.7   3.6   0.0   0.0   2.0
2016 10 11 285  1.50  601.00   0.00    0.0  0.44066E+11  39.2  55.3   3.6   0.0   0.0   2.0
2016 10 11 285  1.50  602.00   0.00    0.0  0.43818E+11  38.6  55.9   3.6   0.0   0.0   2.0
2016 10 11 285  1.50  603.00   0.00    0.0  0.43571E+11  38.0  56.4   3.6   0.0   0.0   2.0
2016 10 11 285  1.50  604.00   0.00    0.0  0.43326E+11  37.5  57.0   3.6   0.0   0.0   2.0
2016 10 11 285  1.50  605.00   0.00    0.0  0.43083E+11  37.0  57.5   3.6   0.0   0.0   1.9
2016 10 11 285  1.50  606.00   0.00    0.0  0.42841E+11  36.4  58.1   3.6   0.0   0.0   1.9
2016 10 11 285  1.50  607.00   0.00    0.0  0.42602E+11  35.9  58.6   3.6   0.0   0.0   1.9
2016 10 11 285  1.50  608.00   0.00    0.0  0.42364E+11  35.4  59.1   3.6   0.0   0.0   1.9
2016 10 11 285  1.50  609.00   0.00    0.0  0.42129E+11  34.8  59.7   3.6   0.0   0.0   1.9
2016 10 11 285  1.50  610.00   0.00    0.0  0.41895E+11  34.3  60.2   3.6   0.0   0.0   1.9
2016 10 11 285  1.50  611.00   0.00    0.0  0.41662E+11  33.8  60.7   3.6   0.0   0.0   1.9
2016 10 11 285  1.50  612.00   0.00    0.0  0.41432E+11  33.3  61.2   3.6   0.0   0.0   1.9
2016 10 11 285  1.50  613.00   0.00    0.0  0.41203E+11  32.8  61.7   3.6   0.0   0.0   1.9
2016 10 11 285  1.50  614.00   0.00    0.0  0.40976E+11  32.3  62.2   3.6   0.0   0.0   1.9
2016 10 11 285  1.50  615.00   0.00    0.0  0.40751E+11  31.8  62.7   3.6   0.0   0.0   1.8
2016 10 11 285  1.50  616.00   0.00    0.0  0.40527E+11  31.3  63.2   3.6   0.0   0.0   1.8
2016 10 11 285  1.50  617.00   0.00    0.0  0.40306E+11  30.9  63.7   3.6   0.0   0.0   1.8
2016 10 11 285  1.50  618.00   0.00    0.0  0.40085E+11  30.4  64.2   3.6   0.0   0.0   1.8
2016 10 11 285  1.50  619.00   0.00    0.0  0.39867E+11  29.9  64.7   3.6   0.0   0.0   1.8
2016 10 11 285  1.50  620.00   0.00    0.0  0.39650E+11  29.5  65.1   3.6   0.0   0.0   1.8
2016 10 11 285  1.50  621.00   0.00    0.0  0.39435E+11  29.0  65.6   3.6   0.0   0.0   1.8
2016 10 11 285  1.50  622.00   0.00    0.0  0.39221E+11  28.6  66.1   3.6   0.0   0.0   1.8
2016 10 11 285  1.50  623.00   0.00    0.0  0.39009E+11  28.1  66.5   3.6   0.0   0.0   1.7
2016 10 11 285  1.50  624.00   0.00    0.0  0.38799E+11  27.7  66.9   3.6   0.0   0.0   1.7
2016 10 11 285  1.50  625.00   0.00    0.0  0.38590E+11  27.3  67.4   3.6   0.0   0.0   1.7
2016 10 11 285  1.50  626.00   0.00    0.0  0.38382E+11  26.9  67.8   3.6   0.0   0.0   1.7
2016 10 11 285  1.50  627.00   0.00    0.0  0.38177E+11  26.5  68.2   3.6   0.0   0.0   1.7
2016 10 11 285  1.50  628.00   0.00    0.0  0.37972E+11  26.1  68.7   3.6   0.0   0.0   1.7
2016 10 11 285  1.50  629.00   0.00    0.0  0.37769E+11  25.7  69.1   3.6   0.0   0.0   1.7
2016 10 11 285  1.50  630.00   0.00    0.0  0.37568E+11  25.3  69.5   3.6   0.0   0.0   1.7
2016 10 11 285  1.50  631.00   0.00    0.0  0.37368E+11  24.9  69.9   3.6   0.0   0.0   1.7
2016 10 11 285  1.50  632.00   0.00    0.0  0.37170E+11  24.5  70.2   3.6   0.0   0.0   1.6
2016 10 11 285  1.50  633.00   0.00    0.0  0.36973E+11  24.2  70.6   3.6   0.0   0.0   1.6
2016 10 11 285  1.50  634.00   0.00    0.0  0.36778E+11  23.8  71.0   3.6   0.0   0.0   1.6
2016 10 11 285  1.50  635.00   0.00    0.0  0.36584E+11  23.4  71.4   3.6   0.0   0.0   1.6
2016 10 11 285  1.50  636.00   0.00    0.0  0.36391E+11  23.1  71.7   3.6   0.0   0.0   1.6
2016 10 11 285  1.50  637.00   0.00    0.0  0.36200E+11  22.8  72.1   3.6   0.0   0.0   1.6
2016 10 11 285  1.50  638.00   0.00    0.0  0.36010E+11  22.4  72.4   3.5   0.0   0.0   1.6
2016 10 11 285  1.50  639.00   0.00    0.0  0.35822E+11  22.1  72.8   3.5   0.0   0.0   1.6
2016 10 11 285  1.50  640.00   0.00    0.0  0.35635E+11  21.8  73.1   3.5   0.0   0.0   1.6
2016 10 11 285  1.50  641.00   0.00    0.0  0.35449E+11  21.5  73.4   3.5   0.0   0.0   1.6
2016 10 11 285  1.50  642.00   0.00    0.0  0.35265E+11  21.2  73.7   3.5   0.0   0.0   1.5
2016 10 11 285  1.50  643.00   0.00    0.0  0.35082E+11  20.9  74.1   3.5   0.0   0.0   1.5
2016 10 11 285  1.50  644.00   0.00    0.0  0.34900E+11  20.6  74.4   3.5   0.0   0.0   1.5
2016 10 11 285  1.50  645.00   0.00    0.0  0.34720E+11  20.3  74.7   3.5   0.0   0.0   1.5
2016 10 11 285  1.50  646.00   0.00    0.0  0.34541E+11  20.0  75.0   3.5   0.0   0.0   1.5
2016 10 11 285  1.50  647.00   0.00    0.0  0.34363E+11  19.8  75.2   3.5   0.0   0.0   1.5
2016 10 11 285  1.50  648.00   0.00    0.0  0.34187E+11  19.5  75.5   3.5   0.0   0.0   1.5
2016 10 11 285  1.50  649.00   0.00    0.0  0.34012E+11  19.2  75.8   3.5   0.0   0.0   1.5
2016 10 11 285  1.50  650.00   0.00    0.0  0.33838E+11  19.0  76.1   3.5   0.0   0.0   1.5
2016 10 11 285  1.50  651.00   0.00    0.0  0.33665E+11  18.7  76.3   3.5   0.0   0.0   1.5
2016 10 11 285  1.50  652.00   0.00    0.0  0.33494E+11  18.5  76.6   3.5   0.0   0.0   1.5
2016 10 11 285  1.50  653.00   0.00    0.0  0.33323E+11  18.2  76.8   3.5   0.0   0.0   1.5
2016 10 11 285  1.50  654.00   0.00    0.0  0.33154E+11  18.0  77.1   3.5   0.0   0.0   1.5
2016 10 11 285  1.50  655.00   0.00    0.0  0.32986E+11  17.8  77.3   3.5   0.0   0.0   1.4
2016 10 11 285  1.50  656.00   0.00    0.0  0.32820E+11  17.6  77.5   3.5   0.0   0.0   1.4
2016 10 11 285  1.50  657.00   0.00    0.0  0.32654E+11  17.4  77.8   3.5   0.0   0.0   1.4
2016 10 11 285  1.50  658.00   0.00    0.0  0.32490E+11  17.1  78.0   3.5   0.0   0.0   1.4
2016 10 11 285  1.50  659.00   0.00    0.0  0.32327E+11  16.9  78.2   3.5   0.0   0.0   1.4
2016 10 11 285  1.50  660.00   0.00    0.0  0.32165E+11  16.7  78.4   3.4   0.0   0.0   1.4
2016 10 11 285  1.50  661.00   0.00    0.0  0.32004E+11  16.5  78.6   3.4   0.0   0.0   1.4
2016 10 11 285  1.50  662.00   0.00    0.0  0.31844E+11  16.4  78.8   3.4   0.0   0.0   1.4
2016 10 11 285  1.50  663.00   0.00    0.0  0.31686E+11  16.2  79.0   3.4   0.0   0.0   1.4
2016 10 11 285  1.50  664.00   0.00    0.0  0.31528E+11  16.0  79.2   3.4   0.0   0.0   1.4
2016 10 11 285  1.50  665.00   0.00    0.0  0.31372E+11  15.8  79.4   3.4   0.0   0.0   1.4
2016 10 11 285  1.50  666.00   0.00    0.0  0.31217E+11  15.6  79.6   3.4   0.0   0.0   1.4
2016 10 11 285  1.50  667.00   0.00    0.0  0.31063E+11  15.5  79.7   3.4   0.0   0.0   1.4
2016 10 11 285  1.50  668.00   0.00    0.0  0.30909E+11  15.3  79.9   3.4   0.0   0.0   1.4
2016 10 11 285  1.50  669.00   0.00    0.0  0.30757E+11  15.1  80.1   3.4   0.0   0.0   1.4
2016 10 11 285  1.50  670.00   0.00    0.0  0.30606E+11  15.0  80.2   3.4   0.0   0.0   1.4
2016 10 11 285  1.50  671.00   0.00    0.0  0.30456E+11  14.8  80.4   3.4   0.0   0.0   1.4
2016 10 11 285  1.50  672.00   0.00    0.0  0.30308E+11  14.7  80.6   3.4   0.0   0.0   1.4
2016 10 11 285  1.50  673.00   0.00    0.0  0.30160E+11  14.5  80.7   3.4   0.0   0.0   1.3
2016 10 11 285  1.50  674.00   0.00    0.0  0.30013E+11  14.4  80.9   3.4   0.0   0.0   1.3
2016 10 11 285  1.50  675.00   0.00    0.0  0.29867E+11  14.2  81.0   3.4   0.0   0.0   1.3
2016 10 11 285  1.50  676.00   0.00    0.0  0.29722E+11  14.1  81.2   3.4   0.0   0.0   1.3
2016 10 11 285  1.50  677.00   0.00    0.0  0.29578E+11  14.0  81.3   3.4   0.0   0.0   1.3
2016 10 11 285  1.50  678.00   0.00    0.0  0.29435E+11  13.8  81.4   3.4   0.0   0.0   1.3
2016 10 11 285  1.50  679.00   0.00    0.0  0.29294E+11  13.7  81.6   3.4   0.0   0.0   1.3
2016 10 11 285  1.50  680.00   0.00    0.0  0.29153E+11  13.6  81.7   3.4   0.0   0.0   1.3
2016 10 11 285  1.50  681.00   0.00    0.0  0.29013E+11  13.5  81.8   3.4   0.0   0.0   1.3
2016 10 11 285  1.50  682.00   0.00    0.0  0.28874E+11  13.3  82.0   3.4   0.0   0.0   1.3
2016 10 11 285  1.50  683.00   0.00    0.0  0.28736E+11  13.2  82.1   3.4   0.0   0.0   1.3
2016 10 11 285  1.50  684.00   0.00    0.0  0.28598E+11  13.1  82.2   3.4   0.0   0.0   1.3
2016 10 11 285  1.50  685.00   0.00    0.0  0.28462E+11  13.0  82.3   3.4   0.0   0.0   1.3
2016 10 11 285  1.50  686.00   0.00    0.0  0.28327E+11  12.9  82.4   3.4   0.0   0.0   1.3
2016 10 11 285  1.50  687.00   0.00    0.0  0.28193E+11  12.8  82.6   3.4   0.0   0.0   1.3
2016 10 11 285  1.50  688.00   0.00    0.0  0.28059E+11  12.7  82.7   3.4   0.0   0.0   1.3
2016 10 11 285  1.50  689.00   0.00    0.0  0.27927E+11  12.5  82.8   3.4   0.0   0.0   1.3
2016 10 11 285  1.50  690.00   0.00    0.0  0.27795E+11  12.4  82.9   3.4   0.0   0.0   1.3
2016 10 11 285  1.50  691.00   0.00    0.0  0.27664E+11  12.3  83.0   3.4   0.0   0.0   1.3
2016 10 11 285  1.50  692.00   0.00    0.0  0.27534E+11  12.2  83.1   3.4   0.0   0.0   1.3
2016 10 11 285  1.50  693.00   0.00    0.0  0.27405E+11  12.1  83.2   3.4   0.0   0.0   1.3
2016 10 11 285  1.50  694.00   0.00    0.0  0.27277E+11  12.0  83.3   3.4   0.0   0.0   1.3
2016 10 11 285  1.50  695.00   0.00    0.0  0.27150E+11  11.9  83.4   3.4   0.0   0.0   1.3
2016 10 11 285  1.50  696.00   0.00    0.0  0.27023E+11  11.8  83.5   3.4   0.0   0.0   1.3
2016 10 11 285  1.50  697.00   0.00    0.0  0.26898E+11  11.7  83.6   3.4   0.0   0.0   1.3
2016 10 11 285  1.50  698.00   0.00    0.0  0.26773E+11  11.7  83.7   3.4   0.0   0.0   1.3
2016 10 11 285  1.50  699.00   0.00    0.0  0.26649E+11  11.6  83.8   3.4   0.0   0.0   1.3
2016 10 11 285  1.50  700.00   0.00    0.0  0.26526E+11  11.5  83.9   3.4   0.0   0.0   1.3
2016 10 11 285  1.50  701.00   0.00    0.0  0.26404E+11  11.4  84.0   3.4   0.0   0.0   1.3
2016 10 11 285  1.50  702.00   0.00    0.0  0.26282E+11  11.3  84.1   3.4   0.0   0.0   1.3
2016 10 11 285  1.50  703.00   0.00    0.0  0.26161E+11  11.2  84.2   3.4   0.0   0.0   1.3
2016 10 11 285  1.50  704.00   0.00    0.0  0.26041E+11  11.1  84.2   3.4   0.0   0.0   1.3
2016 10 11 285  1.50  705.00   0.00    0.0  0.25922E+11  11.0  84.3   3.4   0.0   0.0   1.3
2016 10 11 285  1.50  706.00   0.00    0.0  0.25804E+11  11.0  84.4   3.4   0.0   0.0   1.3
2016 10 11 285  1.50  707.00   0.00    0.0  0.25686E+11  10.9  84.5   3.4   0.0   0.0   1.3
2016 10 11 285  1.50  708.00   0.00    0.0  0.25570E+11  10.8  84.6   3.4   0.0   0.0   1.3
2016 10 11 285  1.50  709.00   0.00    0.0  0.25453E+11  10.7  84.7   3.4   0.0   0.0   1.3
2016 10 11 285  1.50  710.00   0.00    0.0  0.25338E+11  10.6  84.7   3.4   0.0   0.0   1.3
2016 10 11 285  1.50  711.00   0.00    0.0  0.25224E+11  10.6  84.8   3.4   0.0   0.0   1.3
2016 10 11 285  1.50  712.00   0.00    0.0  0.25110E+11  10.5  84.9   3.4   0.0   0.0   1.3
2016 10 11 285  1.50  713.00   0.00    0.0  0.24997E+11  10.4  85.0   3.4   0.0   0.0   1.3
2016 10 11 285  1.50  714.00   0.00    0.0  0.24884E+11  10.3  85.1   3.4   0.0   0.0   1.3
2016 10 11 285  1.50  715.00   0.00    0.0  0.24773E+11  10.2  85.1   3.4   0.0   0.0   1.3
2016 10 11 285  1.50  716.00   0.00    0.0  0.24662E+11  10.2  85.2   3.4   0.0   0.0   1.3
2016 10 11 285  1.50  717.00   0.00    0.0  0.24552E+11  10.1  85.3   3.4   0.0   0.0   1.3
2016 10 11 285  1.50  718.00   0.00    0.0  0.24442E+11  10.0  85.4   3.4   0.0   0.0   1.3
2016 10 11 285  1.50  719.00   0.00    0.0  0.24334E+11  10.0  85.4   3.4   0.0   0.0   1.3
2016 10 11 285  1.50  720.00   0.00    0.0  0.24226E+11   9.9  85.5   3.4   0.0   0.0   1.3
2016 10 11 285  1.50  721.00   0.00    0.0  0.24118E+11   9.8  85.6   3.4   0.0   0.0   1.3
2016 10 11 285  1.50  722.00   0.00    0.0  0.24012E+11   9.7  85.6   3.4   0.0   0.0   1.3
2016 10 11 285  1.50  723.00   0.00    0.0  0.23906E+11   9.7  85.7   3.4   0.0   0.0   1.3
2016 10 11 285  1.50  724.00   0.00    0.0  0.23800E+11   9.6  85.8   3.4   0.0   0.0   1.3
2016 10 11 285  1.50  725.00   0.00    0.0  0.23696E+11   9.5  85.9   3.4   0.0   0.0   1.3
2016 10 11 285  1.50  726.00   0.00    0.0  0.23592E+11   9.5  85.9   3.4   0.0   0.0   1.3
2016 10 11 285  1.50  727.00   0.00    0.0  0.23488E+11   9.4  86.0   3.4   0.0   0.0   1.3
2016 10 11 285  1.50  728.00   0.00    0.0  0.23386E+11   9.3  86.1   3.4   0.0   0.0   1.2
2016 10 11 285  1.50  729.00   0.00    0.0  0.23284E+11   9.3  86.1   3.4   0.0   0.0   1.2
2016 10 11 285  1.50  730.00   0.00    0.0  0.23182E+11   9.2  86.2   3.4   0.0   0.0   1.2
2016 10 11 285  1.50  731.00   0.00    0.0  0.23081E+11   9.1  86.3   3.4   0.0   0.0   1.2
2016 10 11 285  1.50  732.00   0.00    0.0  0.22981E+11   9.1  86.3   3.4   0.0   0.0   1.2
2016 10 11 285  1.50  733.00   0.00    0.0  0.22882E+11   9.0  86.4   3.4   0.0   0.0   1.2
2016 10 11 285  1.50  734.00   0.00    0.0  0.22783E+11   8.9  86.5   3.4   0.0   0.0   1.2
2016 10 11 285  1.50  735.00   0.00    0.0  0.22685E+11   8.9  86.5   3.4   0.0   0.0   1.2
2016 10 11 285  1.50  736.00   0.00    0.0  0.22587E+11   8.8  86.6   3.4   0.0   0.0   1.2
2016 10 11 285  1.50  737.00   0.00    0.0  0.22490E+11   8.8  86.6   3.4   0.0   0.0   1.2
2016 10 11 285  1.50  738.00   0.00    0.0  0.22394E+11   8.7  86.7   3.4   0.0   0.0   1.2
2016 10 11 285  1.50  739.00   0.00    0.0  0.22298E+11   8.6  86.8   3.4   0.0   0.0   1.2
2016 10 11 285  1.50  740.00   0.00    0.0  0.22203E+11   8.6  86.8   3.4   0.0   0.0   1.2
2016 10 11 285  1.50  741.00   0.00    0.0  0.22108E+11   8.5  86.9   3.4   0.0   0.0   1.2
2016 10 11 285  1.50  742.00   0.00    0.0  0.22014E+11   8.5  87.0   3.4   0.0   0.0   1.2
2016 10 11 285  1.50  743.00   0.00    0.0  0.21921E+11   8.4  87.0   3.4   0.0   0.0   1.2
2016 10 11 285  1.50  744.00   0.00    0.0  0.21828E+11   8.3  87.1   3.4   0.0   0.0   1.2
2016 10 11 285  1.50  745.00   0.00    0.0  0.21736E+11   8.3  87.1   3.4   0.0   0.0   1.2
2016 10 11 285  1.50  746.00   0.00    0.0  0.21644E+11   8.2  87.2   3.4   0.0   0.0   1.2
2016 10 11 285  1.50  747.00   0.00    0.0  0.21553E+11   8.2  87.2   3.4   0.0   0.0   1.2
2016 10 11 285  1.50  748.00   0.00    0.0  0.21462E+11   8.1  87.3   3.4   0.0   0.0   1.2
2016 10 11 285  1.50  749.00   0.00    0.0  0.21372E+11   8.1  87.4   3.4   0.0   0.0   1.2
2016 10 11 285  1.50  750.00   0.00    0.0  0.21282E+11   8.0  87.4   3.4   0.0   0.0   1.2
2016 10 11 285  1.50  751.00   0.00    0.0  0.21194E+11   7.9  87.5   3.4   0.0   0.0   1.2
2016 10 11 285  1.50  752.00   0.00    0.0  0.21105E+11   7.9  87.5   3.4   0.0   0.0   1.2
2016 10 11 285  1.50  753.00   0.00    0.0  0.21017E+11   7.8  87.6   3.4   0.0   0.0   1.2
2016 10 11 285  1.50  754.00   0.00    0.0  0.20930E+11   7.8  87.6   3.4   0.0   0.0   1.2
2016 10 11 285  1.50  755.00   0.00    0.0  0.20843E+11   7.7  87.7   3.3   0.0   0.0   1.2
2016 10 11 285  1.50  756.00   0.00    0.0  0.20757E+11   7.7  87.8   3.3   0.0   0.0   1.2
2016 10 11 285  1.50  757.00   0.00    0.0  0.20671E+11   7.6  87.8   3.3   0.0   0.0   1.2
2016 10 11 285  1.50  758.00   0.00    0.0  0.20586E+11   7.6  87.9   3.3   0.0   0.0   1.2
2016 10 11 285  1.50  759.00   0.00    0.0  0.20501E+11   7.5  87.9   3.3   0.0   0.0   1.2
2016 10 11 285  1.50  760.00   0.00    0.0  0.20417E+11   7.5  88.0   3.3   0.0   0.0   1.2
2016 10 11 285  1.50  761.00   0.00    0.0  0.20333E+11   7.4  88.0   3.3   0.0   0.0   1.2
2016 10 11 285  1.50  762.00   0.00    0.0  0.20250E+11   7.4  88.1   3.3   0.0   0.0   1.2
2016 10 11 285  1.50  763.00   0.00    0.0  0.20167E+11   7.3  88.1   3.3   0.0   0.0   1.2
2016 10 11 285  1.50  764.00   0.00    0.0  0.20085E+11   7.3  88.2   3.3   0.0   0.0   1.2
2016 10 11 285  1.50  765.00   0.00    0.0  0.20003E+11   7.2  88.2   3.3   0.0   0.0   1.2
2016 10 11 285  1.50  766.00   0.00    0.0  0.19922E+11   7.2  88.3   3.3   0.0   0.0   1.2
2016 10 11 285  1.50  767.00   0.00    0.0  0.19841E+11   7.1  88.3   3.3   0.0   0.0   1.2
2016 10 11 285  1.50  768.00   0.00    0.0  0.19761E+11   7.1  88.4   3.3   0.0   0.0   1.2
2016 10 11 285  1.50  769.00   0.00    0.0  0.19681E+11   7.0  88.4   3.3   0.0   0.0   1.2
2016 10 11 285  1.50  770.00   0.00    0.0  0.19602E+11   7.0  88.5   3.3   0.0   0.0   1.2
2016 10 11 285  1.50  771.00   0.00    0.0  0.19523E+11   6.9  88.5   3.3   0.0   0.0   1.2
2016 10 11 285  1.50  772.00   0.00    0.0  0.19445E+11   6.9  88.6   3.3   0.0   0.0   1.2
2016 10 11 285  1.50  773.00   0.00    0.0  0.19367E+11   6.8  88.6   3.3   0.0   0.0   1.2
2016 10 11 285  1.50  774.00   0.00    0.0  0.19289E+11   6.8  88.7   3.3   0.0   0.0   1.2
2016 10 11 285  1.50  775.00   0.00    0.0  0.19212E+11   6.7  88.7   3.3   0.0   0.0   1.2
2016 10 11 285  1.50  776.00   0.00    0.0  0.19136E+11   6.7  88.8   3.3   0.0   0.0   1.2
2016 10 11 285  1.50  777.00   0.00    0.0  0.19060E+11   6.6  88.8   3.3   0.0   0.0   1.2
2016 10 11 285  1.50  778.00   0.00    0.0  0.18984E+11   6.6  88.9   3.3   0.0   0.0   1.2
2016 10 11 285  1.50  779.00   0.00    0.0  0.18909E+11   6.5  88.9   3.3   0.0   0.0   1.2
2016 10 11 285  1.50  780.00   0.00    0.0  0.18834E+11   6.5  89.0   3.3   0.0   0.0   1.2
2016 10 11 285  1.50  781.00   0.00    0.0  0.18760E+11   6.4  89.0   3.3   0.0   0.0   1.2
2016 10 11 285  1.50  782.00   0.00    0.0  0.18686E+11   6.4  89.1   3.3   0.0   0.0   1.2
2016 10 11 285  1.50  783.00   0.00    0.0  0.18612E+11   6.4  89.1   3.3   0.0   0.0   1.2
2016 10 11 285  1.50  784.00   0.00    0.0  0.18539E+11   6.3  89.1   3.3   0.0   0.0   1.2
2016 10 11 285  1.50  785.00   0.00    0.0  0.18467E+11   6.3  89.2   3.3   0.0   0.0   1.2
2016 10 11 285  1.50  786.00   0.00    0.0  0.18394E+11   6.2  89.2   3.3   0.0   0.0   1.2
2016 10 11 285  1.50  787.00   0.00    0.0  0.18323E+11   6.2  89.3   3.3   0.0   0.0   1.2
2016 10 11 285  1.50  788.00   0.00    0.0  0.18251E+11   6.1  89.3   3.3   0.0   0.0   1.2
2016 10 11 285  1.50  789.00   0.00    0.0  0.18180E+11   6.1  89.4   3.3   0.0   0.0   1.2
2016 10 11 285  1.50  790.00   0.00    0.0  0.18110E+11   6.0  89.4   3.3   0.0   0.0   1.2
2016 10 11 285  1.50  791.00   0.00    0.0  0.18040E+11   6.0  89.5   3.3   0.0   0.0   1.2
2016 10 11 285  1.50  792.00   0.00    0.0  0.17970E+11   6.0  89.5   3.3   0.0   0.0   1.2
2016 10 11 285  1.50  793.00   0.00    0.0  0.17900E+11   5.9  89.5   3.3   0.0   0.0   1.2
2016 10 11 285  1.50  794.00   0.00    0.0  0.17831E+11   5.9  89.6   3.3   0.0   0.0   1.2
2016 10 11 285  1.50  795.00   0.00    0.0  0.17763E+11   5.8  89.6   3.3   0.0   0.0   1.2
2016 10 11 285  1.50  796.00   0.00    0.0  0.17695E+11   5.8  89.7   3.3   0.0   0.0   1.2
2016 10 11 285  1.50  797.00   0.00    0.0  0.17627E+11   5.8  89.7   3.3   0.0   0.0   1.2
2016 10 11 285  1.50  798.00   0.00    0.0  0.17560E+11   5.7  89.8   3.3   0.0   0.0   1.2
2016 10 11 285  1.50  799.00   0.00    0.0  0.17493E+11   5.7  89.8   3.3   0.0   0.0   1.2
2016 10 11 285  1.50  800.00   0.00    0.0  0.17426E+11   5.6  89.8   3.3   0.0   0.0   1.2
2016 10 11 285  1.50  801.00   0.00    0.0  0.17360E+11   5.6  89.9   3.3   0.0   0.0   1.2
2016 10 11 285  1.50  802.00   0.00    0.0  0.17294E+11   5.6  89.9   3.3   0.0   0.0   1.2
2016 10 11 285  1.50  803.00   0.00    0.0  0.17228E+11   5.5  90.0   3.3   0.0   0.0   1.2
2016 10 11 285  1.50  804.00   0.00    0.0  0.17163E+11   5.5  90.0   3.3   0.0   0.0   1.2
2016 10 11 285  1.50  805.00   0.00    0.0  0.17098E+11   5.4  90.0   3.3   0.0   0.0   1.2
2016 10 11 285  1.50  806.00   0.00    0.0  0.17034E+11   5.4  90.1   3.3   0.0   0.0   1.2
2016 10 11 285  1.50  807.00   0.00    0.0  0.16970E+11   5.4  90.1   3.3   0.0   0.0   1.2
2016 10 11 285  1.50  808.00   0.00    0.0  0.16906E+11   5.3  90.2   3.3   0.0   0.0   1.2
2016 10 11 285  1.50  809.00   0.00    0.0  0.16843E+11   5.3  90.2   3.3   0.0   0.0   1.2
2016 10 11 285  1.50  810.00   0.00    0.0  0.16780E+11   5.2  90.2   3.3   0.0   0.0   1.2
2016 10 11 285  1.50  811.00   0.00    0.0  0.16717E+11   5.2  90.3   3.3   0.0   0.0   1.2
2016 10 11 285  1.50  812.00   0.00    0.0  0.16655E+11   5.2  90.3   3.3   0.0   0.0   1.2
2016 10 11 285  1.50  813.00   0.00    0.0  0.16593E+11   5.1  90.4   3.3   0.0   0.0   1.2
2016 10 11 285  1.50  814.00   0.00    0.0  0.16531E+11   5.1  90.4   3.3   0.0   0.0   1.2
2016 10 11 285  1.50  815.00   0.00    0.0  0.16470E+11   5.1  90.4   3.3   0.0   0.0   1.2
2016 10 11 285  1.50  816.00   0.00    0.0  0.16409E+11   5.0  90.5   3.3   0.0   0.0   1.2
2016 10 11 285  1.50  817.00   0.00    0.0  0.16349E+11   5.0  90.5   3.3   0.0   0.0   1.2
2016 10 11 285  1.50  818.00   0.00    0.0  0.16288E+11   5.0  90.5   3.3   0.0   0.0   1.2
2016 10 11 285  1.50  819.00   0.00    0.0  0.16228E+11   4.9  90.6   3.3   0.0   0.0   1.2
2016 10 11 285  1.50  820.00   0.00    0.0  0.16169E+11   4.9  90.6   3.3   0.0   0.0   1.2
2016 10 11 285  1.50  821.00   0.00    0.0  0.16110E+11   4.9  90.7   3.3   0.0   0.0   1.2
2016 10 11 285  1.50  822.00   0.00    0.0  0.16051E+11   4.8  90.7   3.3   0.0   0.0   1.2
2016 10 11 285  1.50  823.00   0.00    0.0  0.15992E+11   4.8  90.7   3.3   0.0   0.0   1.2
2016 10 11 285  1.50  824.00   0.00    0.0  0.15934E+11   4.8  90.8   3.3   0.0   0.0   1.2
2016 10 11 285  1.50  825.00   0.00    0.0  0.15876E+11   4.7  90.8   3.3   0.0   0.0   1.2
2016 10 11 285  1.50  826.00   0.00    0.0  0.15818E+11   4.7  90.8   3.3   0.0   0.0   1.2
2016 10 11 285  1.50  827.00   0.00    0.0  0.15761E+11   4.7  90.9   3.3   0.0   0.0   1.2
2016 10 11 285  1.50  828.00   0.00    0.0  0.15704E+11   4.6  90.9   3.3   0.0   0.0   1.2
2016 10 11 285  1.50  829.00   0.00    0.0  0.15647E+11   4.6  90.9   3.3   0.0   0.0   1.2
2016 10 11 285  1.50  830.00   0.00    0.0  0.15591E+11   4.6  91.0   3.3   0.0   0.0   1.2
2016 10 11 285  1.50  831.00   0.00    0.0  0.15534E+11   4.5  91.0   3.3   0.0   0.0   1.2
2016 10 11 285  1.50  832.00   0.00    0.0  0.15479E+11   4.5  91.0   3.3   0.0   0.0   1.2
2016 10 11 285  1.50  833.00   0.00    0.0  0.15423E+11   4.5  91.1   3.3   0.0   0.0   1.2
2016 10 11 285  1.50  834.00   0.00    0.0  0.15368E+11   4.4  91.1   3.3   0.0   0.0   1.2
2016 10 11 285  1.50  835.00   0.00    0.0  0.15313E+11   4.4  91.1   3.3   0.0   0.0   1.2
2016 10 11 285  1.50  836.00   0.00    0.0  0.15258E+11   4.4  91.2   3.3   0.0   0.0   1.2
2016 10 11 285  1.50  837.00   0.00    0.0  0.15204E+11   4.3  91.2   3.3   0.0   0.0   1.2
2016 10 11 285  1.50  838.00   0.00    0.0  0.15150E+11   4.3  91.2   3.3   0.0   0.0   1.2
2016 10 11 285  1.50  839.00   0.00    0.0  0.15096E+11   4.3  91.3   3.3   0.0   0.0   1.2
2016 10 11 285  1.50  840.00   0.00    0.0  0.15043E+11   4.2  91.3   3.3   0.0   0.0   1.2
2016 10 11 285  1.50  841.00   0.00    0.0  0.14990E+11   4.2  91.3   3.3   0.0   0.0   1.2
2016 10 11 285  1.50  842.00   0.00    0.0  0.14937E+11   4.2  91.4   3.3   0.0   0.0   1.2
2016 10 11 285  1.50  843.00   0.00    0.0  0.14884E+11   4.2  91.4   3.3   0.0   0.0   1.2
2016 10 11 285  1.50  844.00   0.00    0.0  0.14832E+11   4.1  91.4   3.3   0.0   0.0   1.2
2016 10 11 285  1.50  845.00   0.00    0.0  0.14780E+11   4.1  91.5   3.3   0.0   0.0   1.2
2016 10 11 285  1.50  846.00   0.00    0.0  0.14728E+11   4.1  91.5   3.3   0.0   0.0   1.2
2016 10 11 285  1.50  847.00   0.00    0.0  0.14676E+11   4.0  91.5   3.3   0.0   0.0   1.2
2016 10 11 285  1.50  848.00   0.00    0.0  0.14625E+11   4.0  91.6   3.3   0.0   0.0   1.2
2016 10 11 285  1.50  849.00   0.00    0.0  0.14574E+11   4.0  91.6   3.3   0.0   0.0   1.2
2016 10 11 285  1.50  850.00   0.00    0.0  0.14524E+11   3.9  91.6   3.3   0.0   0.0   1.1
2016 10 11 285  1.50  851.00   0.00    0.0  0.14473E+11   3.9  91.6   3.3   0.0   0.0   1.1
2016 10 11 285  1.50  852.00   0.00    0.0  0.14423E+11   3.9  91.7   3.3   0.0   0.0   1.1
2016 10 11 285  1.50  853.00   0.00    0.0  0.14373E+11   3.9  91.7   3.3   0.0   0.0   1.1
2016 10 11 285  1.50  854.00   0.00    0.0  0.14323E+11   3.8  91.7   3.3   0.0   0.0   1.1
2016 10 11 285  1.50  855.00   0.00    0.0  0.14274E+11   3.8  91.8   3.3   0.0   0.0   1.1
2016 10 11 285  1.50  856.00   0.00    0.0  0.14225E+11   3.8  91.8   3.3   0.0   0.0   1.1
2016 10 11 285  1.50  857.00   0.00    0.0  0.14176E+11   3.8  91.8   3.3   0.0   0.0   1.1
2016 10 11 285  1.50  858.00   0.00    0.0  0.14127E+11   3.7  91.9   3.3   0.0   0.0   1.1
2016 10 11 285  1.50  859.00   0.00    0.0  0.14079E+11   3.7  91.9   3.3   0.0   0.0   1.1
2016 10 11 285  1.50  860.00   0.00    0.0  0.14031E+11   3.7  91.9   3.3   0.0   0.0   1.1
2016 10 11 285  1.50  861.00   0.00    0.0  0.13983E+11   3.7  91.9   3.3   0.0   0.0   1.1
2016 10 11 285  1.50  862.00   0.00    0.0  0.13935E+11   3.6  92.0   3.3   0.0   0.0   1.1
2016 10 11 285  1.50  863.00   0.00    0.0  0.13888E+11   3.6  92.0   3.3   0.0   0.0   1.1
2016 10 11 285  1.50  864.00   0.00    0.0  0.13841E+11   3.6  92.0   3.3   0.0   0.0   1.1
2016 10 11 285  1.50  865.00   0.00    0.0  0.13794E+11   3.5  92.0   3.3   0.0   0.0   1.1
2016 10 11 285  1.50  866.00   0.00    0.0  0.13747E+11   3.5  92.1   3.3   0.0   0.0   1.1
2016 10 11 285  1.50  867.00   0.00    0.0  0.13701E+11   3.5  92.1   3.3   0.0   0.0   1.1
2016 10 11 285  1.50  868.00   0.00    0.0  0.13655E+11   3.5  92.1   3.3   0.0   0.0   1.1
2016 10 11 285  1.50  869.00   0.00    0.0  0.13609E+11   3.4  92.2   3.3   0.0   0.0   1.1
2016 10 11 285  1.50  870.00   0.00    0.0  0.13563E+11   3.4  92.2   3.3   0.0   0.0   1.1
2016 10 11 285  1.50  871.00   0.00    0.0  0.13518E+11   3.4  92.2   3.3   0.0   0.0   1.1
2016 10 11 285  1.50  872.00   0.00    0.0  0.13472E+11   3.4  92.2   3.3   0.0   0.0   1.1
2016 10 11 285  1.50  873.00   0.00    0.0  0.13427E+11   3.4  92.3   3.3   0.0   0.0   1.1
2016 10 11 285  1.50  874.00   0.00    0.0  0.13383E+11   3.3  92.3   3.3   0.0   0.0   1.1
2016 10 11 285  1.50  875.00   0.00    0.0  0.13338E+11   3.3  92.3   3.3   0.0   0.0   1.1
2016 10 11 285  1.50  876.00   0.00    0.0  0.13294E+11   3.3  92.3   3.3   0.0   0.0   1.1
2016 10 11 285  1.50  877.00   0.00    0.0  0.13250E+11   3.3  92.4   3.3   0.0   0.0   1.1
2016 10 11 285  1.50  878.00   0.00    0.0  0.13206E+11   3.2  92.4   3.3   0.0   0.0   1.1
2016 10 11 285  1.50  879.00   0.00    0.0  0.13162E+11   3.2  92.4   3.3   0.0   0.0   1.1
2016 10 11 285  1.50  880.00   0.00    0.0  0.13119E+11   3.2  92.4   3.2   0.0   0.0   1.1
2016 10 11 285  1.50  881.00   0.00    0.0  0.13075E+11   3.2  92.5   3.2   0.0   0.0   1.1
2016 10 11 285  1.50  882.00   0.00    0.0  0.13032E+11   3.1  92.5   3.2   0.0   0.0   1.1
2016 10 11 285  1.50  883.00   0.00    0.0  0.12990E+11   3.1  92.5   3.2   0.0   0.0   1.1
2016 10 11 285  1.50  884.00   0.00    0.0  0.12947E+11   3.1  92.5   3.2   0.0   0.0   1.1
2016 10 11 285  1.50  885.00   0.00    0.0  0.12905E+11   3.1  92.6   3.2   0.0   0.0   1.1
2016 10 11 285  1.50  886.00   0.00    0.0  0.12863E+11   3.1  92.6   3.2   0.0   0.0   1.1
2016 10 11 285  1.50  887.00   0.00    0.0  0.12821E+11   3.0  92.6   3.2   0.0   0.0   1.1
2016 10 11 285  1.50  888.00   0.00    0.0  0.12779E+11   3.0  92.6   3.2   0.0   0.0   1.1
2016 10 11 285  1.50  889.00   0.00    0.0  0.12737E+11   3.0  92.7   3.2   0.0   0.0   1.1
2016 10 11 285  1.50  890.00   0.00    0.0  0.12696E+11   3.0  92.7   3.2   0.0   0.0   1.1
2016 10 11 285  1.50  891.00   0.00    0.0  0.12655E+11   3.0  92.7   3.2   0.0   0.0   1.1
2016 10 11 285  1.50  892.00   0.00    0.0  0.12614E+11   2.9  92.7   3.2   0.0   0.0   1.1
2016 10 11 285  1.50  893.00   0.00    0.0  0.12573E+11   2.9  92.7   3.2   0.0   0.0   1.1
2016 10 11 285  1.50  894.00   0.00    0.0  0.12533E+11   2.9  92.8   3.2   0.0   0.0   1.1
2016 10 11 285  1.50  895.00   0.00    0.0  0.12492E+11   2.9  92.8   3.2   0.0   0.0   1.1
2016 10 11 285  1.50  896.00   0.00    0.0  0.12452E+11   2.8  92.8   3.2   0.0   0.0   1.1
2016 10 11 285  1.50  897.00   0.00    0.0  0.12412E+11   2.8  92.8   3.2   0.0   0.0   1.1
2016 10 11 285  1.50  898.00   0.00    0.0  0.12373E+11   2.8  92.9   3.2   0.0   0.0   1.1
2016 10 11 285  1.50  899.00   0.00    0.0  0.12333E+11   2.8  92.9   3.2   0.0   0.0   1.1
2016 10 11 285  1.50  900.00   0.00    0.0  0.12294E+11   2.8  92.9   3.2   0.0   0.0   1.1
2016 10 11 285  1.50  901.00   0.00    0.0  0.12255E+11   2.8  92.9   3.2   0.0   0.0   1.1
2016 10 11 285  1.50  902.00   0.00    0.0  0.12216E+11   2.7  92.9   3.2   0.0   0.0   1.1
2016 10 11 285  1.50  903.00   0.00    0.0  0.12177E+11   2.7  93.0   3.2   0.0   0.0   1.1
2016 10 11 285  1.50  904.00   0.00    0.0  0.12138E+11   2.7  93.0   3.2   0.0   0.0   1.1
2016 10 11 285  1.50  905.00   0.00    0.0  0.12100E+11   2.7  93.0   3.2   0.0   0.0   1.1
2016 10 11 285  1.50  906.00   0.00    0.0  0.12062E+11   2.7  93.0   3.2   0.0   0.0   1.1
2016 10 11 285  1.50  907.00   0.00    0.0  0.12024E+11   2.6  93.0   3.2   0.0   0.0   1.1
2016 10 11 285  1.50  908.00   0.00    0.0  0.11986E+11   2.6  93.1   3.2   0.0   0.0   1.1
2016 10 11 285  1.50  909.00   0.00    0.0  0.11948E+11   2.6  93.1   3.2   0.0   0.0   1.1
2016 10 11 285  1.50  910.00   0.00    0.0  0.11911E+11   2.6  93.1   3.2   0.0   0.0   1.1
2016 10 11 285  1.50  911.00   0.00    0.0  0.11874E+11   2.6  93.1   3.2   0.0   0.0   1.1
2016 10 11 285  1.50  912.00   0.00    0.0  0.11837E+11   2.5  93.1   3.2   0.0   0.0   1.1
2016 10 11 285  1.50  913.00   0.00    0.0  0.11800E+11   2.5  93.2   3.2   0.0   0.0   1.1
2016 10 11 285  1.50  914.00   0.00    0.0  0.11763E+11   2.5  93.2   3.2   0.0   0.0   1.1
2016 10 11 285  1.50  915.00   0.00    0.0  0.11726E+11   2.5  93.2   3.2   0.0   0.0   1.1
2016 10 11 285  1.50  916.00   0.00    0.0  0.11690E+11   2.5  93.2   3.2   0.0   0.0   1.1
2016 10 11 285  1.50  917.00   0.00    0.0  0.11654E+11   2.5  93.2   3.2   0.0   0.0   1.1
2016 10 11 285  1.50  918.00   0.00    0.0  0.11618E+11   2.4  93.3   3.2   0.0   0.0   1.1
2016 10 11 285  1.50  919.00   0.00    0.0  0.11582E+11   2.4  93.3   3.2   0.0   0.0   1.1
2016 10 11 285  1.50  920.00   0.00    0.0  0.11546E+11   2.4  93.3   3.2   0.0   0.0   1.1
2016 10 11 285  1.50  921.00   0.00    0.0  0.11511E+11   2.4  93.3   3.2   0.0   0.0   1.1
2016 10 11 285  1.50  922.00   0.00    0.0  0.11475E+11   2.4  93.3   3.2   0.0   0.0   1.1
2016 10 11 285  1.50  923.00   0.00    0.0  0.11440E+11   2.4  93.3   3.2   0.0   0.0   1.1
2016 10 11 285  1.50  924.00   0.00    0.0  0.11405E+11   2.3  93.4   3.2   0.0   0.0   1.1
2016 10 11 285  1.50  925.00   0.00    0.0  0.11370E+11   2.3  93.4   3.2   0.0   0.0   1.1
2016 10 11 285  1.50  926.00   0.00    0.0  0.11335E+11   2.3  93.4   3.2   0.0   0.0   1.1
2016 10 11 285  1.50  927.00   0.00    0.0  0.11301E+11   2.3  93.4   3.2   0.0   0.0   1.1
2016 10 11 285  1.50  928.00   0.00    0.0  0.11266E+11   2.3  93.4   3.2   0.0   0.0   1.1
2016 10 11 285  1.50  929.00   0.00    0.0  0.11232E+11   2.3  93.4   3.2   0.0   0.0   1.1
2016 10 11 285  1.50  930.00   0.00    0.0  0.11198E+11   2.2  93.5   3.2   0.0   0.0   1.1
2016 10 11 285  1.50  931.00   0.00    0.0  0.11164E+11   2.2  93.5   3.2   0.0   0.0   1.1
2016 10 11 285  1.50  932.00   0.00    0.0  0.11130E+11   2.2  93.5   3.2   0.0   0.0   1.1
2016 10 11 285  1.50  933.00   0.00    0.0  0.11097E+11   2.2  93.5   3.2   0.0   0.0   1.1
2016 10 11 285  1.50  934.00   0.00    0.0  0.11063E+11   2.2  93.5   3.2   0.0   0.0   1.1
2016 10 11 285  1.50  935.00   0.00    0.0  0.11030E+11   2.2  93.5   3.2   0.0   0.0   1.1
2016 10 11 285  1.50  936.00   0.00    0.0  0.10997E+11   2.2  93.6   3.2   0.0   0.0   1.1
2016 10 11 285  1.50  937.00   0.00    0.0  0.10964E+11   2.1  93.6   3.2   0.0   0.0   1.1
2016 10 11 285  1.50  938.00   0.00    0.0  0.10931E+11   2.1  93.6   3.2   0.0   0.0   1.1
2016 10 11 285  1.50  939.00   0.00    0.0  0.10899E+11   2.1  93.6   3.2   0.0   0.0   1.1
2016 10 11 285  1.50  940.00   0.00    0.0  0.10866E+11   2.1  93.6   3.2   0.0   0.0   1.1
2016 10 11 285  1.50  941.00   0.00    0.0  0.10834E+11   2.1  93.6   3.2   0.0   0.0   1.1
2016 10 11 285  1.50  942.00   0.00    0.0  0.10802E+11   2.1  93.7   3.2   0.0   0.0   1.1
2016 10 11 285  1.50  943.00   0.00    0.0  0.10769E+11   2.1  93.7   3.2   0.0   0.0   1.1
2016 10 11 285  1.50  944.00   0.00    0.0  0.10738E+11   2.0  93.7   3.2   0.0   0.0   1.1
2016 10 11 285  1.50  945.00   0.00    0.0  0.10706E+11   2.0  93.7   3.2   0.0   0.0   1.1
2016 10 11 285  1.50  946.00   0.00    0.0  0.10674E+11   2.0  93.7   3.2   0.0   0.0   1.1
2016 10 11 285  1.50  947.00   0.00    0.0  0.10643E+11   2.0  93.7   3.2   0.0   0.0   1.1
2016 10 11 285  1.50  948.00   0.00    0.0  0.10611E+11   2.0  93.8   3.2   0.0   0.0   1.1
2016 10 11 285  1.50  949.00   0.00    0.0  0.10580E+11   2.0  93.8   3.2   0.0   0.0   1.1
2016 10 11 285  1.50  950.00   0.00    0.0  0.10549E+11   2.0  93.8   3.2   0.0   0.0   1.1
2016 10 11 285  1.50  951.00   0.00    0.0  0.10518E+11   1.9  93.8   3.2   0.0   0.0   1.1
2016 10 11 285  1.50  952.00   0.00    0.0  0.10487E+11   1.9  93.8   3.2   0.0   0.0   1.1
2016 10 11 285  1.50  953.00   0.00    0.0  0.10457E+11   1.9  93.8   3.2   0.0   0.0   1.1
2016 10 11 285  1.50  954.00   0.00    0.0  0.10426E+11   1.9  93.8   3.2   0.0   0.0   1.1
2016 10 11 285  1.50  955.00   0.00    0.0  0.10396E+11   1.9  93.9   3.2   0.0   0.0   1.1
2016 10 11 285  1.50  956.00   0.00    0.0  0.10366E+11   1.9  93.9   3.2   0.0   0.0   1.1
2016 10 11 285  1.50  957.00   0.00    0.0  0.10336E+11   1.9  93.9   3.2   0.0   0.0   1.1
2016 10 11 285  1.50  958.00   0.00    0.0  0.10306E+11   1.9  93.9   3.2   0.0   0.0   1.1
2016 10 11 285  1.50  959.00   0.00    0.0  0.10276E+11   1.8  93.9   3.2   0.0   0.0   1.1
2016 10 11 285  1.50  960.00   0.00    0.0  0.10246E+11   1.8  93.9   3.2   0.0   0.0   1.1
2016 10 11 285  1.50  961.00   0.00    0.0  0.10217E+11   1.8  93.9   3.2   0.0   0.0   1.1
2016 10 11 285  1.50  962.00   0.00    0.0  0.10187E+11   1.8  94.0   3.2   0.0   0.0   1.1
2016 10 11 285  1.50  963.00   0.00    0.0  0.10158E+11   1.8  94.0   3.2   0.0   0.0   1.1
2016 10 11 285  1.50  964.00   0.00    0.0  0.10129E+11   1.8  94.0   3.2   0.0   0.0   1.1
2016 10 11 285  1.50  965.00   0.00    0.0  0.10100E+11   1.8  94.0   3.2   0.0   0.0   1.1
2016 10 11 285  1.50  966.00   0.00    0.0  0.10071E+11   1.8  94.0   3.2   0.0   0.0   1.1
2016 10 11 285  1.50  967.00   0.00    0.0  0.10042E+11   1.7  94.0   3.2   0.0   0.0   1.1
2016 10 11 285  1.50  968.00   0.00    0.0  0.10014E+11   1.7  94.0   3.2   0.0   0.0   1.1
2016 10 11 285  1.50  969.00   0.00    0.0  0.99852E+10   1.7  94.1   3.2   0.0   0.0   1.1
2016 10 11 285  1.50  970.00   0.00    0.0  0.99568E+10   1.7  94.1   3.2   0.0   0.0   1.1
2016 10 11 285  1.50  971.00   0.00    0.0  0.99286E+10   1.7  94.1   3.2   0.0   0.0   1.1
2016 10 11 285  1.50  972.00   0.00    0.0  0.99005E+10   1.7  94.1   3.2   0.0   0.0   1.1
2016 10 11 285  1.50  973.00   0.00    0.0  0.98725E+10   1.7  94.1   3.2   0.0   0.0   1.1
2016 10 11 285  1.50  974.00   0.00    0.0  0.98446E+10   1.7  94.1   3.2   0.0   0.0   1.1
2016 10 11 285  1.50  975.00   0.00    0.0  0.98168E+10   1.7  94.1   3.2   0.0   0.0   1.1
2016 10 11 285  1.50  976.00   0.00    0.0  0.97892E+10   1.6  94.1   3.2   0.0   0.0   1.1
2016 10 11 285  1.50  977.00   0.00    0.0  0.97617E+10   1.6  94.2   3.2   0.0   0.0   1.1
2016 10 11 285  1.50  978.00   0.00    0.0  0.97343E+10   1.6  94.2   3.2   0.0   0.0   1.1
2016 10 11 285  1.50  979.00   0.00    0.0  0.97071E+10   1.6  94.2   3.2   0.0   0.0   1.1
2016 10 11 285  1.50  980.00   0.00    0.0  0.96799E+10   1.6  94.2   3.1   0.0   0.0   1.1
2016 10 11 285  1.50  981.00   0.00    0.0  0.96529E+10   1.6  94.2   3.1   0.0   0.0   1.1
2016 10 11 285  1.50  982.00   0.00    0.0  0.96260E+10   1.6  94.2   3.1   0.0   0.0   1.1
2016 10 11 285  1.50  983.00   0.00    0.0  0.95992E+10   1.6  94.2   3.1   0.0   0.0   1.1
2016 10 11 285  1.50  984.00   0.00    0.0  0.95725E+10   1.6  94.2   3.1   0.0   0.0   1.1
2016 10 11 285  1.50  985.00   0.00    0.0  0.95460E+10   1.5  94.3   3.1   0.0   0.0   1.1
2016 10 11 285  1.50  986.00   0.00    0.0  0.95195E+10   1.5  94.3   3.1   0.0   0.0   1.1
2016 10 11 285  1.50  987.00   0.00    0.0  0.94932E+10   1.5  94.3   3.1   0.0   0.0   1.1
2016 10 11 285  1.50  988.00   0.00    0.0  0.94670E+10   1.5  94.3   3.1   0.0   0.0   1.1
2016 10 11 285  1.50  989.00   0.00    0.0  0.94409E+10   1.5  94.3   3.1   0.0   0.0   1.1
2016 10 11 285  1.50  990.00   0.00    0.0  0.94149E+10   1.5  94.3   3.1   0.0   0.0   1.1
2016 10 11 285  1.50  991.00   0.00    0.0  0.93890E+10   1.5  94.3   3.1   0.0   0.0   1.1
2016 10 11 285  1.50  992.00   0.00    0.0  0.93632E+10   1.5  94.3   3.1   0.0   0.0   1.1
2016 10 11 285  1.50  993.00   0.00    0.0  0.93376E+10   1.5  94.3   3.1   0.0   0.0   1.1
2016 10 11 285  1.50  994.00   0.00    0.0  0.93121E+10   1.5  94.4   3.1   0.0   0.0   1.1
2016 10 11 285  1.50  995.00   0.00    0.0  0.92866E+10   1.4  94.4   3.1   0.0   0.0   1.0
2016 10 11 285  1.50  996.00   0.00    0.0  0.92613E+10   1.4  94.4   3.1   0.0   0.0   1.0
2016 10 11 285  1.50  997.00   0.00    0.0  0.92361E+10   1.4  94.4   3.1   0.0   0.0   1.0
2016 10 11 285  1.50  998.00   0.00    0.0  0.92110E+10   1.4  94.4   3.1   0.0   0.0   1.0
2016 10 11 285  1.50  999.00   0.00    0.0  0.91860E+10   1.4  94.4   3.1   0.0   0.0   1.0
2016 10 11 285  1.50 1000.00   0.00    0.0  0.91611E+10   1.4  94.4   3.1   0.0   0.0   1.0
2016 10 11 285  1.50 1001.00   0.00    0.0  0.91363E+10   1.4  94.4   3.1   0.0   0.0   1.0
2016 10 11 285  1.50 1002.00   0.00    0.0  0.91116E+10   1.4  94.5   3.1   0.0   0.0   1.0
2016 10 11 285  1.50 1003.00   0.00    0.0  0.90870E+10   1.4  94.5   3.1   0.0   0.0   1.0
2016 10 11 285  1.50 1004.00   0.00    0.0  0.90626E+10   1.4  94.5   3.1   0.0   0.0   1.0
2016 10 11 285  1.50 1005.00   0.00    0.0  0.90382E+10   1.3  94.5   3.1   0.0   0.0   1.0
2016 10 11 285  1.50 1006.00   0.00    0.0  0.90139E+10   1.3  94.5   3.1   0.0   0.0   1.0
2016 10 11 285  1.50 1007.00   0.00    0.0  0.89898E+10   1.3  94.5   3.1   0.0   0.0   1.0
2016 10 11 285  1.50 1008.00   0.00    0.0  0.89657E+10   1.3  94.5   3.1   0.0   0.0   1.0
2016 10 11 285  1.50 1009.00   0.00    0.0  0.89418E+10   1.3  94.5   3.1   0.0   0.0   1.0
2016 10 11 285  1.50 1010.00   0.00    0.0  0.89179E+10   1.3  94.5   3.1   0.0   0.0   1.0
2016 10 11 285  1.50 1011.00   0.00    0.0  0.88941E+10   1.3  94.5   3.1   0.0   0.0   1.0
2016 10 11 285  1.50 1012.00   0.00    0.0  0.88705E+10   1.3  94.6   3.1   0.0   0.0   1.0
2016 10 11 285  1.50 1013.00   0.00    0.0  0.88469E+10   1.3  94.6   3.1   0.0   0.0   1.0
2016 10 11 285  1.50 1014.00   0.00    0.0  0.88235E+10   1.3  94.6   3.1   0.0   0.0   1.0
2016 10 11 285  1.50 1015.00   0.00    0.0  0.88001E+10   1.3  94.6   3.1   0.0   0.0   1.0
2016 10 11 285  1.50 1016.00   0.00    0.0  0.87768E+10   1.3  94.6   3.1   0.0   0.0   1.0
2016 10 11 285  1.50 1017.00   0.00    0.0  0.87537E+10   1.2  94.6   3.1   0.0   0.0   1.0
2016 10 11 285  1.50 1018.00   0.00    0.0  0.87306E+10   1.2  94.6   3.1   0.0   0.0   1.0
2016 10 11 285  1.50 1019.00   0.00    0.0  0.87076E+10   1.2  94.6   3.1   0.0   0.0   1.0
2016 10 11 285  1.50 1020.00   0.00    0.0  0.86847E+10   1.2  94.6   3.1   0.0   0.0   1.0
2016 10 11 285  1.50 1021.00   0.00    0.0  0.86620E+10   1.2  94.6   3.1   0.0   0.0   1.0
2016 10 11 285  1.50 1022.00   0.00    0.0  0.86393E+10   1.2  94.7   3.1   0.0   0.0   1.0
2016 10 11 285  1.50 1023.00   0.00    0.0  0.86167E+10   1.2  94.7   3.1   0.0   0.0   1.0
2016 10 11 285  1.50 1024.00   0.00    0.0  0.85942E+10   1.2  94.7   3.1   0.0   0.0   1.0
2016 10 11 285  1.50 1025.00   0.00    0.0  0.85718E+10   1.2  94.7   3.1   0.0   0.0   1.0
2016 10 11 285  1.50 1026.00   0.00    0.0  0.85494E+10   1.2  94.7   3.1   0.0   0.0   1.0
2016 10 11 285  1.50 1027.00   0.00    0.0  0.85272E+10   1.2  94.7   3.1   0.0   0.0   1.0
2016 10 11 285  1.50 1028.00   0.00    0.0  0.85051E+10   1.2  94.7   3.1   0.0   0.0   1.0
2016 10 11 285  1.50 1029.00   0.00    0.0  0.84830E+10   1.1  94.7   3.1   0.0   0.0   1.0
2016 10 11 285  1.50 1030.00   0.00    0.0  0.84611E+10   1.1  94.7   3.1   0.0   0.0   1.0
2016 10 11 285  1.50 1031.00   0.00    0.0  0.84392E+10   1.1  94.7   3.1   0.0   0.0   1.0
2016 10 11 285  1.50 1032.00   0.00    0.0  0.84175E+10   1.1  94.8   3.1   0.0   0.0   1.0
2016 10 11 285  1.50 1033.00   0.00    0.0  0.83958E+10   1.1  94.8   3.1   0.0   0.0   1.0
2016 10 11 285  1.50 1034.00   0.00    0.0  0.83742E+10   1.1  94.8   3.1   0.0   0.0   1.0
2016 10 11 285  1.50 1035.00   0.00    0.0  0.83527E+10   1.1  94.8   3.1   0.0   0.0   1.0
2016 10 11 285  1.50 1036.00   0.00    0.0  0.83313E+10   1.1  94.8   3.1   0.0   0.0   1.0
2016 10 11 285  1.50 1037.00   0.00    0.0  0.83099E+10   1.1  94.8   3.1   0.0   0.0   1.0
2016 10 11 285  1.50 1038.00   0.00    0.0  0.82887E+10   1.1  94.8   3.1   0.0   0.0   1.0
2016 10 11 285  1.50 1039.00   0.00    0.0  0.82675E+10   1.1  94.8   3.1   0.0   0.0   1.0
2016 10 11 285  1.50 1040.00   0.00    0.0  0.82464E+10   1.1  94.8   3.1   0.0   0.0   1.0
2016 10 11 285  1.50 1041.00   0.00    0.0  0.82255E+10   1.1  94.8   3.1   0.0   0.0   1.0
2016 10 11 285  1.50 1042.00   0.00    0.0  0.82045E+10   1.0  94.8   3.1   0.0   0.0   1.0
2016 10 11 285  1.50 1043.00   0.00    0.0  0.81837E+10   1.0  94.9   3.1   0.0   0.0   1.0
2016 10 11 285  1.50 1044.00   0.00    0.0  0.81630E+10   1.0  94.9   3.1   0.0   0.0   1.0
2016 10 11 285  1.50 1045.00   0.00    0.0  0.81423E+10   1.0  94.9   3.1   0.0   0.0   1.0
2016 10 11 285  1.50 1046.00   0.00    0.0  0.81218E+10   1.0  94.9   3.1   0.0   0.0   1.0
2016 10 11 285  1.50 1047.00   0.00    0.0  0.81013E+10   1.0  94.9   3.1   0.0   0.0   1.0
2016 10 11 285  1.50 1048.00   0.00    0.0  0.80809E+10   1.0  94.9   3.1   0.0   0.0   1.0
2016 10 11 285  1.50 1049.00   0.00    0.0  0.80606E+10   1.0  94.9   3.1   0.0   0.0   1.0
2016 10 11 285  1.50 1050.00   0.00    0.0  0.80403E+10   1.0  94.9   3.1   0.0   0.0   1.0
2016 10 11 285  1.50 1051.00   0.00    0.0  0.80202E+10   1.0  94.9   3.1   0.0   0.0   1.0
2016 10 11 285  1.50 1052.00   0.00    0.0  0.80001E+10   1.0  94.9   3.1   0.0   0.0   1.0
2016 10 11 285  1.50 1053.00   0.00    0.0  0.79801E+10   1.0  94.9   3.1   0.0   0.0   1.0
2016 10 11 285  1.50 1054.00   0.00    0.0  0.79602E+10   1.0  94.9   3.1   0.0   0.0   1.0
2016 10 11 285  1.50 1055.00   0.00    0.0  0.79403E+10   1.0  95.0   3.1   0.0   0.0   1.0
2016 10 11 285  1.50 1056.00   0.00    0.0  0.79206E+10   1.0  95.0   3.1   0.0   0.0   1.0
2016 10 11 285  1.50 1057.00   0.00    0.0  0.79009E+10   0.9  95.0   3.1   0.0   0.0   1.0
2016 10 11 285  1.50 1058.00   0.00    0.0  0.78813E+10   0.9  95.0   3.1   0.0   0.0   1.0
2016 10 11 285  1.50 1059.00   0.00    0.0  0.78617E+10   0.9  95.0   3.1   0.0   0.0   1.0
